2022-04-21 12:50:48.705 INFO  [acme.Launcher@main] Starting Launcher using Java 1.8.0_281 on DESKTOP-2L7VUVO with PID 11272 (C:\Users\Rafa\Desktop\Workspace-22.0\Frameworks\Acme-Framework-22.3\target\classes started by Rafa in C:\Users\Rafa\Desktop\Workspace-22.0\Projects\Acme-Toolkits) 
2022-04-21 12:50:48.707 DEBUG [acme.Launcher@main] Running with Spring Boot v2.4.2, Spring v5.3.3 
2022-04-21 12:50:48.710 INFO  [acme.Launcher@main] The following profiles are active: development,default 
2022-04-21 12:50:57.856 DEBUG [org.apache.jasper.servlet.JasperInitializer@main] Initializing Jasper for context [application] 
2022-04-21 12:51:10.751 DEBUG [org.apache.jasper.servlet.JspServlet@main] Scratch dir for the JSP engine is: [C:\Users\Rafa\AppData\Local\Temp\tomcat.8080.6008108212849552992\work\Tomcat\localhost\acme-toolkits-22.1] 
2022-04-21 12:51:10.751 DEBUG [org.apache.jasper.servlet.JspServlet@main] IMPORTANT: Do not modify the generated servlets 
2022-04-21 12:51:11.052 INFO  [acme.Launcher@main] Started Launcher in 24.602 seconds (JVM running for 26.195) 
2022-04-21 12:51:11.072 DEBUG [acme.Launcher@main] Found classpath entry '/C:/Users/Rafa/Desktop/Workspace-22.0/Projects/Acme-Toolkits/target/test-classes/' 
2022-04-21 12:51:11.072 DEBUG [acme.Launcher@main] Found classpath entry '/C:/Users/Rafa/Desktop/Workspace-22.0/Projects/Acme-Toolkits/target/classes/' 
2022-04-21 12:51:11.076 DEBUG [acme.Launcher@main] Found classpath entry '/C:/Users/Rafa/Desktop/Workspace-22.0/Frameworks/Acme-Framework-22.3/target/classes/' 
2022-04-21 12:51:11.076 DEBUG [acme.Launcher@main] Found classpath entry '/C:/Users/Rafa/Desktop/Workspace-22.0/Frameworks/Acme-Framework-22.3/target/test-classes/' 
2022-04-21 12:51:11.077 DEBUG [acme.Launcher@main] Found classpath entry '/C:/Users/Rafa/.m2/repository/org/springframework/boot/spring-boot-starter-tomcat/2.4.2/spring-boot-starter-tomcat-2.4.2.jar' 
2022-04-21 12:51:11.077 DEBUG [acme.Launcher@main] Found classpath entry '/C:/Users/Rafa/.m2/repository/jakarta/annotation/jakarta.annotation-api/1.3.5/jakarta.annotation-api-1.3.5.jar' 
2022-04-21 12:51:11.077 DEBUG [acme.Launcher@main] Found classpath entry '/C:/Users/Rafa/.m2/repository/org/apache/tomcat/embed/tomcat-embed-core/9.0.41/tomcat-embed-core-9.0.41.jar' 
2022-04-21 12:51:11.077 DEBUG [acme.Launcher@main] Found classpath entry '/C:/Users/Rafa/.m2/repository/org/glassfish/jakarta.el/3.0.3/jakarta.el-3.0.3.jar' 
2022-04-21 12:51:11.077 DEBUG [acme.Launcher@main] Found classpath entry '/C:/Users/Rafa/.m2/repository/org/apache/tomcat/embed/tomcat-embed-websocket/9.0.41/tomcat-embed-websocket-9.0.41.jar' 
2022-04-21 12:51:11.077 DEBUG [acme.Launcher@main] Found classpath entry '/C:/Users/Rafa/.m2/repository/org/apache/tomcat/embed/tomcat-embed-jasper/9.0.41/tomcat-embed-jasper-9.0.41.jar' 
2022-04-21 12:51:11.078 DEBUG [acme.Launcher@main] Found classpath entry '/C:/Users/Rafa/.m2/repository/org/apache/tomcat/embed/tomcat-embed-el/9.0.41/tomcat-embed-el-9.0.41.jar' 
2022-04-21 12:51:11.078 DEBUG [acme.Launcher@main] Found classpath entry '/C:/Users/Rafa/.m2/repository/org/eclipse/jdt/ecj/3.18.0/ecj-3.18.0.jar' 
2022-04-21 12:51:11.078 DEBUG [acme.Launcher@main] Found classpath entry '/C:/Users/Rafa/.m2/repository/javax/servlet/jstl/1.2/jstl-1.2.jar' 
2022-04-21 12:51:11.078 DEBUG [acme.Launcher@main] Found classpath entry '/C:/Users/Rafa/.m2/repository/org/springframework/boot/spring-boot-starter-test/2.4.2/spring-boot-starter-test-2.4.2.jar' 
2022-04-21 12:51:11.078 DEBUG [acme.Launcher@main] Found classpath entry '/C:/Users/Rafa/.m2/repository/org/springframework/boot/spring-boot-starter/2.4.2/spring-boot-starter-2.4.2.jar' 
2022-04-21 12:51:11.078 DEBUG [acme.Launcher@main] Found classpath entry '/C:/Users/Rafa/.m2/repository/org/springframework/boot/spring-boot/2.4.2/spring-boot-2.4.2.jar' 
2022-04-21 12:51:11.078 DEBUG [acme.Launcher@main] Found classpath entry '/C:/Users/Rafa/.m2/repository/org/springframework/boot/spring-boot-autoconfigure/2.4.2/spring-boot-autoconfigure-2.4.2.jar' 
2022-04-21 12:51:11.082 DEBUG [acme.Launcher@main] Found classpath entry '/C:/Users/Rafa/.m2/repository/org/springframework/boot/spring-boot-starter-logging/2.4.2/spring-boot-starter-logging-2.4.2.jar' 
2022-04-21 12:51:11.084 DEBUG [acme.Launcher@main] Found classpath entry '/C:/Users/Rafa/.m2/repository/ch/qos/logback/logback-classic/1.2.3/logback-classic-1.2.3.jar' 
2022-04-21 12:51:11.084 DEBUG [acme.Launcher@main] Found classpath entry '/C:/Users/Rafa/.m2/repository/ch/qos/logback/logback-core/1.2.3/logback-core-1.2.3.jar' 
2022-04-21 12:51:11.084 DEBUG [acme.Launcher@main] Found classpath entry '/C:/Users/Rafa/.m2/repository/org/apache/logging/log4j/log4j-to-slf4j/2.13.3/log4j-to-slf4j-2.13.3.jar' 
2022-04-21 12:51:11.084 DEBUG [acme.Launcher@main] Found classpath entry '/C:/Users/Rafa/.m2/repository/org/apache/logging/log4j/log4j-api/2.13.3/log4j-api-2.13.3.jar' 
2022-04-21 12:51:11.084 DEBUG [acme.Launcher@main] Found classpath entry '/C:/Users/Rafa/.m2/repository/org/slf4j/jul-to-slf4j/1.7.30/jul-to-slf4j-1.7.30.jar' 
2022-04-21 12:51:11.085 DEBUG [acme.Launcher@main] Found classpath entry '/C:/Users/Rafa/.m2/repository/org/yaml/snakeyaml/1.27/snakeyaml-1.27.jar' 
2022-04-21 12:51:11.085 DEBUG [acme.Launcher@main] Found classpath entry '/C:/Users/Rafa/.m2/repository/org/springframework/boot/spring-boot-test/2.4.2/spring-boot-test-2.4.2.jar' 
2022-04-21 12:51:11.085 DEBUG [acme.Launcher@main] Found classpath entry '/C:/Users/Rafa/.m2/repository/org/springframework/boot/spring-boot-test-autoconfigure/2.4.2/spring-boot-test-autoconfigure-2.4.2.jar' 
2022-04-21 12:51:11.085 DEBUG [acme.Launcher@main] Found classpath entry '/C:/Users/Rafa/.m2/repository/com/jayway/jsonpath/json-path/2.4.0/json-path-2.4.0.jar' 
2022-04-21 12:51:11.085 DEBUG [acme.Launcher@main] Found classpath entry '/C:/Users/Rafa/.m2/repository/net/minidev/json-smart/2.3/json-smart-2.3.jar' 
2022-04-21 12:51:11.085 DEBUG [acme.Launcher@main] Found classpath entry '/C:/Users/Rafa/.m2/repository/net/minidev/accessors-smart/1.2/accessors-smart-1.2.jar' 
2022-04-21 12:51:11.085 DEBUG [acme.Launcher@main] Found classpath entry '/C:/Users/Rafa/.m2/repository/org/ow2/asm/asm/5.0.4/asm-5.0.4.jar' 
2022-04-21 12:51:11.085 DEBUG [acme.Launcher@main] Found classpath entry '/C:/Users/Rafa/.m2/repository/jakarta/xml/bind/jakarta.xml.bind-api/2.3.3/jakarta.xml.bind-api-2.3.3.jar' 
2022-04-21 12:51:11.085 DEBUG [acme.Launcher@main] Found classpath entry '/C:/Users/Rafa/.m2/repository/jakarta/activation/jakarta.activation-api/1.2.2/jakarta.activation-api-1.2.2.jar' 
2022-04-21 12:51:11.086 DEBUG [acme.Launcher@main] Found classpath entry '/C:/Users/Rafa/.m2/repository/org/assertj/assertj-core/3.18.1/assertj-core-3.18.1.jar' 
2022-04-21 12:51:11.086 DEBUG [acme.Launcher@main] Found classpath entry '/C:/Users/Rafa/.m2/repository/org/hamcrest/hamcrest/2.2/hamcrest-2.2.jar' 
2022-04-21 12:51:11.086 DEBUG [acme.Launcher@main] Found classpath entry '/C:/Users/Rafa/.m2/repository/org/junit/jupiter/junit-jupiter/5.7.0/junit-jupiter-5.7.0.jar' 
2022-04-21 12:51:11.086 DEBUG [acme.Launcher@main] Found classpath entry '/C:/Users/Rafa/.m2/repository/org/mockito/mockito-core/3.6.28/mockito-core-3.6.28.jar' 
2022-04-21 12:51:11.086 DEBUG [acme.Launcher@main] Found classpath entry '/C:/Users/Rafa/.m2/repository/net/bytebuddy/byte-buddy-agent/1.10.19/byte-buddy-agent-1.10.19.jar' 
2022-04-21 12:51:11.086 DEBUG [acme.Launcher@main] Found classpath entry '/C:/Users/Rafa/.m2/repository/org/objenesis/objenesis/3.1/objenesis-3.1.jar' 
2022-04-21 12:51:11.086 DEBUG [acme.Launcher@main] Found classpath entry '/C:/Users/Rafa/.m2/repository/org/mockito/mockito-junit-jupiter/3.6.28/mockito-junit-jupiter-3.6.28.jar' 
2022-04-21 12:51:11.086 DEBUG [acme.Launcher@main] Found classpath entry '/C:/Users/Rafa/.m2/repository/org/skyscreamer/jsonassert/1.5.0/jsonassert-1.5.0.jar' 
2022-04-21 12:51:11.086 DEBUG [acme.Launcher@main] Found classpath entry '/C:/Users/Rafa/.m2/repository/com/vaadin/external/google/android-json/0.0.20131108.vaadin1/android-json-0.0.20131108.vaadin1.jar' 
2022-04-21 12:51:11.086 DEBUG [acme.Launcher@main] Found classpath entry '/C:/Users/Rafa/.m2/repository/org/springframework/spring-core/5.3.3/spring-core-5.3.3.jar' 
2022-04-21 12:51:11.087 DEBUG [acme.Launcher@main] Found classpath entry '/C:/Users/Rafa/.m2/repository/org/springframework/spring-jcl/5.3.3/spring-jcl-5.3.3.jar' 
2022-04-21 12:51:11.087 DEBUG [acme.Launcher@main] Found classpath entry '/C:/Users/Rafa/.m2/repository/org/springframework/spring-test/5.3.3/spring-test-5.3.3.jar' 
2022-04-21 12:51:11.087 DEBUG [acme.Launcher@main] Found classpath entry '/C:/Users/Rafa/.m2/repository/org/xmlunit/xmlunit-core/2.7.0/xmlunit-core-2.7.0.jar' 
2022-04-21 12:51:11.087 DEBUG [acme.Launcher@main] Found classpath entry '/C:/Users/Rafa/.m2/repository/org/springframework/boot/spring-boot-starter-security/2.4.2/spring-boot-starter-security-2.4.2.jar' 
2022-04-21 12:51:11.087 DEBUG [acme.Launcher@main] Found classpath entry '/C:/Users/Rafa/.m2/repository/org/springframework/spring-aop/5.3.3/spring-aop-5.3.3.jar' 
2022-04-21 12:51:11.087 DEBUG [acme.Launcher@main] Found classpath entry '/C:/Users/Rafa/.m2/repository/org/springframework/security/spring-security-web/5.4.2/spring-security-web-5.4.2.jar' 
2022-04-21 12:51:11.087 DEBUG [acme.Launcher@main] Found classpath entry '/C:/Users/Rafa/.m2/repository/org/springframework/security/spring-security-core/5.4.2/spring-security-core-5.4.2.jar' 
2022-04-21 12:51:11.088 DEBUG [acme.Launcher@main] Found classpath entry '/C:/Users/Rafa/.m2/repository/org/springframework/spring-beans/5.3.3/spring-beans-5.3.3.jar' 
2022-04-21 12:51:11.088 DEBUG [acme.Launcher@main] Found classpath entry '/C:/Users/Rafa/.m2/repository/org/springframework/spring-context/5.3.3/spring-context-5.3.3.jar' 
2022-04-21 12:51:11.088 DEBUG [acme.Launcher@main] Found classpath entry '/C:/Users/Rafa/.m2/repository/org/springframework/spring-expression/5.3.3/spring-expression-5.3.3.jar' 
2022-04-21 12:51:11.088 DEBUG [acme.Launcher@main] Found classpath entry '/C:/Users/Rafa/.m2/repository/org/springframework/spring-web/5.3.3/spring-web-5.3.3.jar' 
2022-04-21 12:51:11.088 DEBUG [acme.Launcher@main] Found classpath entry '/C:/Users/Rafa/.m2/repository/org/springframework/security/spring-security-config/5.4.2/spring-security-config-5.4.2.jar' 
2022-04-21 12:51:11.088 DEBUG [acme.Launcher@main] Found classpath entry '/C:/Users/Rafa/.m2/repository/org/springframework/security/spring-security-taglibs/5.4.2/spring-security-taglibs-5.4.2.jar' 
2022-04-21 12:51:11.088 DEBUG [acme.Launcher@main] Found classpath entry '/C:/Users/Rafa/.m2/repository/org/springframework/security/spring-security-acl/5.4.2/spring-security-acl-5.4.2.jar' 
2022-04-21 12:51:11.089 DEBUG [acme.Launcher@main] Found classpath entry '/C:/Users/Rafa/.m2/repository/org/springframework/spring-jdbc/5.3.3/spring-jdbc-5.3.3.jar' 
2022-04-21 12:51:11.089 DEBUG [acme.Launcher@main] Found classpath entry '/C:/Users/Rafa/.m2/repository/org/springframework/spring-tx/5.3.3/spring-tx-5.3.3.jar' 
2022-04-21 12:51:11.089 DEBUG [acme.Launcher@main] Found classpath entry '/C:/Users/Rafa/.m2/repository/org/springframework/boot/spring-boot-starter-web/2.4.2/spring-boot-starter-web-2.4.2.jar' 
2022-04-21 12:51:11.089 DEBUG [acme.Launcher@main] Found classpath entry '/C:/Users/Rafa/.m2/repository/org/springframework/boot/spring-boot-starter-json/2.4.2/spring-boot-starter-json-2.4.2.jar' 
2022-04-21 12:51:11.089 DEBUG [acme.Launcher@main] Found classpath entry '/C:/Users/Rafa/.m2/repository/com/fasterxml/jackson/core/jackson-databind/2.11.4/jackson-databind-2.11.4.jar' 
2022-04-21 12:51:11.089 DEBUG [acme.Launcher@main] Found classpath entry '/C:/Users/Rafa/.m2/repository/com/fasterxml/jackson/core/jackson-annotations/2.11.4/jackson-annotations-2.11.4.jar' 
2022-04-21 12:51:11.089 DEBUG [acme.Launcher@main] Found classpath entry '/C:/Users/Rafa/.m2/repository/com/fasterxml/jackson/core/jackson-core/2.11.4/jackson-core-2.11.4.jar' 
2022-04-21 12:51:11.089 DEBUG [acme.Launcher@main] Found classpath entry '/C:/Users/Rafa/.m2/repository/com/fasterxml/jackson/datatype/jackson-datatype-jdk8/2.11.4/jackson-datatype-jdk8-2.11.4.jar' 
2022-04-21 12:51:11.089 DEBUG [acme.Launcher@main] Found classpath entry '/C:/Users/Rafa/.m2/repository/com/fasterxml/jackson/datatype/jackson-datatype-jsr310/2.11.4/jackson-datatype-jsr310-2.11.4.jar' 
2022-04-21 12:51:11.090 DEBUG [acme.Launcher@main] Found classpath entry '/C:/Users/Rafa/.m2/repository/com/fasterxml/jackson/module/jackson-module-parameter-names/2.11.4/jackson-module-parameter-names-2.11.4.jar' 
2022-04-21 12:51:11.090 DEBUG [acme.Launcher@main] Found classpath entry '/C:/Users/Rafa/.m2/repository/org/springframework/spring-webmvc/5.3.3/spring-webmvc-5.3.3.jar' 
2022-04-21 12:51:11.090 DEBUG [acme.Launcher@main] Found classpath entry '/C:/Users/Rafa/.m2/repository/org/apache/tiles/tiles-jsp/3.0.8/tiles-jsp-3.0.8.jar' 
2022-04-21 12:51:11.090 DEBUG [acme.Launcher@main] Found classpath entry '/C:/Users/Rafa/.m2/repository/org/apache/tiles/tiles-servlet/3.0.8/tiles-servlet-3.0.8.jar' 
2022-04-21 12:51:11.090 DEBUG [acme.Launcher@main] Found classpath entry '/C:/Users/Rafa/.m2/repository/org/apache/tiles/tiles-core/3.0.8/tiles-core-3.0.8.jar' 
2022-04-21 12:51:11.090 DEBUG [acme.Launcher@main] Found classpath entry '/C:/Users/Rafa/.m2/repository/commons-digester/commons-digester/2.0/commons-digester-2.0.jar' 
2022-04-21 12:51:11.090 DEBUG [acme.Launcher@main] Found classpath entry '/C:/Users/Rafa/.m2/repository/org/slf4j/jcl-over-slf4j/1.7.30/jcl-over-slf4j-1.7.30.jar' 
2022-04-21 12:51:11.090 DEBUG [acme.Launcher@main] Found classpath entry '/C:/Users/Rafa/.m2/repository/org/apache/tiles/tiles-request-servlet/1.0.7/tiles-request-servlet-1.0.7.jar' 
2022-04-21 12:51:11.090 DEBUG [acme.Launcher@main] Found classpath entry '/C:/Users/Rafa/.m2/repository/org/apache/tiles/tiles-template/3.0.8/tiles-template-3.0.8.jar' 
2022-04-21 12:51:11.090 DEBUG [acme.Launcher@main] Found classpath entry '/C:/Users/Rafa/.m2/repository/org/apache/tiles/tiles-api/3.0.8/tiles-api-3.0.8.jar' 
2022-04-21 12:51:11.091 DEBUG [acme.Launcher@main] Found classpath entry '/C:/Users/Rafa/.m2/repository/org/apache/tiles/tiles-autotag-core-runtime/1.2/tiles-autotag-core-runtime-1.2.jar' 
2022-04-21 12:51:11.091 DEBUG [acme.Launcher@main] Found classpath entry '/C:/Users/Rafa/.m2/repository/org/slf4j/slf4j-api/1.7.30/slf4j-api-1.7.30.jar' 
2022-04-21 12:51:11.091 DEBUG [acme.Launcher@main] Found classpath entry '/C:/Users/Rafa/.m2/repository/org/apache/tiles/tiles-request-jsp/1.0.7/tiles-request-jsp-1.0.7.jar' 
2022-04-21 12:51:11.091 DEBUG [acme.Launcher@main] Found classpath entry '/C:/Users/Rafa/.m2/repository/org/apache/tiles/tiles-request-api/1.0.7/tiles-request-api-1.0.7.jar' 
2022-04-21 12:51:11.091 DEBUG [acme.Launcher@main] Found classpath entry '/C:/Users/Rafa/.m2/repository/org/springframework/boot/spring-boot-starter-data-jpa/2.4.2/spring-boot-starter-data-jpa-2.4.2.jar' 
2022-04-21 12:51:11.091 DEBUG [acme.Launcher@main] Found classpath entry '/C:/Users/Rafa/.m2/repository/org/springframework/boot/spring-boot-starter-aop/2.4.2/spring-boot-starter-aop-2.4.2.jar' 
2022-04-21 12:51:11.091 DEBUG [acme.Launcher@main] Found classpath entry '/C:/Users/Rafa/.m2/repository/org/aspectj/aspectjweaver/1.9.6/aspectjweaver-1.9.6.jar' 
2022-04-21 12:51:11.091 DEBUG [acme.Launcher@main] Found classpath entry '/C:/Users/Rafa/.m2/repository/org/springframework/boot/spring-boot-starter-jdbc/2.4.2/spring-boot-starter-jdbc-2.4.2.jar' 
2022-04-21 12:51:11.091 DEBUG [acme.Launcher@main] Found classpath entry '/C:/Users/Rafa/.m2/repository/jakarta/transaction/jakarta.transaction-api/1.3.3/jakarta.transaction-api-1.3.3.jar' 
2022-04-21 12:51:11.091 DEBUG [acme.Launcher@main] Found classpath entry '/C:/Users/Rafa/.m2/repository/jakarta/persistence/jakarta.persistence-api/2.2.3/jakarta.persistence-api-2.2.3.jar' 
2022-04-21 12:51:11.091 DEBUG [acme.Launcher@main] Found classpath entry '/C:/Users/Rafa/.m2/repository/org/hibernate/hibernate-core/5.4.27.Final/hibernate-core-5.4.27.Final.jar' 
2022-04-21 12:51:11.092 DEBUG [acme.Launcher@main] Found classpath entry '/C:/Users/Rafa/.m2/repository/org/jboss/logging/jboss-logging/3.4.1.Final/jboss-logging-3.4.1.Final.jar' 
2022-04-21 12:51:11.092 DEBUG [acme.Launcher@main] Found classpath entry '/C:/Users/Rafa/.m2/repository/org/javassist/javassist/3.27.0-GA/javassist-3.27.0-GA.jar' 
2022-04-21 12:51:11.092 DEBUG [acme.Launcher@main] Found classpath entry '/C:/Users/Rafa/.m2/repository/antlr/antlr/2.7.7/antlr-2.7.7.jar' 
2022-04-21 12:51:11.092 DEBUG [acme.Launcher@main] Found classpath entry '/C:/Users/Rafa/.m2/repository/org/jboss/jandex/2.1.3.Final/jandex-2.1.3.Final.jar' 
2022-04-21 12:51:11.092 DEBUG [acme.Launcher@main] Found classpath entry '/C:/Users/Rafa/.m2/repository/com/fasterxml/classmate/1.5.1/classmate-1.5.1.jar' 
2022-04-21 12:51:11.092 DEBUG [acme.Launcher@main] Found classpath entry '/C:/Users/Rafa/.m2/repository/org/dom4j/dom4j/2.1.3/dom4j-2.1.3.jar' 
2022-04-21 12:51:11.092 DEBUG [acme.Launcher@main] Found classpath entry '/C:/Users/Rafa/.m2/repository/org/hibernate/common/hibernate-commons-annotations/5.1.2.Final/hibernate-commons-annotations-5.1.2.Final.jar' 
2022-04-21 12:51:11.092 DEBUG [acme.Launcher@main] Found classpath entry '/C:/Users/Rafa/.m2/repository/org/glassfish/jaxb/jaxb-runtime/2.3.3/jaxb-runtime-2.3.3.jar' 
2022-04-21 12:51:11.092 DEBUG [acme.Launcher@main] Found classpath entry '/C:/Users/Rafa/.m2/repository/org/glassfish/jaxb/txw2/2.3.3/txw2-2.3.3.jar' 
2022-04-21 12:51:11.127 DEBUG [acme.Launcher@main] Found classpath entry '/C:/Users/Rafa/.m2/repository/com/sun/istack/istack-commons-runtime/3.0.11/istack-commons-runtime-3.0.11.jar' 
2022-04-21 12:51:11.128 DEBUG [acme.Launcher@main] Found classpath entry '/C:/Users/Rafa/.m2/repository/com/sun/activation/jakarta.activation/1.2.2/jakarta.activation-1.2.2.jar' 
2022-04-21 12:51:11.128 DEBUG [acme.Launcher@main] Found classpath entry '/C:/Users/Rafa/.m2/repository/org/springframework/data/spring-data-jpa/2.4.3/spring-data-jpa-2.4.3.jar' 
2022-04-21 12:51:11.128 DEBUG [acme.Launcher@main] Found classpath entry '/C:/Users/Rafa/.m2/repository/org/springframework/data/spring-data-commons/2.4.3/spring-data-commons-2.4.3.jar' 
2022-04-21 12:51:11.128 DEBUG [acme.Launcher@main] Found classpath entry '/C:/Users/Rafa/.m2/repository/org/springframework/spring-orm/5.3.3/spring-orm-5.3.3.jar' 
2022-04-21 12:51:11.128 DEBUG [acme.Launcher@main] Found classpath entry '/C:/Users/Rafa/.m2/repository/org/springframework/spring-aspects/5.3.3/spring-aspects-5.3.3.jar' 
2022-04-21 12:51:11.130 DEBUG [acme.Launcher@main] Found classpath entry '/C:/Users/Rafa/.m2/repository/org/springframework/boot/spring-boot-starter-validation/2.4.2/spring-boot-starter-validation-2.4.2.jar' 
2022-04-21 12:51:11.131 DEBUG [acme.Launcher@main] Found classpath entry '/C:/Users/Rafa/.m2/repository/org/hibernate/validator/hibernate-validator/6.1.7.Final/hibernate-validator-6.1.7.Final.jar' 
2022-04-21 12:51:11.131 DEBUG [acme.Launcher@main] Found classpath entry '/C:/Users/Rafa/.m2/repository/jakarta/validation/jakarta.validation-api/2.0.2/jakarta.validation-api-2.0.2.jar' 
2022-04-21 12:51:11.132 DEBUG [acme.Launcher@main] Found classpath entry '/C:/Users/Rafa/.m2/repository/mysql/mysql-connector-java/8.0.22/mysql-connector-java-8.0.22.jar' 
2022-04-21 12:51:11.132 DEBUG [acme.Launcher@main] Found classpath entry '/C:/Users/Rafa/.m2/repository/com/zaxxer/HikariCP/3.4.5/HikariCP-3.4.5.jar' 
2022-04-21 12:51:11.134 DEBUG [acme.Launcher@main] Found classpath entry '/C:/Users/Rafa/.m2/repository/org/junit/jupiter/junit-jupiter-engine/5.7.0/junit-jupiter-engine-5.7.0.jar' 
2022-04-21 12:51:11.134 DEBUG [acme.Launcher@main] Found classpath entry '/C:/Users/Rafa/.m2/repository/org/apiguardian/apiguardian-api/1.1.0/apiguardian-api-1.1.0.jar' 
2022-04-21 12:51:11.134 DEBUG [acme.Launcher@main] Found classpath entry '/C:/Users/Rafa/.m2/repository/org/junit/platform/junit-platform-engine/1.7.0/junit-platform-engine-1.7.0.jar' 
2022-04-21 12:51:11.135 DEBUG [acme.Launcher@main] Found classpath entry '/C:/Users/Rafa/.m2/repository/org/junit/jupiter/junit-jupiter-api/5.7.0/junit-jupiter-api-5.7.0.jar' 
2022-04-21 12:51:11.158 DEBUG [acme.Launcher@main] Found classpath entry '/C:/Users/Rafa/.m2/repository/org/opentest4j/opentest4j/1.2.0/opentest4j-1.2.0.jar' 
2022-04-21 12:51:11.158 DEBUG [acme.Launcher@main] Found classpath entry '/C:/Users/Rafa/.m2/repository/org/junit/platform/junit-platform-commons/1.7.0/junit-platform-commons-1.7.0.jar' 
2022-04-21 12:51:11.158 DEBUG [acme.Launcher@main] Found classpath entry '/C:/Users/Rafa/.m2/repository/org/junit/jupiter/junit-jupiter-params/5.7.0/junit-jupiter-params-5.7.0.jar' 
2022-04-21 12:51:11.158 DEBUG [acme.Launcher@main] Found classpath entry '/C:/Users/Rafa/.m2/repository/org/junit/platform/junit-platform-launcher/1.7.0/junit-platform-launcher-1.7.0.jar' 
2022-04-21 12:51:11.158 DEBUG [acme.Launcher@main] Found classpath entry '/C:/Users/Rafa/.m2/repository/org/seleniumhq/selenium/selenium-java/3.141.59/selenium-java-3.141.59.jar' 
2022-04-21 12:51:11.158 DEBUG [acme.Launcher@main] Found classpath entry '/C:/Users/Rafa/.m2/repository/org/seleniumhq/selenium/selenium-api/3.141.59/selenium-api-3.141.59.jar' 
2022-04-21 12:51:11.159 DEBUG [acme.Launcher@main] Found classpath entry '/C:/Users/Rafa/.m2/repository/org/seleniumhq/selenium/selenium-chrome-driver/3.141.59/selenium-chrome-driver-3.141.59.jar' 
2022-04-21 12:51:11.159 DEBUG [acme.Launcher@main] Found classpath entry '/C:/Users/Rafa/.m2/repository/org/seleniumhq/selenium/selenium-edge-driver/3.141.59/selenium-edge-driver-3.141.59.jar' 
2022-04-21 12:51:11.159 DEBUG [acme.Launcher@main] Found classpath entry '/C:/Users/Rafa/.m2/repository/org/seleniumhq/selenium/selenium-firefox-driver/3.141.59/selenium-firefox-driver-3.141.59.jar' 
2022-04-21 12:51:11.159 DEBUG [acme.Launcher@main] Found classpath entry '/C:/Users/Rafa/.m2/repository/org/seleniumhq/selenium/selenium-ie-driver/3.141.59/selenium-ie-driver-3.141.59.jar' 
2022-04-21 12:51:11.159 DEBUG [acme.Launcher@main] Found classpath entry '/C:/Users/Rafa/.m2/repository/org/seleniumhq/selenium/selenium-opera-driver/3.141.59/selenium-opera-driver-3.141.59.jar' 
2022-04-21 12:51:11.159 DEBUG [acme.Launcher@main] Found classpath entry '/C:/Users/Rafa/.m2/repository/org/seleniumhq/selenium/selenium-remote-driver/3.141.59/selenium-remote-driver-3.141.59.jar' 
2022-04-21 12:51:11.159 DEBUG [acme.Launcher@main] Found classpath entry '/C:/Users/Rafa/.m2/repository/org/seleniumhq/selenium/selenium-safari-driver/3.141.59/selenium-safari-driver-3.141.59.jar' 
2022-04-21 12:51:11.159 DEBUG [acme.Launcher@main] Found classpath entry '/C:/Users/Rafa/.m2/repository/org/seleniumhq/selenium/selenium-support/3.141.59/selenium-support-3.141.59.jar' 
2022-04-21 12:51:11.159 DEBUG [acme.Launcher@main] Found classpath entry '/C:/Users/Rafa/.m2/repository/net/bytebuddy/byte-buddy/1.10.19/byte-buddy-1.10.19.jar' 
2022-04-21 12:51:11.159 DEBUG [acme.Launcher@main] Found classpath entry '/C:/Users/Rafa/.m2/repository/org/apache/commons/commons-exec/1.3/commons-exec-1.3.jar' 
2022-04-21 12:51:11.159 DEBUG [acme.Launcher@main] Found classpath entry '/C:/Users/Rafa/.m2/repository/com/google/guava/guava/25.0-jre/guava-25.0-jre.jar' 
2022-04-21 12:51:11.159 DEBUG [acme.Launcher@main] Found classpath entry '/C:/Users/Rafa/.m2/repository/com/google/code/findbugs/jsr305/1.3.9/jsr305-1.3.9.jar' 
2022-04-21 12:51:11.160 DEBUG [acme.Launcher@main] Found classpath entry '/C:/Users/Rafa/.m2/repository/org/checkerframework/checker-compat-qual/2.0.0/checker-compat-qual-2.0.0.jar' 
2022-04-21 12:51:11.160 DEBUG [acme.Launcher@main] Found classpath entry '/C:/Users/Rafa/.m2/repository/com/google/errorprone/error_prone_annotations/2.1.3/error_prone_annotations-2.1.3.jar' 
2022-04-21 12:51:11.160 DEBUG [acme.Launcher@main] Found classpath entry '/C:/Users/Rafa/.m2/repository/com/google/j2objc/j2objc-annotations/1.1/j2objc-annotations-1.1.jar' 
2022-04-21 12:51:11.160 DEBUG [acme.Launcher@main] Found classpath entry '/C:/Users/Rafa/.m2/repository/org/codehaus/mojo/animal-sniffer-annotations/1.14/animal-sniffer-annotations-1.14.jar' 
2022-04-21 12:51:11.160 DEBUG [acme.Launcher@main] Found classpath entry '/C:/Users/Rafa/.m2/repository/com/squareup/okhttp3/okhttp/3.14.9/okhttp-3.14.9.jar' 
2022-04-21 12:51:11.160 DEBUG [acme.Launcher@main] Found classpath entry '/C:/Users/Rafa/.m2/repository/com/squareup/okio/okio/1.14.0/okio-1.14.0.jar' 
2022-04-21 12:51:11.160 DEBUG [acme.Launcher@main] Found classpath entry '/C:/Users/Rafa/.m2/repository/org/apache/commons/commons-lang3/3.11/commons-lang3-3.11.jar' 
2022-04-21 12:51:11.160 DEBUG [acme.Launcher@main] Found classpath entry '/C:/Users/Rafa/.m2/repository/org/apache/commons/commons-text/1.8/commons-text-1.8.jar' 
2022-04-21 12:51:11.160 DEBUG [acme.Launcher@main] Found classpath entry '/C:/Users/Rafa/.m2/repository/commons-io/commons-io/2.6/commons-io-2.6.jar' 
2022-04-21 12:51:11.160 DEBUG [acme.Launcher@main] Found classpath entry '/C:/Users/Rafa/.m2/repository/commons-cli/commons-cli/1.4/commons-cli-1.4.jar' 
2022-04-21 12:51:11.160 DEBUG [acme.Launcher@main] Found classpath entry '/C:/Users/Rafa/.m2/repository/org/projectlombok/lombok/1.18.16/lombok-1.18.16.jar' 
2022-04-21 12:51:11.161 DEBUG [acme.Launcher@main] Found classpath entry '/C:/Users/Rafa/.m2/repository/com/opencsv/opencsv/5.4/opencsv-5.4.jar' 
2022-04-21 12:51:11.161 DEBUG [acme.Launcher@main] Found classpath entry '/C:/Users/Rafa/.m2/repository/commons-beanutils/commons-beanutils/1.9.4/commons-beanutils-1.9.4.jar' 
2022-04-21 12:51:11.161 DEBUG [acme.Launcher@main] Found classpath entry '/C:/Users/Rafa/.m2/repository/commons-logging/commons-logging/1.2/commons-logging-1.2.jar' 
2022-04-21 12:51:11.161 DEBUG [acme.Launcher@main] Found classpath entry '/C:/Users/Rafa/.m2/repository/commons-collections/commons-collections/3.2.2/commons-collections-3.2.2.jar' 
2022-04-21 12:51:11.161 DEBUG [acme.Launcher@main] Found classpath entry '/C:/Users/Rafa/.m2/repository/org/apache/commons/commons-collections4/4.4/commons-collections4-4.4.jar' 
2022-04-21 12:51:11.161 DEBUG [acme.Launcher@main] Found classpath entry '/C:/Users/Rafa/Desktop/Workspace-22.0/Tools/IDEs/eclipse-jee-2021-12-R/configuration/org.eclipse.osgi/418/0/.cp/lib/javaagent-shaded.jar' 
2022-04-21 12:51:11.404 DEBUG [acme.Launcher@main] Found entity class 'acme.entities.announcement.Announcement 
2022-04-21 12:51:11.404 DEBUG [acme.Launcher@main] Found entity class 'acme.entities.chirp.Chirp 
2022-04-21 12:51:11.404 DEBUG [acme.Launcher@main] Found entity class 'acme.entities.item.Item 
2022-04-21 12:51:11.404 DEBUG [acme.Launcher@main] Found entity class 'acme.entities.patronage.Patronage 
2022-04-21 12:51:11.404 DEBUG [acme.Launcher@main] Found entity class 'acme.entities.patronageReport.PatronageReport 
2022-04-21 12:51:11.404 DEBUG [acme.Launcher@main] Found entity class 'acme.entities.quantity.Quantity 
2022-04-21 12:51:11.405 DEBUG [acme.Launcher@main] Found entity class 'acme.entities.systemConfiguration.SystemConfiguration 
2022-04-21 12:51:11.405 DEBUG [acme.Launcher@main] Found entity class 'acme.entities.toolkit.Toolkit 
2022-04-21 12:51:11.405 DEBUG [acme.Launcher@main] Found entity class 'acme.roles.Consumer 
2022-04-21 12:51:11.405 DEBUG [acme.Launcher@main] Found entity class 'acme.roles.Inventor 
2022-04-21 12:51:11.405 DEBUG [acme.Launcher@main] Found entity class 'acme.roles.Patron 
2022-04-21 12:51:11.405 DEBUG [acme.Launcher@main] Found entity class 'acme.roles.Provider 
2022-04-21 12:51:11.405 DEBUG [acme.Launcher@main] Found entity class 'acme.framework.entities.UserAccount 
2022-04-21 12:51:11.405 DEBUG [acme.Launcher@main] Found entity class 'acme.framework.roles.Administrator 
2022-04-21 12:51:11.405 DEBUG [acme.Launcher@main] Found entity class 'acme.framework.roles.Anonymous 
2022-04-21 12:51:11.407 DEBUG [acme.Launcher@main] Found entity class 'acme.framework.roles.Any 
2022-04-21 12:51:11.409 DEBUG [acme.Launcher@main] Found entity class 'acme.framework.roles.Authenticated 
2022-04-21 12:51:11.426 INFO  [acme.Launcher@main] Running application (Standalone) 
2022-04-21 12:51:16.634 ERROR [org.apache.catalina.core.ContainerBase.[Tomcat].[localhost].[/acme-toolkits-22.1].[dispatcherServlet]@http-nio-8080-exec-2] Servlet.service() for servlet [dispatcherServlet] in context with path [/acme-toolkits-22.1] threw exception [Filter execution threw an exception] with root cause at acme.framework.controllers.RememberMeLogoutHandler.logout(RememberMeLogoutHandler.java:31): java.lang.AssertionError
2022-04-21 12:51:16.904 DEBUG [acme.framework.components.tiles.DynamicTilesView@http-nio-8080-exec-2] View name 'master/panic', model {} 
2022-04-21 12:51:16.939 DEBUG [org.apache.tiles.definition.dao.BaseLocaleUrlDefinitionDAO@http-nio-8080-exec-2] File Resource file:/C:/Users/Rafa/Desktop/Workspace-22.0/Projects/Acme-Toolkits/target/classes/WEB-INF/views/master/tiles_es.xml at file:/C:/Users/Rafa/Desktop/Workspace-22.0/Projects/Acme-Toolkits/target/classes/WEB-INF/views/master/tiles_es.xml not found, continue 
2022-04-21 12:51:16.968 DEBUG [org.apache.jasper.servlet.JspServlet@http-nio-8080-exec-2] JspEngine --> /WEB-INF/views/master/page.jsp 
2022-04-21 12:51:16.968 DEBUG [org.apache.jasper.servlet.JspServlet@http-nio-8080-exec-2] ServletPath: /WEB-INF/views/master/page.jsp 
2022-04-21 12:51:16.969 DEBUG [org.apache.jasper.servlet.JspServlet@http-nio-8080-exec-2] PathInfo: null 
2022-04-21 12:51:16.971 DEBUG [org.apache.jasper.servlet.JspServlet@http-nio-8080-exec-2] RealPath: C:\Users\Rafa\Desktop\Workspace-22.0\Projects\Acme-Toolkits\target\classes\WEB-INF\views\master\page.jsp 
2022-04-21 12:51:16.972 DEBUG [org.apache.jasper.servlet.JspServlet@http-nio-8080-exec-2] RequestURI: /acme-toolkits-22.1/WEB-INF/views/master/page.jsp 
2022-04-21 12:51:16.972 DEBUG [org.apache.jasper.servlet.JspServlet@http-nio-8080-exec-2] QueryString: null 
2022-04-21 12:51:28.435 DEBUG [acme.framework.configuration.ExtendedMessageSource@http-nio-8080-exec-2] Loading properties [C:\Users\Rafa\Desktop\Workspace-22.0\Projects\Acme-Toolkits\target\classes\WEB-INF\views\administrator\administrator-dashboard\messages-en.i18n] with encoding 'utf-8' 
2022-04-21 12:51:28.436 DEBUG [acme.framework.configuration.ExtendedMessageSource@http-nio-8080-exec-2] Loading properties [C:\Users\Rafa\Desktop\Workspace-22.0\Projects\Acme-Toolkits\target\classes\WEB-INF\views\administrator\user-account\messages-en.i18n] with encoding 'utf-8' 
2022-04-21 12:51:28.437 DEBUG [acme.framework.configuration.ExtendedMessageSource@http-nio-8080-exec-2] Loading properties [C:\Users\Rafa\Desktop\Workspace-22.0\Projects\Acme-Toolkits\target\classes\WEB-INF\views\anonymous\user-account\messages-en.i18n] with encoding 'utf-8' 
2022-04-21 12:51:28.437 DEBUG [acme.framework.configuration.ExtendedMessageSource@http-nio-8080-exec-2] Loading properties [C:\Users\Rafa\Desktop\Workspace-22.0\Projects\Acme-Toolkits\target\classes\WEB-INF\views\any\item\messages-en.i18n] with encoding 'utf-8' 
2022-04-21 12:51:28.438 DEBUG [acme.framework.configuration.ExtendedMessageSource@http-nio-8080-exec-2] Loading properties [C:\Users\Rafa\Desktop\Workspace-22.0\Projects\Acme-Toolkits\target\classes\WEB-INF\views\authenticated\consumer\messsages-en.i18n] with encoding 'utf-8' 
2022-04-21 12:51:28.439 DEBUG [acme.framework.configuration.ExtendedMessageSource@http-nio-8080-exec-2] Loading properties [C:\Users\Rafa\Desktop\Workspace-22.0\Projects\Acme-Toolkits\target\classes\WEB-INF\views\authenticated\inventor\messsages-en.i18n] with encoding 'utf-8' 
2022-04-21 12:51:28.439 DEBUG [acme.framework.configuration.ExtendedMessageSource@http-nio-8080-exec-2] Loading properties [C:\Users\Rafa\Desktop\Workspace-22.0\Projects\Acme-Toolkits\target\classes\WEB-INF\views\authenticated\patron\messsages-en.i18n] with encoding 'utf-8' 
2022-04-21 12:51:28.451 DEBUG [acme.framework.configuration.ExtendedMessageSource@http-nio-8080-exec-2] Loading properties [C:\Users\Rafa\Desktop\Workspace-22.0\Projects\Acme-Toolkits\target\classes\WEB-INF\views\authenticated\provider\messsages-en.i18n] with encoding 'utf-8' 
2022-04-21 12:51:28.459 DEBUG [acme.framework.configuration.ExtendedMessageSource@http-nio-8080-exec-2] Loading properties [C:\Users\Rafa\Desktop\Workspace-22.0\Projects\Acme-Toolkits\target\classes\WEB-INF\views\authenticated\system-configuration\messages-en.i18n] with encoding 'utf-8' 
2022-04-21 12:51:28.459 DEBUG [acme.framework.configuration.ExtendedMessageSource@http-nio-8080-exec-2] Loading properties [C:\Users\Rafa\Desktop\Workspace-22.0\Projects\Acme-Toolkits\target\classes\WEB-INF\views\authenticated\user-account\messages-en.i18n] with encoding 'utf-8' 
2022-04-21 12:51:28.464 DEBUG [acme.framework.configuration.ExtendedMessageSource@http-nio-8080-exec-2] Loading properties [C:\Users\Rafa\Desktop\Workspace-22.0\Projects\Acme-Toolkits\target\classes\WEB-INF\views\fragments\banner-en.i18n] with encoding 'utf-8' 
2022-04-21 12:51:28.465 DEBUG [acme.framework.configuration.ExtendedMessageSource@http-nio-8080-exec-2] Loading properties [C:\Users\Rafa\Desktop\Workspace-22.0\Projects\Acme-Toolkits\target\classes\WEB-INF\views\fragments\company-en.i18n] with encoding 'utf-8' 
2022-04-21 12:51:28.466 DEBUG [acme.framework.configuration.ExtendedMessageSource@http-nio-8080-exec-2] Loading properties [C:\Users\Rafa\Desktop\Workspace-22.0\Projects\Acme-Toolkits\target\classes\WEB-INF\views\fragments\footer-en.i18n] with encoding 'utf-8' 
2022-04-21 12:51:28.467 DEBUG [acme.framework.configuration.ExtendedMessageSource@http-nio-8080-exec-2] Loading properties [C:\Users\Rafa\Desktop\Workspace-22.0\Projects\Acme-Toolkits\target\classes\WEB-INF\views\fragments\license-en.i18n] with encoding 'utf-8' 
2022-04-21 12:51:28.467 DEBUG [acme.framework.configuration.ExtendedMessageSource@http-nio-8080-exec-2] Loading properties [C:\Users\Rafa\Desktop\Workspace-22.0\Projects\Acme-Toolkits\target\classes\WEB-INF\views\fragments\menu-en.i18n] with encoding 'utf-8' 
2022-04-21 12:51:28.468 DEBUG [acme.framework.configuration.ExtendedMessageSource@http-nio-8080-exec-2] Loading properties [C:\Users\Rafa\Desktop\Workspace-22.0\Projects\Acme-Toolkits\target\classes\WEB-INF\views\fragments\messages-en.i18n] with encoding 'utf-8' 
2022-04-21 12:51:28.468 DEBUG [acme.framework.configuration.ExtendedMessageSource@http-nio-8080-exec-2] Loading properties [C:\Users\Rafa\Desktop\Workspace-22.0\Projects\Acme-Toolkits\target\classes\WEB-INF\views\fragments\messsages-en.i18n] with encoding 'utf-8' 
2022-04-21 12:51:28.469 DEBUG [acme.framework.configuration.ExtendedMessageSource@http-nio-8080-exec-2] Loading properties [C:\Users\Rafa\Desktop\Workspace-22.0\Projects\Acme-Toolkits\target\classes\WEB-INF\views\fragments\title-en.i18n] with encoding 'utf-8' 
2022-04-21 12:51:28.470 DEBUG [acme.framework.configuration.ExtendedMessageSource@http-nio-8080-exec-2] Loading properties [C:\Users\Rafa\Desktop\Workspace-22.0\Projects\Acme-Toolkits\target\classes\WEB-INF\views\fragments\welcome-en.i18n] with encoding 'utf-8' 
2022-04-21 12:51:28.470 DEBUG [acme.framework.configuration.ExtendedMessageSource@http-nio-8080-exec-2] Loading properties [C:\Users\Rafa\Desktop\Workspace-22.0\Projects\Acme-Toolkits\target\classes\WEB-INF\views\inventor\item\messages-en.i18n] with encoding 'utf-8' 
2022-04-21 12:51:28.471 DEBUG [acme.framework.configuration.ExtendedMessageSource@http-nio-8080-exec-2] Loading properties [C:\Users\Rafa\Desktop\Workspace-22.0\Projects\Acme-Toolkits\target\classes\WEB-INF\views\inventor\patronage\messages-en.i18n] with encoding 'utf-8' 
2022-04-21 12:51:28.472 DEBUG [acme.framework.configuration.ExtendedMessageSource@http-nio-8080-exec-2] Loading properties [C:\Users\Rafa\Desktop\Workspace-22.0\Projects\Acme-Toolkits\target\classes\WEB-INF\views\master\defaults-en.i18n] with encoding 'utf-8' 
2022-04-21 12:51:28.473 DEBUG [acme.framework.configuration.ExtendedMessageSource@http-nio-8080-exec-2] Loading properties [C:\Users\Rafa\Desktop\Workspace-22.0\Projects\Acme-Toolkits\target\classes\WEB-INF\views\master\master-en.i18n] with encoding 'utf-8' 
2022-04-21 12:51:28.480 DEBUG [acme.framework.configuration.ExtendedMessageSource@http-nio-8080-exec-2] Loading properties [C:\Users\Rafa\Desktop\Workspace-22.0\Projects\Acme-Toolkits\target\classes\WEB-INF\views\master\throwables-en.i18n] with encoding 'utf-8' 
2022-04-21 12:51:28.481 DEBUG [acme.framework.configuration.ExtendedMessageSource@http-nio-8080-exec-2] Loading properties [C:\Users\Rafa\Desktop\Workspace-22.0\Projects\Acme-Toolkits\target\classes\WEB-INF\views\master\validation-en.i18n] with encoding 'utf-8' 
2022-04-21 12:51:28.500 DEBUG [acme.framework.configuration.ExtendedMessageSource@http-nio-8080-exec-2] Loading properties [C:\Users\Rafa\Desktop\Workspace-22.0\Projects\Acme-Toolkits\target\classes\WEB-INF\views\administrator\administrator-dashboard\messages-es.i18n] with encoding 'utf-8' 
2022-04-21 12:51:28.501 DEBUG [acme.framework.configuration.ExtendedMessageSource@http-nio-8080-exec-2] Loading properties [C:\Users\Rafa\Desktop\Workspace-22.0\Projects\Acme-Toolkits\target\classes\WEB-INF\views\administrator\user-account\messages-es.i18n] with encoding 'utf-8' 
2022-04-21 12:51:28.501 DEBUG [acme.framework.configuration.ExtendedMessageSource@http-nio-8080-exec-2] Loading properties [C:\Users\Rafa\Desktop\Workspace-22.0\Projects\Acme-Toolkits\target\classes\WEB-INF\views\anonymous\user-account\messages-es.i18n] with encoding 'utf-8' 
2022-04-21 12:51:28.502 DEBUG [acme.framework.configuration.ExtendedMessageSource@http-nio-8080-exec-2] Loading properties [C:\Users\Rafa\Desktop\Workspace-22.0\Projects\Acme-Toolkits\target\classes\WEB-INF\views\any\item\messages-es.i18n] with encoding 'utf-8' 
2022-04-21 12:51:28.502 DEBUG [acme.framework.configuration.ExtendedMessageSource@http-nio-8080-exec-2] Loading properties [C:\Users\Rafa\Desktop\Workspace-22.0\Projects\Acme-Toolkits\target\classes\WEB-INF\views\authenticated\consumer\messsages-es.i18n] with encoding 'utf-8' 
2022-04-21 12:51:28.504 DEBUG [acme.framework.configuration.ExtendedMessageSource@http-nio-8080-exec-2] Loading properties [C:\Users\Rafa\Desktop\Workspace-22.0\Projects\Acme-Toolkits\target\classes\WEB-INF\views\authenticated\inventor\messsages-es.i18n] with encoding 'utf-8' 
2022-04-21 12:51:28.504 DEBUG [acme.framework.configuration.ExtendedMessageSource@http-nio-8080-exec-2] Loading properties [C:\Users\Rafa\Desktop\Workspace-22.0\Projects\Acme-Toolkits\target\classes\WEB-INF\views\authenticated\patron\messsages-es.i18n] with encoding 'utf-8' 
2022-04-21 12:51:28.505 DEBUG [acme.framework.configuration.ExtendedMessageSource@http-nio-8080-exec-2] Loading properties [C:\Users\Rafa\Desktop\Workspace-22.0\Projects\Acme-Toolkits\target\classes\WEB-INF\views\authenticated\provider\messsages-es.i18n] with encoding 'utf-8' 
2022-04-21 12:51:28.506 DEBUG [acme.framework.configuration.ExtendedMessageSource@http-nio-8080-exec-2] Loading properties [C:\Users\Rafa\Desktop\Workspace-22.0\Projects\Acme-Toolkits\target\classes\WEB-INF\views\authenticated\system-configuration\messages-es.i18n] with encoding 'utf-8' 
2022-04-21 12:51:28.506 DEBUG [acme.framework.configuration.ExtendedMessageSource@http-nio-8080-exec-2] Loading properties [C:\Users\Rafa\Desktop\Workspace-22.0\Projects\Acme-Toolkits\target\classes\WEB-INF\views\authenticated\user-account\messages-es.i18n] with encoding 'utf-8' 
2022-04-21 12:51:28.515 DEBUG [acme.framework.configuration.ExtendedMessageSource@http-nio-8080-exec-2] Loading properties [C:\Users\Rafa\Desktop\Workspace-22.0\Projects\Acme-Toolkits\target\classes\WEB-INF\views\fragments\banner-es.i18n] with encoding 'utf-8' 
2022-04-21 12:51:28.516 DEBUG [acme.framework.configuration.ExtendedMessageSource@http-nio-8080-exec-2] Loading properties [C:\Users\Rafa\Desktop\Workspace-22.0\Projects\Acme-Toolkits\target\classes\WEB-INF\views\fragments\company-es.i18n] with encoding 'utf-8' 
2022-04-21 12:51:28.517 DEBUG [acme.framework.configuration.ExtendedMessageSource@http-nio-8080-exec-2] Loading properties [C:\Users\Rafa\Desktop\Workspace-22.0\Projects\Acme-Toolkits\target\classes\WEB-INF\views\fragments\footer-es.i18n] with encoding 'utf-8' 
2022-04-21 12:51:28.518 DEBUG [acme.framework.configuration.ExtendedMessageSource@http-nio-8080-exec-2] Loading properties [C:\Users\Rafa\Desktop\Workspace-22.0\Projects\Acme-Toolkits\target\classes\WEB-INF\views\fragments\license-es.i18n] with encoding 'utf-8' 
2022-04-21 12:51:28.518 DEBUG [acme.framework.configuration.ExtendedMessageSource@http-nio-8080-exec-2] Loading properties [C:\Users\Rafa\Desktop\Workspace-22.0\Projects\Acme-Toolkits\target\classes\WEB-INF\views\fragments\menu-es.i18n] with encoding 'utf-8' 
2022-04-21 12:51:28.519 DEBUG [acme.framework.configuration.ExtendedMessageSource@http-nio-8080-exec-2] Loading properties [C:\Users\Rafa\Desktop\Workspace-22.0\Projects\Acme-Toolkits\target\classes\WEB-INF\views\fragments\messages-es.i18n] with encoding 'utf-8' 
2022-04-21 12:51:28.520 DEBUG [acme.framework.configuration.ExtendedMessageSource@http-nio-8080-exec-2] Loading properties [C:\Users\Rafa\Desktop\Workspace-22.0\Projects\Acme-Toolkits\target\classes\WEB-INF\views\fragments\messsages-es.i18n] with encoding 'utf-8' 
2022-04-21 12:51:28.521 DEBUG [acme.framework.configuration.ExtendedMessageSource@http-nio-8080-exec-2] Loading properties [C:\Users\Rafa\Desktop\Workspace-22.0\Projects\Acme-Toolkits\target\classes\WEB-INF\views\fragments\title-es.i18n] with encoding 'utf-8' 
2022-04-21 12:51:28.525 DEBUG [acme.framework.configuration.ExtendedMessageSource@http-nio-8080-exec-2] Loading properties [C:\Users\Rafa\Desktop\Workspace-22.0\Projects\Acme-Toolkits\target\classes\WEB-INF\views\fragments\welcome-es.i18n] with encoding 'utf-8' 
2022-04-21 12:51:28.526 DEBUG [acme.framework.configuration.ExtendedMessageSource@http-nio-8080-exec-2] Loading properties [C:\Users\Rafa\Desktop\Workspace-22.0\Projects\Acme-Toolkits\target\classes\WEB-INF\views\inventor\item\messages-es.i18n] with encoding 'utf-8' 
2022-04-21 12:51:28.530 DEBUG [acme.framework.configuration.ExtendedMessageSource@http-nio-8080-exec-2] Loading properties [C:\Users\Rafa\Desktop\Workspace-22.0\Projects\Acme-Toolkits\target\classes\WEB-INF\views\inventor\patronage\messages-es.i18n] with encoding 'utf-8' 
2022-04-21 12:51:28.530 DEBUG [acme.framework.configuration.ExtendedMessageSource@http-nio-8080-exec-2] Loading properties [C:\Users\Rafa\Desktop\Workspace-22.0\Projects\Acme-Toolkits\target\classes\WEB-INF\views\master\defaults-es.i18n] with encoding 'utf-8' 
2022-04-21 12:51:28.531 DEBUG [acme.framework.configuration.ExtendedMessageSource@http-nio-8080-exec-2] Loading properties [C:\Users\Rafa\Desktop\Workspace-22.0\Projects\Acme-Toolkits\target\classes\WEB-INF\views\master\master-es.i18n] with encoding 'utf-8' 
2022-04-21 12:51:28.531 DEBUG [acme.framework.configuration.ExtendedMessageSource@http-nio-8080-exec-2] Loading properties [C:\Users\Rafa\Desktop\Workspace-22.0\Projects\Acme-Toolkits\target\classes\WEB-INF\views\master\throwables-es.i18n] with encoding 'utf-8' 
2022-04-21 12:51:28.533 DEBUG [acme.framework.configuration.ExtendedMessageSource@http-nio-8080-exec-2] Loading properties [C:\Users\Rafa\Desktop\Workspace-22.0\Projects\Acme-Toolkits\target\classes\WEB-INF\views\master\validation-es.i18n] with encoding 'utf-8' 
2022-04-21 12:51:28.867 DEBUG [org.apache.jasper.servlet.JspServlet@http-nio-8080-exec-2] JspEngine --> /WEB-INF/views/master/panic.jsp 
2022-04-21 12:51:28.868 DEBUG [org.apache.jasper.servlet.JspServlet@http-nio-8080-exec-2] ServletPath: /WEB-INF/views/master/page.jsp 
2022-04-21 12:51:28.868 DEBUG [org.apache.jasper.servlet.JspServlet@http-nio-8080-exec-2] PathInfo: null 
2022-04-21 12:51:28.869 DEBUG [org.apache.jasper.servlet.JspServlet@http-nio-8080-exec-2] RealPath: C:\Users\Rafa\Desktop\Workspace-22.0\Projects\Acme-Toolkits\target\classes\WEB-INF\views\master\panic.jsp 
2022-04-21 12:51:28.870 DEBUG [org.apache.jasper.servlet.JspServlet@http-nio-8080-exec-2] RequestURI: /acme-toolkits-22.1/WEB-INF/views/master/page.jsp 
2022-04-21 12:51:28.870 DEBUG [org.apache.jasper.servlet.JspServlet@http-nio-8080-exec-2] QueryString: null 
2022-04-21 12:51:29.295 ERROR [org.apache.jsp.WEB_002dINF.views.master.panic_jsp@http-nio-8080-exec-2] HTTP GET /acme-toolkits-22.1/WEB-INF/views/master/page.jsp HTTP/1.1 
2022-04-21 12:51:29.295 ERROR [org.apache.jsp.WEB_002dINF.views.master.panic_jsp@http-nio-8080-exec-2] Status: 500 
2022-04-21 12:51:29.296 ERROR [org.apache.jsp.WEB_002dINF.views.master.panic_jsp@http-nio-8080-exec-2] Exception: org.apache.catalina.core.ApplicationFilterChain.internalDoFilter(ApplicationFilterChain.java:200): Filter execution threw an exception\nacme.framework.controllers.RememberMeLogoutHandler.logout(RememberMeLogoutHandler.java:31): java.lang.AssertionError 
2022-04-21 12:51:29.799 DEBUG [org.hibernate.SQL@http-nio-8080-exec-2] select useraccoun0_.id as id1_0_, useraccoun0_.version as version2_0_, useraccoun0_.enabled as enabled1_17_, useraccoun0_.identity as identity2_17_, useraccoun0_.password as password3_17_, useraccoun0_.username as username4_17_ from user_account useraccoun0_ where useraccoun0_.username=? 
2022-04-21 12:51:29.834 TRACE [org.hibernate.type.descriptor.sql.BasicBinder@http-nio-8080-exec-2] binding parameter [1] as [VARCHAR] - [anonymous] 
2022-04-21 12:51:29.923 DEBUG [org.hibernate.SQL@http-nio-8080-exec-2] select roles0_.user_account_id as user_acc1_18_0_, roles0_.id as id1_18_0_, roles0_.id as id1_0_1_, roles0_.version as version2_0_1_, roles0_.user_account_id as user_acc1_18_1_, roles0_.company as company1_7_1_, roles0_.sector as sector2_7_1_, roles0_.company as company1_8_1_, roles0_.info as info2_8_1_, roles0_.statement as statemen3_8_1_, roles0_.company as company1_10_1_, roles0_.info as info2_10_1_, roles0_.statement as statemen3_10_1_, roles0_.company as company1_13_1_, roles0_.sector as sector2_13_1_, roles0_.clazz_ as clazz_1_ from ( select id, version, user_account_id, company, sector, null as info, null as statement, 10 as clazz_ from consumer union all select id, version, user_account_id, company, null as sector, info, statement, 11 as clazz_ from inventor union all select id, version, user_account_id, company, null as sector, info, statement, 12 as clazz_ from patron union all select id, version, user_account_id, company, sector, null as info, null as statement, 13 as clazz_ from provider union all select id, version, user_account_id, null as company, null as sector, null as info, null as statement, 15 as clazz_ from administrator union all select id, version, user_account_id, null as company, null as sector, null as info, null as statement, 16 as clazz_ from anonymous union all select id, version, user_account_id, null as company, null as sector, null as info, null as statement, 17 as clazz_ from any union all select id, version, user_account_id, null as company, null as sector, null as info, null as statement, 18 as clazz_ from authenticated ) roles0_ where roles0_.user_account_id=? 
2022-04-21 12:51:29.924 TRACE [org.hibernate.type.descriptor.sql.BasicBinder@http-nio-8080-exec-2] binding parameter [1] as [INTEGER] - [1] 
2022-04-21 12:51:37.735 DEBUG [acme.framework.components.tiles.DynamicTilesView@http-nio-8080-exec-7] View name 'master/sign-in', model {username=, password=, remember=false} 
2022-04-21 12:51:37.737 DEBUG [org.apache.jasper.servlet.JspServlet@http-nio-8080-exec-7] JspEngine --> /WEB-INF/views/master/page.jsp 
2022-04-21 12:51:37.737 DEBUG [org.apache.jasper.servlet.JspServlet@http-nio-8080-exec-7] ServletPath: /WEB-INF/views/master/page.jsp 
2022-04-21 12:51:37.738 DEBUG [org.apache.jasper.servlet.JspServlet@http-nio-8080-exec-7] PathInfo: null 
2022-04-21 12:51:37.740 DEBUG [org.apache.jasper.servlet.JspServlet@http-nio-8080-exec-7] RealPath: C:\Users\Rafa\Desktop\Workspace-22.0\Projects\Acme-Toolkits\target\classes\WEB-INF\views\master\page.jsp 
2022-04-21 12:51:37.744 DEBUG [org.apache.jasper.servlet.JspServlet@http-nio-8080-exec-7] RequestURI: /acme-toolkits-22.1/WEB-INF/views/master/page.jsp 
2022-04-21 12:51:37.745 DEBUG [org.apache.jasper.servlet.JspServlet@http-nio-8080-exec-7] QueryString: null 
2022-04-21 12:51:38.066 DEBUG [org.apache.jasper.servlet.JspServlet@http-nio-8080-exec-7] JspEngine --> /WEB-INF/views/master/sign-in.jsp 
2022-04-21 12:51:38.067 DEBUG [org.apache.jasper.servlet.JspServlet@http-nio-8080-exec-7] ServletPath: /WEB-INF/views/master/page.jsp 
2022-04-21 12:51:38.067 DEBUG [org.apache.jasper.servlet.JspServlet@http-nio-8080-exec-7] PathInfo: null 
2022-04-21 12:51:38.067 DEBUG [org.apache.jasper.servlet.JspServlet@http-nio-8080-exec-7] RealPath: C:\Users\Rafa\Desktop\Workspace-22.0\Projects\Acme-Toolkits\target\classes\WEB-INF\views\master\sign-in.jsp 
2022-04-21 12:51:38.068 DEBUG [org.apache.jasper.servlet.JspServlet@http-nio-8080-exec-7] RequestURI: /acme-toolkits-22.1/WEB-INF/views/master/page.jsp 
2022-04-21 12:51:38.068 DEBUG [org.apache.jasper.servlet.JspServlet@http-nio-8080-exec-7] QueryString: null 
2022-04-21 12:51:42.141 DEBUG [org.hibernate.SQL@http-nio-8080-exec-7] select useraccoun0_.id as id1_0_, useraccoun0_.version as version2_0_, useraccoun0_.enabled as enabled1_17_, useraccoun0_.identity as identity2_17_, useraccoun0_.password as password3_17_, useraccoun0_.username as username4_17_ from user_account useraccoun0_ where useraccoun0_.username=? 
2022-04-21 12:51:42.147 TRACE [org.hibernate.type.descriptor.sql.BasicBinder@http-nio-8080-exec-7] binding parameter [1] as [VARCHAR] - [anonymous] 
2022-04-21 12:51:42.152 DEBUG [org.hibernate.SQL@http-nio-8080-exec-7] select roles0_.user_account_id as user_acc1_18_0_, roles0_.id as id1_18_0_, roles0_.id as id1_0_1_, roles0_.version as version2_0_1_, roles0_.user_account_id as user_acc1_18_1_, roles0_.company as company1_7_1_, roles0_.sector as sector2_7_1_, roles0_.company as company1_8_1_, roles0_.info as info2_8_1_, roles0_.statement as statemen3_8_1_, roles0_.company as company1_10_1_, roles0_.info as info2_10_1_, roles0_.statement as statemen3_10_1_, roles0_.company as company1_13_1_, roles0_.sector as sector2_13_1_, roles0_.clazz_ as clazz_1_ from ( select id, version, user_account_id, company, sector, null as info, null as statement, 10 as clazz_ from consumer union all select id, version, user_account_id, company, null as sector, info, statement, 11 as clazz_ from inventor union all select id, version, user_account_id, company, null as sector, info, statement, 12 as clazz_ from patron union all select id, version, user_account_id, company, sector, null as info, null as statement, 13 as clazz_ from provider union all select id, version, user_account_id, null as company, null as sector, null as info, null as statement, 15 as clazz_ from administrator union all select id, version, user_account_id, null as company, null as sector, null as info, null as statement, 16 as clazz_ from anonymous union all select id, version, user_account_id, null as company, null as sector, null as info, null as statement, 17 as clazz_ from any union all select id, version, user_account_id, null as company, null as sector, null as info, null as statement, 18 as clazz_ from authenticated ) roles0_ where roles0_.user_account_id=? 
2022-04-21 12:51:42.153 TRACE [org.hibernate.type.descriptor.sql.BasicBinder@http-nio-8080-exec-7] binding parameter [1] as [INTEGER] - [1] 
2022-04-21 12:51:48.177 DEBUG [org.hibernate.SQL@http-nio-8080-exec-9] select useraccoun0_.id as id1_0_, useraccoun0_.version as version2_0_, useraccoun0_.enabled as enabled1_17_, useraccoun0_.identity as identity2_17_, useraccoun0_.password as password3_17_, useraccoun0_.username as username4_17_ from user_account useraccoun0_ where useraccoun0_.username=? 
2022-04-21 12:51:48.187 TRACE [org.hibernate.type.descriptor.sql.BasicBinder@http-nio-8080-exec-9] binding parameter [1] as [VARCHAR] - [inventor1] 
2022-04-21 12:51:48.192 DEBUG [org.hibernate.SQL@http-nio-8080-exec-9] select roles0_.user_account_id as user_acc1_18_0_, roles0_.id as id1_18_0_, roles0_.id as id1_0_1_, roles0_.version as version2_0_1_, roles0_.user_account_id as user_acc1_18_1_, roles0_.company as company1_7_1_, roles0_.sector as sector2_7_1_, roles0_.company as company1_8_1_, roles0_.info as info2_8_1_, roles0_.statement as statemen3_8_1_, roles0_.company as company1_10_1_, roles0_.info as info2_10_1_, roles0_.statement as statemen3_10_1_, roles0_.company as company1_13_1_, roles0_.sector as sector2_13_1_, roles0_.clazz_ as clazz_1_ from ( select id, version, user_account_id, company, sector, null as info, null as statement, 10 as clazz_ from consumer union all select id, version, user_account_id, company, null as sector, info, statement, 11 as clazz_ from inventor union all select id, version, user_account_id, company, null as sector, info, statement, 12 as clazz_ from patron union all select id, version, user_account_id, company, sector, null as info, null as statement, 13 as clazz_ from provider union all select id, version, user_account_id, null as company, null as sector, null as info, null as statement, 15 as clazz_ from administrator union all select id, version, user_account_id, null as company, null as sector, null as info, null as statement, 16 as clazz_ from anonymous union all select id, version, user_account_id, null as company, null as sector, null as info, null as statement, 17 as clazz_ from any union all select id, version, user_account_id, null as company, null as sector, null as info, null as statement, 18 as clazz_ from authenticated ) roles0_ where roles0_.user_account_id=? 
2022-04-21 12:51:48.193 TRACE [org.hibernate.type.descriptor.sql.BasicBinder@http-nio-8080-exec-9] binding parameter [1] as [INTEGER] - [6] 
2022-04-21 12:51:48.256 DEBUG [acme.framework.components.tiles.DynamicTilesView@http-nio-8080-exec-7] View name 'fragments/welcome', model {} 
2022-04-21 12:51:48.260 DEBUG [org.apache.jasper.servlet.JspServlet@http-nio-8080-exec-7] JspEngine --> /WEB-INF/views/master/page.jsp 
2022-04-21 12:51:48.261 DEBUG [org.apache.jasper.servlet.JspServlet@http-nio-8080-exec-7] ServletPath: /WEB-INF/views/master/page.jsp 
2022-04-21 12:51:48.261 DEBUG [org.apache.jasper.servlet.JspServlet@http-nio-8080-exec-7] PathInfo: null 
2022-04-21 12:51:48.265 DEBUG [org.apache.jasper.servlet.JspServlet@http-nio-8080-exec-7] RealPath: C:\Users\Rafa\Desktop\Workspace-22.0\Projects\Acme-Toolkits\target\classes\WEB-INF\views\master\page.jsp 
2022-04-21 12:51:48.265 DEBUG [org.apache.jasper.servlet.JspServlet@http-nio-8080-exec-7] RequestURI: /acme-toolkits-22.1/WEB-INF/views/master/page.jsp 
2022-04-21 12:51:48.265 DEBUG [org.apache.jasper.servlet.JspServlet@http-nio-8080-exec-7] QueryString: null 
2022-04-21 12:51:48.789 DEBUG [org.apache.jasper.servlet.JspServlet@http-nio-8080-exec-7] JspEngine --> /WEB-INF/views/fragments/welcome.jsp 
2022-04-21 12:51:48.790 DEBUG [org.apache.jasper.servlet.JspServlet@http-nio-8080-exec-7] ServletPath: /WEB-INF/views/master/page.jsp 
2022-04-21 12:51:48.791 DEBUG [org.apache.jasper.servlet.JspServlet@http-nio-8080-exec-7] PathInfo: null 
2022-04-21 12:51:48.798 DEBUG [org.apache.jasper.servlet.JspServlet@http-nio-8080-exec-7] RealPath: C:\Users\Rafa\Desktop\Workspace-22.0\Projects\Acme-Toolkits\target\classes\WEB-INF\views\fragments\welcome.jsp 
2022-04-21 12:51:48.799 DEBUG [org.apache.jasper.servlet.JspServlet@http-nio-8080-exec-7] RequestURI: /acme-toolkits-22.1/WEB-INF/views/master/page.jsp 
2022-04-21 12:51:48.799 DEBUG [org.apache.jasper.servlet.JspServlet@http-nio-8080-exec-7] QueryString: null 
2022-04-21 12:51:53.869 DEBUG [acme.framework.controllers.AbstractController@http-nio-8080-exec-9] DISPATCHING GET /acme-toolkits-22.1/inventor/item/list-my-components 
2022-04-21 12:51:53.869 DEBUG [acme.framework.controllers.AbstractController@http-nio-8080-exec-9] Command: list-my-components 
2022-04-21 12:51:53.869 DEBUG [acme.framework.controllers.AbstractController@http-nio-8080-exec-9] Model:   {} 
2022-04-21 12:51:53.869 DEBUG [acme.framework.controllers.AbstractController@http-nio-8080-exec-9] Locale:  es 
2022-04-21 12:51:53.919 DEBUG [org.hibernate.SQL@http-nio-8080-exec-9] select item0_.id as id1_0_, item0_.version as version2_0_, item0_.code as code1_9_, item0_.description as descript2_9_, item0_.info as info3_9_, item0_.inventor_id as invento10_9_, item0_.item_type as item_typ4_9_, item0_.name as name5_9_, item0_.published as publishe6_9_, item0_.retail_price_amount as retail_p7_9_, item0_.retail_price_currency as retail_p8_9_, item0_.technology as technolo9_9_ from item item0_ where item0_.item_type='COMPONENT' and item0_.inventor_id=? 
2022-04-21 12:51:53.920 TRACE [org.hibernate.type.descriptor.sql.BasicBinder@http-nio-8080-exec-9] binding parameter [1] as [INTEGER] - [8] 
2022-04-21 12:51:53.939 DEBUG [org.hibernate.SQL@http-nio-8080-exec-9] select inventor0_.id as id1_0_0_, inventor0_.version as version2_0_0_, inventor0_.user_account_id as user_acc1_18_0_, inventor0_.company as company1_8_0_, inventor0_.info as info2_8_0_, inventor0_.statement as statemen3_8_0_, useraccoun1_.id as id1_0_1_, useraccoun1_.version as version2_0_1_, useraccoun1_.enabled as enabled1_17_1_, useraccoun1_.identity as identity2_17_1_, useraccoun1_.password as password3_17_1_, useraccoun1_.username as username4_17_1_ from inventor inventor0_ inner join user_account useraccoun1_ on inventor0_.user_account_id=useraccoun1_.id where inventor0_.id=? 
2022-04-21 12:51:53.939 TRACE [org.hibernate.type.descriptor.sql.BasicBinder@http-nio-8080-exec-9] binding parameter [1] as [INTEGER] - [8] 
2022-04-21 12:51:54.021 DEBUG [acme.framework.controllers.AbstractController@http-nio-8080-exec-9] SERVING GET /acme-toolkits-22.1/inventor/item/list-my-components 
2022-04-21 12:51:54.024 DEBUG [acme.framework.controllers.AbstractController@http-nio-8080-exec-9] Result: ModelAndView [view="inventor/item/list"; model={description[1]=descripcion, description[0]=descripcion, version[1]=0, technology[0]=tecnologia, retailPrice[1]=<<EUR 10.00>>, info[1]=https://regexr.com/, list$size=2, info[0]=null, technology[1]=tecnologia, retailPrice[0]=<<EUR 10.00>>, code[0]=ABC-124-O, version[0]=0, code[1]=ABC-123-B, id[1]=25, id[0]=11, name[1]=a, name[0]=test item-type, command=list-my-components, principal=acme.framework.entities.Principal@17f4f461}] 
2022-04-21 12:51:54.036 DEBUG [acme.framework.components.tiles.DynamicTilesView@http-nio-8080-exec-9] View name 'inventor/item/list', model {description[1]=descripcion, description[0]=descripcion, version[1]=0, technology[0]=tecnologia, retailPrice[1]=<<EUR 10.00>>, info[1]=https://regexr.com/, list$size=2, info[0]=null, technology[1]=tecnologia, retailPrice[0]=<<EUR 10.00>>, code[0]=ABC-124-O, version[0]=0, code[1]=ABC-123-B, id[1]=25, id[0]=11, name[1]=a, name[0]=test item-type, command=list-my-components, principal=acme.framework.entities.Principal@17f4f461, org.springframework.validation.BindingResult.retailPrice[1]=org.springframework.validation.BeanPropertyBindingResult: 0 errors, org.springframework.validation.BindingResult.retailPrice[0]=org.springframework.validation.BeanPropertyBindingResult: 0 errors, org.springframework.validation.BindingResult.principal=org.springframework.validation.BeanPropertyBindingResult: 0 errors} 
2022-04-21 12:51:54.037 DEBUG [org.apache.jasper.servlet.JspServlet@http-nio-8080-exec-9] JspEngine --> /WEB-INF/views/master/page.jsp 
2022-04-21 12:51:54.037 DEBUG [org.apache.jasper.servlet.JspServlet@http-nio-8080-exec-9] ServletPath: /WEB-INF/views/master/page.jsp 
2022-04-21 12:51:54.038 DEBUG [org.apache.jasper.servlet.JspServlet@http-nio-8080-exec-9] PathInfo: null 
2022-04-21 12:51:54.039 DEBUG [org.apache.jasper.servlet.JspServlet@http-nio-8080-exec-9] RealPath: C:\Users\Rafa\Desktop\Workspace-22.0\Projects\Acme-Toolkits\target\classes\WEB-INF\views\master\page.jsp 
2022-04-21 12:51:54.041 DEBUG [org.apache.jasper.servlet.JspServlet@http-nio-8080-exec-9] RequestURI: /acme-toolkits-22.1/WEB-INF/views/master/page.jsp 
2022-04-21 12:51:54.043 DEBUG [org.apache.jasper.servlet.JspServlet@http-nio-8080-exec-9] QueryString: null 
2022-04-21 12:51:54.263 DEBUG [org.apache.jasper.servlet.JspServlet@http-nio-8080-exec-9] JspEngine --> /WEB-INF/views/inventor/item/list.jsp 
2022-04-21 12:51:54.263 DEBUG [org.apache.jasper.servlet.JspServlet@http-nio-8080-exec-9] ServletPath: /WEB-INF/views/master/page.jsp 
2022-04-21 12:51:54.264 DEBUG [org.apache.jasper.servlet.JspServlet@http-nio-8080-exec-9] PathInfo: null 
2022-04-21 12:51:54.267 DEBUG [org.apache.jasper.servlet.JspServlet@http-nio-8080-exec-9] RealPath: C:\Users\Rafa\Desktop\Workspace-22.0\Projects\Acme-Toolkits\target\classes\WEB-INF\views\inventor\item\list.jsp 
2022-04-21 12:51:54.267 DEBUG [org.apache.jasper.servlet.JspServlet@http-nio-8080-exec-9] RequestURI: /acme-toolkits-22.1/WEB-INF/views/master/page.jsp 
2022-04-21 12:51:54.268 DEBUG [org.apache.jasper.servlet.JspServlet@http-nio-8080-exec-9] QueryString: null 
2022-04-21 12:51:57.676 DEBUG [acme.framework.controllers.AbstractController@http-nio-8080-exec-9] DISPATCHING GET /acme-toolkits-22.1/inventor/patronage/list-mine 
2022-04-21 12:51:57.679 DEBUG [acme.framework.controllers.AbstractController@http-nio-8080-exec-9] Command: list-mine 
2022-04-21 12:51:57.680 DEBUG [acme.framework.controllers.AbstractController@http-nio-8080-exec-9] Model:   {} 
2022-04-21 12:51:57.680 DEBUG [acme.framework.controllers.AbstractController@http-nio-8080-exec-9] Locale:  es 
2022-04-21 12:51:57.696 DEBUG [org.hibernate.SQL@http-nio-8080-exec-9] select patronage0_.id as id1_0_, patronage0_.version as version2_0_, patronage0_.budget_amount as budget_a1_11_, patronage0_.budget_currency as budget_c2_11_, patronage0_.code as code3_11_, patronage0_.creation_moment as creation4_11_, patronage0_.end_date as end_date5_11_, patronage0_.inventor_id as invento10_11_, patronage0_.legal_stuff as legal_st6_11_, patronage0_.more_info as more_inf7_11_, patronage0_.patron_id as patron_11_11_, patronage0_.start_date as start_da8_11_, patronage0_.status as status9_11_ from patronage patronage0_ where patronage0_.inventor_id=? 
2022-04-21 12:51:57.697 TRACE [org.hibernate.type.descriptor.sql.BasicBinder@http-nio-8080-exec-9] binding parameter [1] as [INTEGER] - [8] 
2022-04-21 12:51:57.716 DEBUG [org.hibernate.SQL@http-nio-8080-exec-9] select inventor0_.id as id1_0_0_, inventor0_.version as version2_0_0_, inventor0_.user_account_id as user_acc1_18_0_, inventor0_.company as company1_8_0_, inventor0_.info as info2_8_0_, inventor0_.statement as statemen3_8_0_, useraccoun1_.id as id1_0_1_, useraccoun1_.version as version2_0_1_, useraccoun1_.enabled as enabled1_17_1_, useraccoun1_.identity as identity2_17_1_, useraccoun1_.password as password3_17_1_, useraccoun1_.username as username4_17_1_ from inventor inventor0_ inner join user_account useraccoun1_ on inventor0_.user_account_id=useraccoun1_.id where inventor0_.id=? 
2022-04-21 12:51:57.717 TRACE [org.hibernate.type.descriptor.sql.BasicBinder@http-nio-8080-exec-9] binding parameter [1] as [INTEGER] - [8] 
2022-04-21 12:51:57.736 DEBUG [org.hibernate.SQL@http-nio-8080-exec-9] select patron0_.id as id1_0_0_, patron0_.version as version2_0_0_, patron0_.user_account_id as user_acc1_18_0_, patron0_.company as company1_10_0_, patron0_.info as info2_10_0_, patron0_.statement as statemen3_10_0_, useraccoun1_.id as id1_0_1_, useraccoun1_.version as version2_0_1_, useraccoun1_.enabled as enabled1_17_1_, useraccoun1_.identity as identity2_17_1_, useraccoun1_.password as password3_17_1_, useraccoun1_.username as username4_17_1_ from patron patron0_ inner join user_account useraccoun1_ on patron0_.user_account_id=useraccoun1_.id where patron0_.id=? 
2022-04-21 12:51:57.736 TRACE [org.hibernate.type.descriptor.sql.BasicBinder@http-nio-8080-exec-9] binding parameter [1] as [INTEGER] - [36] 
2022-04-21 12:51:57.739 DEBUG [org.hibernate.SQL@http-nio-8080-exec-9] select patron0_.id as id1_0_0_, patron0_.version as version2_0_0_, patron0_.user_account_id as user_acc1_18_0_, patron0_.company as company1_10_0_, patron0_.info as info2_10_0_, patron0_.statement as statemen3_10_0_, useraccoun1_.id as id1_0_1_, useraccoun1_.version as version2_0_1_, useraccoun1_.enabled as enabled1_17_1_, useraccoun1_.identity as identity2_17_1_, useraccoun1_.password as password3_17_1_, useraccoun1_.username as username4_17_1_ from patron patron0_ inner join user_account useraccoun1_ on patron0_.user_account_id=useraccoun1_.id where patron0_.id=? 
2022-04-21 12:51:57.739 TRACE [org.hibernate.type.descriptor.sql.BasicBinder@http-nio-8080-exec-9] binding parameter [1] as [INTEGER] - [37] 
2022-04-21 12:51:57.806 DEBUG [acme.framework.controllers.AbstractController@http-nio-8080-exec-9] SERVING GET /acme-toolkits-22.1/inventor/patronage/list-mine 
2022-04-21 12:51:57.806 DEBUG [acme.framework.controllers.AbstractController@http-nio-8080-exec-9] Result: ModelAndView [view="inventor/patronage/list"; model={version[1]=0, endDate[1]=2021-02-21 10:00:00.0, status[4]=PROPOSED, status[0]=ACCEPTED, list$size=5, legalStuff[1]=Example, budget[1]=<<EUR 100.00>>, code[4]=GHI-789, creationMoment[3]=2021-10-10 10:00:00.0, moreInfo[3]=https://moreinfo.com, startDate[4]=2021-11-22 10:00:00.0, code[0]=MNO-222, id[1]=41, startDate[0]=2021-12-20 10:00:00.0, version[2]=0, endDate[2]=2021-03-21 10:00:00.0, status[1]=DENIED, budget[2]=<<EUR 100.00>>, startDate[1]=2021-01-15 10:00:00.0, creationMoment[4]=2021-10-20 10:00:00.0, moreInfo[2]=https://moreinfo.com, legalStuff[2]=Example, creationMoment[0]=2021-11-15 10:00:00.0, id[0]=39, code[3]=ABC-123, id[4]=47, version[3]=0, endDate[3]=2021-12-21 10:00:00.0, budget[4]=<<EUR 100.00>>, status[2]=ACCEPTED, moreInfo[1]=null, budget[3]=<<EUR 100.00>>, startDate[2]=2021-02-15 10:00:00.0, legalStuff[3]=Example, creationMoment[1]=2021-12-10 10:00:00.0, code[2]=POU-173, id[3]=45, version[4]=0, status[3]=ACCEPTED, endDate[0]=2021-01-22 10:00:00.0, endDate[4]=2021-12-26 10:00:00.0, moreInfo[0]=https://moreinfo.com, budget[0]=<<EUR 100.00>>, legalStuff[0]=Example, moreInfo[4]=null, legalStuff[4]=Example, startDate[3]=2021-11-15 10:00:00.0, creationMoment[2]=2022-01-10 10:00:00.0, version[0]=0, code[1]=STU-134, id[2]=43, command=list-mine, principal=acme.framework.entities.Principal@17f4f461}] 
2022-04-21 12:51:57.808 DEBUG [acme.framework.components.tiles.DynamicTilesView@http-nio-8080-exec-9] View name 'inventor/patronage/list', model {version[1]=0, endDate[1]=2021-02-21 10:00:00.0, status[4]=PROPOSED, status[0]=ACCEPTED, list$size=5, legalStuff[1]=Example, budget[1]=<<EUR 100.00>>, code[4]=GHI-789, creationMoment[3]=2021-10-10 10:00:00.0, moreInfo[3]=https://moreinfo.com, startDate[4]=2021-11-22 10:00:00.0, code[0]=MNO-222, id[1]=41, startDate[0]=2021-12-20 10:00:00.0, version[2]=0, endDate[2]=2021-03-21 10:00:00.0, status[1]=DENIED, budget[2]=<<EUR 100.00>>, startDate[1]=2021-01-15 10:00:00.0, creationMoment[4]=2021-10-20 10:00:00.0, moreInfo[2]=https://moreinfo.com, legalStuff[2]=Example, creationMoment[0]=2021-11-15 10:00:00.0, id[0]=39, code[3]=ABC-123, id[4]=47, version[3]=0, endDate[3]=2021-12-21 10:00:00.0, budget[4]=<<EUR 100.00>>, status[2]=ACCEPTED, moreInfo[1]=null, budget[3]=<<EUR 100.00>>, startDate[2]=2021-02-15 10:00:00.0, legalStuff[3]=Example, creationMoment[1]=2021-12-10 10:00:00.0, code[2]=POU-173, id[3]=45, version[4]=0, status[3]=ACCEPTED, endDate[0]=2021-01-22 10:00:00.0, endDate[4]=2021-12-26 10:00:00.0, moreInfo[0]=https://moreinfo.com, budget[0]=<<EUR 100.00>>, legalStuff[0]=Example, moreInfo[4]=null, legalStuff[4]=Example, startDate[3]=2021-11-15 10:00:00.0, creationMoment[2]=2022-01-10 10:00:00.0, version[0]=0, code[1]=STU-134, id[2]=43, command=list-mine, principal=acme.framework.entities.Principal@17f4f461, org.springframework.validation.BindingResult.budget[1]=org.springframework.validation.BeanPropertyBindingResult: 0 errors, org.springframework.validation.BindingResult.budget[2]=org.springframework.validation.BeanPropertyBindingResult: 0 errors, org.springframework.validation.BindingResult.budget[4]=org.springframework.validation.BeanPropertyBindingResult: 0 errors, org.springframework.validation.BindingResult.budget[3]=org.springframework.validation.BeanPropertyBindingResult: 0 errors, org.springframework.validation.BindingResult.budget[0]=org.springframework.validation.BeanPropertyBindingResult: 0 errors, org.springframework.validation.BindingResult.principal=org.springframework.validation.BeanPropertyBindingResult: 0 errors} 
2022-04-21 12:51:57.814 DEBUG [org.apache.jasper.servlet.JspServlet@http-nio-8080-exec-9] JspEngine --> /WEB-INF/views/master/page.jsp 
2022-04-21 12:51:57.815 DEBUG [org.apache.jasper.servlet.JspServlet@http-nio-8080-exec-9] ServletPath: /WEB-INF/views/master/page.jsp 
2022-04-21 12:51:57.816 DEBUG [org.apache.jasper.servlet.JspServlet@http-nio-8080-exec-9] PathInfo: null 
2022-04-21 12:51:57.817 DEBUG [org.apache.jasper.servlet.JspServlet@http-nio-8080-exec-9] RealPath: C:\Users\Rafa\Desktop\Workspace-22.0\Projects\Acme-Toolkits\target\classes\WEB-INF\views\master\page.jsp 
2022-04-21 12:51:57.817 DEBUG [org.apache.jasper.servlet.JspServlet@http-nio-8080-exec-9] RequestURI: /acme-toolkits-22.1/WEB-INF/views/master/page.jsp 
2022-04-21 12:51:57.818 DEBUG [org.apache.jasper.servlet.JspServlet@http-nio-8080-exec-9] QueryString: null 
2022-04-21 12:51:58.163 DEBUG [org.apache.jasper.servlet.JspServlet@http-nio-8080-exec-9] JspEngine --> /WEB-INF/views/inventor/patronage/list.jsp 
2022-04-21 12:51:58.164 DEBUG [org.apache.jasper.servlet.JspServlet@http-nio-8080-exec-9] ServletPath: /WEB-INF/views/master/page.jsp 
2022-04-21 12:51:58.164 DEBUG [org.apache.jasper.servlet.JspServlet@http-nio-8080-exec-9] PathInfo: null 
2022-04-21 12:51:58.166 DEBUG [org.apache.jasper.servlet.JspServlet@http-nio-8080-exec-9] RealPath: C:\Users\Rafa\Desktop\Workspace-22.0\Projects\Acme-Toolkits\target\classes\WEB-INF\views\inventor\patronage\list.jsp 
2022-04-21 12:51:58.166 DEBUG [org.apache.jasper.servlet.JspServlet@http-nio-8080-exec-9] RequestURI: /acme-toolkits-22.1/WEB-INF/views/master/page.jsp 
2022-04-21 12:51:58.166 DEBUG [org.apache.jasper.servlet.JspServlet@http-nio-8080-exec-9] QueryString: null 
