2022-06-02 14:06:26.589 INFO  [acme.Launcher@main] Starting Launcher using Java 1.8.0_281 on DESKTOP-S93RFEF with PID 13348 (C:\Users\alber\universidad\dp2\Workspace-22.0\Workspace-22.0\Frameworks\Acme-Framework-22.7\target\classes started by alber in C:\Users\alber\universidad\dp2\Workspace-22.0\Workspace-22.0\Projects\Acme-Toolkits) 
2022-06-02 14:06:26.590 DEBUG [acme.Launcher@main] Running with Spring Boot v2.4.2, Spring v5.3.3 
2022-06-02 14:06:26.592 INFO  [acme.Launcher@main] The following profiles are active: development,default 
2022-06-02 14:06:29.892 DEBUG [org.apache.jasper.servlet.JasperInitializer@main] Initializing Jasper for context [application] 
2022-06-02 14:06:35.657 DEBUG [org.apache.jasper.servlet.JspServlet@main] Scratch dir for the JSP engine is: [C:\Users\alber\AppData\Local\Temp\tomcat.8080.6612420227371144546\work\Tomcat\localhost\acme-toolkits-22.1] 
2022-06-02 14:06:35.659 DEBUG [org.apache.jasper.servlet.JspServlet@main] IMPORTANT: Do not modify the generated servlets 
2022-06-02 14:06:35.673 INFO  [acme.Launcher@main] Started Launcher in 9.77 seconds (JVM running for 10.422) 
2022-06-02 14:06:35.679 DEBUG [acme.Launcher@main] Found classpath entry '/C:/Users/alber/universidad/dp2/Workspace-22.0/Workspace-22.0/Projects/Acme-Toolkits/target/test-classes/' 
2022-06-02 14:06:35.679 DEBUG [acme.Launcher@main] Found classpath entry '/C:/Users/alber/universidad/dp2/Workspace-22.0/Workspace-22.0/Projects/Acme-Toolkits/target/classes/' 
2022-06-02 14:06:35.679 DEBUG [acme.Launcher@main] Found classpath entry '/C:/Users/alber/universidad/dp2/Workspace-22.0/Workspace-22.0/Projects/Acme-Toolkits/library/spamDetector.jar' 
2022-06-02 14:06:35.680 DEBUG [acme.Launcher@main] Found classpath entry '/C:/Users/alber/universidad/dp2/Workspace-22.0/Workspace-22.0/Frameworks/Acme-Framework-22.7/target/classes/' 
2022-06-02 14:06:35.680 DEBUG [acme.Launcher@main] Found classpath entry '/C:/Users/alber/universidad/dp2/Workspace-22.0/Workspace-22.0/Frameworks/Acme-Framework-22.7/target/test-classes/' 
2022-06-02 14:06:35.680 DEBUG [acme.Launcher@main] Found classpath entry '/C:/Users/alber/.m2/repository/org/springframework/boot/spring-boot-starter-tomcat/2.4.2/spring-boot-starter-tomcat-2.4.2.jar' 
2022-06-02 14:06:35.680 DEBUG [acme.Launcher@main] Found classpath entry '/C:/Users/alber/.m2/repository/jakarta/annotation/jakarta.annotation-api/1.3.5/jakarta.annotation-api-1.3.5.jar' 
2022-06-02 14:06:35.680 DEBUG [acme.Launcher@main] Found classpath entry '/C:/Users/alber/.m2/repository/org/apache/tomcat/embed/tomcat-embed-core/9.0.41/tomcat-embed-core-9.0.41.jar' 
2022-06-02 14:06:35.680 DEBUG [acme.Launcher@main] Found classpath entry '/C:/Users/alber/.m2/repository/org/glassfish/jakarta.el/3.0.3/jakarta.el-3.0.3.jar' 
2022-06-02 14:06:35.680 DEBUG [acme.Launcher@main] Found classpath entry '/C:/Users/alber/.m2/repository/org/apache/tomcat/embed/tomcat-embed-websocket/9.0.41/tomcat-embed-websocket-9.0.41.jar' 
2022-06-02 14:06:35.680 DEBUG [acme.Launcher@main] Found classpath entry '/C:/Users/alber/.m2/repository/org/apache/tomcat/embed/tomcat-embed-jasper/9.0.41/tomcat-embed-jasper-9.0.41.jar' 
2022-06-02 14:06:35.681 DEBUG [acme.Launcher@main] Found classpath entry '/C:/Users/alber/.m2/repository/org/apache/tomcat/embed/tomcat-embed-el/9.0.41/tomcat-embed-el-9.0.41.jar' 
2022-06-02 14:06:35.681 DEBUG [acme.Launcher@main] Found classpath entry '/C:/Users/alber/.m2/repository/org/eclipse/jdt/ecj/3.18.0/ecj-3.18.0.jar' 
2022-06-02 14:06:35.681 DEBUG [acme.Launcher@main] Found classpath entry '/C:/Users/alber/.m2/repository/javax/servlet/jstl/1.2/jstl-1.2.jar' 
2022-06-02 14:06:35.681 DEBUG [acme.Launcher@main] Found classpath entry '/C:/Users/alber/.m2/repository/org/springframework/boot/spring-boot-starter-security/2.4.2/spring-boot-starter-security-2.4.2.jar' 
2022-06-02 14:06:35.681 DEBUG [acme.Launcher@main] Found classpath entry '/C:/Users/alber/.m2/repository/org/springframework/boot/spring-boot-starter/2.4.2/spring-boot-starter-2.4.2.jar' 
2022-06-02 14:06:35.681 DEBUG [acme.Launcher@main] Found classpath entry '/C:/Users/alber/.m2/repository/org/springframework/boot/spring-boot/2.4.2/spring-boot-2.4.2.jar' 
2022-06-02 14:06:35.681 DEBUG [acme.Launcher@main] Found classpath entry '/C:/Users/alber/.m2/repository/org/springframework/boot/spring-boot-autoconfigure/2.4.2/spring-boot-autoconfigure-2.4.2.jar' 
2022-06-02 14:06:35.681 DEBUG [acme.Launcher@main] Found classpath entry '/C:/Users/alber/.m2/repository/org/springframework/boot/spring-boot-starter-logging/2.4.2/spring-boot-starter-logging-2.4.2.jar' 
2022-06-02 14:06:35.682 DEBUG [acme.Launcher@main] Found classpath entry '/C:/Users/alber/.m2/repository/ch/qos/logback/logback-classic/1.2.3/logback-classic-1.2.3.jar' 
2022-06-02 14:06:35.682 DEBUG [acme.Launcher@main] Found classpath entry '/C:/Users/alber/.m2/repository/ch/qos/logback/logback-core/1.2.3/logback-core-1.2.3.jar' 
2022-06-02 14:06:35.682 DEBUG [acme.Launcher@main] Found classpath entry '/C:/Users/alber/.m2/repository/org/apache/logging/log4j/log4j-to-slf4j/2.13.3/log4j-to-slf4j-2.13.3.jar' 
2022-06-02 14:06:35.682 DEBUG [acme.Launcher@main] Found classpath entry '/C:/Users/alber/.m2/repository/org/apache/logging/log4j/log4j-api/2.13.3/log4j-api-2.13.3.jar' 
2022-06-02 14:06:35.682 DEBUG [acme.Launcher@main] Found classpath entry '/C:/Users/alber/.m2/repository/org/slf4j/jul-to-slf4j/1.7.30/jul-to-slf4j-1.7.30.jar' 
2022-06-02 14:06:35.682 DEBUG [acme.Launcher@main] Found classpath entry '/C:/Users/alber/.m2/repository/org/yaml/snakeyaml/1.27/snakeyaml-1.27.jar' 
2022-06-02 14:06:35.682 DEBUG [acme.Launcher@main] Found classpath entry '/C:/Users/alber/.m2/repository/org/springframework/spring-aop/5.3.3/spring-aop-5.3.3.jar' 
2022-06-02 14:06:35.682 DEBUG [acme.Launcher@main] Found classpath entry '/C:/Users/alber/.m2/repository/org/springframework/security/spring-security-web/5.4.2/spring-security-web-5.4.2.jar' 
2022-06-02 14:06:35.683 DEBUG [acme.Launcher@main] Found classpath entry '/C:/Users/alber/.m2/repository/org/springframework/security/spring-security-core/5.4.2/spring-security-core-5.4.2.jar' 
2022-06-02 14:06:35.683 DEBUG [acme.Launcher@main] Found classpath entry '/C:/Users/alber/.m2/repository/org/springframework/spring-beans/5.3.3/spring-beans-5.3.3.jar' 
2022-06-02 14:06:35.683 DEBUG [acme.Launcher@main] Found classpath entry '/C:/Users/alber/.m2/repository/org/springframework/spring-context/5.3.3/spring-context-5.3.3.jar' 
2022-06-02 14:06:35.683 DEBUG [acme.Launcher@main] Found classpath entry '/C:/Users/alber/.m2/repository/org/springframework/spring-core/5.3.3/spring-core-5.3.3.jar' 
2022-06-02 14:06:35.683 DEBUG [acme.Launcher@main] Found classpath entry '/C:/Users/alber/.m2/repository/org/springframework/spring-jcl/5.3.3/spring-jcl-5.3.3.jar' 
2022-06-02 14:06:35.683 DEBUG [acme.Launcher@main] Found classpath entry '/C:/Users/alber/.m2/repository/org/springframework/spring-expression/5.3.3/spring-expression-5.3.3.jar' 
2022-06-02 14:06:35.684 DEBUG [acme.Launcher@main] Found classpath entry '/C:/Users/alber/.m2/repository/org/springframework/spring-web/5.3.3/spring-web-5.3.3.jar' 
2022-06-02 14:06:35.684 DEBUG [acme.Launcher@main] Found classpath entry '/C:/Users/alber/.m2/repository/org/springframework/security/spring-security-config/5.4.2/spring-security-config-5.4.2.jar' 
2022-06-02 14:06:35.684 DEBUG [acme.Launcher@main] Found classpath entry '/C:/Users/alber/.m2/repository/org/springframework/security/spring-security-taglibs/5.4.2/spring-security-taglibs-5.4.2.jar' 
2022-06-02 14:06:35.684 DEBUG [acme.Launcher@main] Found classpath entry '/C:/Users/alber/.m2/repository/org/springframework/security/spring-security-acl/5.4.2/spring-security-acl-5.4.2.jar' 
2022-06-02 14:06:35.685 DEBUG [acme.Launcher@main] Found classpath entry '/C:/Users/alber/.m2/repository/org/springframework/spring-jdbc/5.3.3/spring-jdbc-5.3.3.jar' 
2022-06-02 14:06:35.685 DEBUG [acme.Launcher@main] Found classpath entry '/C:/Users/alber/.m2/repository/org/springframework/spring-tx/5.3.3/spring-tx-5.3.3.jar' 
2022-06-02 14:06:35.685 DEBUG [acme.Launcher@main] Found classpath entry '/C:/Users/alber/.m2/repository/org/springframework/boot/spring-boot-starter-web/2.4.2/spring-boot-starter-web-2.4.2.jar' 
2022-06-02 14:06:35.685 DEBUG [acme.Launcher@main] Found classpath entry '/C:/Users/alber/.m2/repository/org/springframework/boot/spring-boot-starter-json/2.4.2/spring-boot-starter-json-2.4.2.jar' 
2022-06-02 14:06:35.685 DEBUG [acme.Launcher@main] Found classpath entry '/C:/Users/alber/.m2/repository/com/fasterxml/jackson/core/jackson-databind/2.11.4/jackson-databind-2.11.4.jar' 
2022-06-02 14:06:35.686 DEBUG [acme.Launcher@main] Found classpath entry '/C:/Users/alber/.m2/repository/com/fasterxml/jackson/core/jackson-annotations/2.11.4/jackson-annotations-2.11.4.jar' 
2022-06-02 14:06:35.686 DEBUG [acme.Launcher@main] Found classpath entry '/C:/Users/alber/.m2/repository/com/fasterxml/jackson/core/jackson-core/2.11.4/jackson-core-2.11.4.jar' 
2022-06-02 14:06:35.686 DEBUG [acme.Launcher@main] Found classpath entry '/C:/Users/alber/.m2/repository/com/fasterxml/jackson/datatype/jackson-datatype-jdk8/2.11.4/jackson-datatype-jdk8-2.11.4.jar' 
2022-06-02 14:06:35.686 DEBUG [acme.Launcher@main] Found classpath entry '/C:/Users/alber/.m2/repository/com/fasterxml/jackson/datatype/jackson-datatype-jsr310/2.11.4/jackson-datatype-jsr310-2.11.4.jar' 
2022-06-02 14:06:35.687 DEBUG [acme.Launcher@main] Found classpath entry '/C:/Users/alber/.m2/repository/com/fasterxml/jackson/module/jackson-module-parameter-names/2.11.4/jackson-module-parameter-names-2.11.4.jar' 
2022-06-02 14:06:35.687 DEBUG [acme.Launcher@main] Found classpath entry '/C:/Users/alber/.m2/repository/org/springframework/spring-webmvc/5.3.3/spring-webmvc-5.3.3.jar' 
2022-06-02 14:06:35.687 DEBUG [acme.Launcher@main] Found classpath entry '/C:/Users/alber/.m2/repository/org/apache/tiles/tiles-jsp/3.0.8/tiles-jsp-3.0.8.jar' 
2022-06-02 14:06:35.687 DEBUG [acme.Launcher@main] Found classpath entry '/C:/Users/alber/.m2/repository/org/apache/tiles/tiles-servlet/3.0.8/tiles-servlet-3.0.8.jar' 
2022-06-02 14:06:35.687 DEBUG [acme.Launcher@main] Found classpath entry '/C:/Users/alber/.m2/repository/org/apache/tiles/tiles-core/3.0.8/tiles-core-3.0.8.jar' 
2022-06-02 14:06:35.687 DEBUG [acme.Launcher@main] Found classpath entry '/C:/Users/alber/.m2/repository/commons-digester/commons-digester/2.0/commons-digester-2.0.jar' 
2022-06-02 14:06:35.687 DEBUG [acme.Launcher@main] Found classpath entry '/C:/Users/alber/.m2/repository/org/slf4j/jcl-over-slf4j/1.7.30/jcl-over-slf4j-1.7.30.jar' 
2022-06-02 14:06:35.687 DEBUG [acme.Launcher@main] Found classpath entry '/C:/Users/alber/.m2/repository/org/apache/tiles/tiles-request-servlet/1.0.7/tiles-request-servlet-1.0.7.jar' 
2022-06-02 14:06:35.688 DEBUG [acme.Launcher@main] Found classpath entry '/C:/Users/alber/.m2/repository/org/apache/tiles/tiles-template/3.0.8/tiles-template-3.0.8.jar' 
2022-06-02 14:06:35.688 DEBUG [acme.Launcher@main] Found classpath entry '/C:/Users/alber/.m2/repository/org/apache/tiles/tiles-api/3.0.8/tiles-api-3.0.8.jar' 
2022-06-02 14:06:35.688 DEBUG [acme.Launcher@main] Found classpath entry '/C:/Users/alber/.m2/repository/org/apache/tiles/tiles-autotag-core-runtime/1.2/tiles-autotag-core-runtime-1.2.jar' 
2022-06-02 14:06:35.688 DEBUG [acme.Launcher@main] Found classpath entry '/C:/Users/alber/.m2/repository/org/slf4j/slf4j-api/1.7.30/slf4j-api-1.7.30.jar' 
2022-06-02 14:06:35.688 DEBUG [acme.Launcher@main] Found classpath entry '/C:/Users/alber/.m2/repository/org/apache/tiles/tiles-request-jsp/1.0.7/tiles-request-jsp-1.0.7.jar' 
2022-06-02 14:06:35.688 DEBUG [acme.Launcher@main] Found classpath entry '/C:/Users/alber/.m2/repository/org/apache/tiles/tiles-request-api/1.0.7/tiles-request-api-1.0.7.jar' 
2022-06-02 14:06:35.688 DEBUG [acme.Launcher@main] Found classpath entry '/C:/Users/alber/.m2/repository/org/springframework/boot/spring-boot-starter-data-jpa/2.4.2/spring-boot-starter-data-jpa-2.4.2.jar' 
2022-06-02 14:06:35.688 DEBUG [acme.Launcher@main] Found classpath entry '/C:/Users/alber/.m2/repository/org/springframework/boot/spring-boot-starter-aop/2.4.2/spring-boot-starter-aop-2.4.2.jar' 
2022-06-02 14:06:35.689 DEBUG [acme.Launcher@main] Found classpath entry '/C:/Users/alber/.m2/repository/org/aspectj/aspectjweaver/1.9.6/aspectjweaver-1.9.6.jar' 
2022-06-02 14:06:35.689 DEBUG [acme.Launcher@main] Found classpath entry '/C:/Users/alber/.m2/repository/org/springframework/boot/spring-boot-starter-jdbc/2.4.2/spring-boot-starter-jdbc-2.4.2.jar' 
2022-06-02 14:06:35.689 DEBUG [acme.Launcher@main] Found classpath entry '/C:/Users/alber/.m2/repository/jakarta/transaction/jakarta.transaction-api/1.3.3/jakarta.transaction-api-1.3.3.jar' 
2022-06-02 14:06:35.689 DEBUG [acme.Launcher@main] Found classpath entry '/C:/Users/alber/.m2/repository/jakarta/persistence/jakarta.persistence-api/2.2.3/jakarta.persistence-api-2.2.3.jar' 
2022-06-02 14:06:35.689 DEBUG [acme.Launcher@main] Found classpath entry '/C:/Users/alber/.m2/repository/org/hibernate/hibernate-core/5.4.27.Final/hibernate-core-5.4.27.Final.jar' 
2022-06-02 14:06:35.689 DEBUG [acme.Launcher@main] Found classpath entry '/C:/Users/alber/.m2/repository/org/jboss/logging/jboss-logging/3.4.1.Final/jboss-logging-3.4.1.Final.jar' 
2022-06-02 14:06:35.689 DEBUG [acme.Launcher@main] Found classpath entry '/C:/Users/alber/.m2/repository/org/javassist/javassist/3.27.0-GA/javassist-3.27.0-GA.jar' 
2022-06-02 14:06:35.689 DEBUG [acme.Launcher@main] Found classpath entry '/C:/Users/alber/.m2/repository/antlr/antlr/2.7.7/antlr-2.7.7.jar' 
2022-06-02 14:06:35.690 DEBUG [acme.Launcher@main] Found classpath entry '/C:/Users/alber/.m2/repository/org/jboss/jandex/2.1.3.Final/jandex-2.1.3.Final.jar' 
2022-06-02 14:06:35.690 DEBUG [acme.Launcher@main] Found classpath entry '/C:/Users/alber/.m2/repository/com/fasterxml/classmate/1.5.1/classmate-1.5.1.jar' 
2022-06-02 14:06:35.690 DEBUG [acme.Launcher@main] Found classpath entry '/C:/Users/alber/.m2/repository/org/dom4j/dom4j/2.1.3/dom4j-2.1.3.jar' 
2022-06-02 14:06:35.690 DEBUG [acme.Launcher@main] Found classpath entry '/C:/Users/alber/.m2/repository/org/hibernate/common/hibernate-commons-annotations/5.1.2.Final/hibernate-commons-annotations-5.1.2.Final.jar' 
2022-06-02 14:06:35.690 DEBUG [acme.Launcher@main] Found classpath entry '/C:/Users/alber/.m2/repository/org/glassfish/jaxb/jaxb-runtime/2.3.3/jaxb-runtime-2.3.3.jar' 
2022-06-02 14:06:35.690 DEBUG [acme.Launcher@main] Found classpath entry '/C:/Users/alber/.m2/repository/org/glassfish/jaxb/txw2/2.3.3/txw2-2.3.3.jar' 
2022-06-02 14:06:35.690 DEBUG [acme.Launcher@main] Found classpath entry '/C:/Users/alber/.m2/repository/com/sun/istack/istack-commons-runtime/3.0.11/istack-commons-runtime-3.0.11.jar' 
2022-06-02 14:06:35.690 DEBUG [acme.Launcher@main] Found classpath entry '/C:/Users/alber/.m2/repository/com/sun/activation/jakarta.activation/1.2.2/jakarta.activation-1.2.2.jar' 
2022-06-02 14:06:35.690 DEBUG [acme.Launcher@main] Found classpath entry '/C:/Users/alber/.m2/repository/org/springframework/data/spring-data-jpa/2.4.3/spring-data-jpa-2.4.3.jar' 
2022-06-02 14:06:35.691 DEBUG [acme.Launcher@main] Found classpath entry '/C:/Users/alber/.m2/repository/org/springframework/data/spring-data-commons/2.4.3/spring-data-commons-2.4.3.jar' 
2022-06-02 14:06:35.691 DEBUG [acme.Launcher@main] Found classpath entry '/C:/Users/alber/.m2/repository/org/springframework/spring-orm/5.3.3/spring-orm-5.3.3.jar' 
2022-06-02 14:06:35.691 DEBUG [acme.Launcher@main] Found classpath entry '/C:/Users/alber/.m2/repository/org/springframework/spring-aspects/5.3.3/spring-aspects-5.3.3.jar' 
2022-06-02 14:06:35.691 DEBUG [acme.Launcher@main] Found classpath entry '/C:/Users/alber/.m2/repository/org/springframework/boot/spring-boot-starter-validation/2.4.2/spring-boot-starter-validation-2.4.2.jar' 
2022-06-02 14:06:35.691 DEBUG [acme.Launcher@main] Found classpath entry '/C:/Users/alber/.m2/repository/org/hibernate/validator/hibernate-validator/6.1.7.Final/hibernate-validator-6.1.7.Final.jar' 
2022-06-02 14:06:35.691 DEBUG [acme.Launcher@main] Found classpath entry '/C:/Users/alber/.m2/repository/jakarta/validation/jakarta.validation-api/2.0.2/jakarta.validation-api-2.0.2.jar' 
2022-06-02 14:06:35.691 DEBUG [acme.Launcher@main] Found classpath entry '/C:/Users/alber/.m2/repository/mysql/mysql-connector-java/8.0.22/mysql-connector-java-8.0.22.jar' 
2022-06-02 14:06:35.692 DEBUG [acme.Launcher@main] Found classpath entry '/C:/Users/alber/.m2/repository/com/zaxxer/HikariCP/3.4.5/HikariCP-3.4.5.jar' 
2022-06-02 14:06:35.692 DEBUG [acme.Launcher@main] Found classpath entry '/C:/Users/alber/.m2/repository/org/springframework/boot/spring-boot-starter-test/2.4.2/spring-boot-starter-test-2.4.2.jar' 
2022-06-02 14:06:35.692 DEBUG [acme.Launcher@main] Found classpath entry '/C:/Users/alber/.m2/repository/org/springframework/boot/spring-boot-test/2.4.2/spring-boot-test-2.4.2.jar' 
2022-06-02 14:06:35.692 DEBUG [acme.Launcher@main] Found classpath entry '/C:/Users/alber/.m2/repository/org/springframework/boot/spring-boot-test-autoconfigure/2.4.2/spring-boot-test-autoconfigure-2.4.2.jar' 
2022-06-02 14:06:35.692 DEBUG [acme.Launcher@main] Found classpath entry '/C:/Users/alber/.m2/repository/com/jayway/jsonpath/json-path/2.4.0/json-path-2.4.0.jar' 
2022-06-02 14:06:35.692 DEBUG [acme.Launcher@main] Found classpath entry '/C:/Users/alber/.m2/repository/net/minidev/json-smart/2.3/json-smart-2.3.jar' 
2022-06-02 14:06:35.693 DEBUG [acme.Launcher@main] Found classpath entry '/C:/Users/alber/.m2/repository/net/minidev/accessors-smart/1.2/accessors-smart-1.2.jar' 
2022-06-02 14:06:35.693 DEBUG [acme.Launcher@main] Found classpath entry '/C:/Users/alber/.m2/repository/org/ow2/asm/asm/5.0.4/asm-5.0.4.jar' 
2022-06-02 14:06:35.693 DEBUG [acme.Launcher@main] Found classpath entry '/C:/Users/alber/.m2/repository/jakarta/xml/bind/jakarta.xml.bind-api/2.3.3/jakarta.xml.bind-api-2.3.3.jar' 
2022-06-02 14:06:35.693 DEBUG [acme.Launcher@main] Found classpath entry '/C:/Users/alber/.m2/repository/jakarta/activation/jakarta.activation-api/1.2.2/jakarta.activation-api-1.2.2.jar' 
2022-06-02 14:06:35.694 DEBUG [acme.Launcher@main] Found classpath entry '/C:/Users/alber/.m2/repository/org/assertj/assertj-core/3.18.1/assertj-core-3.18.1.jar' 
2022-06-02 14:06:35.694 DEBUG [acme.Launcher@main] Found classpath entry '/C:/Users/alber/.m2/repository/org/hamcrest/hamcrest/2.2/hamcrest-2.2.jar' 
2022-06-02 14:06:35.694 DEBUG [acme.Launcher@main] Found classpath entry '/C:/Users/alber/.m2/repository/org/junit/jupiter/junit-jupiter/5.7.0/junit-jupiter-5.7.0.jar' 
2022-06-02 14:06:35.694 DEBUG [acme.Launcher@main] Found classpath entry '/C:/Users/alber/.m2/repository/org/mockito/mockito-core/3.6.28/mockito-core-3.6.28.jar' 
2022-06-02 14:06:35.694 DEBUG [acme.Launcher@main] Found classpath entry '/C:/Users/alber/.m2/repository/net/bytebuddy/byte-buddy-agent/1.10.19/byte-buddy-agent-1.10.19.jar' 
2022-06-02 14:06:35.694 DEBUG [acme.Launcher@main] Found classpath entry '/C:/Users/alber/.m2/repository/org/objenesis/objenesis/3.1/objenesis-3.1.jar' 
2022-06-02 14:06:35.694 DEBUG [acme.Launcher@main] Found classpath entry '/C:/Users/alber/.m2/repository/org/mockito/mockito-junit-jupiter/3.6.28/mockito-junit-jupiter-3.6.28.jar' 
2022-06-02 14:06:35.694 DEBUG [acme.Launcher@main] Found classpath entry '/C:/Users/alber/.m2/repository/org/skyscreamer/jsonassert/1.5.0/jsonassert-1.5.0.jar' 
2022-06-02 14:06:35.694 DEBUG [acme.Launcher@main] Found classpath entry '/C:/Users/alber/.m2/repository/com/vaadin/external/google/android-json/0.0.20131108.vaadin1/android-json-0.0.20131108.vaadin1.jar' 
2022-06-02 14:06:35.695 DEBUG [acme.Launcher@main] Found classpath entry '/C:/Users/alber/.m2/repository/org/springframework/spring-test/5.3.3/spring-test-5.3.3.jar' 
2022-06-02 14:06:35.695 DEBUG [acme.Launcher@main] Found classpath entry '/C:/Users/alber/.m2/repository/org/xmlunit/xmlunit-core/2.7.0/xmlunit-core-2.7.0.jar' 
2022-06-02 14:06:35.695 DEBUG [acme.Launcher@main] Found classpath entry '/C:/Users/alber/.m2/repository/org/junit/jupiter/junit-jupiter-engine/5.7.0/junit-jupiter-engine-5.7.0.jar' 
2022-06-02 14:06:35.695 DEBUG [acme.Launcher@main] Found classpath entry '/C:/Users/alber/.m2/repository/org/apiguardian/apiguardian-api/1.1.0/apiguardian-api-1.1.0.jar' 
2022-06-02 14:06:35.695 DEBUG [acme.Launcher@main] Found classpath entry '/C:/Users/alber/.m2/repository/org/junit/platform/junit-platform-engine/1.7.0/junit-platform-engine-1.7.0.jar' 
2022-06-02 14:06:35.695 DEBUG [acme.Launcher@main] Found classpath entry '/C:/Users/alber/.m2/repository/org/junit/jupiter/junit-jupiter-api/5.7.0/junit-jupiter-api-5.7.0.jar' 
2022-06-02 14:06:35.695 DEBUG [acme.Launcher@main] Found classpath entry '/C:/Users/alber/.m2/repository/org/opentest4j/opentest4j/1.2.0/opentest4j-1.2.0.jar' 
2022-06-02 14:06:35.695 DEBUG [acme.Launcher@main] Found classpath entry '/C:/Users/alber/.m2/repository/org/junit/platform/junit-platform-commons/1.7.0/junit-platform-commons-1.7.0.jar' 
2022-06-02 14:06:35.696 DEBUG [acme.Launcher@main] Found classpath entry '/C:/Users/alber/.m2/repository/org/junit/jupiter/junit-jupiter-params/5.7.0/junit-jupiter-params-5.7.0.jar' 
2022-06-02 14:06:35.696 DEBUG [acme.Launcher@main] Found classpath entry '/C:/Users/alber/.m2/repository/org/junit/platform/junit-platform-launcher/1.7.0/junit-platform-launcher-1.7.0.jar' 
2022-06-02 14:06:35.696 DEBUG [acme.Launcher@main] Found classpath entry '/C:/Users/alber/.m2/repository/org/seleniumhq/selenium/selenium-java/3.141.59/selenium-java-3.141.59.jar' 
2022-06-02 14:06:35.696 DEBUG [acme.Launcher@main] Found classpath entry '/C:/Users/alber/.m2/repository/org/seleniumhq/selenium/selenium-api/3.141.59/selenium-api-3.141.59.jar' 
2022-06-02 14:06:35.696 DEBUG [acme.Launcher@main] Found classpath entry '/C:/Users/alber/.m2/repository/org/seleniumhq/selenium/selenium-chrome-driver/3.141.59/selenium-chrome-driver-3.141.59.jar' 
2022-06-02 14:06:35.696 DEBUG [acme.Launcher@main] Found classpath entry '/C:/Users/alber/.m2/repository/org/seleniumhq/selenium/selenium-edge-driver/3.141.59/selenium-edge-driver-3.141.59.jar' 
2022-06-02 14:06:35.696 DEBUG [acme.Launcher@main] Found classpath entry '/C:/Users/alber/.m2/repository/org/seleniumhq/selenium/selenium-firefox-driver/3.141.59/selenium-firefox-driver-3.141.59.jar' 
2022-06-02 14:06:35.696 DEBUG [acme.Launcher@main] Found classpath entry '/C:/Users/alber/.m2/repository/org/seleniumhq/selenium/selenium-ie-driver/3.141.59/selenium-ie-driver-3.141.59.jar' 
2022-06-02 14:06:35.697 DEBUG [acme.Launcher@main] Found classpath entry '/C:/Users/alber/.m2/repository/org/seleniumhq/selenium/selenium-opera-driver/3.141.59/selenium-opera-driver-3.141.59.jar' 
2022-06-02 14:06:35.697 DEBUG [acme.Launcher@main] Found classpath entry '/C:/Users/alber/.m2/repository/org/seleniumhq/selenium/selenium-remote-driver/3.141.59/selenium-remote-driver-3.141.59.jar' 
2022-06-02 14:06:35.697 DEBUG [acme.Launcher@main] Found classpath entry '/C:/Users/alber/.m2/repository/org/seleniumhq/selenium/selenium-safari-driver/3.141.59/selenium-safari-driver-3.141.59.jar' 
2022-06-02 14:06:35.697 DEBUG [acme.Launcher@main] Found classpath entry '/C:/Users/alber/.m2/repository/org/seleniumhq/selenium/selenium-support/3.141.59/selenium-support-3.141.59.jar' 
2022-06-02 14:06:35.697 DEBUG [acme.Launcher@main] Found classpath entry '/C:/Users/alber/.m2/repository/net/bytebuddy/byte-buddy/1.10.19/byte-buddy-1.10.19.jar' 
2022-06-02 14:06:35.697 DEBUG [acme.Launcher@main] Found classpath entry '/C:/Users/alber/.m2/repository/org/apache/commons/commons-exec/1.3/commons-exec-1.3.jar' 
2022-06-02 14:06:35.697 DEBUG [acme.Launcher@main] Found classpath entry '/C:/Users/alber/.m2/repository/com/google/guava/guava/25.0-jre/guava-25.0-jre.jar' 
2022-06-02 14:06:35.697 DEBUG [acme.Launcher@main] Found classpath entry '/C:/Users/alber/.m2/repository/com/google/code/findbugs/jsr305/1.3.9/jsr305-1.3.9.jar' 
2022-06-02 14:06:35.698 DEBUG [acme.Launcher@main] Found classpath entry '/C:/Users/alber/.m2/repository/org/checkerframework/checker-compat-qual/2.0.0/checker-compat-qual-2.0.0.jar' 
2022-06-02 14:06:35.698 DEBUG [acme.Launcher@main] Found classpath entry '/C:/Users/alber/.m2/repository/com/google/errorprone/error_prone_annotations/2.1.3/error_prone_annotations-2.1.3.jar' 
2022-06-02 14:06:35.698 DEBUG [acme.Launcher@main] Found classpath entry '/C:/Users/alber/.m2/repository/com/google/j2objc/j2objc-annotations/1.1/j2objc-annotations-1.1.jar' 
2022-06-02 14:06:35.698 DEBUG [acme.Launcher@main] Found classpath entry '/C:/Users/alber/.m2/repository/org/codehaus/mojo/animal-sniffer-annotations/1.14/animal-sniffer-annotations-1.14.jar' 
2022-06-02 14:06:35.698 DEBUG [acme.Launcher@main] Found classpath entry '/C:/Users/alber/.m2/repository/com/squareup/okhttp3/okhttp/3.14.9/okhttp-3.14.9.jar' 
2022-06-02 14:06:35.698 DEBUG [acme.Launcher@main] Found classpath entry '/C:/Users/alber/.m2/repository/com/squareup/okio/okio/1.14.0/okio-1.14.0.jar' 
2022-06-02 14:06:35.698 DEBUG [acme.Launcher@main] Found classpath entry '/C:/Users/alber/.m2/repository/org/apache/commons/commons-lang3/3.11/commons-lang3-3.11.jar' 
2022-06-02 14:06:35.698 DEBUG [acme.Launcher@main] Found classpath entry '/C:/Users/alber/.m2/repository/org/apache/commons/commons-text/1.8/commons-text-1.8.jar' 
2022-06-02 14:06:35.698 DEBUG [acme.Launcher@main] Found classpath entry '/C:/Users/alber/.m2/repository/commons-io/commons-io/2.6/commons-io-2.6.jar' 
2022-06-02 14:06:35.699 DEBUG [acme.Launcher@main] Found classpath entry '/C:/Users/alber/.m2/repository/commons-cli/commons-cli/1.4/commons-cli-1.4.jar' 
2022-06-02 14:06:35.699 DEBUG [acme.Launcher@main] Found classpath entry '/C:/Users/alber/.m2/repository/org/projectlombok/lombok/1.18.16/lombok-1.18.16.jar' 
2022-06-02 14:06:35.699 DEBUG [acme.Launcher@main] Found classpath entry '/C:/Users/alber/.m2/repository/com/opencsv/opencsv/5.4/opencsv-5.4.jar' 
2022-06-02 14:06:35.699 DEBUG [acme.Launcher@main] Found classpath entry '/C:/Users/alber/.m2/repository/commons-beanutils/commons-beanutils/1.9.4/commons-beanutils-1.9.4.jar' 
2022-06-02 14:06:35.699 DEBUG [acme.Launcher@main] Found classpath entry '/C:/Users/alber/.m2/repository/commons-logging/commons-logging/1.2/commons-logging-1.2.jar' 
2022-06-02 14:06:35.699 DEBUG [acme.Launcher@main] Found classpath entry '/C:/Users/alber/.m2/repository/commons-collections/commons-collections/3.2.2/commons-collections-3.2.2.jar' 
2022-06-02 14:06:35.699 DEBUG [acme.Launcher@main] Found classpath entry '/C:/Users/alber/.m2/repository/org/apache/commons/commons-collections4/4.4/commons-collections4-4.4.jar' 
2022-06-02 14:06:35.943 DEBUG [acme.Launcher@main] Found entity class 'acme.entities.announcement.Announcement 
2022-06-02 14:06:35.943 DEBUG [acme.Launcher@main] Found entity class 'acme.entities.chimpum.Chimpum 
2022-06-02 14:06:35.943 DEBUG [acme.Launcher@main] Found entity class 'acme.entities.chirp.Chirp 
2022-06-02 14:06:35.943 DEBUG [acme.Launcher@main] Found entity class 'acme.entities.item.Item 
2022-06-02 14:06:35.944 DEBUG [acme.Launcher@main] Found entity class 'acme.entities.moneyExchange.MoneyExchange 
2022-06-02 14:06:35.944 DEBUG [acme.Launcher@main] Found entity class 'acme.entities.patronage.Patronage 
2022-06-02 14:06:35.944 DEBUG [acme.Launcher@main] Found entity class 'acme.entities.patronageReport.PatronageReport 
2022-06-02 14:06:35.944 DEBUG [acme.Launcher@main] Found entity class 'acme.entities.quantity.Quantity 
2022-06-02 14:06:35.944 DEBUG [acme.Launcher@main] Found entity class 'acme.entities.systemConfiguration.SystemConfiguration 
2022-06-02 14:06:35.944 DEBUG [acme.Launcher@main] Found entity class 'acme.entities.toolkit.Toolkit 
2022-06-02 14:06:35.944 DEBUG [acme.Launcher@main] Found entity class 'acme.roles.Consumer 
2022-06-02 14:06:35.944 DEBUG [acme.Launcher@main] Found entity class 'acme.roles.Inventor 
2022-06-02 14:06:35.944 DEBUG [acme.Launcher@main] Found entity class 'acme.roles.Patron 
2022-06-02 14:06:35.944 DEBUG [acme.Launcher@main] Found entity class 'acme.roles.Provider 
2022-06-02 14:06:35.944 DEBUG [acme.Launcher@main] Found entity class 'acme.framework.entities.UserAccount 
2022-06-02 14:06:35.944 DEBUG [acme.Launcher@main] Found entity class 'acme.framework.roles.Administrator 
2022-06-02 14:06:35.945 DEBUG [acme.Launcher@main] Found entity class 'acme.framework.roles.Anonymous 
2022-06-02 14:06:35.945 DEBUG [acme.Launcher@main] Found entity class 'acme.framework.roles.Any 
2022-06-02 14:06:35.945 DEBUG [acme.Launcher@main] Found entity class 'acme.framework.roles.Authenticated 
2022-06-02 14:06:35.948 INFO  [acme.Launcher@main] Running application (Standalone) 
2022-06-02 14:07:03.415 DEBUG [org.hibernate.SQL@http-nio-8080-exec-1] select useraccoun0_.id as id1_0_, useraccoun0_.version as version2_0_, useraccoun0_.enabled as enabled1_19_, useraccoun0_.identity as identity2_19_, useraccoun0_.password as password3_19_, useraccoun0_.username as username4_19_ from user_account useraccoun0_ where useraccoun0_.username=? 
2022-06-02 14:07:03.438 TRACE [org.hibernate.type.descriptor.sql.BasicBinder@http-nio-8080-exec-1] binding parameter [1] as [VARCHAR] - [administrator] 
2022-06-02 14:07:03.541 DEBUG [org.hibernate.SQL@http-nio-8080-exec-1] select roles0_.user_account_id as user_acc1_20_0_, roles0_.id as id1_20_0_, roles0_.id as id1_0_1_, roles0_.version as version2_0_1_, roles0_.user_account_id as user_acc1_20_1_, roles0_.company as company1_8_1_, roles0_.sector as sector2_8_1_, roles0_.company as company1_9_1_, roles0_.info as info2_9_1_, roles0_.statement as statemen3_9_1_, roles0_.company as company1_12_1_, roles0_.info as info2_12_1_, roles0_.statement as statemen3_12_1_, roles0_.company as company1_15_1_, roles0_.sector as sector2_15_1_, roles0_.clazz_ as clazz_1_ from ( select id, version, user_account_id, company, sector, null as info, null as statement, 12 as clazz_ from consumer union all select id, version, user_account_id, company, null as sector, info, statement, 13 as clazz_ from inventor union all select id, version, user_account_id, company, null as sector, info, statement, 14 as clazz_ from patron union all select id, version, user_account_id, company, sector, null as info, null as statement, 15 as clazz_ from provider union all select id, version, user_account_id, null as company, null as sector, null as info, null as statement, 17 as clazz_ from administrator union all select id, version, user_account_id, null as company, null as sector, null as info, null as statement, 18 as clazz_ from anonymous union all select id, version, user_account_id, null as company, null as sector, null as info, null as statement, 19 as clazz_ from any union all select id, version, user_account_id, null as company, null as sector, null as info, null as statement, 20 as clazz_ from authenticated ) roles0_ where roles0_.user_account_id=? 
2022-06-02 14:07:03.542 TRACE [org.hibernate.type.descriptor.sql.BasicBinder@http-nio-8080-exec-1] binding parameter [1] as [INTEGER] - [6] 
2022-06-02 14:07:03.658 DEBUG [acme.framework.components.tiles.DynamicTilesView@http-nio-8080-exec-2] View name 'fragments/welcome', model {} 
2022-06-02 14:07:03.683 DEBUG [org.apache.tiles.definition.dao.BaseLocaleUrlDefinitionDAO@http-nio-8080-exec-2] File Resource file:/C:/Users/alber/universidad/dp2/Workspace-22.0/Workspace-22.0/Projects/Acme-Toolkits/target/classes/WEB-INF/views/master/tiles_en.xml at file:/C:/Users/alber/universidad/dp2/Workspace-22.0/Workspace-22.0/Projects/Acme-Toolkits/target/classes/WEB-INF/views/master/tiles_en.xml not found, continue 
2022-06-02 14:07:03.707 DEBUG [org.apache.jasper.servlet.JspServlet@http-nio-8080-exec-2] JspEngine --> /WEB-INF/views/master/page.jsp 
2022-06-02 14:07:03.707 DEBUG [org.apache.jasper.servlet.JspServlet@http-nio-8080-exec-2] ServletPath: /WEB-INF/views/master/page.jsp 
2022-06-02 14:07:03.708 DEBUG [org.apache.jasper.servlet.JspServlet@http-nio-8080-exec-2] PathInfo: null 
2022-06-02 14:07:03.711 DEBUG [org.apache.jasper.servlet.JspServlet@http-nio-8080-exec-2] RealPath: C:\Users\alber\universidad\dp2\Workspace-22.0\Workspace-22.0\Projects\Acme-Toolkits\target\classes\WEB-INF\views\master\page.jsp 
2022-06-02 14:07:03.711 DEBUG [org.apache.jasper.servlet.JspServlet@http-nio-8080-exec-2] RequestURI: /acme-toolkits-22.1/WEB-INF/views/master/page.jsp 
2022-06-02 14:07:03.712 DEBUG [org.apache.jasper.servlet.JspServlet@http-nio-8080-exec-2] QueryString: null 
2022-06-02 14:07:07.151 DEBUG [acme.framework.components.tiles.DynamicTilesView@http-nio-8080-exec-4] View name 'fragments/welcome', model {} 
2022-06-02 14:07:07.152 DEBUG [org.apache.jasper.servlet.JspServlet@http-nio-8080-exec-4] JspEngine --> /WEB-INF/views/master/page.jsp 
2022-06-02 14:07:07.152 DEBUG [org.apache.jasper.servlet.JspServlet@http-nio-8080-exec-4] ServletPath: /WEB-INF/views/master/page.jsp 
2022-06-02 14:07:07.153 DEBUG [org.apache.jasper.servlet.JspServlet@http-nio-8080-exec-4] PathInfo: null 
2022-06-02 14:07:07.155 DEBUG [org.apache.jasper.servlet.JspServlet@http-nio-8080-exec-4] RealPath: C:\Users\alber\universidad\dp2\Workspace-22.0\Workspace-22.0\Projects\Acme-Toolkits\target\classes\WEB-INF\views\master\page.jsp 
2022-06-02 14:07:07.155 DEBUG [org.apache.jasper.servlet.JspServlet@http-nio-8080-exec-4] RequestURI: /acme-toolkits-22.1/WEB-INF/views/master/page.jsp 
2022-06-02 14:07:07.155 DEBUG [org.apache.jasper.servlet.JspServlet@http-nio-8080-exec-4] QueryString: null 
2022-06-02 14:07:08.910 DEBUG [acme.framework.configuration.ExtendedMessageSource@http-nio-8080-exec-2] Loading properties [C:\Users\alber\universidad\dp2\Workspace-22.0\Workspace-22.0\Projects\Acme-Toolkits\target\classes\WEB-INF\views\administrator\administrator-dashboard\messages-en.i18n] with encoding 'utf-8' 
2022-06-02 14:07:08.912 DEBUG [acme.framework.configuration.ExtendedMessageSource@http-nio-8080-exec-2] Loading properties [C:\Users\alber\universidad\dp2\Workspace-22.0\Workspace-22.0\Projects\Acme-Toolkits\target\classes\WEB-INF\views\administrator\announcement\messages-en.i18n] with encoding 'utf-8' 
2022-06-02 14:07:08.914 DEBUG [acme.framework.configuration.ExtendedMessageSource@http-nio-8080-exec-2] Loading properties [C:\Users\alber\universidad\dp2\Workspace-22.0\Workspace-22.0\Projects\Acme-Toolkits\target\classes\WEB-INF\views\administrator\system-configuration\messages-en.i18n] with encoding 'utf-8' 
2022-06-02 14:07:08.915 DEBUG [acme.framework.configuration.ExtendedMessageSource@http-nio-8080-exec-2] Loading properties [C:\Users\alber\universidad\dp2\Workspace-22.0\Workspace-22.0\Projects\Acme-Toolkits\target\classes\WEB-INF\views\administrator\user-account\messages-en.i18n] with encoding 'utf-8' 
2022-06-02 14:07:08.916 DEBUG [acme.framework.configuration.ExtendedMessageSource@http-nio-8080-exec-2] Loading properties [C:\Users\alber\universidad\dp2\Workspace-22.0\Workspace-22.0\Projects\Acme-Toolkits\target\classes\WEB-INF\views\anonymous\user-account\messages-en.i18n] with encoding 'utf-8' 
2022-06-02 14:07:08.917 DEBUG [acme.framework.configuration.ExtendedMessageSource@http-nio-8080-exec-2] Loading properties [C:\Users\alber\universidad\dp2\Workspace-22.0\Workspace-22.0\Projects\Acme-Toolkits\target\classes\WEB-INF\views\any\chirp\messages-en.i18n] with encoding 'utf-8' 
2022-06-02 14:07:08.919 DEBUG [acme.framework.configuration.ExtendedMessageSource@http-nio-8080-exec-2] Loading properties [C:\Users\alber\universidad\dp2\Workspace-22.0\Workspace-22.0\Projects\Acme-Toolkits\target\classes\WEB-INF\views\any\item\messages-en.i18n] with encoding 'utf-8' 
2022-06-02 14:07:08.920 DEBUG [acme.framework.configuration.ExtendedMessageSource@http-nio-8080-exec-2] Loading properties [C:\Users\alber\universidad\dp2\Workspace-22.0\Workspace-22.0\Projects\Acme-Toolkits\target\classes\WEB-INF\views\any\toolkit\messages-en.i18n] with encoding 'utf-8' 
2022-06-02 14:07:08.921 DEBUG [acme.framework.configuration.ExtendedMessageSource@http-nio-8080-exec-2] Loading properties [C:\Users\alber\universidad\dp2\Workspace-22.0\Workspace-22.0\Projects\Acme-Toolkits\target\classes\WEB-INF\views\any\user-account\messages-en.i18n] with encoding 'utf-8' 
2022-06-02 14:07:08.922 DEBUG [acme.framework.configuration.ExtendedMessageSource@http-nio-8080-exec-2] Loading properties [C:\Users\alber\universidad\dp2\Workspace-22.0\Workspace-22.0\Projects\Acme-Toolkits\target\classes\WEB-INF\views\authenticated\announcement\messsages-en.i18n] with encoding 'utf-8' 
2022-06-02 14:07:08.923 DEBUG [acme.framework.configuration.ExtendedMessageSource@http-nio-8080-exec-2] Loading properties [C:\Users\alber\universidad\dp2\Workspace-22.0\Workspace-22.0\Projects\Acme-Toolkits\target\classes\WEB-INF\views\authenticated\consumer\messsages-en.i18n] with encoding 'utf-8' 
2022-06-02 14:07:08.924 DEBUG [acme.framework.configuration.ExtendedMessageSource@http-nio-8080-exec-2] Loading properties [C:\Users\alber\universidad\dp2\Workspace-22.0\Workspace-22.0\Projects\Acme-Toolkits\target\classes\WEB-INF\views\authenticated\inventor\messsages-en.i18n] with encoding 'utf-8' 
2022-06-02 14:07:08.927 DEBUG [acme.framework.configuration.ExtendedMessageSource@http-nio-8080-exec-2] Loading properties [C:\Users\alber\universidad\dp2\Workspace-22.0\Workspace-22.0\Projects\Acme-Toolkits\target\classes\WEB-INF\views\authenticated\patron\messsages-en.i18n] with encoding 'utf-8' 
2022-06-02 14:07:08.928 DEBUG [acme.framework.configuration.ExtendedMessageSource@http-nio-8080-exec-2] Loading properties [C:\Users\alber\universidad\dp2\Workspace-22.0\Workspace-22.0\Projects\Acme-Toolkits\target\classes\WEB-INF\views\authenticated\provider\messsages-en.i18n] with encoding 'utf-8' 
2022-06-02 14:07:08.929 DEBUG [acme.framework.configuration.ExtendedMessageSource@http-nio-8080-exec-2] Loading properties [C:\Users\alber\universidad\dp2\Workspace-22.0\Workspace-22.0\Projects\Acme-Toolkits\target\classes\WEB-INF\views\authenticated\system-configuration\messages-en.i18n] with encoding 'utf-8' 
2022-06-02 14:07:08.930 DEBUG [acme.framework.configuration.ExtendedMessageSource@http-nio-8080-exec-2] Loading properties [C:\Users\alber\universidad\dp2\Workspace-22.0\Workspace-22.0\Projects\Acme-Toolkits\target\classes\WEB-INF\views\authenticated\user-account\messages-en.i18n] with encoding 'utf-8' 
2022-06-02 14:07:08.931 DEBUG [acme.framework.configuration.ExtendedMessageSource@http-nio-8080-exec-2] Loading properties [C:\Users\alber\universidad\dp2\Workspace-22.0\Workspace-22.0\Projects\Acme-Toolkits\target\classes\WEB-INF\views\fragments\banner-en.i18n] with encoding 'utf-8' 
2022-06-02 14:07:08.932 DEBUG [acme.framework.configuration.ExtendedMessageSource@http-nio-8080-exec-2] Loading properties [C:\Users\alber\universidad\dp2\Workspace-22.0\Workspace-22.0\Projects\Acme-Toolkits\target\classes\WEB-INF\views\fragments\company-en.i18n] with encoding 'utf-8' 
2022-06-02 14:07:08.933 DEBUG [acme.framework.configuration.ExtendedMessageSource@http-nio-8080-exec-2] Loading properties [C:\Users\alber\universidad\dp2\Workspace-22.0\Workspace-22.0\Projects\Acme-Toolkits\target\classes\WEB-INF\views\fragments\footer-en.i18n] with encoding 'utf-8' 
2022-06-02 14:07:08.933 DEBUG [acme.framework.configuration.ExtendedMessageSource@http-nio-8080-exec-2] Loading properties [C:\Users\alber\universidad\dp2\Workspace-22.0\Workspace-22.0\Projects\Acme-Toolkits\target\classes\WEB-INF\views\fragments\license-en.i18n] with encoding 'utf-8' 
2022-06-02 14:07:08.934 DEBUG [acme.framework.configuration.ExtendedMessageSource@http-nio-8080-exec-2] Loading properties [C:\Users\alber\universidad\dp2\Workspace-22.0\Workspace-22.0\Projects\Acme-Toolkits\target\classes\WEB-INF\views\fragments\menu-en.i18n] with encoding 'utf-8' 
2022-06-02 14:07:08.936 DEBUG [acme.framework.configuration.ExtendedMessageSource@http-nio-8080-exec-2] Loading properties [C:\Users\alber\universidad\dp2\Workspace-22.0\Workspace-22.0\Projects\Acme-Toolkits\target\classes\WEB-INF\views\fragments\messages-en.i18n] with encoding 'utf-8' 
2022-06-02 14:07:08.937 DEBUG [acme.framework.configuration.ExtendedMessageSource@http-nio-8080-exec-2] Loading properties [C:\Users\alber\universidad\dp2\Workspace-22.0\Workspace-22.0\Projects\Acme-Toolkits\target\classes\WEB-INF\views\fragments\messsages-en.i18n] with encoding 'utf-8' 
2022-06-02 14:07:08.938 DEBUG [acme.framework.configuration.ExtendedMessageSource@http-nio-8080-exec-2] Loading properties [C:\Users\alber\universidad\dp2\Workspace-22.0\Workspace-22.0\Projects\Acme-Toolkits\target\classes\WEB-INF\views\fragments\title-en.i18n] with encoding 'utf-8' 
2022-06-02 14:07:08.939 DEBUG [acme.framework.configuration.ExtendedMessageSource@http-nio-8080-exec-2] Loading properties [C:\Users\alber\universidad\dp2\Workspace-22.0\Workspace-22.0\Projects\Acme-Toolkits\target\classes\WEB-INF\views\fragments\welcome-en.i18n] with encoding 'utf-8' 
2022-06-02 14:07:08.940 DEBUG [acme.framework.configuration.ExtendedMessageSource@http-nio-8080-exec-2] Loading properties [C:\Users\alber\universidad\dp2\Workspace-22.0\Workspace-22.0\Projects\Acme-Toolkits\target\classes\WEB-INF\views\inventor\chimpum\messages-en.i18n] with encoding 'utf-8' 
2022-06-02 14:07:08.943 DEBUG [acme.framework.configuration.ExtendedMessageSource@http-nio-8080-exec-2] Loading properties [C:\Users\alber\universidad\dp2\Workspace-22.0\Workspace-22.0\Projects\Acme-Toolkits\target\classes\WEB-INF\views\inventor\item\messages-en.i18n] with encoding 'utf-8' 
2022-06-02 14:07:08.945 DEBUG [acme.framework.configuration.ExtendedMessageSource@http-nio-8080-exec-2] Loading properties [C:\Users\alber\universidad\dp2\Workspace-22.0\Workspace-22.0\Projects\Acme-Toolkits\target\classes\WEB-INF\views\inventor\patronage\messages-en.i18n] with encoding 'utf-8' 
2022-06-02 14:07:08.946 DEBUG [acme.framework.configuration.ExtendedMessageSource@http-nio-8080-exec-2] Loading properties [C:\Users\alber\universidad\dp2\Workspace-22.0\Workspace-22.0\Projects\Acme-Toolkits\target\classes\WEB-INF\views\inventor\patronage-report\messages-en.i18n] with encoding 'utf-8' 
2022-06-02 14:07:08.947 DEBUG [acme.framework.configuration.ExtendedMessageSource@http-nio-8080-exec-2] Loading properties [C:\Users\alber\universidad\dp2\Workspace-22.0\Workspace-22.0\Projects\Acme-Toolkits\target\classes\WEB-INF\views\inventor\quantity\messages-en.i18n] with encoding 'utf-8' 
2022-06-02 14:07:08.948 DEBUG [acme.framework.configuration.ExtendedMessageSource@http-nio-8080-exec-2] Loading properties [C:\Users\alber\universidad\dp2\Workspace-22.0\Workspace-22.0\Projects\Acme-Toolkits\target\classes\WEB-INF\views\inventor\toolkit\messages-en.i18n] with encoding 'utf-8' 
2022-06-02 14:07:08.949 DEBUG [acme.framework.configuration.ExtendedMessageSource@http-nio-8080-exec-2] Loading properties [C:\Users\alber\universidad\dp2\Workspace-22.0\Workspace-22.0\Projects\Acme-Toolkits\target\classes\WEB-INF\views\master\defaults-en.i18n] with encoding 'utf-8' 
2022-06-02 14:07:08.951 DEBUG [acme.framework.configuration.ExtendedMessageSource@http-nio-8080-exec-2] Loading properties [C:\Users\alber\universidad\dp2\Workspace-22.0\Workspace-22.0\Projects\Acme-Toolkits\target\classes\WEB-INF\views\master\master-en.i18n] with encoding 'utf-8' 
2022-06-02 14:07:08.952 DEBUG [acme.framework.configuration.ExtendedMessageSource@http-nio-8080-exec-2] Loading properties [C:\Users\alber\universidad\dp2\Workspace-22.0\Workspace-22.0\Projects\Acme-Toolkits\target\classes\WEB-INF\views\master\throwables-en.i18n] with encoding 'utf-8' 
2022-06-02 14:07:08.953 DEBUG [acme.framework.configuration.ExtendedMessageSource@http-nio-8080-exec-2] Loading properties [C:\Users\alber\universidad\dp2\Workspace-22.0\Workspace-22.0\Projects\Acme-Toolkits\target\classes\WEB-INF\views\master\validation-en.i18n] with encoding 'utf-8' 
2022-06-02 14:07:08.954 DEBUG [acme.framework.configuration.ExtendedMessageSource@http-nio-8080-exec-2] Loading properties [C:\Users\alber\universidad\dp2\Workspace-22.0\Workspace-22.0\Projects\Acme-Toolkits\target\classes\WEB-INF\views\patron\patron-dashboard\messages-en.i18n] with encoding 'utf-8' 
2022-06-02 14:07:08.955 DEBUG [acme.framework.configuration.ExtendedMessageSource@http-nio-8080-exec-2] Loading properties [C:\Users\alber\universidad\dp2\Workspace-22.0\Workspace-22.0\Projects\Acme-Toolkits\target\classes\WEB-INF\views\patron\patronage\messages-en.i18n] with encoding 'utf-8' 
2022-06-02 14:07:08.956 DEBUG [acme.framework.configuration.ExtendedMessageSource@http-nio-8080-exec-2] Loading properties [C:\Users\alber\universidad\dp2\Workspace-22.0\Workspace-22.0\Projects\Acme-Toolkits\target\classes\WEB-INF\views\patron\patronage-report\messages-en.i18n] with encoding 'utf-8' 
2022-06-02 14:07:08.985 DEBUG [acme.framework.configuration.ExtendedMessageSource@http-nio-8080-exec-4] Loading properties [C:\Users\alber\universidad\dp2\Workspace-22.0\Workspace-22.0\Projects\Acme-Toolkits\target\classes\WEB-INF\views\administrator\administrator-dashboard\messages-en.i18n] with encoding 'utf-8' 
2022-06-02 14:07:08.987 DEBUG [acme.framework.configuration.ExtendedMessageSource@http-nio-8080-exec-4] Loading properties [C:\Users\alber\universidad\dp2\Workspace-22.0\Workspace-22.0\Projects\Acme-Toolkits\target\classes\WEB-INF\views\administrator\announcement\messages-en.i18n] with encoding 'utf-8' 
2022-06-02 14:07:08.988 DEBUG [acme.framework.configuration.ExtendedMessageSource@http-nio-8080-exec-4] Loading properties [C:\Users\alber\universidad\dp2\Workspace-22.0\Workspace-22.0\Projects\Acme-Toolkits\target\classes\WEB-INF\views\administrator\system-configuration\messages-en.i18n] with encoding 'utf-8' 
2022-06-02 14:07:08.989 DEBUG [acme.framework.configuration.ExtendedMessageSource@http-nio-8080-exec-4] Loading properties [C:\Users\alber\universidad\dp2\Workspace-22.0\Workspace-22.0\Projects\Acme-Toolkits\target\classes\WEB-INF\views\administrator\user-account\messages-en.i18n] with encoding 'utf-8' 
2022-06-02 14:07:08.991 DEBUG [acme.framework.configuration.ExtendedMessageSource@http-nio-8080-exec-4] Loading properties [C:\Users\alber\universidad\dp2\Workspace-22.0\Workspace-22.0\Projects\Acme-Toolkits\target\classes\WEB-INF\views\anonymous\user-account\messages-en.i18n] with encoding 'utf-8' 
2022-06-02 14:07:08.994 DEBUG [acme.framework.configuration.ExtendedMessageSource@http-nio-8080-exec-4] Loading properties [C:\Users\alber\universidad\dp2\Workspace-22.0\Workspace-22.0\Projects\Acme-Toolkits\target\classes\WEB-INF\views\any\chirp\messages-en.i18n] with encoding 'utf-8' 
2022-06-02 14:07:08.995 DEBUG [acme.framework.configuration.ExtendedMessageSource@http-nio-8080-exec-4] Loading properties [C:\Users\alber\universidad\dp2\Workspace-22.0\Workspace-22.0\Projects\Acme-Toolkits\target\classes\WEB-INF\views\any\item\messages-en.i18n] with encoding 'utf-8' 
2022-06-02 14:07:08.996 DEBUG [acme.framework.configuration.ExtendedMessageSource@http-nio-8080-exec-4] Loading properties [C:\Users\alber\universidad\dp2\Workspace-22.0\Workspace-22.0\Projects\Acme-Toolkits\target\classes\WEB-INF\views\any\toolkit\messages-en.i18n] with encoding 'utf-8' 
2022-06-02 14:07:08.997 DEBUG [acme.framework.configuration.ExtendedMessageSource@http-nio-8080-exec-4] Loading properties [C:\Users\alber\universidad\dp2\Workspace-22.0\Workspace-22.0\Projects\Acme-Toolkits\target\classes\WEB-INF\views\any\user-account\messages-en.i18n] with encoding 'utf-8' 
2022-06-02 14:07:08.999 DEBUG [acme.framework.configuration.ExtendedMessageSource@http-nio-8080-exec-4] Loading properties [C:\Users\alber\universidad\dp2\Workspace-22.0\Workspace-22.0\Projects\Acme-Toolkits\target\classes\WEB-INF\views\authenticated\announcement\messsages-en.i18n] with encoding 'utf-8' 
2022-06-02 14:07:09.002 DEBUG [acme.framework.configuration.ExtendedMessageSource@http-nio-8080-exec-4] Loading properties [C:\Users\alber\universidad\dp2\Workspace-22.0\Workspace-22.0\Projects\Acme-Toolkits\target\classes\WEB-INF\views\authenticated\consumer\messsages-en.i18n] with encoding 'utf-8' 
2022-06-02 14:07:09.003 DEBUG [acme.framework.configuration.ExtendedMessageSource@http-nio-8080-exec-4] Loading properties [C:\Users\alber\universidad\dp2\Workspace-22.0\Workspace-22.0\Projects\Acme-Toolkits\target\classes\WEB-INF\views\authenticated\inventor\messsages-en.i18n] with encoding 'utf-8' 
2022-06-02 14:07:09.004 DEBUG [acme.framework.configuration.ExtendedMessageSource@http-nio-8080-exec-4] Loading properties [C:\Users\alber\universidad\dp2\Workspace-22.0\Workspace-22.0\Projects\Acme-Toolkits\target\classes\WEB-INF\views\authenticated\patron\messsages-en.i18n] with encoding 'utf-8' 
2022-06-02 14:07:09.005 DEBUG [acme.framework.configuration.ExtendedMessageSource@http-nio-8080-exec-4] Loading properties [C:\Users\alber\universidad\dp2\Workspace-22.0\Workspace-22.0\Projects\Acme-Toolkits\target\classes\WEB-INF\views\authenticated\provider\messsages-en.i18n] with encoding 'utf-8' 
2022-06-02 14:07:09.007 DEBUG [acme.framework.configuration.ExtendedMessageSource@http-nio-8080-exec-4] Loading properties [C:\Users\alber\universidad\dp2\Workspace-22.0\Workspace-22.0\Projects\Acme-Toolkits\target\classes\WEB-INF\views\authenticated\system-configuration\messages-en.i18n] with encoding 'utf-8' 
2022-06-02 14:07:09.010 DEBUG [acme.framework.configuration.ExtendedMessageSource@http-nio-8080-exec-4] Loading properties [C:\Users\alber\universidad\dp2\Workspace-22.0\Workspace-22.0\Projects\Acme-Toolkits\target\classes\WEB-INF\views\authenticated\user-account\messages-en.i18n] with encoding 'utf-8' 
2022-06-02 14:07:09.011 DEBUG [acme.framework.configuration.ExtendedMessageSource@http-nio-8080-exec-4] Loading properties [C:\Users\alber\universidad\dp2\Workspace-22.0\Workspace-22.0\Projects\Acme-Toolkits\target\classes\WEB-INF\views\fragments\banner-en.i18n] with encoding 'utf-8' 
2022-06-02 14:07:09.012 DEBUG [acme.framework.configuration.ExtendedMessageSource@http-nio-8080-exec-4] Loading properties [C:\Users\alber\universidad\dp2\Workspace-22.0\Workspace-22.0\Projects\Acme-Toolkits\target\classes\WEB-INF\views\fragments\company-en.i18n] with encoding 'utf-8' 
2022-06-02 14:07:09.013 DEBUG [acme.framework.configuration.ExtendedMessageSource@http-nio-8080-exec-4] Loading properties [C:\Users\alber\universidad\dp2\Workspace-22.0\Workspace-22.0\Projects\Acme-Toolkits\target\classes\WEB-INF\views\fragments\footer-en.i18n] with encoding 'utf-8' 
2022-06-02 14:07:09.015 DEBUG [acme.framework.configuration.ExtendedMessageSource@http-nio-8080-exec-4] Loading properties [C:\Users\alber\universidad\dp2\Workspace-22.0\Workspace-22.0\Projects\Acme-Toolkits\target\classes\WEB-INF\views\fragments\license-en.i18n] with encoding 'utf-8' 
2022-06-02 14:07:09.017 DEBUG [acme.framework.configuration.ExtendedMessageSource@http-nio-8080-exec-4] Loading properties [C:\Users\alber\universidad\dp2\Workspace-22.0\Workspace-22.0\Projects\Acme-Toolkits\target\classes\WEB-INF\views\fragments\menu-en.i18n] with encoding 'utf-8' 
2022-06-02 14:07:09.018 DEBUG [acme.framework.configuration.ExtendedMessageSource@http-nio-8080-exec-4] Loading properties [C:\Users\alber\universidad\dp2\Workspace-22.0\Workspace-22.0\Projects\Acme-Toolkits\target\classes\WEB-INF\views\fragments\messages-en.i18n] with encoding 'utf-8' 
2022-06-02 14:07:09.029 DEBUG [acme.framework.configuration.ExtendedMessageSource@http-nio-8080-exec-4] Loading properties [C:\Users\alber\universidad\dp2\Workspace-22.0\Workspace-22.0\Projects\Acme-Toolkits\target\classes\WEB-INF\views\fragments\messsages-en.i18n] with encoding 'utf-8' 
2022-06-02 14:07:09.038 DEBUG [acme.framework.configuration.ExtendedMessageSource@http-nio-8080-exec-4] Loading properties [C:\Users\alber\universidad\dp2\Workspace-22.0\Workspace-22.0\Projects\Acme-Toolkits\target\classes\WEB-INF\views\fragments\title-en.i18n] with encoding 'utf-8' 
2022-06-02 14:07:09.040 DEBUG [acme.framework.configuration.ExtendedMessageSource@http-nio-8080-exec-4] Loading properties [C:\Users\alber\universidad\dp2\Workspace-22.0\Workspace-22.0\Projects\Acme-Toolkits\target\classes\WEB-INF\views\fragments\welcome-en.i18n] with encoding 'utf-8' 
2022-06-02 14:07:09.044 DEBUG [acme.framework.configuration.ExtendedMessageSource@http-nio-8080-exec-4] Loading properties [C:\Users\alber\universidad\dp2\Workspace-22.0\Workspace-22.0\Projects\Acme-Toolkits\target\classes\WEB-INF\views\inventor\chimpum\messages-en.i18n] with encoding 'utf-8' 
2022-06-02 14:07:09.047 DEBUG [acme.framework.configuration.ExtendedMessageSource@http-nio-8080-exec-4] Loading properties [C:\Users\alber\universidad\dp2\Workspace-22.0\Workspace-22.0\Projects\Acme-Toolkits\target\classes\WEB-INF\views\inventor\item\messages-en.i18n] with encoding 'utf-8' 
2022-06-02 14:07:09.049 DEBUG [acme.framework.configuration.ExtendedMessageSource@http-nio-8080-exec-4] Loading properties [C:\Users\alber\universidad\dp2\Workspace-22.0\Workspace-22.0\Projects\Acme-Toolkits\target\classes\WEB-INF\views\inventor\patronage\messages-en.i18n] with encoding 'utf-8' 
2022-06-02 14:07:09.050 DEBUG [acme.framework.configuration.ExtendedMessageSource@http-nio-8080-exec-4] Loading properties [C:\Users\alber\universidad\dp2\Workspace-22.0\Workspace-22.0\Projects\Acme-Toolkits\target\classes\WEB-INF\views\inventor\patronage-report\messages-en.i18n] with encoding 'utf-8' 
2022-06-02 14:07:09.051 DEBUG [acme.framework.configuration.ExtendedMessageSource@http-nio-8080-exec-4] Loading properties [C:\Users\alber\universidad\dp2\Workspace-22.0\Workspace-22.0\Projects\Acme-Toolkits\target\classes\WEB-INF\views\inventor\quantity\messages-en.i18n] with encoding 'utf-8' 
2022-06-02 14:07:09.052 DEBUG [acme.framework.configuration.ExtendedMessageSource@http-nio-8080-exec-4] Loading properties [C:\Users\alber\universidad\dp2\Workspace-22.0\Workspace-22.0\Projects\Acme-Toolkits\target\classes\WEB-INF\views\inventor\toolkit\messages-en.i18n] with encoding 'utf-8' 
2022-06-02 14:07:09.054 DEBUG [acme.framework.configuration.ExtendedMessageSource@http-nio-8080-exec-4] Loading properties [C:\Users\alber\universidad\dp2\Workspace-22.0\Workspace-22.0\Projects\Acme-Toolkits\target\classes\WEB-INF\views\master\defaults-en.i18n] with encoding 'utf-8' 
2022-06-02 14:07:09.055 DEBUG [acme.framework.configuration.ExtendedMessageSource@http-nio-8080-exec-4] Loading properties [C:\Users\alber\universidad\dp2\Workspace-22.0\Workspace-22.0\Projects\Acme-Toolkits\target\classes\WEB-INF\views\master\master-en.i18n] with encoding 'utf-8' 
2022-06-02 14:07:09.060 DEBUG [acme.framework.configuration.ExtendedMessageSource@http-nio-8080-exec-4] Loading properties [C:\Users\alber\universidad\dp2\Workspace-22.0\Workspace-22.0\Projects\Acme-Toolkits\target\classes\WEB-INF\views\master\throwables-en.i18n] with encoding 'utf-8' 
2022-06-02 14:07:09.061 DEBUG [acme.framework.configuration.ExtendedMessageSource@http-nio-8080-exec-4] Loading properties [C:\Users\alber\universidad\dp2\Workspace-22.0\Workspace-22.0\Projects\Acme-Toolkits\target\classes\WEB-INF\views\master\validation-en.i18n] with encoding 'utf-8' 
2022-06-02 14:07:09.062 DEBUG [acme.framework.configuration.ExtendedMessageSource@http-nio-8080-exec-4] Loading properties [C:\Users\alber\universidad\dp2\Workspace-22.0\Workspace-22.0\Projects\Acme-Toolkits\target\classes\WEB-INF\views\patron\patron-dashboard\messages-en.i18n] with encoding 'utf-8' 
2022-06-02 14:07:09.064 DEBUG [acme.framework.configuration.ExtendedMessageSource@http-nio-8080-exec-4] Loading properties [C:\Users\alber\universidad\dp2\Workspace-22.0\Workspace-22.0\Projects\Acme-Toolkits\target\classes\WEB-INF\views\patron\patronage\messages-en.i18n] with encoding 'utf-8' 
2022-06-02 14:07:09.065 DEBUG [acme.framework.configuration.ExtendedMessageSource@http-nio-8080-exec-4] Loading properties [C:\Users\alber\universidad\dp2\Workspace-22.0\Workspace-22.0\Projects\Acme-Toolkits\target\classes\WEB-INF\views\patron\patronage-report\messages-en.i18n] with encoding 'utf-8' 
2022-06-02 14:07:09.341 DEBUG [org.apache.jasper.servlet.JspServlet@http-nio-8080-exec-2] JspEngine --> /WEB-INF/views/fragments/welcome.jsp 
2022-06-02 14:07:09.342 DEBUG [org.apache.jasper.servlet.JspServlet@http-nio-8080-exec-4] JspEngine --> /WEB-INF/views/fragments/welcome.jsp 
2022-06-02 14:07:09.342 DEBUG [org.apache.jasper.servlet.JspServlet@http-nio-8080-exec-2] ServletPath: /WEB-INF/views/master/page.jsp 
2022-06-02 14:07:09.343 DEBUG [org.apache.jasper.servlet.JspServlet@http-nio-8080-exec-4] ServletPath: /WEB-INF/views/master/page.jsp 
2022-06-02 14:07:09.343 DEBUG [org.apache.jasper.servlet.JspServlet@http-nio-8080-exec-2] PathInfo: null 
2022-06-02 14:07:09.344 DEBUG [org.apache.jasper.servlet.JspServlet@http-nio-8080-exec-4] PathInfo: null 
2022-06-02 14:07:09.346 DEBUG [org.apache.jasper.servlet.JspServlet@http-nio-8080-exec-4] RealPath: C:\Users\alber\universidad\dp2\Workspace-22.0\Workspace-22.0\Projects\Acme-Toolkits\target\classes\WEB-INF\views\fragments\welcome.jsp 
2022-06-02 14:07:09.346 DEBUG [org.apache.jasper.servlet.JspServlet@http-nio-8080-exec-2] RealPath: C:\Users\alber\universidad\dp2\Workspace-22.0\Workspace-22.0\Projects\Acme-Toolkits\target\classes\WEB-INF\views\fragments\welcome.jsp 
2022-06-02 14:07:09.347 DEBUG [org.apache.jasper.servlet.JspServlet@http-nio-8080-exec-4] RequestURI: /acme-toolkits-22.1/WEB-INF/views/master/page.jsp 
2022-06-02 14:07:09.347 DEBUG [org.apache.jasper.servlet.JspServlet@http-nio-8080-exec-2] RequestURI: /acme-toolkits-22.1/WEB-INF/views/master/page.jsp 
2022-06-02 14:07:09.347 DEBUG [org.apache.jasper.servlet.JspServlet@http-nio-8080-exec-4] QueryString: null 
2022-06-02 14:07:09.347 DEBUG [org.apache.jasper.servlet.JspServlet@http-nio-8080-exec-2] QueryString: null 
2022-06-02 14:07:14.553 DEBUG [acme.framework.controllers.AbstractController@http-nio-8080-exec-2] DISPATCHING GET /acme-toolkits-22.1/administrator/administrator-dashboard/show 
2022-06-02 14:07:14.553 DEBUG [acme.framework.controllers.AbstractController@http-nio-8080-exec-2] Command: show 
2022-06-02 14:07:14.553 DEBUG [acme.framework.controllers.AbstractController@http-nio-8080-exec-2] Model:   {} 
2022-06-02 14:07:14.554 DEBUG [acme.framework.controllers.AbstractController@http-nio-8080-exec-2] Locale:  en 
2022-06-02 14:07:14.555 DEBUG [acme.framework.controllers.AbstractController@http-nio-8080-exec-2] Starting transaction 58e40c50-8ac3-486b-875d-710628b7cba1 
2022-06-02 14:07:14.566 DEBUG [org.hibernate.SQL@http-nio-8080-exec-2] select count(item0_.id) as col_0_0_ from item item0_ where item0_.item_type='COMPONENT' 
2022-06-02 14:07:14.568 DEBUG [org.hibernate.SQL@http-nio-8080-exec-2] select count(item0_.id) as col_0_0_ from item item0_ where item0_.item_type='TOOL' 
2022-06-02 14:07:14.570 DEBUG [org.hibernate.SQL@http-nio-8080-exec-2] select systemconf0_.id as id1_0_, systemconf0_.version as version2_0_, systemconf0_.accepted_currencies as accepted1_17_, systemconf0_.strong_spam_terms_en as strong_s2_17_, systemconf0_.strong_spam_terms_es as strong_s3_17_, systemconf0_.strong_threshold as strong_t4_17_, systemconf0_.system_currency as system_c5_17_, systemconf0_.weak_spam_terms_en as weak_spa6_17_, systemconf0_.weak_spam_terms_es as weak_spa7_17_, systemconf0_.weak_threshold as weak_thr8_17_ from system_configuration systemconf0_ 
2022-06-02 14:07:14.601 DEBUG [org.hibernate.SQL@http-nio-8080-exec-2] select item0_.technology as col_0_0_, avg(item0_.retail_price_amount) as col_1_0_ from item item0_ where item0_.retail_price_currency=? and item0_.item_type='COMPONENT' group by item0_.technology 
2022-06-02 14:07:14.602 TRACE [org.hibernate.type.descriptor.sql.BasicBinder@http-nio-8080-exec-2] binding parameter [1] as [VARCHAR] - [EUR] 
2022-06-02 14:07:14.608 DEBUG [org.hibernate.SQL@http-nio-8080-exec-2] select item0_.technology as col_0_0_, avg(item0_.retail_price_amount) as col_1_0_ from item item0_ where item0_.retail_price_currency=? and item0_.item_type='COMPONENT' group by item0_.technology 
2022-06-02 14:07:14.608 TRACE [org.hibernate.type.descriptor.sql.BasicBinder@http-nio-8080-exec-2] binding parameter [1] as [VARCHAR] - [USD] 
2022-06-02 14:07:14.610 DEBUG [org.hibernate.SQL@http-nio-8080-exec-2] select item0_.technology as col_0_0_, avg(item0_.retail_price_amount) as col_1_0_ from item item0_ where item0_.retail_price_currency=? and item0_.item_type='COMPONENT' group by item0_.technology 
2022-06-02 14:07:14.610 TRACE [org.hibernate.type.descriptor.sql.BasicBinder@http-nio-8080-exec-2] binding parameter [1] as [VARCHAR] - [GBP] 
2022-06-02 14:07:14.613 DEBUG [org.hibernate.SQL@http-nio-8080-exec-2] select item0_.technology as col_0_0_, std(item0_.retail_price_amount) as col_1_0_ from item item0_ where item0_.retail_price_currency=? and item0_.item_type='COMPONENT' group by item0_.technology 
2022-06-02 14:07:14.613 TRACE [org.hibernate.type.descriptor.sql.BasicBinder@http-nio-8080-exec-2] binding parameter [1] as [VARCHAR] - [EUR] 
2022-06-02 14:07:14.616 DEBUG [org.hibernate.SQL@http-nio-8080-exec-2] select item0_.technology as col_0_0_, std(item0_.retail_price_amount) as col_1_0_ from item item0_ where item0_.retail_price_currency=? and item0_.item_type='COMPONENT' group by item0_.technology 
2022-06-02 14:07:14.617 TRACE [org.hibernate.type.descriptor.sql.BasicBinder@http-nio-8080-exec-2] binding parameter [1] as [VARCHAR] - [USD] 
2022-06-02 14:07:14.620 DEBUG [org.hibernate.SQL@http-nio-8080-exec-2] select item0_.technology as col_0_0_, std(item0_.retail_price_amount) as col_1_0_ from item item0_ where item0_.retail_price_currency=? and item0_.item_type='COMPONENT' group by item0_.technology 
2022-06-02 14:07:14.621 TRACE [org.hibernate.type.descriptor.sql.BasicBinder@http-nio-8080-exec-2] binding parameter [1] as [VARCHAR] - [GBP] 
2022-06-02 14:07:14.624 DEBUG [org.hibernate.SQL@http-nio-8080-exec-2] select item0_.technology as col_0_0_, min(item0_.retail_price_amount) as col_1_0_ from item item0_ where item0_.retail_price_currency=? and item0_.item_type='COMPONENT' group by item0_.technology 
2022-06-02 14:07:14.624 TRACE [org.hibernate.type.descriptor.sql.BasicBinder@http-nio-8080-exec-2] binding parameter [1] as [VARCHAR] - [EUR] 
2022-06-02 14:07:14.626 DEBUG [org.hibernate.SQL@http-nio-8080-exec-2] select item0_.technology as col_0_0_, min(item0_.retail_price_amount) as col_1_0_ from item item0_ where item0_.retail_price_currency=? and item0_.item_type='COMPONENT' group by item0_.technology 
2022-06-02 14:07:14.626 TRACE [org.hibernate.type.descriptor.sql.BasicBinder@http-nio-8080-exec-2] binding parameter [1] as [VARCHAR] - [USD] 
2022-06-02 14:07:14.628 DEBUG [org.hibernate.SQL@http-nio-8080-exec-2] select item0_.technology as col_0_0_, min(item0_.retail_price_amount) as col_1_0_ from item item0_ where item0_.retail_price_currency=? and item0_.item_type='COMPONENT' group by item0_.technology 
2022-06-02 14:07:14.628 TRACE [org.hibernate.type.descriptor.sql.BasicBinder@http-nio-8080-exec-2] binding parameter [1] as [VARCHAR] - [GBP] 
2022-06-02 14:07:14.630 DEBUG [org.hibernate.SQL@http-nio-8080-exec-2] select item0_.technology as col_0_0_, max(item0_.retail_price_amount) as col_1_0_ from item item0_ where item0_.retail_price_currency=? and item0_.item_type='COMPONENT' group by item0_.technology 
2022-06-02 14:07:14.631 TRACE [org.hibernate.type.descriptor.sql.BasicBinder@http-nio-8080-exec-2] binding parameter [1] as [VARCHAR] - [EUR] 
2022-06-02 14:07:14.633 DEBUG [org.hibernate.SQL@http-nio-8080-exec-2] select item0_.technology as col_0_0_, max(item0_.retail_price_amount) as col_1_0_ from item item0_ where item0_.retail_price_currency=? and item0_.item_type='COMPONENT' group by item0_.technology 
2022-06-02 14:07:14.633 TRACE [org.hibernate.type.descriptor.sql.BasicBinder@http-nio-8080-exec-2] binding parameter [1] as [VARCHAR] - [USD] 
2022-06-02 14:07:14.635 DEBUG [org.hibernate.SQL@http-nio-8080-exec-2] select item0_.technology as col_0_0_, max(item0_.retail_price_amount) as col_1_0_ from item item0_ where item0_.retail_price_currency=? and item0_.item_type='COMPONENT' group by item0_.technology 
2022-06-02 14:07:14.635 TRACE [org.hibernate.type.descriptor.sql.BasicBinder@http-nio-8080-exec-2] binding parameter [1] as [VARCHAR] - [GBP] 
2022-06-02 14:07:14.638 DEBUG [org.hibernate.SQL@http-nio-8080-exec-2] select avg(item0_.retail_price_amount) as col_0_0_ from item item0_ where item0_.retail_price_currency=? and item0_.item_type='TOOL' 
2022-06-02 14:07:14.639 TRACE [org.hibernate.type.descriptor.sql.BasicBinder@http-nio-8080-exec-2] binding parameter [1] as [VARCHAR] - [EUR] 
2022-06-02 14:07:14.641 DEBUG [org.hibernate.SQL@http-nio-8080-exec-2] select avg(item0_.retail_price_amount) as col_0_0_ from item item0_ where item0_.retail_price_currency=? and item0_.item_type='TOOL' 
2022-06-02 14:07:14.641 TRACE [org.hibernate.type.descriptor.sql.BasicBinder@http-nio-8080-exec-2] binding parameter [1] as [VARCHAR] - [USD] 
2022-06-02 14:07:14.642 DEBUG [org.hibernate.SQL@http-nio-8080-exec-2] select avg(item0_.retail_price_amount) as col_0_0_ from item item0_ where item0_.retail_price_currency=? and item0_.item_type='TOOL' 
2022-06-02 14:07:14.643 TRACE [org.hibernate.type.descriptor.sql.BasicBinder@http-nio-8080-exec-2] binding parameter [1] as [VARCHAR] - [GBP] 
2022-06-02 14:07:14.645 DEBUG [org.hibernate.SQL@http-nio-8080-exec-2] select std(item0_.retail_price_amount) as col_0_0_ from item item0_ where item0_.retail_price_currency=? and item0_.item_type='TOOL' 
2022-06-02 14:07:14.645 TRACE [org.hibernate.type.descriptor.sql.BasicBinder@http-nio-8080-exec-2] binding parameter [1] as [VARCHAR] - [EUR] 
2022-06-02 14:07:14.647 DEBUG [org.hibernate.SQL@http-nio-8080-exec-2] select std(item0_.retail_price_amount) as col_0_0_ from item item0_ where item0_.retail_price_currency=? and item0_.item_type='TOOL' 
2022-06-02 14:07:14.647 TRACE [org.hibernate.type.descriptor.sql.BasicBinder@http-nio-8080-exec-2] binding parameter [1] as [VARCHAR] - [USD] 
2022-06-02 14:07:14.648 DEBUG [org.hibernate.SQL@http-nio-8080-exec-2] select std(item0_.retail_price_amount) as col_0_0_ from item item0_ where item0_.retail_price_currency=? and item0_.item_type='TOOL' 
2022-06-02 14:07:14.648 TRACE [org.hibernate.type.descriptor.sql.BasicBinder@http-nio-8080-exec-2] binding parameter [1] as [VARCHAR] - [GBP] 
2022-06-02 14:07:14.650 DEBUG [org.hibernate.SQL@http-nio-8080-exec-2] select min(item0_.retail_price_amount) as col_0_0_ from item item0_ where item0_.retail_price_currency=? and item0_.item_type='TOOL' 
2022-06-02 14:07:14.650 TRACE [org.hibernate.type.descriptor.sql.BasicBinder@http-nio-8080-exec-2] binding parameter [1] as [VARCHAR] - [EUR] 
2022-06-02 14:07:14.651 DEBUG [org.hibernate.SQL@http-nio-8080-exec-2] select min(item0_.retail_price_amount) as col_0_0_ from item item0_ where item0_.retail_price_currency=? and item0_.item_type='TOOL' 
2022-06-02 14:07:14.652 TRACE [org.hibernate.type.descriptor.sql.BasicBinder@http-nio-8080-exec-2] binding parameter [1] as [VARCHAR] - [USD] 
2022-06-02 14:07:14.653 DEBUG [org.hibernate.SQL@http-nio-8080-exec-2] select min(item0_.retail_price_amount) as col_0_0_ from item item0_ where item0_.retail_price_currency=? and item0_.item_type='TOOL' 
2022-06-02 14:07:14.654 TRACE [org.hibernate.type.descriptor.sql.BasicBinder@http-nio-8080-exec-2] binding parameter [1] as [VARCHAR] - [GBP] 
2022-06-02 14:07:14.656 DEBUG [org.hibernate.SQL@http-nio-8080-exec-2] select max(item0_.retail_price_amount) as col_0_0_ from item item0_ where item0_.retail_price_currency=? and item0_.item_type='TOOL' 
2022-06-02 14:07:14.656 TRACE [org.hibernate.type.descriptor.sql.BasicBinder@http-nio-8080-exec-2] binding parameter [1] as [VARCHAR] - [EUR] 
2022-06-02 14:07:14.658 DEBUG [org.hibernate.SQL@http-nio-8080-exec-2] select max(item0_.retail_price_amount) as col_0_0_ from item item0_ where item0_.retail_price_currency=? and item0_.item_type='TOOL' 
2022-06-02 14:07:14.658 TRACE [org.hibernate.type.descriptor.sql.BasicBinder@http-nio-8080-exec-2] binding parameter [1] as [VARCHAR] - [USD] 
2022-06-02 14:07:14.660 DEBUG [org.hibernate.SQL@http-nio-8080-exec-2] select max(item0_.retail_price_amount) as col_0_0_ from item item0_ where item0_.retail_price_currency=? and item0_.item_type='TOOL' 
2022-06-02 14:07:14.660 TRACE [org.hibernate.type.descriptor.sql.BasicBinder@http-nio-8080-exec-2] binding parameter [1] as [VARCHAR] - [GBP] 
2022-06-02 14:07:14.662 DEBUG [org.hibernate.SQL@http-nio-8080-exec-2] select count(patronage0_.id) as col_0_0_ from patronage patronage0_ where patronage0_.status=? 
2022-06-02 14:07:14.663 TRACE [org.hibernate.type.descriptor.sql.BasicBinder@http-nio-8080-exec-2] binding parameter [1] as [INTEGER] - [0] 
2022-06-02 14:07:14.665 DEBUG [org.hibernate.SQL@http-nio-8080-exec-2] select count(patronage0_.id) as col_0_0_ from patronage patronage0_ where patronage0_.status=? 
2022-06-02 14:07:14.665 TRACE [org.hibernate.type.descriptor.sql.BasicBinder@http-nio-8080-exec-2] binding parameter [1] as [INTEGER] - [1] 
2022-06-02 14:07:14.666 DEBUG [org.hibernate.SQL@http-nio-8080-exec-2] select count(patronage0_.id) as col_0_0_ from patronage patronage0_ where patronage0_.status=? 
2022-06-02 14:07:14.667 TRACE [org.hibernate.type.descriptor.sql.BasicBinder@http-nio-8080-exec-2] binding parameter [1] as [INTEGER] - [2] 
2022-06-02 14:07:14.669 DEBUG [org.hibernate.SQL@http-nio-8080-exec-2] select patronage0_.budget_currency as col_0_0_, avg(patronage0_.budget_amount) as col_1_0_ from patronage patronage0_ where patronage0_.status=? group by patronage0_.budget_currency 
2022-06-02 14:07:14.669 TRACE [org.hibernate.type.descriptor.sql.BasicBinder@http-nio-8080-exec-2] binding parameter [1] as [INTEGER] - [0] 
2022-06-02 14:07:14.671 DEBUG [org.hibernate.SQL@http-nio-8080-exec-2] select patronage0_.budget_currency as col_0_0_, avg(patronage0_.budget_amount) as col_1_0_ from patronage patronage0_ where patronage0_.status=? group by patronage0_.budget_currency 
2022-06-02 14:07:14.672 TRACE [org.hibernate.type.descriptor.sql.BasicBinder@http-nio-8080-exec-2] binding parameter [1] as [INTEGER] - [1] 
2022-06-02 14:07:14.674 DEBUG [org.hibernate.SQL@http-nio-8080-exec-2] select patronage0_.budget_currency as col_0_0_, avg(patronage0_.budget_amount) as col_1_0_ from patronage patronage0_ where patronage0_.status=? group by patronage0_.budget_currency 
2022-06-02 14:07:14.674 TRACE [org.hibernate.type.descriptor.sql.BasicBinder@http-nio-8080-exec-2] binding parameter [1] as [INTEGER] - [2] 
2022-06-02 14:07:14.677 DEBUG [org.hibernate.SQL@http-nio-8080-exec-2] select patronage0_.budget_currency as col_0_0_, std(patronage0_.budget_amount) as col_1_0_ from patronage patronage0_ where patronage0_.status=? group by patronage0_.budget_currency 
2022-06-02 14:07:14.678 TRACE [org.hibernate.type.descriptor.sql.BasicBinder@http-nio-8080-exec-2] binding parameter [1] as [INTEGER] - [0] 
2022-06-02 14:07:14.680 DEBUG [org.hibernate.SQL@http-nio-8080-exec-2] select patronage0_.budget_currency as col_0_0_, std(patronage0_.budget_amount) as col_1_0_ from patronage patronage0_ where patronage0_.status=? group by patronage0_.budget_currency 
2022-06-02 14:07:14.680 TRACE [org.hibernate.type.descriptor.sql.BasicBinder@http-nio-8080-exec-2] binding parameter [1] as [INTEGER] - [1] 
2022-06-02 14:07:14.682 DEBUG [org.hibernate.SQL@http-nio-8080-exec-2] select patronage0_.budget_currency as col_0_0_, std(patronage0_.budget_amount) as col_1_0_ from patronage patronage0_ where patronage0_.status=? group by patronage0_.budget_currency 
2022-06-02 14:07:14.682 TRACE [org.hibernate.type.descriptor.sql.BasicBinder@http-nio-8080-exec-2] binding parameter [1] as [INTEGER] - [2] 
2022-06-02 14:07:14.685 DEBUG [org.hibernate.SQL@http-nio-8080-exec-2] select patronage0_.budget_currency as col_0_0_, min(patronage0_.budget_amount) as col_1_0_ from patronage patronage0_ where patronage0_.status=? group by patronage0_.budget_currency 
2022-06-02 14:07:14.685 TRACE [org.hibernate.type.descriptor.sql.BasicBinder@http-nio-8080-exec-2] binding parameter [1] as [INTEGER] - [0] 
2022-06-02 14:07:14.689 DEBUG [org.hibernate.SQL@http-nio-8080-exec-2] select patronage0_.budget_currency as col_0_0_, min(patronage0_.budget_amount) as col_1_0_ from patronage patronage0_ where patronage0_.status=? group by patronage0_.budget_currency 
2022-06-02 14:07:14.689 TRACE [org.hibernate.type.descriptor.sql.BasicBinder@http-nio-8080-exec-2] binding parameter [1] as [INTEGER] - [1] 
2022-06-02 14:07:14.691 DEBUG [org.hibernate.SQL@http-nio-8080-exec-2] select patronage0_.budget_currency as col_0_0_, min(patronage0_.budget_amount) as col_1_0_ from patronage patronage0_ where patronage0_.status=? group by patronage0_.budget_currency 
2022-06-02 14:07:14.692 TRACE [org.hibernate.type.descriptor.sql.BasicBinder@http-nio-8080-exec-2] binding parameter [1] as [INTEGER] - [2] 
2022-06-02 14:07:14.694 DEBUG [org.hibernate.SQL@http-nio-8080-exec-2] select patronage0_.budget_currency as col_0_0_, max(patronage0_.budget_amount) as col_1_0_ from patronage patronage0_ where patronage0_.status=? group by patronage0_.budget_currency 
2022-06-02 14:07:14.694 TRACE [org.hibernate.type.descriptor.sql.BasicBinder@http-nio-8080-exec-2] binding parameter [1] as [INTEGER] - [0] 
2022-06-02 14:07:14.696 DEBUG [org.hibernate.SQL@http-nio-8080-exec-2] select patronage0_.budget_currency as col_0_0_, max(patronage0_.budget_amount) as col_1_0_ from patronage patronage0_ where patronage0_.status=? group by patronage0_.budget_currency 
2022-06-02 14:07:14.697 TRACE [org.hibernate.type.descriptor.sql.BasicBinder@http-nio-8080-exec-2] binding parameter [1] as [INTEGER] - [1] 
2022-06-02 14:07:14.698 DEBUG [org.hibernate.SQL@http-nio-8080-exec-2] select patronage0_.budget_currency as col_0_0_, max(patronage0_.budget_amount) as col_1_0_ from patronage patronage0_ where patronage0_.status=? group by patronage0_.budget_currency 
2022-06-02 14:07:14.699 TRACE [org.hibernate.type.descriptor.sql.BasicBinder@http-nio-8080-exec-2] binding parameter [1] as [INTEGER] - [2] 
2022-06-02 14:07:14.701 DEBUG [org.hibernate.SQL@http-nio-8080-exec-2] select 1.0*count(chimpum0_.id)/(select count(item1_.id) from item item1_) as col_0_0_ from chimpum chimpum0_ 
2022-06-02 14:07:14.703 DEBUG [org.hibernate.SQL@http-nio-8080-exec-2] select avg(chimpum0_.budget_amount) as col_0_0_ from chimpum chimpum0_ where chimpum0_.budget_currency=? 
2022-06-02 14:07:14.703 TRACE [org.hibernate.type.descriptor.sql.BasicBinder@http-nio-8080-exec-2] binding parameter [1] as [VARCHAR] - [EUR] 
2022-06-02 14:07:14.706 DEBUG [org.hibernate.SQL@http-nio-8080-exec-2] select std(chimpum0_.budget_amount) as col_0_0_ from chimpum chimpum0_ where chimpum0_.budget_currency=? 
2022-06-02 14:07:14.706 TRACE [org.hibernate.type.descriptor.sql.BasicBinder@http-nio-8080-exec-2] binding parameter [1] as [VARCHAR] - [EUR] 
2022-06-02 14:07:14.708 DEBUG [org.hibernate.SQL@http-nio-8080-exec-2] select min(chimpum0_.budget_amount) as col_0_0_ from chimpum chimpum0_ where chimpum0_.budget_currency=? 
2022-06-02 14:07:14.708 TRACE [org.hibernate.type.descriptor.sql.BasicBinder@http-nio-8080-exec-2] binding parameter [1] as [VARCHAR] - [EUR] 
2022-06-02 14:07:14.710 DEBUG [org.hibernate.SQL@http-nio-8080-exec-2] select max(chimpum0_.budget_amount) as col_0_0_ from chimpum chimpum0_ where chimpum0_.budget_currency=? 
2022-06-02 14:07:14.710 TRACE [org.hibernate.type.descriptor.sql.BasicBinder@http-nio-8080-exec-2] binding parameter [1] as [VARCHAR] - [EUR] 
2022-06-02 14:07:14.712 DEBUG [org.hibernate.SQL@http-nio-8080-exec-2] select avg(chimpum0_.budget_amount) as col_0_0_ from chimpum chimpum0_ where chimpum0_.budget_currency=? 
2022-06-02 14:07:14.712 TRACE [org.hibernate.type.descriptor.sql.BasicBinder@http-nio-8080-exec-2] binding parameter [1] as [VARCHAR] - [USD] 
2022-06-02 14:07:14.713 DEBUG [org.hibernate.SQL@http-nio-8080-exec-2] select std(chimpum0_.budget_amount) as col_0_0_ from chimpum chimpum0_ where chimpum0_.budget_currency=? 
2022-06-02 14:07:14.713 TRACE [org.hibernate.type.descriptor.sql.BasicBinder@http-nio-8080-exec-2] binding parameter [1] as [VARCHAR] - [USD] 
2022-06-02 14:07:14.714 DEBUG [org.hibernate.SQL@http-nio-8080-exec-2] select min(chimpum0_.budget_amount) as col_0_0_ from chimpum chimpum0_ where chimpum0_.budget_currency=? 
2022-06-02 14:07:14.715 TRACE [org.hibernate.type.descriptor.sql.BasicBinder@http-nio-8080-exec-2] binding parameter [1] as [VARCHAR] - [USD] 
2022-06-02 14:07:14.716 DEBUG [org.hibernate.SQL@http-nio-8080-exec-2] select max(chimpum0_.budget_amount) as col_0_0_ from chimpum chimpum0_ where chimpum0_.budget_currency=? 
2022-06-02 14:07:14.716 TRACE [org.hibernate.type.descriptor.sql.BasicBinder@http-nio-8080-exec-2] binding parameter [1] as [VARCHAR] - [USD] 
2022-06-02 14:07:14.718 DEBUG [org.hibernate.SQL@http-nio-8080-exec-2] select avg(chimpum0_.budget_amount) as col_0_0_ from chimpum chimpum0_ where chimpum0_.budget_currency=? 
2022-06-02 14:07:14.718 TRACE [org.hibernate.type.descriptor.sql.BasicBinder@http-nio-8080-exec-2] binding parameter [1] as [VARCHAR] - [GBP] 
2022-06-02 14:07:14.719 DEBUG [org.hibernate.SQL@http-nio-8080-exec-2] select std(chimpum0_.budget_amount) as col_0_0_ from chimpum chimpum0_ where chimpum0_.budget_currency=? 
2022-06-02 14:07:14.720 TRACE [org.hibernate.type.descriptor.sql.BasicBinder@http-nio-8080-exec-2] binding parameter [1] as [VARCHAR] - [GBP] 
2022-06-02 14:07:14.722 DEBUG [org.hibernate.SQL@http-nio-8080-exec-2] select min(chimpum0_.budget_amount) as col_0_0_ from chimpum chimpum0_ where chimpum0_.budget_currency=? 
2022-06-02 14:07:14.723 TRACE [org.hibernate.type.descriptor.sql.BasicBinder@http-nio-8080-exec-2] binding parameter [1] as [VARCHAR] - [GBP] 
2022-06-02 14:07:14.724 DEBUG [org.hibernate.SQL@http-nio-8080-exec-2] select max(chimpum0_.budget_amount) as col_0_0_ from chimpum chimpum0_ where chimpum0_.budget_currency=? 
2022-06-02 14:07:14.724 TRACE [org.hibernate.type.descriptor.sql.BasicBinder@http-nio-8080-exec-2] binding parameter [1] as [VARCHAR] - [GBP] 
2022-06-02 14:07:14.740 DEBUG [acme.framework.controllers.AbstractController@http-nio-8080-exec-2] Committing transaction 58e40c50-8ac3-486b-875d-710628b7cba1 
2022-06-02 14:07:14.741 DEBUG [acme.framework.controllers.AbstractController@http-nio-8080-exec-2] Starting transaction 736f890d-4a84-4599-98eb-34c143a94413 
2022-06-02 14:07:14.742 DEBUG [acme.framework.controllers.AbstractController@http-nio-8080-exec-2] Committing transaction 736f890d-4a84-4599-98eb-34c143a94413 
2022-06-02 14:07:14.742 DEBUG [acme.framework.controllers.AbstractController@http-nio-8080-exec-2] SERVING GET /acme-toolkits-22.1/administrator/administrator-dashboard/show 
2022-06-02 14:07:14.746 DEBUG [acme.framework.controllers.AbstractController@http-nio-8080-exec-2] Result: ModelAndView [view="administrator/administrator-dashboard/form"; model={totalNumberOfPatronagesByStatus={DENIED=6, ACCEPTED=10, PROPOSED=6}, totalNumberOfComponents=10, maximumBudgetOfChimpumsByCurrency={EUR=300.0, GBP=null, USD=null}, totalNumberOfTools=18, deviationBudgetOfChimpumsByCurrency={EUR=77.45966692414834, GBP=null, USD=null}, minimumRetailPriceOfToolsByCurrency={EUR=22.22, GBP=621.5, USD=10.0}, maximumBudgetPatronagesByStatus={ACCEPTED->USD=300.0, ACCEPTED->GBP=150.0, ACCEPTED->EUR=6500.0, DENIED->EUR=5000.0}, minimumBudgetOfChimpumsByCurrency={EUR=100.0, GBP=null, USD=null}, maximumRetailPriceOfToolsByCurrency={EUR=1056.0, GBP=7266.06, USD=845.32}, maximumRetailPriceOfComponentsByTechnologyAndCurrency={EUR->b=89.21, GBP->Lorem Ipsum is simply dummy text of the printing and typesetting industry. Lorem Ipsum has been the=168.75, EUR->c=22.22, USD->limited=568.0, GBP->Lorem Ipsum is simply dummy text of the printing=7266.06, EUR->Lorem Ipsum is simply dummy text of the printing and typesetting industry. Lorem Ipsum has been the=10.0, EUR->super=1025.0}, ratioOfItemsWithChimpum=0.17857, averageRetailPriceOfToolsByCurrency={EUR=296.78916666666663, GBP=3943.78, USD=422.115}, deviationBudgetPatronagesByStatus={ACCEPTED->USD=0.0, ACCEPTED->GBP=0.0, ACCEPTED->EUR=2506.8890225593495, PROPOSED->USD=0.0, PROPOSED->GBP=0.0, PROPOSED->EUR=3005.203820042827, DENIED->EUR=2013.8409955990955}, deviationRetailPriceOfComponentsByTechnologyAndCurrency={EUR->b=0.0, GBP->Lorem Ipsum is simply dummy text of the printing and typesetting industry. Lorem Ipsum has been the=0.0, EUR->c=0.0, USD->limited=0.0, GBP->Lorem Ipsum is simply dummy text of the printing=0.0, EUR->Lorem Ipsum is simply dummy text of the printing and typesetting industry. Lorem Ipsum has been the=0.0, EUR->super=431.7142428736861}, averageBudgetPatronagesByStatus={ACCEPTED->USD=300.0, ACCEPTED->GBP=150.0, ACCEPTED->EUR=2912.0, PROPOSED->USD=125.0, PROPOSED->GBP=100.0, PROPOSED->EUR=4375.0, DENIED->EUR=2166.6666666666665}, minimumRetailPriceOfComponentsByTechnologyAndCurrency={EUR->b=89.21, GBP->Lorem Ipsum is simply dummy text of the printing and typesetting industry. Lorem Ipsum has been the=168.75, EUR->c=22.22, USD->limited=568.0, GBP->Lorem Ipsum is simply dummy text of the printing=7266.06, EUR->Lorem Ipsum is simply dummy text of the printing and typesetting industry. Lorem Ipsum has been the=10.0, EUR->super=27.0}, minimumBudgetPatronagesByStatus={ACCEPTED->USD=300.0, ACCEPTED->GBP=150.0, ACCEPTED->EUR=100.0, PROPOSED->USD=125.0, PROPOSED->GBP=100.0, PROPOSED->EUR=6500.0, DENIED->EUR=500.0}, averageRetailPriceOfComponentsByTechnologyAndCurrency={EUR->b=89.21, GBP->Lorem Ipsum is simply dummy text of the printing and typesetting industry. Lorem Ipsum has been the=168.75, EUR->c=22.22, USD->limited=568.0, GBP->Lorem Ipsum is simply dummy text of the printing=7266.06, EUR->Lorem Ipsum is simply dummy text of the printing and typesetting industry. Lorem Ipsum has been the=10.0, EUR->super=277.25}, averageBudgetOfChimpumsByCurrency={EUR=150.0, GBP=null, USD=null}, deviationRetailPriceOfToolsByCurrency={EUR=353.34754000035934, GBP=3322.28, USD=314.191354551649}, command=show, principal=acme.framework.entities.Principal@7ada6b18}] 
2022-06-02 14:07:14.751 DEBUG [acme.framework.components.tiles.DynamicTilesView@http-nio-8080-exec-2] View name 'administrator/administrator-dashboard/form', model {totalNumberOfPatronagesByStatus={DENIED=6, ACCEPTED=10, PROPOSED=6}, totalNumberOfComponents=10, maximumBudgetOfChimpumsByCurrency={EUR=300.0, GBP=null, USD=null}, totalNumberOfTools=18, deviationBudgetOfChimpumsByCurrency={EUR=77.45966692414834, GBP=null, USD=null}, minimumRetailPriceOfToolsByCurrency={EUR=22.22, GBP=621.5, USD=10.0}, maximumBudgetPatronagesByStatus={ACCEPTED->USD=300.0, ACCEPTED->GBP=150.0, ACCEPTED->EUR=6500.0, DENIED->EUR=5000.0}, minimumBudgetOfChimpumsByCurrency={EUR=100.0, GBP=null, USD=null}, maximumRetailPriceOfToolsByCurrency={EUR=1056.0, GBP=7266.06, USD=845.32}, maximumRetailPriceOfComponentsByTechnologyAndCurrency={EUR->b=89.21, GBP->Lorem Ipsum is simply dummy text of the printing and typesetting industry. Lorem Ipsum has been the=168.75, EUR->c=22.22, USD->limited=568.0, GBP->Lorem Ipsum is simply dummy text of the printing=7266.06, EUR->Lorem Ipsum is simply dummy text of the printing and typesetting industry. Lorem Ipsum has been the=10.0, EUR->super=1025.0}, ratioOfItemsWithChimpum=0.17857, averageRetailPriceOfToolsByCurrency={EUR=296.78916666666663, GBP=3943.78, USD=422.115}, deviationBudgetPatronagesByStatus={ACCEPTED->USD=0.0, ACCEPTED->GBP=0.0, ACCEPTED->EUR=2506.8890225593495, PROPOSED->USD=0.0, PROPOSED->GBP=0.0, PROPOSED->EUR=3005.203820042827, DENIED->EUR=2013.8409955990955}, deviationRetailPriceOfComponentsByTechnologyAndCurrency={EUR->b=0.0, GBP->Lorem Ipsum is simply dummy text of the printing and typesetting industry. Lorem Ipsum has been the=0.0, EUR->c=0.0, USD->limited=0.0, GBP->Lorem Ipsum is simply dummy text of the printing=0.0, EUR->Lorem Ipsum is simply dummy text of the printing and typesetting industry. Lorem Ipsum has been the=0.0, EUR->super=431.7142428736861}, averageBudgetPatronagesByStatus={ACCEPTED->USD=300.0, ACCEPTED->GBP=150.0, ACCEPTED->EUR=2912.0, PROPOSED->USD=125.0, PROPOSED->GBP=100.0, PROPOSED->EUR=4375.0, DENIED->EUR=2166.6666666666665}, minimumRetailPriceOfComponentsByTechnologyAndCurrency={EUR->b=89.21, GBP->Lorem Ipsum is simply dummy text of the printing and typesetting industry. Lorem Ipsum has been the=168.75, EUR->c=22.22, USD->limited=568.0, GBP->Lorem Ipsum is simply dummy text of the printing=7266.06, EUR->Lorem Ipsum is simply dummy text of the printing and typesetting industry. Lorem Ipsum has been the=10.0, EUR->super=27.0}, minimumBudgetPatronagesByStatus={ACCEPTED->USD=300.0, ACCEPTED->GBP=150.0, ACCEPTED->EUR=100.0, PROPOSED->USD=125.0, PROPOSED->GBP=100.0, PROPOSED->EUR=6500.0, DENIED->EUR=500.0}, averageRetailPriceOfComponentsByTechnologyAndCurrency={EUR->b=89.21, GBP->Lorem Ipsum is simply dummy text of the printing and typesetting industry. Lorem Ipsum has been the=168.75, EUR->c=22.22, USD->limited=568.0, GBP->Lorem Ipsum is simply dummy text of the printing=7266.06, EUR->Lorem Ipsum is simply dummy text of the printing and typesetting industry. Lorem Ipsum has been the=10.0, EUR->super=277.25}, averageBudgetOfChimpumsByCurrency={EUR=150.0, GBP=null, USD=null}, deviationRetailPriceOfToolsByCurrency={EUR=353.34754000035934, GBP=3322.28, USD=314.191354551649}, command=show, principal=acme.framework.entities.Principal@7ada6b18, org.springframework.validation.BindingResult.principal=org.springframework.validation.BeanPropertyBindingResult: 0 errors} 
2022-06-02 14:07:14.753 DEBUG [org.apache.jasper.servlet.JspServlet@http-nio-8080-exec-2] JspEngine --> /WEB-INF/views/master/page.jsp 
2022-06-02 14:07:14.753 DEBUG [org.apache.jasper.servlet.JspServlet@http-nio-8080-exec-2] ServletPath: /WEB-INF/views/master/page.jsp 
2022-06-02 14:07:14.753 DEBUG [org.apache.jasper.servlet.JspServlet@http-nio-8080-exec-2] PathInfo: null 
2022-06-02 14:07:14.757 DEBUG [org.apache.jasper.servlet.JspServlet@http-nio-8080-exec-2] RealPath: C:\Users\alber\universidad\dp2\Workspace-22.0\Workspace-22.0\Projects\Acme-Toolkits\target\classes\WEB-INF\views\master\page.jsp 
2022-06-02 14:07:14.757 DEBUG [org.apache.jasper.servlet.JspServlet@http-nio-8080-exec-2] RequestURI: /acme-toolkits-22.1/WEB-INF/views/master/page.jsp 
2022-06-02 14:07:14.758 DEBUG [org.apache.jasper.servlet.JspServlet@http-nio-8080-exec-2] QueryString: null 
2022-06-02 14:07:14.950 DEBUG [org.apache.jasper.servlet.JspServlet@http-nio-8080-exec-2] JspEngine --> /WEB-INF/views/administrator/administrator-dashboard/form.jsp 
2022-06-02 14:07:14.950 DEBUG [org.apache.jasper.servlet.JspServlet@http-nio-8080-exec-2] ServletPath: /WEB-INF/views/master/page.jsp 
2022-06-02 14:07:14.951 DEBUG [org.apache.jasper.servlet.JspServlet@http-nio-8080-exec-2] PathInfo: null 
2022-06-02 14:07:14.953 DEBUG [org.apache.jasper.servlet.JspServlet@http-nio-8080-exec-2] RealPath: C:\Users\alber\universidad\dp2\Workspace-22.0\Workspace-22.0\Projects\Acme-Toolkits\target\classes\WEB-INF\views\administrator\administrator-dashboard\form.jsp 
2022-06-02 14:07:14.955 DEBUG [org.apache.jasper.servlet.JspServlet@http-nio-8080-exec-2] RequestURI: /acme-toolkits-22.1/WEB-INF/views/master/page.jsp 
2022-06-02 14:07:14.955 DEBUG [org.apache.jasper.servlet.JspServlet@http-nio-8080-exec-2] QueryString: null 
