2022-06-01 23:12:50.118 INFO  [acme.Launcher@main] Starting Launcher using Java 1.8.0_281 on DESKTOP-S93RFEF with PID 16048 (C:\Users\alber\universidad\dp2\Workspace-22.0\Workspace-22.0\Frameworks\Acme-Framework-22.7\target\classes started by alber in C:\Users\alber\universidad\dp2\Workspace-22.0\Workspace-22.0\Projects\Acme-Toolkits) 
2022-06-01 23:12:50.119 DEBUG [acme.Launcher@main] Running with Spring Boot v2.4.2, Spring v5.3.3 
2022-06-01 23:12:50.120 INFO  [acme.Launcher@main] The following profiles are active: development,default 
2022-06-01 23:12:53.651 DEBUG [org.apache.jasper.servlet.JasperInitializer@main] Initializing Jasper for context [application] 
2022-06-01 23:12:59.787 DEBUG [org.apache.jasper.servlet.JspServlet@main] Scratch dir for the JSP engine is: [C:\Users\alber\AppData\Local\Temp\tomcat.8080.5585623893484937878\work\Tomcat\localhost\acme-toolkits-22.1] 
2022-06-01 23:12:59.787 DEBUG [org.apache.jasper.servlet.JspServlet@main] IMPORTANT: Do not modify the generated servlets 
2022-06-01 23:12:59.799 INFO  [acme.Launcher@main] Started Launcher in 10.693 seconds (JVM running for 11.56) 
2022-06-01 23:12:59.805 DEBUG [acme.Launcher@main] Found classpath entry '/C:/Users/alber/universidad/dp2/Workspace-22.0/Workspace-22.0/Projects/Acme-Toolkits/target/test-classes/' 
2022-06-01 23:12:59.805 DEBUG [acme.Launcher@main] Found classpath entry '/C:/Users/alber/universidad/dp2/Workspace-22.0/Workspace-22.0/Projects/Acme-Toolkits/target/classes/' 
2022-06-01 23:12:59.805 DEBUG [acme.Launcher@main] Found classpath entry '/C:/Users/alber/universidad/dp2/Workspace-22.0/Workspace-22.0/Projects/Acme-Toolkits/library/spamDetector.jar' 
2022-06-01 23:12:59.806 DEBUG [acme.Launcher@main] Found classpath entry '/C:/Users/alber/universidad/dp2/Workspace-22.0/Workspace-22.0/Frameworks/Acme-Framework-22.7/target/classes/' 
2022-06-01 23:12:59.806 DEBUG [acme.Launcher@main] Found classpath entry '/C:/Users/alber/universidad/dp2/Workspace-22.0/Workspace-22.0/Frameworks/Acme-Framework-22.7/target/test-classes/' 
2022-06-01 23:12:59.806 DEBUG [acme.Launcher@main] Found classpath entry '/C:/Users/alber/.m2/repository/org/springframework/boot/spring-boot-starter-tomcat/2.4.2/spring-boot-starter-tomcat-2.4.2.jar' 
2022-06-01 23:12:59.806 DEBUG [acme.Launcher@main] Found classpath entry '/C:/Users/alber/.m2/repository/jakarta/annotation/jakarta.annotation-api/1.3.5/jakarta.annotation-api-1.3.5.jar' 
2022-06-01 23:12:59.806 DEBUG [acme.Launcher@main] Found classpath entry '/C:/Users/alber/.m2/repository/org/apache/tomcat/embed/tomcat-embed-core/9.0.41/tomcat-embed-core-9.0.41.jar' 
2022-06-01 23:12:59.806 DEBUG [acme.Launcher@main] Found classpath entry '/C:/Users/alber/.m2/repository/org/glassfish/jakarta.el/3.0.3/jakarta.el-3.0.3.jar' 
2022-06-01 23:12:59.806 DEBUG [acme.Launcher@main] Found classpath entry '/C:/Users/alber/.m2/repository/org/apache/tomcat/embed/tomcat-embed-websocket/9.0.41/tomcat-embed-websocket-9.0.41.jar' 
2022-06-01 23:12:59.807 DEBUG [acme.Launcher@main] Found classpath entry '/C:/Users/alber/.m2/repository/org/apache/tomcat/embed/tomcat-embed-jasper/9.0.41/tomcat-embed-jasper-9.0.41.jar' 
2022-06-01 23:12:59.807 DEBUG [acme.Launcher@main] Found classpath entry '/C:/Users/alber/.m2/repository/org/apache/tomcat/embed/tomcat-embed-el/9.0.41/tomcat-embed-el-9.0.41.jar' 
2022-06-01 23:12:59.807 DEBUG [acme.Launcher@main] Found classpath entry '/C:/Users/alber/.m2/repository/org/eclipse/jdt/ecj/3.18.0/ecj-3.18.0.jar' 
2022-06-01 23:12:59.807 DEBUG [acme.Launcher@main] Found classpath entry '/C:/Users/alber/.m2/repository/javax/servlet/jstl/1.2/jstl-1.2.jar' 
2022-06-01 23:12:59.807 DEBUG [acme.Launcher@main] Found classpath entry '/C:/Users/alber/.m2/repository/org/springframework/boot/spring-boot-starter-security/2.4.2/spring-boot-starter-security-2.4.2.jar' 
2022-06-01 23:12:59.807 DEBUG [acme.Launcher@main] Found classpath entry '/C:/Users/alber/.m2/repository/org/springframework/boot/spring-boot-starter/2.4.2/spring-boot-starter-2.4.2.jar' 
2022-06-01 23:12:59.807 DEBUG [acme.Launcher@main] Found classpath entry '/C:/Users/alber/.m2/repository/org/springframework/boot/spring-boot/2.4.2/spring-boot-2.4.2.jar' 
2022-06-01 23:12:59.808 DEBUG [acme.Launcher@main] Found classpath entry '/C:/Users/alber/.m2/repository/org/springframework/boot/spring-boot-autoconfigure/2.4.2/spring-boot-autoconfigure-2.4.2.jar' 
2022-06-01 23:12:59.808 DEBUG [acme.Launcher@main] Found classpath entry '/C:/Users/alber/.m2/repository/org/springframework/boot/spring-boot-starter-logging/2.4.2/spring-boot-starter-logging-2.4.2.jar' 
2022-06-01 23:12:59.808 DEBUG [acme.Launcher@main] Found classpath entry '/C:/Users/alber/.m2/repository/ch/qos/logback/logback-classic/1.2.3/logback-classic-1.2.3.jar' 
2022-06-01 23:12:59.808 DEBUG [acme.Launcher@main] Found classpath entry '/C:/Users/alber/.m2/repository/ch/qos/logback/logback-core/1.2.3/logback-core-1.2.3.jar' 
2022-06-01 23:12:59.808 DEBUG [acme.Launcher@main] Found classpath entry '/C:/Users/alber/.m2/repository/org/apache/logging/log4j/log4j-to-slf4j/2.13.3/log4j-to-slf4j-2.13.3.jar' 
2022-06-01 23:12:59.808 DEBUG [acme.Launcher@main] Found classpath entry '/C:/Users/alber/.m2/repository/org/apache/logging/log4j/log4j-api/2.13.3/log4j-api-2.13.3.jar' 
2022-06-01 23:12:59.809 DEBUG [acme.Launcher@main] Found classpath entry '/C:/Users/alber/.m2/repository/org/slf4j/jul-to-slf4j/1.7.30/jul-to-slf4j-1.7.30.jar' 
2022-06-01 23:12:59.809 DEBUG [acme.Launcher@main] Found classpath entry '/C:/Users/alber/.m2/repository/org/yaml/snakeyaml/1.27/snakeyaml-1.27.jar' 
2022-06-01 23:12:59.809 DEBUG [acme.Launcher@main] Found classpath entry '/C:/Users/alber/.m2/repository/org/springframework/spring-aop/5.3.3/spring-aop-5.3.3.jar' 
2022-06-01 23:12:59.809 DEBUG [acme.Launcher@main] Found classpath entry '/C:/Users/alber/.m2/repository/org/springframework/security/spring-security-web/5.4.2/spring-security-web-5.4.2.jar' 
2022-06-01 23:12:59.810 DEBUG [acme.Launcher@main] Found classpath entry '/C:/Users/alber/.m2/repository/org/springframework/security/spring-security-core/5.4.2/spring-security-core-5.4.2.jar' 
2022-06-01 23:12:59.810 DEBUG [acme.Launcher@main] Found classpath entry '/C:/Users/alber/.m2/repository/org/springframework/spring-beans/5.3.3/spring-beans-5.3.3.jar' 
2022-06-01 23:12:59.810 DEBUG [acme.Launcher@main] Found classpath entry '/C:/Users/alber/.m2/repository/org/springframework/spring-context/5.3.3/spring-context-5.3.3.jar' 
2022-06-01 23:12:59.810 DEBUG [acme.Launcher@main] Found classpath entry '/C:/Users/alber/.m2/repository/org/springframework/spring-core/5.3.3/spring-core-5.3.3.jar' 
2022-06-01 23:12:59.810 DEBUG [acme.Launcher@main] Found classpath entry '/C:/Users/alber/.m2/repository/org/springframework/spring-jcl/5.3.3/spring-jcl-5.3.3.jar' 
2022-06-01 23:12:59.810 DEBUG [acme.Launcher@main] Found classpath entry '/C:/Users/alber/.m2/repository/org/springframework/spring-expression/5.3.3/spring-expression-5.3.3.jar' 
2022-06-01 23:12:59.810 DEBUG [acme.Launcher@main] Found classpath entry '/C:/Users/alber/.m2/repository/org/springframework/spring-web/5.3.3/spring-web-5.3.3.jar' 
2022-06-01 23:12:59.811 DEBUG [acme.Launcher@main] Found classpath entry '/C:/Users/alber/.m2/repository/org/springframework/security/spring-security-config/5.4.2/spring-security-config-5.4.2.jar' 
2022-06-01 23:12:59.811 DEBUG [acme.Launcher@main] Found classpath entry '/C:/Users/alber/.m2/repository/org/springframework/security/spring-security-taglibs/5.4.2/spring-security-taglibs-5.4.2.jar' 
2022-06-01 23:12:59.811 DEBUG [acme.Launcher@main] Found classpath entry '/C:/Users/alber/.m2/repository/org/springframework/security/spring-security-acl/5.4.2/spring-security-acl-5.4.2.jar' 
2022-06-01 23:12:59.811 DEBUG [acme.Launcher@main] Found classpath entry '/C:/Users/alber/.m2/repository/org/springframework/spring-jdbc/5.3.3/spring-jdbc-5.3.3.jar' 
2022-06-01 23:12:59.811 DEBUG [acme.Launcher@main] Found classpath entry '/C:/Users/alber/.m2/repository/org/springframework/spring-tx/5.3.3/spring-tx-5.3.3.jar' 
2022-06-01 23:12:59.811 DEBUG [acme.Launcher@main] Found classpath entry '/C:/Users/alber/.m2/repository/org/springframework/boot/spring-boot-starter-web/2.4.2/spring-boot-starter-web-2.4.2.jar' 
2022-06-01 23:12:59.812 DEBUG [acme.Launcher@main] Found classpath entry '/C:/Users/alber/.m2/repository/org/springframework/boot/spring-boot-starter-json/2.4.2/spring-boot-starter-json-2.4.2.jar' 
2022-06-01 23:12:59.812 DEBUG [acme.Launcher@main] Found classpath entry '/C:/Users/alber/.m2/repository/com/fasterxml/jackson/core/jackson-databind/2.11.4/jackson-databind-2.11.4.jar' 
2022-06-01 23:12:59.812 DEBUG [acme.Launcher@main] Found classpath entry '/C:/Users/alber/.m2/repository/com/fasterxml/jackson/core/jackson-annotations/2.11.4/jackson-annotations-2.11.4.jar' 
2022-06-01 23:12:59.812 DEBUG [acme.Launcher@main] Found classpath entry '/C:/Users/alber/.m2/repository/com/fasterxml/jackson/core/jackson-core/2.11.4/jackson-core-2.11.4.jar' 
2022-06-01 23:12:59.812 DEBUG [acme.Launcher@main] Found classpath entry '/C:/Users/alber/.m2/repository/com/fasterxml/jackson/datatype/jackson-datatype-jdk8/2.11.4/jackson-datatype-jdk8-2.11.4.jar' 
2022-06-01 23:12:59.812 DEBUG [acme.Launcher@main] Found classpath entry '/C:/Users/alber/.m2/repository/com/fasterxml/jackson/datatype/jackson-datatype-jsr310/2.11.4/jackson-datatype-jsr310-2.11.4.jar' 
2022-06-01 23:12:59.812 DEBUG [acme.Launcher@main] Found classpath entry '/C:/Users/alber/.m2/repository/com/fasterxml/jackson/module/jackson-module-parameter-names/2.11.4/jackson-module-parameter-names-2.11.4.jar' 
2022-06-01 23:12:59.813 DEBUG [acme.Launcher@main] Found classpath entry '/C:/Users/alber/.m2/repository/org/springframework/spring-webmvc/5.3.3/spring-webmvc-5.3.3.jar' 
2022-06-01 23:12:59.813 DEBUG [acme.Launcher@main] Found classpath entry '/C:/Users/alber/.m2/repository/org/apache/tiles/tiles-jsp/3.0.8/tiles-jsp-3.0.8.jar' 
2022-06-01 23:12:59.813 DEBUG [acme.Launcher@main] Found classpath entry '/C:/Users/alber/.m2/repository/org/apache/tiles/tiles-servlet/3.0.8/tiles-servlet-3.0.8.jar' 
2022-06-01 23:12:59.813 DEBUG [acme.Launcher@main] Found classpath entry '/C:/Users/alber/.m2/repository/org/apache/tiles/tiles-core/3.0.8/tiles-core-3.0.8.jar' 
2022-06-01 23:12:59.813 DEBUG [acme.Launcher@main] Found classpath entry '/C:/Users/alber/.m2/repository/commons-digester/commons-digester/2.0/commons-digester-2.0.jar' 
2022-06-01 23:12:59.813 DEBUG [acme.Launcher@main] Found classpath entry '/C:/Users/alber/.m2/repository/org/slf4j/jcl-over-slf4j/1.7.30/jcl-over-slf4j-1.7.30.jar' 
2022-06-01 23:12:59.813 DEBUG [acme.Launcher@main] Found classpath entry '/C:/Users/alber/.m2/repository/org/apache/tiles/tiles-request-servlet/1.0.7/tiles-request-servlet-1.0.7.jar' 
2022-06-01 23:12:59.814 DEBUG [acme.Launcher@main] Found classpath entry '/C:/Users/alber/.m2/repository/org/apache/tiles/tiles-template/3.0.8/tiles-template-3.0.8.jar' 
2022-06-01 23:12:59.814 DEBUG [acme.Launcher@main] Found classpath entry '/C:/Users/alber/.m2/repository/org/apache/tiles/tiles-api/3.0.8/tiles-api-3.0.8.jar' 
2022-06-01 23:12:59.814 DEBUG [acme.Launcher@main] Found classpath entry '/C:/Users/alber/.m2/repository/org/apache/tiles/tiles-autotag-core-runtime/1.2/tiles-autotag-core-runtime-1.2.jar' 
2022-06-01 23:12:59.814 DEBUG [acme.Launcher@main] Found classpath entry '/C:/Users/alber/.m2/repository/org/slf4j/slf4j-api/1.7.30/slf4j-api-1.7.30.jar' 
2022-06-01 23:12:59.814 DEBUG [acme.Launcher@main] Found classpath entry '/C:/Users/alber/.m2/repository/org/apache/tiles/tiles-request-jsp/1.0.7/tiles-request-jsp-1.0.7.jar' 
2022-06-01 23:12:59.814 DEBUG [acme.Launcher@main] Found classpath entry '/C:/Users/alber/.m2/repository/org/apache/tiles/tiles-request-api/1.0.7/tiles-request-api-1.0.7.jar' 
2022-06-01 23:12:59.814 DEBUG [acme.Launcher@main] Found classpath entry '/C:/Users/alber/.m2/repository/org/springframework/boot/spring-boot-starter-data-jpa/2.4.2/spring-boot-starter-data-jpa-2.4.2.jar' 
2022-06-01 23:12:59.814 DEBUG [acme.Launcher@main] Found classpath entry '/C:/Users/alber/.m2/repository/org/springframework/boot/spring-boot-starter-aop/2.4.2/spring-boot-starter-aop-2.4.2.jar' 
2022-06-01 23:12:59.815 DEBUG [acme.Launcher@main] Found classpath entry '/C:/Users/alber/.m2/repository/org/aspectj/aspectjweaver/1.9.6/aspectjweaver-1.9.6.jar' 
2022-06-01 23:12:59.815 DEBUG [acme.Launcher@main] Found classpath entry '/C:/Users/alber/.m2/repository/org/springframework/boot/spring-boot-starter-jdbc/2.4.2/spring-boot-starter-jdbc-2.4.2.jar' 
2022-06-01 23:12:59.815 DEBUG [acme.Launcher@main] Found classpath entry '/C:/Users/alber/.m2/repository/jakarta/transaction/jakarta.transaction-api/1.3.3/jakarta.transaction-api-1.3.3.jar' 
2022-06-01 23:12:59.815 DEBUG [acme.Launcher@main] Found classpath entry '/C:/Users/alber/.m2/repository/jakarta/persistence/jakarta.persistence-api/2.2.3/jakarta.persistence-api-2.2.3.jar' 
2022-06-01 23:12:59.815 DEBUG [acme.Launcher@main] Found classpath entry '/C:/Users/alber/.m2/repository/org/hibernate/hibernate-core/5.4.27.Final/hibernate-core-5.4.27.Final.jar' 
2022-06-01 23:12:59.815 DEBUG [acme.Launcher@main] Found classpath entry '/C:/Users/alber/.m2/repository/org/jboss/logging/jboss-logging/3.4.1.Final/jboss-logging-3.4.1.Final.jar' 
2022-06-01 23:12:59.815 DEBUG [acme.Launcher@main] Found classpath entry '/C:/Users/alber/.m2/repository/org/javassist/javassist/3.27.0-GA/javassist-3.27.0-GA.jar' 
2022-06-01 23:12:59.816 DEBUG [acme.Launcher@main] Found classpath entry '/C:/Users/alber/.m2/repository/antlr/antlr/2.7.7/antlr-2.7.7.jar' 
2022-06-01 23:12:59.816 DEBUG [acme.Launcher@main] Found classpath entry '/C:/Users/alber/.m2/repository/org/jboss/jandex/2.1.3.Final/jandex-2.1.3.Final.jar' 
2022-06-01 23:12:59.816 DEBUG [acme.Launcher@main] Found classpath entry '/C:/Users/alber/.m2/repository/com/fasterxml/classmate/1.5.1/classmate-1.5.1.jar' 
2022-06-01 23:12:59.816 DEBUG [acme.Launcher@main] Found classpath entry '/C:/Users/alber/.m2/repository/org/dom4j/dom4j/2.1.3/dom4j-2.1.3.jar' 
2022-06-01 23:12:59.816 DEBUG [acme.Launcher@main] Found classpath entry '/C:/Users/alber/.m2/repository/org/hibernate/common/hibernate-commons-annotations/5.1.2.Final/hibernate-commons-annotations-5.1.2.Final.jar' 
2022-06-01 23:12:59.817 DEBUG [acme.Launcher@main] Found classpath entry '/C:/Users/alber/.m2/repository/org/glassfish/jaxb/jaxb-runtime/2.3.3/jaxb-runtime-2.3.3.jar' 
2022-06-01 23:12:59.817 DEBUG [acme.Launcher@main] Found classpath entry '/C:/Users/alber/.m2/repository/org/glassfish/jaxb/txw2/2.3.3/txw2-2.3.3.jar' 
2022-06-01 23:12:59.817 DEBUG [acme.Launcher@main] Found classpath entry '/C:/Users/alber/.m2/repository/com/sun/istack/istack-commons-runtime/3.0.11/istack-commons-runtime-3.0.11.jar' 
2022-06-01 23:12:59.817 DEBUG [acme.Launcher@main] Found classpath entry '/C:/Users/alber/.m2/repository/com/sun/activation/jakarta.activation/1.2.2/jakarta.activation-1.2.2.jar' 
2022-06-01 23:12:59.817 DEBUG [acme.Launcher@main] Found classpath entry '/C:/Users/alber/.m2/repository/org/springframework/data/spring-data-jpa/2.4.3/spring-data-jpa-2.4.3.jar' 
2022-06-01 23:12:59.818 DEBUG [acme.Launcher@main] Found classpath entry '/C:/Users/alber/.m2/repository/org/springframework/data/spring-data-commons/2.4.3/spring-data-commons-2.4.3.jar' 
2022-06-01 23:12:59.818 DEBUG [acme.Launcher@main] Found classpath entry '/C:/Users/alber/.m2/repository/org/springframework/spring-orm/5.3.3/spring-orm-5.3.3.jar' 
2022-06-01 23:12:59.818 DEBUG [acme.Launcher@main] Found classpath entry '/C:/Users/alber/.m2/repository/org/springframework/spring-aspects/5.3.3/spring-aspects-5.3.3.jar' 
2022-06-01 23:12:59.818 DEBUG [acme.Launcher@main] Found classpath entry '/C:/Users/alber/.m2/repository/org/springframework/boot/spring-boot-starter-validation/2.4.2/spring-boot-starter-validation-2.4.2.jar' 
2022-06-01 23:12:59.818 DEBUG [acme.Launcher@main] Found classpath entry '/C:/Users/alber/.m2/repository/org/hibernate/validator/hibernate-validator/6.1.7.Final/hibernate-validator-6.1.7.Final.jar' 
2022-06-01 23:12:59.818 DEBUG [acme.Launcher@main] Found classpath entry '/C:/Users/alber/.m2/repository/jakarta/validation/jakarta.validation-api/2.0.2/jakarta.validation-api-2.0.2.jar' 
2022-06-01 23:12:59.818 DEBUG [acme.Launcher@main] Found classpath entry '/C:/Users/alber/.m2/repository/mysql/mysql-connector-java/8.0.22/mysql-connector-java-8.0.22.jar' 
2022-06-01 23:12:59.819 DEBUG [acme.Launcher@main] Found classpath entry '/C:/Users/alber/.m2/repository/com/zaxxer/HikariCP/3.4.5/HikariCP-3.4.5.jar' 
2022-06-01 23:12:59.819 DEBUG [acme.Launcher@main] Found classpath entry '/C:/Users/alber/.m2/repository/org/springframework/boot/spring-boot-starter-test/2.4.2/spring-boot-starter-test-2.4.2.jar' 
2022-06-01 23:12:59.819 DEBUG [acme.Launcher@main] Found classpath entry '/C:/Users/alber/.m2/repository/org/springframework/boot/spring-boot-test/2.4.2/spring-boot-test-2.4.2.jar' 
2022-06-01 23:12:59.819 DEBUG [acme.Launcher@main] Found classpath entry '/C:/Users/alber/.m2/repository/org/springframework/boot/spring-boot-test-autoconfigure/2.4.2/spring-boot-test-autoconfigure-2.4.2.jar' 
2022-06-01 23:12:59.819 DEBUG [acme.Launcher@main] Found classpath entry '/C:/Users/alber/.m2/repository/com/jayway/jsonpath/json-path/2.4.0/json-path-2.4.0.jar' 
2022-06-01 23:12:59.819 DEBUG [acme.Launcher@main] Found classpath entry '/C:/Users/alber/.m2/repository/net/minidev/json-smart/2.3/json-smart-2.3.jar' 
2022-06-01 23:12:59.819 DEBUG [acme.Launcher@main] Found classpath entry '/C:/Users/alber/.m2/repository/net/minidev/accessors-smart/1.2/accessors-smart-1.2.jar' 
2022-06-01 23:12:59.819 DEBUG [acme.Launcher@main] Found classpath entry '/C:/Users/alber/.m2/repository/org/ow2/asm/asm/5.0.4/asm-5.0.4.jar' 
2022-06-01 23:12:59.820 DEBUG [acme.Launcher@main] Found classpath entry '/C:/Users/alber/.m2/repository/jakarta/xml/bind/jakarta.xml.bind-api/2.3.3/jakarta.xml.bind-api-2.3.3.jar' 
2022-06-01 23:12:59.820 DEBUG [acme.Launcher@main] Found classpath entry '/C:/Users/alber/.m2/repository/jakarta/activation/jakarta.activation-api/1.2.2/jakarta.activation-api-1.2.2.jar' 
2022-06-01 23:12:59.820 DEBUG [acme.Launcher@main] Found classpath entry '/C:/Users/alber/.m2/repository/org/assertj/assertj-core/3.18.1/assertj-core-3.18.1.jar' 
2022-06-01 23:12:59.820 DEBUG [acme.Launcher@main] Found classpath entry '/C:/Users/alber/.m2/repository/org/hamcrest/hamcrest/2.2/hamcrest-2.2.jar' 
2022-06-01 23:12:59.820 DEBUG [acme.Launcher@main] Found classpath entry '/C:/Users/alber/.m2/repository/org/junit/jupiter/junit-jupiter/5.7.0/junit-jupiter-5.7.0.jar' 
2022-06-01 23:12:59.820 DEBUG [acme.Launcher@main] Found classpath entry '/C:/Users/alber/.m2/repository/org/mockito/mockito-core/3.6.28/mockito-core-3.6.28.jar' 
2022-06-01 23:12:59.820 DEBUG [acme.Launcher@main] Found classpath entry '/C:/Users/alber/.m2/repository/net/bytebuddy/byte-buddy-agent/1.10.19/byte-buddy-agent-1.10.19.jar' 
2022-06-01 23:12:59.820 DEBUG [acme.Launcher@main] Found classpath entry '/C:/Users/alber/.m2/repository/org/objenesis/objenesis/3.1/objenesis-3.1.jar' 
2022-06-01 23:12:59.820 DEBUG [acme.Launcher@main] Found classpath entry '/C:/Users/alber/.m2/repository/org/mockito/mockito-junit-jupiter/3.6.28/mockito-junit-jupiter-3.6.28.jar' 
2022-06-01 23:12:59.821 DEBUG [acme.Launcher@main] Found classpath entry '/C:/Users/alber/.m2/repository/org/skyscreamer/jsonassert/1.5.0/jsonassert-1.5.0.jar' 
2022-06-01 23:12:59.821 DEBUG [acme.Launcher@main] Found classpath entry '/C:/Users/alber/.m2/repository/com/vaadin/external/google/android-json/0.0.20131108.vaadin1/android-json-0.0.20131108.vaadin1.jar' 
2022-06-01 23:12:59.821 DEBUG [acme.Launcher@main] Found classpath entry '/C:/Users/alber/.m2/repository/org/springframework/spring-test/5.3.3/spring-test-5.3.3.jar' 
2022-06-01 23:12:59.821 DEBUG [acme.Launcher@main] Found classpath entry '/C:/Users/alber/.m2/repository/org/xmlunit/xmlunit-core/2.7.0/xmlunit-core-2.7.0.jar' 
2022-06-01 23:12:59.821 DEBUG [acme.Launcher@main] Found classpath entry '/C:/Users/alber/.m2/repository/org/junit/jupiter/junit-jupiter-engine/5.7.0/junit-jupiter-engine-5.7.0.jar' 
2022-06-01 23:12:59.821 DEBUG [acme.Launcher@main] Found classpath entry '/C:/Users/alber/.m2/repository/org/apiguardian/apiguardian-api/1.1.0/apiguardian-api-1.1.0.jar' 
2022-06-01 23:12:59.821 DEBUG [acme.Launcher@main] Found classpath entry '/C:/Users/alber/.m2/repository/org/junit/platform/junit-platform-engine/1.7.0/junit-platform-engine-1.7.0.jar' 
2022-06-01 23:12:59.821 DEBUG [acme.Launcher@main] Found classpath entry '/C:/Users/alber/.m2/repository/org/junit/jupiter/junit-jupiter-api/5.7.0/junit-jupiter-api-5.7.0.jar' 
2022-06-01 23:12:59.822 DEBUG [acme.Launcher@main] Found classpath entry '/C:/Users/alber/.m2/repository/org/opentest4j/opentest4j/1.2.0/opentest4j-1.2.0.jar' 
2022-06-01 23:12:59.822 DEBUG [acme.Launcher@main] Found classpath entry '/C:/Users/alber/.m2/repository/org/junit/platform/junit-platform-commons/1.7.0/junit-platform-commons-1.7.0.jar' 
2022-06-01 23:12:59.822 DEBUG [acme.Launcher@main] Found classpath entry '/C:/Users/alber/.m2/repository/org/junit/jupiter/junit-jupiter-params/5.7.0/junit-jupiter-params-5.7.0.jar' 
2022-06-01 23:12:59.822 DEBUG [acme.Launcher@main] Found classpath entry '/C:/Users/alber/.m2/repository/org/junit/platform/junit-platform-launcher/1.7.0/junit-platform-launcher-1.7.0.jar' 
2022-06-01 23:12:59.822 DEBUG [acme.Launcher@main] Found classpath entry '/C:/Users/alber/.m2/repository/org/seleniumhq/selenium/selenium-java/3.141.59/selenium-java-3.141.59.jar' 
2022-06-01 23:12:59.822 DEBUG [acme.Launcher@main] Found classpath entry '/C:/Users/alber/.m2/repository/org/seleniumhq/selenium/selenium-api/3.141.59/selenium-api-3.141.59.jar' 
2022-06-01 23:12:59.822 DEBUG [acme.Launcher@main] Found classpath entry '/C:/Users/alber/.m2/repository/org/seleniumhq/selenium/selenium-chrome-driver/3.141.59/selenium-chrome-driver-3.141.59.jar' 
2022-06-01 23:12:59.822 DEBUG [acme.Launcher@main] Found classpath entry '/C:/Users/alber/.m2/repository/org/seleniumhq/selenium/selenium-edge-driver/3.141.59/selenium-edge-driver-3.141.59.jar' 
2022-06-01 23:12:59.822 DEBUG [acme.Launcher@main] Found classpath entry '/C:/Users/alber/.m2/repository/org/seleniumhq/selenium/selenium-firefox-driver/3.141.59/selenium-firefox-driver-3.141.59.jar' 
2022-06-01 23:12:59.823 DEBUG [acme.Launcher@main] Found classpath entry '/C:/Users/alber/.m2/repository/org/seleniumhq/selenium/selenium-ie-driver/3.141.59/selenium-ie-driver-3.141.59.jar' 
2022-06-01 23:12:59.823 DEBUG [acme.Launcher@main] Found classpath entry '/C:/Users/alber/.m2/repository/org/seleniumhq/selenium/selenium-opera-driver/3.141.59/selenium-opera-driver-3.141.59.jar' 
2022-06-01 23:12:59.823 DEBUG [acme.Launcher@main] Found classpath entry '/C:/Users/alber/.m2/repository/org/seleniumhq/selenium/selenium-remote-driver/3.141.59/selenium-remote-driver-3.141.59.jar' 
2022-06-01 23:12:59.823 DEBUG [acme.Launcher@main] Found classpath entry '/C:/Users/alber/.m2/repository/org/seleniumhq/selenium/selenium-safari-driver/3.141.59/selenium-safari-driver-3.141.59.jar' 
2022-06-01 23:12:59.823 DEBUG [acme.Launcher@main] Found classpath entry '/C:/Users/alber/.m2/repository/org/seleniumhq/selenium/selenium-support/3.141.59/selenium-support-3.141.59.jar' 
2022-06-01 23:12:59.823 DEBUG [acme.Launcher@main] Found classpath entry '/C:/Users/alber/.m2/repository/net/bytebuddy/byte-buddy/1.10.19/byte-buddy-1.10.19.jar' 
2022-06-01 23:12:59.823 DEBUG [acme.Launcher@main] Found classpath entry '/C:/Users/alber/.m2/repository/org/apache/commons/commons-exec/1.3/commons-exec-1.3.jar' 
2022-06-01 23:12:59.824 DEBUG [acme.Launcher@main] Found classpath entry '/C:/Users/alber/.m2/repository/com/google/guava/guava/25.0-jre/guava-25.0-jre.jar' 
2022-06-01 23:12:59.824 DEBUG [acme.Launcher@main] Found classpath entry '/C:/Users/alber/.m2/repository/com/google/code/findbugs/jsr305/1.3.9/jsr305-1.3.9.jar' 
2022-06-01 23:12:59.824 DEBUG [acme.Launcher@main] Found classpath entry '/C:/Users/alber/.m2/repository/org/checkerframework/checker-compat-qual/2.0.0/checker-compat-qual-2.0.0.jar' 
2022-06-01 23:12:59.824 DEBUG [acme.Launcher@main] Found classpath entry '/C:/Users/alber/.m2/repository/com/google/errorprone/error_prone_annotations/2.1.3/error_prone_annotations-2.1.3.jar' 
2022-06-01 23:12:59.824 DEBUG [acme.Launcher@main] Found classpath entry '/C:/Users/alber/.m2/repository/com/google/j2objc/j2objc-annotations/1.1/j2objc-annotations-1.1.jar' 
2022-06-01 23:12:59.824 DEBUG [acme.Launcher@main] Found classpath entry '/C:/Users/alber/.m2/repository/org/codehaus/mojo/animal-sniffer-annotations/1.14/animal-sniffer-annotations-1.14.jar' 
2022-06-01 23:12:59.825 DEBUG [acme.Launcher@main] Found classpath entry '/C:/Users/alber/.m2/repository/com/squareup/okhttp3/okhttp/3.14.9/okhttp-3.14.9.jar' 
2022-06-01 23:12:59.825 DEBUG [acme.Launcher@main] Found classpath entry '/C:/Users/alber/.m2/repository/com/squareup/okio/okio/1.14.0/okio-1.14.0.jar' 
2022-06-01 23:12:59.825 DEBUG [acme.Launcher@main] Found classpath entry '/C:/Users/alber/.m2/repository/org/apache/commons/commons-lang3/3.11/commons-lang3-3.11.jar' 
2022-06-01 23:12:59.825 DEBUG [acme.Launcher@main] Found classpath entry '/C:/Users/alber/.m2/repository/org/apache/commons/commons-text/1.8/commons-text-1.8.jar' 
2022-06-01 23:12:59.825 DEBUG [acme.Launcher@main] Found classpath entry '/C:/Users/alber/.m2/repository/commons-io/commons-io/2.6/commons-io-2.6.jar' 
2022-06-01 23:12:59.825 DEBUG [acme.Launcher@main] Found classpath entry '/C:/Users/alber/.m2/repository/commons-cli/commons-cli/1.4/commons-cli-1.4.jar' 
2022-06-01 23:12:59.825 DEBUG [acme.Launcher@main] Found classpath entry '/C:/Users/alber/.m2/repository/org/projectlombok/lombok/1.18.16/lombok-1.18.16.jar' 
2022-06-01 23:12:59.825 DEBUG [acme.Launcher@main] Found classpath entry '/C:/Users/alber/.m2/repository/com/opencsv/opencsv/5.4/opencsv-5.4.jar' 
2022-06-01 23:12:59.826 DEBUG [acme.Launcher@main] Found classpath entry '/C:/Users/alber/.m2/repository/commons-beanutils/commons-beanutils/1.9.4/commons-beanutils-1.9.4.jar' 
2022-06-01 23:12:59.826 DEBUG [acme.Launcher@main] Found classpath entry '/C:/Users/alber/.m2/repository/commons-logging/commons-logging/1.2/commons-logging-1.2.jar' 
2022-06-01 23:12:59.826 DEBUG [acme.Launcher@main] Found classpath entry '/C:/Users/alber/.m2/repository/commons-collections/commons-collections/3.2.2/commons-collections-3.2.2.jar' 
2022-06-01 23:12:59.826 DEBUG [acme.Launcher@main] Found classpath entry '/C:/Users/alber/.m2/repository/org/apache/commons/commons-collections4/4.4/commons-collections4-4.4.jar' 
2022-06-01 23:13:00.112 DEBUG [acme.Launcher@main] Found entity class 'acme.entities.announcement.Announcement 
2022-06-01 23:13:00.112 DEBUG [acme.Launcher@main] Found entity class 'acme.entities.chimpum.Chimpum 
2022-06-01 23:13:00.112 DEBUG [acme.Launcher@main] Found entity class 'acme.entities.chirp.Chirp 
2022-06-01 23:13:00.112 DEBUG [acme.Launcher@main] Found entity class 'acme.entities.item.Item 
2022-06-01 23:13:00.113 DEBUG [acme.Launcher@main] Found entity class 'acme.entities.moneyExchange.MoneyExchange 
2022-06-01 23:13:00.113 DEBUG [acme.Launcher@main] Found entity class 'acme.entities.patronage.Patronage 
2022-06-01 23:13:00.113 DEBUG [acme.Launcher@main] Found entity class 'acme.entities.patronageReport.PatronageReport 
2022-06-01 23:13:00.113 DEBUG [acme.Launcher@main] Found entity class 'acme.entities.quantity.Quantity 
2022-06-01 23:13:00.114 DEBUG [acme.Launcher@main] Found entity class 'acme.entities.systemConfiguration.SystemConfiguration 
2022-06-01 23:13:00.114 DEBUG [acme.Launcher@main] Found entity class 'acme.entities.toolkit.Toolkit 
2022-06-01 23:13:00.114 DEBUG [acme.Launcher@main] Found entity class 'acme.roles.Consumer 
2022-06-01 23:13:00.114 DEBUG [acme.Launcher@main] Found entity class 'acme.roles.Inventor 
2022-06-01 23:13:00.114 DEBUG [acme.Launcher@main] Found entity class 'acme.roles.Patron 
2022-06-01 23:13:00.114 DEBUG [acme.Launcher@main] Found entity class 'acme.roles.Provider 
2022-06-01 23:13:00.114 DEBUG [acme.Launcher@main] Found entity class 'acme.framework.entities.UserAccount 
2022-06-01 23:13:00.115 DEBUG [acme.Launcher@main] Found entity class 'acme.framework.roles.Administrator 
2022-06-01 23:13:00.116 DEBUG [acme.Launcher@main] Found entity class 'acme.framework.roles.Anonymous 
2022-06-01 23:13:00.116 DEBUG [acme.Launcher@main] Found entity class 'acme.framework.roles.Any 
2022-06-01 23:13:00.116 DEBUG [acme.Launcher@main] Found entity class 'acme.framework.roles.Authenticated 
2022-06-01 23:13:00.123 INFO  [acme.Launcher@main] Running application (Standalone) 
2022-06-01 23:13:14.943 DEBUG [acme.framework.components.tiles.DynamicTilesView@http-nio-8080-exec-1] View name 'fragments/welcome', model {} 
2022-06-01 23:13:14.963 DEBUG [org.apache.tiles.definition.dao.BaseLocaleUrlDefinitionDAO@http-nio-8080-exec-1] File Resource file:/C:/Users/alber/universidad/dp2/Workspace-22.0/Workspace-22.0/Projects/Acme-Toolkits/target/classes/WEB-INF/views/master/tiles_en.xml at file:/C:/Users/alber/universidad/dp2/Workspace-22.0/Workspace-22.0/Projects/Acme-Toolkits/target/classes/WEB-INF/views/master/tiles_en.xml not found, continue 
2022-06-01 23:13:14.974 DEBUG [org.apache.jasper.servlet.JspServlet@http-nio-8080-exec-1] JspEngine --> /WEB-INF/views/master/page.jsp 
2022-06-01 23:13:14.974 DEBUG [org.apache.jasper.servlet.JspServlet@http-nio-8080-exec-1] ServletPath: /WEB-INF/views/master/page.jsp 
2022-06-01 23:13:14.975 DEBUG [org.apache.jasper.servlet.JspServlet@http-nio-8080-exec-1] PathInfo: null 
2022-06-01 23:13:14.978 DEBUG [org.apache.jasper.servlet.JspServlet@http-nio-8080-exec-1] RealPath: C:\Users\alber\universidad\dp2\Workspace-22.0\Workspace-22.0\Projects\Acme-Toolkits\target\classes\WEB-INF\views\master\page.jsp 
2022-06-01 23:13:14.978 DEBUG [org.apache.jasper.servlet.JspServlet@http-nio-8080-exec-1] RequestURI: /acme-toolkits-22.1/WEB-INF/views/master/page.jsp 
2022-06-01 23:13:14.979 DEBUG [org.apache.jasper.servlet.JspServlet@http-nio-8080-exec-1] QueryString: null 
2022-06-01 23:13:18.694 DEBUG [acme.framework.components.tiles.DynamicTilesView@http-nio-8080-exec-3] View name 'fragments/welcome', model {} 
2022-06-01 23:13:18.695 DEBUG [org.apache.jasper.servlet.JspServlet@http-nio-8080-exec-3] JspEngine --> /WEB-INF/views/master/page.jsp 
2022-06-01 23:13:18.696 DEBUG [org.apache.jasper.servlet.JspServlet@http-nio-8080-exec-3] ServletPath: /WEB-INF/views/master/page.jsp 
2022-06-01 23:13:18.696 DEBUG [org.apache.jasper.servlet.JspServlet@http-nio-8080-exec-3] PathInfo: null 
2022-06-01 23:13:18.698 DEBUG [org.apache.jasper.servlet.JspServlet@http-nio-8080-exec-3] RealPath: C:\Users\alber\universidad\dp2\Workspace-22.0\Workspace-22.0\Projects\Acme-Toolkits\target\classes\WEB-INF\views\master\page.jsp 
2022-06-01 23:13:18.699 DEBUG [org.apache.jasper.servlet.JspServlet@http-nio-8080-exec-3] RequestURI: /acme-toolkits-22.1/WEB-INF/views/master/page.jsp 
2022-06-01 23:13:18.699 DEBUG [org.apache.jasper.servlet.JspServlet@http-nio-8080-exec-3] QueryString: null 
2022-06-01 23:13:19.965 DEBUG [acme.framework.configuration.ExtendedMessageSource@http-nio-8080-exec-1] Loading properties [C:\Users\alber\universidad\dp2\Workspace-22.0\Workspace-22.0\Projects\Acme-Toolkits\target\classes\WEB-INF\views\administrator\administrator-dashboard\messages-en.i18n] with encoding 'utf-8' 
2022-06-01 23:13:19.967 DEBUG [acme.framework.configuration.ExtendedMessageSource@http-nio-8080-exec-1] Loading properties [C:\Users\alber\universidad\dp2\Workspace-22.0\Workspace-22.0\Projects\Acme-Toolkits\target\classes\WEB-INF\views\administrator\announcement\messages-en.i18n] with encoding 'utf-8' 
2022-06-01 23:13:19.969 DEBUG [acme.framework.configuration.ExtendedMessageSource@http-nio-8080-exec-1] Loading properties [C:\Users\alber\universidad\dp2\Workspace-22.0\Workspace-22.0\Projects\Acme-Toolkits\target\classes\WEB-INF\views\administrator\system-configuration\messages-en.i18n] with encoding 'utf-8' 
2022-06-01 23:13:19.972 DEBUG [acme.framework.configuration.ExtendedMessageSource@http-nio-8080-exec-1] Loading properties [C:\Users\alber\universidad\dp2\Workspace-22.0\Workspace-22.0\Projects\Acme-Toolkits\target\classes\WEB-INF\views\administrator\user-account\messages-en.i18n] with encoding 'utf-8' 
2022-06-01 23:13:19.973 DEBUG [acme.framework.configuration.ExtendedMessageSource@http-nio-8080-exec-1] Loading properties [C:\Users\alber\universidad\dp2\Workspace-22.0\Workspace-22.0\Projects\Acme-Toolkits\target\classes\WEB-INF\views\anonymous\user-account\messages-en.i18n] with encoding 'utf-8' 
2022-06-01 23:13:19.974 DEBUG [acme.framework.configuration.ExtendedMessageSource@http-nio-8080-exec-1] Loading properties [C:\Users\alber\universidad\dp2\Workspace-22.0\Workspace-22.0\Projects\Acme-Toolkits\target\classes\WEB-INF\views\any\chirp\messages-en.i18n] with encoding 'utf-8' 
2022-06-01 23:13:19.976 DEBUG [acme.framework.configuration.ExtendedMessageSource@http-nio-8080-exec-1] Loading properties [C:\Users\alber\universidad\dp2\Workspace-22.0\Workspace-22.0\Projects\Acme-Toolkits\target\classes\WEB-INF\views\any\item\messages-en.i18n] with encoding 'utf-8' 
2022-06-01 23:13:19.977 DEBUG [acme.framework.configuration.ExtendedMessageSource@http-nio-8080-exec-1] Loading properties [C:\Users\alber\universidad\dp2\Workspace-22.0\Workspace-22.0\Projects\Acme-Toolkits\target\classes\WEB-INF\views\any\toolkit\messages-en.i18n] with encoding 'utf-8' 
2022-06-01 23:13:19.978 DEBUG [acme.framework.configuration.ExtendedMessageSource@http-nio-8080-exec-1] Loading properties [C:\Users\alber\universidad\dp2\Workspace-22.0\Workspace-22.0\Projects\Acme-Toolkits\target\classes\WEB-INF\views\any\user-account\messages-en.i18n] with encoding 'utf-8' 
2022-06-01 23:13:19.979 DEBUG [acme.framework.configuration.ExtendedMessageSource@http-nio-8080-exec-1] Loading properties [C:\Users\alber\universidad\dp2\Workspace-22.0\Workspace-22.0\Projects\Acme-Toolkits\target\classes\WEB-INF\views\authenticated\announcement\messsages-en.i18n] with encoding 'utf-8' 
2022-06-01 23:13:19.980 DEBUG [acme.framework.configuration.ExtendedMessageSource@http-nio-8080-exec-1] Loading properties [C:\Users\alber\universidad\dp2\Workspace-22.0\Workspace-22.0\Projects\Acme-Toolkits\target\classes\WEB-INF\views\authenticated\consumer\messsages-en.i18n] with encoding 'utf-8' 
2022-06-01 23:13:19.981 DEBUG [acme.framework.configuration.ExtendedMessageSource@http-nio-8080-exec-1] Loading properties [C:\Users\alber\universidad\dp2\Workspace-22.0\Workspace-22.0\Projects\Acme-Toolkits\target\classes\WEB-INF\views\authenticated\inventor\messsages-en.i18n] with encoding 'utf-8' 
2022-06-01 23:13:19.983 DEBUG [acme.framework.configuration.ExtendedMessageSource@http-nio-8080-exec-1] Loading properties [C:\Users\alber\universidad\dp2\Workspace-22.0\Workspace-22.0\Projects\Acme-Toolkits\target\classes\WEB-INF\views\authenticated\patron\messsages-en.i18n] with encoding 'utf-8' 
2022-06-01 23:13:19.984 DEBUG [acme.framework.configuration.ExtendedMessageSource@http-nio-8080-exec-1] Loading properties [C:\Users\alber\universidad\dp2\Workspace-22.0\Workspace-22.0\Projects\Acme-Toolkits\target\classes\WEB-INF\views\authenticated\provider\messsages-en.i18n] with encoding 'utf-8' 
2022-06-01 23:13:19.985 DEBUG [acme.framework.configuration.ExtendedMessageSource@http-nio-8080-exec-1] Loading properties [C:\Users\alber\universidad\dp2\Workspace-22.0\Workspace-22.0\Projects\Acme-Toolkits\target\classes\WEB-INF\views\authenticated\system-configuration\messages-en.i18n] with encoding 'utf-8' 
2022-06-01 23:13:19.986 DEBUG [acme.framework.configuration.ExtendedMessageSource@http-nio-8080-exec-1] Loading properties [C:\Users\alber\universidad\dp2\Workspace-22.0\Workspace-22.0\Projects\Acme-Toolkits\target\classes\WEB-INF\views\authenticated\user-account\messages-en.i18n] with encoding 'utf-8' 
2022-06-01 23:13:19.988 DEBUG [acme.framework.configuration.ExtendedMessageSource@http-nio-8080-exec-1] Loading properties [C:\Users\alber\universidad\dp2\Workspace-22.0\Workspace-22.0\Projects\Acme-Toolkits\target\classes\WEB-INF\views\fragments\banner-en.i18n] with encoding 'utf-8' 
2022-06-01 23:13:19.989 DEBUG [acme.framework.configuration.ExtendedMessageSource@http-nio-8080-exec-1] Loading properties [C:\Users\alber\universidad\dp2\Workspace-22.0\Workspace-22.0\Projects\Acme-Toolkits\target\classes\WEB-INF\views\fragments\company-en.i18n] with encoding 'utf-8' 
2022-06-01 23:13:19.990 DEBUG [acme.framework.configuration.ExtendedMessageSource@http-nio-8080-exec-1] Loading properties [C:\Users\alber\universidad\dp2\Workspace-22.0\Workspace-22.0\Projects\Acme-Toolkits\target\classes\WEB-INF\views\fragments\footer-en.i18n] with encoding 'utf-8' 
2022-06-01 23:13:19.992 DEBUG [acme.framework.configuration.ExtendedMessageSource@http-nio-8080-exec-1] Loading properties [C:\Users\alber\universidad\dp2\Workspace-22.0\Workspace-22.0\Projects\Acme-Toolkits\target\classes\WEB-INF\views\fragments\license-en.i18n] with encoding 'utf-8' 
2022-06-01 23:13:19.993 DEBUG [acme.framework.configuration.ExtendedMessageSource@http-nio-8080-exec-1] Loading properties [C:\Users\alber\universidad\dp2\Workspace-22.0\Workspace-22.0\Projects\Acme-Toolkits\target\classes\WEB-INF\views\fragments\menu-en.i18n] with encoding 'utf-8' 
2022-06-01 23:13:19.995 DEBUG [acme.framework.configuration.ExtendedMessageSource@http-nio-8080-exec-1] Loading properties [C:\Users\alber\universidad\dp2\Workspace-22.0\Workspace-22.0\Projects\Acme-Toolkits\target\classes\WEB-INF\views\fragments\messages-en.i18n] with encoding 'utf-8' 
2022-06-01 23:13:19.996 DEBUG [acme.framework.configuration.ExtendedMessageSource@http-nio-8080-exec-1] Loading properties [C:\Users\alber\universidad\dp2\Workspace-22.0\Workspace-22.0\Projects\Acme-Toolkits\target\classes\WEB-INF\views\fragments\messsages-en.i18n] with encoding 'utf-8' 
2022-06-01 23:13:19.997 DEBUG [acme.framework.configuration.ExtendedMessageSource@http-nio-8080-exec-1] Loading properties [C:\Users\alber\universidad\dp2\Workspace-22.0\Workspace-22.0\Projects\Acme-Toolkits\target\classes\WEB-INF\views\fragments\title-en.i18n] with encoding 'utf-8' 
2022-06-01 23:13:19.998 DEBUG [acme.framework.configuration.ExtendedMessageSource@http-nio-8080-exec-1] Loading properties [C:\Users\alber\universidad\dp2\Workspace-22.0\Workspace-22.0\Projects\Acme-Toolkits\target\classes\WEB-INF\views\fragments\welcome-en.i18n] with encoding 'utf-8' 
2022-06-01 23:13:19.999 DEBUG [acme.framework.configuration.ExtendedMessageSource@http-nio-8080-exec-1] Loading properties [C:\Users\alber\universidad\dp2\Workspace-22.0\Workspace-22.0\Projects\Acme-Toolkits\target\classes\WEB-INF\views\inventor\chimpum\messages-en.i18n] with encoding 'utf-8' 
2022-06-01 23:13:20.001 DEBUG [acme.framework.configuration.ExtendedMessageSource@http-nio-8080-exec-1] Loading properties [C:\Users\alber\universidad\dp2\Workspace-22.0\Workspace-22.0\Projects\Acme-Toolkits\target\classes\WEB-INF\views\inventor\item\messages-en.i18n] with encoding 'utf-8' 
2022-06-01 23:13:20.002 DEBUG [acme.framework.configuration.ExtendedMessageSource@http-nio-8080-exec-1] Loading properties [C:\Users\alber\universidad\dp2\Workspace-22.0\Workspace-22.0\Projects\Acme-Toolkits\target\classes\WEB-INF\views\inventor\patronage\messages-en.i18n] with encoding 'utf-8' 
2022-06-01 23:13:20.004 DEBUG [acme.framework.configuration.ExtendedMessageSource@http-nio-8080-exec-1] Loading properties [C:\Users\alber\universidad\dp2\Workspace-22.0\Workspace-22.0\Projects\Acme-Toolkits\target\classes\WEB-INF\views\inventor\patronage-report\messages-en.i18n] with encoding 'utf-8' 
2022-06-01 23:13:20.005 DEBUG [acme.framework.configuration.ExtendedMessageSource@http-nio-8080-exec-1] Loading properties [C:\Users\alber\universidad\dp2\Workspace-22.0\Workspace-22.0\Projects\Acme-Toolkits\target\classes\WEB-INF\views\inventor\quantity\messages-en.i18n] with encoding 'utf-8' 
2022-06-01 23:13:20.006 DEBUG [acme.framework.configuration.ExtendedMessageSource@http-nio-8080-exec-1] Loading properties [C:\Users\alber\universidad\dp2\Workspace-22.0\Workspace-22.0\Projects\Acme-Toolkits\target\classes\WEB-INF\views\inventor\toolkit\messages-en.i18n] with encoding 'utf-8' 
2022-06-01 23:13:20.007 DEBUG [acme.framework.configuration.ExtendedMessageSource@http-nio-8080-exec-1] Loading properties [C:\Users\alber\universidad\dp2\Workspace-22.0\Workspace-22.0\Projects\Acme-Toolkits\target\classes\WEB-INF\views\master\defaults-en.i18n] with encoding 'utf-8' 
2022-06-01 23:13:20.007 DEBUG [acme.framework.configuration.ExtendedMessageSource@http-nio-8080-exec-1] Loading properties [C:\Users\alber\universidad\dp2\Workspace-22.0\Workspace-22.0\Projects\Acme-Toolkits\target\classes\WEB-INF\views\master\master-en.i18n] with encoding 'utf-8' 
2022-06-01 23:13:20.008 DEBUG [acme.framework.configuration.ExtendedMessageSource@http-nio-8080-exec-1] Loading properties [C:\Users\alber\universidad\dp2\Workspace-22.0\Workspace-22.0\Projects\Acme-Toolkits\target\classes\WEB-INF\views\master\throwables-en.i18n] with encoding 'utf-8' 
2022-06-01 23:13:20.009 DEBUG [acme.framework.configuration.ExtendedMessageSource@http-nio-8080-exec-1] Loading properties [C:\Users\alber\universidad\dp2\Workspace-22.0\Workspace-22.0\Projects\Acme-Toolkits\target\classes\WEB-INF\views\master\validation-en.i18n] with encoding 'utf-8' 
2022-06-01 23:13:20.009 DEBUG [acme.framework.configuration.ExtendedMessageSource@http-nio-8080-exec-1] Loading properties [C:\Users\alber\universidad\dp2\Workspace-22.0\Workspace-22.0\Projects\Acme-Toolkits\target\classes\WEB-INF\views\patron\patron-dashboard\messages-en.i18n] with encoding 'utf-8' 
2022-06-01 23:13:20.010 DEBUG [acme.framework.configuration.ExtendedMessageSource@http-nio-8080-exec-1] Loading properties [C:\Users\alber\universidad\dp2\Workspace-22.0\Workspace-22.0\Projects\Acme-Toolkits\target\classes\WEB-INF\views\patron\patronage\messages-en.i18n] with encoding 'utf-8' 
2022-06-01 23:13:20.011 DEBUG [acme.framework.configuration.ExtendedMessageSource@http-nio-8080-exec-1] Loading properties [C:\Users\alber\universidad\dp2\Workspace-22.0\Workspace-22.0\Projects\Acme-Toolkits\target\classes\WEB-INF\views\patron\patronage-report\messages-en.i18n] with encoding 'utf-8' 
2022-06-01 23:13:20.039 DEBUG [acme.framework.configuration.ExtendedMessageSource@http-nio-8080-exec-3] Loading properties [C:\Users\alber\universidad\dp2\Workspace-22.0\Workspace-22.0\Projects\Acme-Toolkits\target\classes\WEB-INF\views\administrator\administrator-dashboard\messages-en.i18n] with encoding 'utf-8' 
2022-06-01 23:13:20.041 DEBUG [acme.framework.configuration.ExtendedMessageSource@http-nio-8080-exec-3] Loading properties [C:\Users\alber\universidad\dp2\Workspace-22.0\Workspace-22.0\Projects\Acme-Toolkits\target\classes\WEB-INF\views\administrator\announcement\messages-en.i18n] with encoding 'utf-8' 
2022-06-01 23:13:20.042 DEBUG [acme.framework.configuration.ExtendedMessageSource@http-nio-8080-exec-3] Loading properties [C:\Users\alber\universidad\dp2\Workspace-22.0\Workspace-22.0\Projects\Acme-Toolkits\target\classes\WEB-INF\views\administrator\system-configuration\messages-en.i18n] with encoding 'utf-8' 
2022-06-01 23:13:20.043 DEBUG [acme.framework.configuration.ExtendedMessageSource@http-nio-8080-exec-3] Loading properties [C:\Users\alber\universidad\dp2\Workspace-22.0\Workspace-22.0\Projects\Acme-Toolkits\target\classes\WEB-INF\views\administrator\user-account\messages-en.i18n] with encoding 'utf-8' 
2022-06-01 23:13:20.044 DEBUG [acme.framework.configuration.ExtendedMessageSource@http-nio-8080-exec-3] Loading properties [C:\Users\alber\universidad\dp2\Workspace-22.0\Workspace-22.0\Projects\Acme-Toolkits\target\classes\WEB-INF\views\anonymous\user-account\messages-en.i18n] with encoding 'utf-8' 
2022-06-01 23:13:20.046 DEBUG [acme.framework.configuration.ExtendedMessageSource@http-nio-8080-exec-3] Loading properties [C:\Users\alber\universidad\dp2\Workspace-22.0\Workspace-22.0\Projects\Acme-Toolkits\target\classes\WEB-INF\views\any\chirp\messages-en.i18n] with encoding 'utf-8' 
2022-06-01 23:13:20.047 DEBUG [acme.framework.configuration.ExtendedMessageSource@http-nio-8080-exec-3] Loading properties [C:\Users\alber\universidad\dp2\Workspace-22.0\Workspace-22.0\Projects\Acme-Toolkits\target\classes\WEB-INF\views\any\item\messages-en.i18n] with encoding 'utf-8' 
2022-06-01 23:13:20.048 DEBUG [acme.framework.configuration.ExtendedMessageSource@http-nio-8080-exec-3] Loading properties [C:\Users\alber\universidad\dp2\Workspace-22.0\Workspace-22.0\Projects\Acme-Toolkits\target\classes\WEB-INF\views\any\toolkit\messages-en.i18n] with encoding 'utf-8' 
2022-06-01 23:13:20.049 DEBUG [acme.framework.configuration.ExtendedMessageSource@http-nio-8080-exec-3] Loading properties [C:\Users\alber\universidad\dp2\Workspace-22.0\Workspace-22.0\Projects\Acme-Toolkits\target\classes\WEB-INF\views\any\user-account\messages-en.i18n] with encoding 'utf-8' 
2022-06-01 23:13:20.050 DEBUG [acme.framework.configuration.ExtendedMessageSource@http-nio-8080-exec-3] Loading properties [C:\Users\alber\universidad\dp2\Workspace-22.0\Workspace-22.0\Projects\Acme-Toolkits\target\classes\WEB-INF\views\authenticated\announcement\messsages-en.i18n] with encoding 'utf-8' 
2022-06-01 23:13:20.052 DEBUG [acme.framework.configuration.ExtendedMessageSource@http-nio-8080-exec-3] Loading properties [C:\Users\alber\universidad\dp2\Workspace-22.0\Workspace-22.0\Projects\Acme-Toolkits\target\classes\WEB-INF\views\authenticated\consumer\messsages-en.i18n] with encoding 'utf-8' 
2022-06-01 23:13:20.054 DEBUG [acme.framework.configuration.ExtendedMessageSource@http-nio-8080-exec-3] Loading properties [C:\Users\alber\universidad\dp2\Workspace-22.0\Workspace-22.0\Projects\Acme-Toolkits\target\classes\WEB-INF\views\authenticated\inventor\messsages-en.i18n] with encoding 'utf-8' 
2022-06-01 23:13:20.056 DEBUG [acme.framework.configuration.ExtendedMessageSource@http-nio-8080-exec-3] Loading properties [C:\Users\alber\universidad\dp2\Workspace-22.0\Workspace-22.0\Projects\Acme-Toolkits\target\classes\WEB-INF\views\authenticated\patron\messsages-en.i18n] with encoding 'utf-8' 
2022-06-01 23:13:20.057 DEBUG [acme.framework.configuration.ExtendedMessageSource@http-nio-8080-exec-3] Loading properties [C:\Users\alber\universidad\dp2\Workspace-22.0\Workspace-22.0\Projects\Acme-Toolkits\target\classes\WEB-INF\views\authenticated\provider\messsages-en.i18n] with encoding 'utf-8' 
2022-06-01 23:13:20.058 DEBUG [acme.framework.configuration.ExtendedMessageSource@http-nio-8080-exec-3] Loading properties [C:\Users\alber\universidad\dp2\Workspace-22.0\Workspace-22.0\Projects\Acme-Toolkits\target\classes\WEB-INF\views\authenticated\system-configuration\messages-en.i18n] with encoding 'utf-8' 
2022-06-01 23:13:20.060 DEBUG [acme.framework.configuration.ExtendedMessageSource@http-nio-8080-exec-3] Loading properties [C:\Users\alber\universidad\dp2\Workspace-22.0\Workspace-22.0\Projects\Acme-Toolkits\target\classes\WEB-INF\views\authenticated\user-account\messages-en.i18n] with encoding 'utf-8' 
2022-06-01 23:13:20.065 DEBUG [acme.framework.configuration.ExtendedMessageSource@http-nio-8080-exec-3] Loading properties [C:\Users\alber\universidad\dp2\Workspace-22.0\Workspace-22.0\Projects\Acme-Toolkits\target\classes\WEB-INF\views\fragments\banner-en.i18n] with encoding 'utf-8' 
2022-06-01 23:13:20.067 DEBUG [acme.framework.configuration.ExtendedMessageSource@http-nio-8080-exec-3] Loading properties [C:\Users\alber\universidad\dp2\Workspace-22.0\Workspace-22.0\Projects\Acme-Toolkits\target\classes\WEB-INF\views\fragments\company-en.i18n] with encoding 'utf-8' 
2022-06-01 23:13:20.069 DEBUG [acme.framework.configuration.ExtendedMessageSource@http-nio-8080-exec-3] Loading properties [C:\Users\alber\universidad\dp2\Workspace-22.0\Workspace-22.0\Projects\Acme-Toolkits\target\classes\WEB-INF\views\fragments\footer-en.i18n] with encoding 'utf-8' 
2022-06-01 23:13:20.070 DEBUG [acme.framework.configuration.ExtendedMessageSource@http-nio-8080-exec-3] Loading properties [C:\Users\alber\universidad\dp2\Workspace-22.0\Workspace-22.0\Projects\Acme-Toolkits\target\classes\WEB-INF\views\fragments\license-en.i18n] with encoding 'utf-8' 
2022-06-01 23:13:20.071 DEBUG [acme.framework.configuration.ExtendedMessageSource@http-nio-8080-exec-3] Loading properties [C:\Users\alber\universidad\dp2\Workspace-22.0\Workspace-22.0\Projects\Acme-Toolkits\target\classes\WEB-INF\views\fragments\menu-en.i18n] with encoding 'utf-8' 
2022-06-01 23:13:20.072 DEBUG [acme.framework.configuration.ExtendedMessageSource@http-nio-8080-exec-3] Loading properties [C:\Users\alber\universidad\dp2\Workspace-22.0\Workspace-22.0\Projects\Acme-Toolkits\target\classes\WEB-INF\views\fragments\messages-en.i18n] with encoding 'utf-8' 
2022-06-01 23:13:20.073 DEBUG [acme.framework.configuration.ExtendedMessageSource@http-nio-8080-exec-3] Loading properties [C:\Users\alber\universidad\dp2\Workspace-22.0\Workspace-22.0\Projects\Acme-Toolkits\target\classes\WEB-INF\views\fragments\messsages-en.i18n] with encoding 'utf-8' 
2022-06-01 23:13:20.076 DEBUG [acme.framework.configuration.ExtendedMessageSource@http-nio-8080-exec-3] Loading properties [C:\Users\alber\universidad\dp2\Workspace-22.0\Workspace-22.0\Projects\Acme-Toolkits\target\classes\WEB-INF\views\fragments\title-en.i18n] with encoding 'utf-8' 
2022-06-01 23:13:20.079 DEBUG [acme.framework.configuration.ExtendedMessageSource@http-nio-8080-exec-3] Loading properties [C:\Users\alber\universidad\dp2\Workspace-22.0\Workspace-22.0\Projects\Acme-Toolkits\target\classes\WEB-INF\views\fragments\welcome-en.i18n] with encoding 'utf-8' 
2022-06-01 23:13:20.080 DEBUG [acme.framework.configuration.ExtendedMessageSource@http-nio-8080-exec-3] Loading properties [C:\Users\alber\universidad\dp2\Workspace-22.0\Workspace-22.0\Projects\Acme-Toolkits\target\classes\WEB-INF\views\inventor\chimpum\messages-en.i18n] with encoding 'utf-8' 
2022-06-01 23:13:20.087 DEBUG [acme.framework.configuration.ExtendedMessageSource@http-nio-8080-exec-3] Loading properties [C:\Users\alber\universidad\dp2\Workspace-22.0\Workspace-22.0\Projects\Acme-Toolkits\target\classes\WEB-INF\views\inventor\item\messages-en.i18n] with encoding 'utf-8' 
2022-06-01 23:13:20.089 DEBUG [acme.framework.configuration.ExtendedMessageSource@http-nio-8080-exec-3] Loading properties [C:\Users\alber\universidad\dp2\Workspace-22.0\Workspace-22.0\Projects\Acme-Toolkits\target\classes\WEB-INF\views\inventor\patronage\messages-en.i18n] with encoding 'utf-8' 
2022-06-01 23:13:20.090 DEBUG [acme.framework.configuration.ExtendedMessageSource@http-nio-8080-exec-3] Loading properties [C:\Users\alber\universidad\dp2\Workspace-22.0\Workspace-22.0\Projects\Acme-Toolkits\target\classes\WEB-INF\views\inventor\patronage-report\messages-en.i18n] with encoding 'utf-8' 
2022-06-01 23:13:20.091 DEBUG [acme.framework.configuration.ExtendedMessageSource@http-nio-8080-exec-3] Loading properties [C:\Users\alber\universidad\dp2\Workspace-22.0\Workspace-22.0\Projects\Acme-Toolkits\target\classes\WEB-INF\views\inventor\quantity\messages-en.i18n] with encoding 'utf-8' 
2022-06-01 23:13:20.098 DEBUG [acme.framework.configuration.ExtendedMessageSource@http-nio-8080-exec-3] Loading properties [C:\Users\alber\universidad\dp2\Workspace-22.0\Workspace-22.0\Projects\Acme-Toolkits\target\classes\WEB-INF\views\inventor\toolkit\messages-en.i18n] with encoding 'utf-8' 
2022-06-01 23:13:20.100 DEBUG [acme.framework.configuration.ExtendedMessageSource@http-nio-8080-exec-3] Loading properties [C:\Users\alber\universidad\dp2\Workspace-22.0\Workspace-22.0\Projects\Acme-Toolkits\target\classes\WEB-INF\views\master\defaults-en.i18n] with encoding 'utf-8' 
2022-06-01 23:13:20.103 DEBUG [acme.framework.configuration.ExtendedMessageSource@http-nio-8080-exec-3] Loading properties [C:\Users\alber\universidad\dp2\Workspace-22.0\Workspace-22.0\Projects\Acme-Toolkits\target\classes\WEB-INF\views\master\master-en.i18n] with encoding 'utf-8' 
2022-06-01 23:13:20.107 DEBUG [acme.framework.configuration.ExtendedMessageSource@http-nio-8080-exec-3] Loading properties [C:\Users\alber\universidad\dp2\Workspace-22.0\Workspace-22.0\Projects\Acme-Toolkits\target\classes\WEB-INF\views\master\throwables-en.i18n] with encoding 'utf-8' 
2022-06-01 23:13:20.108 DEBUG [acme.framework.configuration.ExtendedMessageSource@http-nio-8080-exec-3] Loading properties [C:\Users\alber\universidad\dp2\Workspace-22.0\Workspace-22.0\Projects\Acme-Toolkits\target\classes\WEB-INF\views\master\validation-en.i18n] with encoding 'utf-8' 
2022-06-01 23:13:20.115 DEBUG [acme.framework.configuration.ExtendedMessageSource@http-nio-8080-exec-3] Loading properties [C:\Users\alber\universidad\dp2\Workspace-22.0\Workspace-22.0\Projects\Acme-Toolkits\target\classes\WEB-INF\views\patron\patron-dashboard\messages-en.i18n] with encoding 'utf-8' 
2022-06-01 23:13:20.116 DEBUG [acme.framework.configuration.ExtendedMessageSource@http-nio-8080-exec-3] Loading properties [C:\Users\alber\universidad\dp2\Workspace-22.0\Workspace-22.0\Projects\Acme-Toolkits\target\classes\WEB-INF\views\patron\patronage\messages-en.i18n] with encoding 'utf-8' 
2022-06-01 23:13:20.118 DEBUG [acme.framework.configuration.ExtendedMessageSource@http-nio-8080-exec-3] Loading properties [C:\Users\alber\universidad\dp2\Workspace-22.0\Workspace-22.0\Projects\Acme-Toolkits\target\classes\WEB-INF\views\patron\patronage-report\messages-en.i18n] with encoding 'utf-8' 
2022-06-01 23:13:20.238 DEBUG [org.apache.jasper.servlet.JspServlet@http-nio-8080-exec-1] JspEngine --> /WEB-INF/views/fragments/welcome.jsp 
2022-06-01 23:13:20.238 DEBUG [org.apache.jasper.servlet.JspServlet@http-nio-8080-exec-1] ServletPath: /WEB-INF/views/master/page.jsp 
2022-06-01 23:13:20.239 DEBUG [org.apache.jasper.servlet.JspServlet@http-nio-8080-exec-1] PathInfo: null 
2022-06-01 23:13:20.242 DEBUG [org.apache.jasper.servlet.JspServlet@http-nio-8080-exec-1] RealPath: C:\Users\alber\universidad\dp2\Workspace-22.0\Workspace-22.0\Projects\Acme-Toolkits\target\classes\WEB-INF\views\fragments\welcome.jsp 
2022-06-01 23:13:20.242 DEBUG [org.apache.jasper.servlet.JspServlet@http-nio-8080-exec-1] RequestURI: /acme-toolkits-22.1/WEB-INF/views/master/page.jsp 
2022-06-01 23:13:20.242 DEBUG [org.apache.jasper.servlet.JspServlet@http-nio-8080-exec-1] QueryString: null 
2022-06-01 23:13:20.253 DEBUG [org.apache.jasper.servlet.JspServlet@http-nio-8080-exec-3] JspEngine --> /WEB-INF/views/fragments/welcome.jsp 
2022-06-01 23:13:20.254 DEBUG [org.apache.jasper.servlet.JspServlet@http-nio-8080-exec-3] ServletPath: /WEB-INF/views/master/page.jsp 
2022-06-01 23:13:20.254 DEBUG [org.apache.jasper.servlet.JspServlet@http-nio-8080-exec-3] PathInfo: null 
2022-06-01 23:13:20.254 DEBUG [org.apache.jasper.servlet.JspServlet@http-nio-8080-exec-3] RealPath: C:\Users\alber\universidad\dp2\Workspace-22.0\Workspace-22.0\Projects\Acme-Toolkits\target\classes\WEB-INF\views\fragments\welcome.jsp 
2022-06-01 23:13:20.255 DEBUG [org.apache.jasper.servlet.JspServlet@http-nio-8080-exec-3] RequestURI: /acme-toolkits-22.1/WEB-INF/views/master/page.jsp 
2022-06-01 23:13:20.255 DEBUG [org.apache.jasper.servlet.JspServlet@http-nio-8080-exec-3] QueryString: null 
2022-06-01 23:13:20.662 DEBUG [org.hibernate.SQL@http-nio-8080-exec-1] select useraccoun0_.id as id1_0_, useraccoun0_.version as version2_0_, useraccoun0_.enabled as enabled1_19_, useraccoun0_.identity as identity2_19_, useraccoun0_.password as password3_19_, useraccoun0_.username as username4_19_ from user_account useraccoun0_ where useraccoun0_.username=? 
2022-06-01 23:13:20.662 DEBUG [org.hibernate.SQL@http-nio-8080-exec-3] select useraccoun0_.id as id1_0_, useraccoun0_.version as version2_0_, useraccoun0_.enabled as enabled1_19_, useraccoun0_.identity as identity2_19_, useraccoun0_.password as password3_19_, useraccoun0_.username as username4_19_ from user_account useraccoun0_ where useraccoun0_.username=? 
2022-06-01 23:13:20.681 TRACE [org.hibernate.type.descriptor.sql.BasicBinder@http-nio-8080-exec-3] binding parameter [1] as [VARCHAR] - [anonymous] 
2022-06-01 23:13:20.681 TRACE [org.hibernate.type.descriptor.sql.BasicBinder@http-nio-8080-exec-1] binding parameter [1] as [VARCHAR] - [anonymous] 
2022-06-01 23:13:20.734 DEBUG [org.hibernate.SQL@http-nio-8080-exec-3] select roles0_.user_account_id as user_acc1_20_0_, roles0_.id as id1_20_0_, roles0_.id as id1_0_1_, roles0_.version as version2_0_1_, roles0_.user_account_id as user_acc1_20_1_, roles0_.company as company1_8_1_, roles0_.sector as sector2_8_1_, roles0_.company as company1_9_1_, roles0_.info as info2_9_1_, roles0_.statement as statemen3_9_1_, roles0_.company as company1_12_1_, roles0_.info as info2_12_1_, roles0_.statement as statemen3_12_1_, roles0_.company as company1_15_1_, roles0_.sector as sector2_15_1_, roles0_.clazz_ as clazz_1_ from ( select id, version, user_account_id, company, sector, null as info, null as statement, 12 as clazz_ from consumer union all select id, version, user_account_id, company, null as sector, info, statement, 13 as clazz_ from inventor union all select id, version, user_account_id, company, null as sector, info, statement, 14 as clazz_ from patron union all select id, version, user_account_id, company, sector, null as info, null as statement, 15 as clazz_ from provider union all select id, version, user_account_id, null as company, null as sector, null as info, null as statement, 17 as clazz_ from administrator union all select id, version, user_account_id, null as company, null as sector, null as info, null as statement, 18 as clazz_ from anonymous union all select id, version, user_account_id, null as company, null as sector, null as info, null as statement, 19 as clazz_ from any union all select id, version, user_account_id, null as company, null as sector, null as info, null as statement, 20 as clazz_ from authenticated ) roles0_ where roles0_.user_account_id=? 
2022-06-01 23:13:20.735 TRACE [org.hibernate.type.descriptor.sql.BasicBinder@http-nio-8080-exec-3] binding parameter [1] as [INTEGER] - [1] 
2022-06-01 23:13:20.734 DEBUG [org.hibernate.SQL@http-nio-8080-exec-1] select roles0_.user_account_id as user_acc1_20_0_, roles0_.id as id1_20_0_, roles0_.id as id1_0_1_, roles0_.version as version2_0_1_, roles0_.user_account_id as user_acc1_20_1_, roles0_.company as company1_8_1_, roles0_.sector as sector2_8_1_, roles0_.company as company1_9_1_, roles0_.info as info2_9_1_, roles0_.statement as statemen3_9_1_, roles0_.company as company1_12_1_, roles0_.info as info2_12_1_, roles0_.statement as statemen3_12_1_, roles0_.company as company1_15_1_, roles0_.sector as sector2_15_1_, roles0_.clazz_ as clazz_1_ from ( select id, version, user_account_id, company, sector, null as info, null as statement, 12 as clazz_ from consumer union all select id, version, user_account_id, company, null as sector, info, statement, 13 as clazz_ from inventor union all select id, version, user_account_id, company, null as sector, info, statement, 14 as clazz_ from patron union all select id, version, user_account_id, company, sector, null as info, null as statement, 15 as clazz_ from provider union all select id, version, user_account_id, null as company, null as sector, null as info, null as statement, 17 as clazz_ from administrator union all select id, version, user_account_id, null as company, null as sector, null as info, null as statement, 18 as clazz_ from anonymous union all select id, version, user_account_id, null as company, null as sector, null as info, null as statement, 19 as clazz_ from any union all select id, version, user_account_id, null as company, null as sector, null as info, null as statement, 20 as clazz_ from authenticated ) roles0_ where roles0_.user_account_id=? 
2022-06-01 23:13:20.737 TRACE [org.hibernate.type.descriptor.sql.BasicBinder@http-nio-8080-exec-1] binding parameter [1] as [INTEGER] - [1] 
2022-06-01 23:13:23.073 DEBUG [acme.framework.components.tiles.DynamicTilesView@http-nio-8080-exec-5] View name 'master/sign-in', model {username=, password=, remember=false} 
2022-06-01 23:13:23.074 DEBUG [org.apache.jasper.servlet.JspServlet@http-nio-8080-exec-5] JspEngine --> /WEB-INF/views/master/page.jsp 
2022-06-01 23:13:23.075 DEBUG [org.apache.jasper.servlet.JspServlet@http-nio-8080-exec-5] ServletPath: /WEB-INF/views/master/page.jsp 
2022-06-01 23:13:23.075 DEBUG [org.apache.jasper.servlet.JspServlet@http-nio-8080-exec-5] PathInfo: null 
2022-06-01 23:13:23.077 DEBUG [org.apache.jasper.servlet.JspServlet@http-nio-8080-exec-5] RealPath: C:\Users\alber\universidad\dp2\Workspace-22.0\Workspace-22.0\Projects\Acme-Toolkits\target\classes\WEB-INF\views\master\page.jsp 
2022-06-01 23:13:23.077 DEBUG [org.apache.jasper.servlet.JspServlet@http-nio-8080-exec-5] RequestURI: /acme-toolkits-22.1/WEB-INF/views/master/page.jsp 
2022-06-01 23:13:23.078 DEBUG [org.apache.jasper.servlet.JspServlet@http-nio-8080-exec-5] QueryString: null 
2022-06-01 23:13:23.190 DEBUG [org.apache.jasper.servlet.JspServlet@http-nio-8080-exec-5] JspEngine --> /WEB-INF/views/master/sign-in.jsp 
2022-06-01 23:13:23.191 DEBUG [org.apache.jasper.servlet.JspServlet@http-nio-8080-exec-5] ServletPath: /WEB-INF/views/master/page.jsp 
2022-06-01 23:13:23.191 DEBUG [org.apache.jasper.servlet.JspServlet@http-nio-8080-exec-5] PathInfo: null 
2022-06-01 23:13:23.192 DEBUG [org.apache.jasper.servlet.JspServlet@http-nio-8080-exec-5] RealPath: C:\Users\alber\universidad\dp2\Workspace-22.0\Workspace-22.0\Projects\Acme-Toolkits\target\classes\WEB-INF\views\master\sign-in.jsp 
2022-06-01 23:13:23.193 DEBUG [org.apache.jasper.servlet.JspServlet@http-nio-8080-exec-5] RequestURI: /acme-toolkits-22.1/WEB-INF/views/master/page.jsp 
2022-06-01 23:13:23.193 DEBUG [org.apache.jasper.servlet.JspServlet@http-nio-8080-exec-5] QueryString: null 
2022-06-01 23:13:25.382 DEBUG [org.hibernate.SQL@http-nio-8080-exec-5] select useraccoun0_.id as id1_0_, useraccoun0_.version as version2_0_, useraccoun0_.enabled as enabled1_19_, useraccoun0_.identity as identity2_19_, useraccoun0_.password as password3_19_, useraccoun0_.username as username4_19_ from user_account useraccoun0_ where useraccoun0_.username=? 
2022-06-01 23:13:25.383 TRACE [org.hibernate.type.descriptor.sql.BasicBinder@http-nio-8080-exec-5] binding parameter [1] as [VARCHAR] - [anonymous] 
2022-06-01 23:13:25.385 DEBUG [org.hibernate.SQL@http-nio-8080-exec-5] select roles0_.user_account_id as user_acc1_20_0_, roles0_.id as id1_20_0_, roles0_.id as id1_0_1_, roles0_.version as version2_0_1_, roles0_.user_account_id as user_acc1_20_1_, roles0_.company as company1_8_1_, roles0_.sector as sector2_8_1_, roles0_.company as company1_9_1_, roles0_.info as info2_9_1_, roles0_.statement as statemen3_9_1_, roles0_.company as company1_12_1_, roles0_.info as info2_12_1_, roles0_.statement as statemen3_12_1_, roles0_.company as company1_15_1_, roles0_.sector as sector2_15_1_, roles0_.clazz_ as clazz_1_ from ( select id, version, user_account_id, company, sector, null as info, null as statement, 12 as clazz_ from consumer union all select id, version, user_account_id, company, null as sector, info, statement, 13 as clazz_ from inventor union all select id, version, user_account_id, company, null as sector, info, statement, 14 as clazz_ from patron union all select id, version, user_account_id, company, sector, null as info, null as statement, 15 as clazz_ from provider union all select id, version, user_account_id, null as company, null as sector, null as info, null as statement, 17 as clazz_ from administrator union all select id, version, user_account_id, null as company, null as sector, null as info, null as statement, 18 as clazz_ from anonymous union all select id, version, user_account_id, null as company, null as sector, null as info, null as statement, 19 as clazz_ from any union all select id, version, user_account_id, null as company, null as sector, null as info, null as statement, 20 as clazz_ from authenticated ) roles0_ where roles0_.user_account_id=? 
2022-06-01 23:13:25.386 TRACE [org.hibernate.type.descriptor.sql.BasicBinder@http-nio-8080-exec-5] binding parameter [1] as [INTEGER] - [1] 
2022-06-01 23:13:28.777 DEBUG [org.hibernate.SQL@http-nio-8080-exec-6] select useraccoun0_.id as id1_0_, useraccoun0_.version as version2_0_, useraccoun0_.enabled as enabled1_19_, useraccoun0_.identity as identity2_19_, useraccoun0_.password as password3_19_, useraccoun0_.username as username4_19_ from user_account useraccoun0_ where useraccoun0_.username=? 
2022-06-01 23:13:28.777 TRACE [org.hibernate.type.descriptor.sql.BasicBinder@http-nio-8080-exec-6] binding parameter [1] as [VARCHAR] - [inventor1] 
2022-06-01 23:13:28.780 DEBUG [org.hibernate.SQL@http-nio-8080-exec-6] select roles0_.user_account_id as user_acc1_20_0_, roles0_.id as id1_20_0_, roles0_.id as id1_0_1_, roles0_.version as version2_0_1_, roles0_.user_account_id as user_acc1_20_1_, roles0_.company as company1_8_1_, roles0_.sector as sector2_8_1_, roles0_.company as company1_9_1_, roles0_.info as info2_9_1_, roles0_.statement as statemen3_9_1_, roles0_.company as company1_12_1_, roles0_.info as info2_12_1_, roles0_.statement as statemen3_12_1_, roles0_.company as company1_15_1_, roles0_.sector as sector2_15_1_, roles0_.clazz_ as clazz_1_ from ( select id, version, user_account_id, company, sector, null as info, null as statement, 12 as clazz_ from consumer union all select id, version, user_account_id, company, null as sector, info, statement, 13 as clazz_ from inventor union all select id, version, user_account_id, company, null as sector, info, statement, 14 as clazz_ from patron union all select id, version, user_account_id, company, sector, null as info, null as statement, 15 as clazz_ from provider union all select id, version, user_account_id, null as company, null as sector, null as info, null as statement, 17 as clazz_ from administrator union all select id, version, user_account_id, null as company, null as sector, null as info, null as statement, 18 as clazz_ from anonymous union all select id, version, user_account_id, null as company, null as sector, null as info, null as statement, 19 as clazz_ from any union all select id, version, user_account_id, null as company, null as sector, null as info, null as statement, 20 as clazz_ from authenticated ) roles0_ where roles0_.user_account_id=? 
2022-06-01 23:13:28.781 TRACE [org.hibernate.type.descriptor.sql.BasicBinder@http-nio-8080-exec-6] binding parameter [1] as [INTEGER] - [7] 
2022-06-01 23:13:28.797 DEBUG [acme.framework.components.tiles.DynamicTilesView@http-nio-8080-exec-7] View name 'fragments/welcome', model {} 
2022-06-01 23:13:28.798 DEBUG [org.apache.jasper.servlet.JspServlet@http-nio-8080-exec-7] JspEngine --> /WEB-INF/views/master/page.jsp 
2022-06-01 23:13:28.799 DEBUG [org.apache.jasper.servlet.JspServlet@http-nio-8080-exec-7] ServletPath: /WEB-INF/views/master/page.jsp 
2022-06-01 23:13:28.799 DEBUG [org.apache.jasper.servlet.JspServlet@http-nio-8080-exec-7] PathInfo: null 
2022-06-01 23:13:28.801 DEBUG [org.apache.jasper.servlet.JspServlet@http-nio-8080-exec-7] RealPath: C:\Users\alber\universidad\dp2\Workspace-22.0\Workspace-22.0\Projects\Acme-Toolkits\target\classes\WEB-INF\views\master\page.jsp 
2022-06-01 23:13:28.801 DEBUG [org.apache.jasper.servlet.JspServlet@http-nio-8080-exec-7] RequestURI: /acme-toolkits-22.1/WEB-INF/views/master/page.jsp 
2022-06-01 23:13:28.801 DEBUG [org.apache.jasper.servlet.JspServlet@http-nio-8080-exec-7] QueryString: null 
2022-06-01 23:13:28.929 DEBUG [org.apache.jasper.servlet.JspServlet@http-nio-8080-exec-7] JspEngine --> /WEB-INF/views/fragments/welcome.jsp 
2022-06-01 23:13:28.930 DEBUG [org.apache.jasper.servlet.JspServlet@http-nio-8080-exec-7] ServletPath: /WEB-INF/views/master/page.jsp 
2022-06-01 23:13:28.930 DEBUG [org.apache.jasper.servlet.JspServlet@http-nio-8080-exec-7] PathInfo: null 
2022-06-01 23:13:28.933 DEBUG [org.apache.jasper.servlet.JspServlet@http-nio-8080-exec-7] RealPath: C:\Users\alber\universidad\dp2\Workspace-22.0\Workspace-22.0\Projects\Acme-Toolkits\target\classes\WEB-INF\views\fragments\welcome.jsp 
2022-06-01 23:13:28.933 DEBUG [org.apache.jasper.servlet.JspServlet@http-nio-8080-exec-7] RequestURI: /acme-toolkits-22.1/WEB-INF/views/master/page.jsp 
2022-06-01 23:13:28.933 DEBUG [org.apache.jasper.servlet.JspServlet@http-nio-8080-exec-7] QueryString: null 
2022-06-01 23:13:32.264 DEBUG [acme.framework.controllers.AbstractController@http-nio-8080-exec-6] DISPATCHING GET /acme-toolkits-22.1/inventor/chimpum/list 
2022-06-01 23:13:32.264 DEBUG [acme.framework.controllers.AbstractController@http-nio-8080-exec-6] Command: list 
2022-06-01 23:13:32.264 DEBUG [acme.framework.controllers.AbstractController@http-nio-8080-exec-6] Model:   {} 
2022-06-01 23:13:32.264 DEBUG [acme.framework.controllers.AbstractController@http-nio-8080-exec-6] Locale:  en 
2022-06-01 23:13:32.264 DEBUG [acme.framework.controllers.AbstractController@http-nio-8080-exec-6] Starting transaction a9742628-47e4-47a6-b299-037b51958584 
2022-06-01 23:13:32.278 DEBUG [org.hibernate.SQL@http-nio-8080-exec-6] select chimpum0_.id as id1_0_, chimpum0_.version as version2_0_, chimpum0_.budget_amount as budget_a1_6_, chimpum0_.budget_currency as budget_c2_6_, chimpum0_.code as code3_6_, chimpum0_.creation_moment as creation4_6_, chimpum0_.description as descript5_6_, chimpum0_.end_date as end_date6_6_, chimpum0_.item_id as item_id10_6_, chimpum0_.link as link7_6_, chimpum0_.start_date as start_da8_6_, chimpum0_.title as title9_6_ from chimpum chimpum0_ cross join item item1_ where chimpum0_.item_id=item1_.id and item1_.inventor_id=? 
2022-06-01 23:13:32.279 TRACE [org.hibernate.type.descriptor.sql.BasicBinder@http-nio-8080-exec-6] binding parameter [1] as [INTEGER] - [10] 
2022-06-01 23:13:32.284 DEBUG [org.hibernate.SQL@http-nio-8080-exec-6] select item0_.id as id1_0_0_, item0_.version as version2_0_0_, item0_.chimpum_id as chimpum10_10_0_, item0_.code as code1_10_0_, item0_.description as descript2_10_0_, item0_.info as info3_10_0_, item0_.inventor_id as invento11_10_0_, item0_.item_type as item_typ4_10_0_, item0_.name as name5_10_0_, item0_.published as publishe6_10_0_, item0_.retail_price_amount as retail_p7_10_0_, item0_.retail_price_currency as retail_p8_10_0_, item0_.technology as technolo9_10_0_, chimpum1_.id as id1_0_1_, chimpum1_.version as version2_0_1_, chimpum1_.budget_amount as budget_a1_6_1_, chimpum1_.budget_currency as budget_c2_6_1_, chimpum1_.code as code3_6_1_, chimpum1_.creation_moment as creation4_6_1_, chimpum1_.description as descript5_6_1_, chimpum1_.end_date as end_date6_6_1_, chimpum1_.item_id as item_id10_6_1_, chimpum1_.link as link7_6_1_, chimpum1_.start_date as start_da8_6_1_, chimpum1_.title as title9_6_1_, item2_.id as id1_0_2_, item2_.version as version2_0_2_, item2_.chimpum_id as chimpum10_10_2_, item2_.code as code1_10_2_, item2_.description as descript2_10_2_, item2_.info as info3_10_2_, item2_.inventor_id as invento11_10_2_, item2_.item_type as item_typ4_10_2_, item2_.name as name5_10_2_, item2_.published as publishe6_10_2_, item2_.retail_price_amount as retail_p7_10_2_, item2_.retail_price_currency as retail_p8_10_2_, item2_.technology as technolo9_10_2_, inventor3_.id as id1_0_3_, inventor3_.version as version2_0_3_, inventor3_.user_account_id as user_acc1_20_3_, inventor3_.company as company1_9_3_, inventor3_.info as info2_9_3_, inventor3_.statement as statemen3_9_3_, useraccoun4_.id as id1_0_4_, useraccoun4_.version as version2_0_4_, useraccoun4_.enabled as enabled1_19_4_, useraccoun4_.identity as identity2_19_4_, useraccoun4_.password as password3_19_4_, useraccoun4_.username as username4_19_4_ from item item0_ left outer join chimpum chimpum1_ on item0_.chimpum_id=chimpum1_.id left outer join item item2_ on chimpum1_.item_id=item2_.id inner join inventor inventor3_ on item0_.inventor_id=inventor3_.id inner join user_account useraccoun4_ on inventor3_.user_account_id=useraccoun4_.id where item0_.id=? 
2022-06-01 23:13:32.285 TRACE [org.hibernate.type.descriptor.sql.BasicBinder@http-nio-8080-exec-6] binding parameter [1] as [INTEGER] - [39] 
2022-06-01 23:13:32.290 DEBUG [org.hibernate.SQL@http-nio-8080-exec-6] select item0_.id as id1_0_0_, item0_.version as version2_0_0_, item0_.chimpum_id as chimpum10_10_0_, item0_.code as code1_10_0_, item0_.description as descript2_10_0_, item0_.info as info3_10_0_, item0_.inventor_id as invento11_10_0_, item0_.item_type as item_typ4_10_0_, item0_.name as name5_10_0_, item0_.published as publishe6_10_0_, item0_.retail_price_amount as retail_p7_10_0_, item0_.retail_price_currency as retail_p8_10_0_, item0_.technology as technolo9_10_0_, chimpum1_.id as id1_0_1_, chimpum1_.version as version2_0_1_, chimpum1_.budget_amount as budget_a1_6_1_, chimpum1_.budget_currency as budget_c2_6_1_, chimpum1_.code as code3_6_1_, chimpum1_.creation_moment as creation4_6_1_, chimpum1_.description as descript5_6_1_, chimpum1_.end_date as end_date6_6_1_, chimpum1_.item_id as item_id10_6_1_, chimpum1_.link as link7_6_1_, chimpum1_.start_date as start_da8_6_1_, chimpum1_.title as title9_6_1_, item2_.id as id1_0_2_, item2_.version as version2_0_2_, item2_.chimpum_id as chimpum10_10_2_, item2_.code as code1_10_2_, item2_.description as descript2_10_2_, item2_.info as info3_10_2_, item2_.inventor_id as invento11_10_2_, item2_.item_type as item_typ4_10_2_, item2_.name as name5_10_2_, item2_.published as publishe6_10_2_, item2_.retail_price_amount as retail_p7_10_2_, item2_.retail_price_currency as retail_p8_10_2_, item2_.technology as technolo9_10_2_, inventor3_.id as id1_0_3_, inventor3_.version as version2_0_3_, inventor3_.user_account_id as user_acc1_20_3_, inventor3_.company as company1_9_3_, inventor3_.info as info2_9_3_, inventor3_.statement as statemen3_9_3_, useraccoun4_.id as id1_0_4_, useraccoun4_.version as version2_0_4_, useraccoun4_.enabled as enabled1_19_4_, useraccoun4_.identity as identity2_19_4_, useraccoun4_.password as password3_19_4_, useraccoun4_.username as username4_19_4_ from item item0_ left outer join chimpum chimpum1_ on item0_.chimpum_id=chimpum1_.id left outer join item item2_ on chimpum1_.item_id=item2_.id inner join inventor inventor3_ on item0_.inventor_id=inventor3_.id inner join user_account useraccoun4_ on inventor3_.user_account_id=useraccoun4_.id where item0_.id=? 
2022-06-01 23:13:32.291 TRACE [org.hibernate.type.descriptor.sql.BasicBinder@http-nio-8080-exec-6] binding parameter [1] as [INTEGER] - [33] 
2022-06-01 23:13:32.317 DEBUG [acme.framework.controllers.AbstractController@http-nio-8080-exec-6] Committing transaction a9742628-47e4-47a6-b299-037b51958584 
2022-06-01 23:13:32.319 DEBUG [acme.framework.controllers.AbstractController@http-nio-8080-exec-6] Starting transaction 01be7d11-b378-4eb8-baa0-52d9b79c6c9c 
2022-06-01 23:13:32.319 DEBUG [acme.framework.controllers.AbstractController@http-nio-8080-exec-6] Committing transaction 01be7d11-b378-4eb8-baa0-52d9b79c6c9c 
2022-06-01 23:13:32.320 DEBUG [acme.framework.controllers.AbstractController@http-nio-8080-exec-6] SERVING GET /acme-toolkits-22.1/inventor/chimpum/list 
2022-06-01 23:13:32.321 DEBUG [acme.framework.controllers.AbstractController@http-nio-8080-exec-6] Result: ModelAndView [view="inventor/chimpum/list"; model={budget[0]=<<EUR 100.00>>, budget[1]=<<EUR 100.00>>, title[1]=title2, version[1]=2, code[0]=20-05-05:0001, version[0]=9, title[0]=title20, code[1]=20-05-06:0000, id[1]=306, id[0]=305, list$size=2, command=list, principal=acme.framework.entities.Principal@2715fca6}] 
2022-06-01 23:13:32.326 DEBUG [acme.framework.components.tiles.DynamicTilesView@http-nio-8080-exec-6] View name 'inventor/chimpum/list', model {budget[0]=<<EUR 100.00>>, budget[1]=<<EUR 100.00>>, title[1]=title2, version[1]=2, code[0]=20-05-05:0001, version[0]=9, title[0]=title20, code[1]=20-05-06:0000, id[1]=306, id[0]=305, list$size=2, command=list, principal=acme.framework.entities.Principal@2715fca6, org.springframework.validation.BindingResult.budget[0]=org.springframework.validation.BeanPropertyBindingResult: 0 errors, org.springframework.validation.BindingResult.budget[1]=org.springframework.validation.BeanPropertyBindingResult: 0 errors, org.springframework.validation.BindingResult.principal=org.springframework.validation.BeanPropertyBindingResult: 0 errors} 
2022-06-01 23:13:32.328 DEBUG [org.apache.jasper.servlet.JspServlet@http-nio-8080-exec-6] JspEngine --> /WEB-INF/views/master/page.jsp 
2022-06-01 23:13:32.328 DEBUG [org.apache.jasper.servlet.JspServlet@http-nio-8080-exec-6] ServletPath: /WEB-INF/views/master/page.jsp 
2022-06-01 23:13:32.328 DEBUG [org.apache.jasper.servlet.JspServlet@http-nio-8080-exec-6] PathInfo: null 
2022-06-01 23:13:32.329 DEBUG [org.apache.jasper.servlet.JspServlet@http-nio-8080-exec-6] RealPath: C:\Users\alber\universidad\dp2\Workspace-22.0\Workspace-22.0\Projects\Acme-Toolkits\target\classes\WEB-INF\views\master\page.jsp 
2022-06-01 23:13:32.330 DEBUG [org.apache.jasper.servlet.JspServlet@http-nio-8080-exec-6] RequestURI: /acme-toolkits-22.1/WEB-INF/views/master/page.jsp 
2022-06-01 23:13:32.330 DEBUG [org.apache.jasper.servlet.JspServlet@http-nio-8080-exec-6] QueryString: null 
2022-06-01 23:13:32.463 DEBUG [org.apache.jasper.servlet.JspServlet@http-nio-8080-exec-6] JspEngine --> /WEB-INF/views/inventor/chimpum/list.jsp 
2022-06-01 23:13:32.463 DEBUG [org.apache.jasper.servlet.JspServlet@http-nio-8080-exec-6] ServletPath: /WEB-INF/views/master/page.jsp 
2022-06-01 23:13:32.463 DEBUG [org.apache.jasper.servlet.JspServlet@http-nio-8080-exec-6] PathInfo: null 
2022-06-01 23:13:32.465 DEBUG [org.apache.jasper.servlet.JspServlet@http-nio-8080-exec-6] RealPath: C:\Users\alber\universidad\dp2\Workspace-22.0\Workspace-22.0\Projects\Acme-Toolkits\target\classes\WEB-INF\views\inventor\chimpum\list.jsp 
2022-06-01 23:13:32.466 DEBUG [org.apache.jasper.servlet.JspServlet@http-nio-8080-exec-6] RequestURI: /acme-toolkits-22.1/WEB-INF/views/master/page.jsp 
2022-06-01 23:13:32.466 DEBUG [org.apache.jasper.servlet.JspServlet@http-nio-8080-exec-6] QueryString: null 
