2022-04-01 20:35:36.103 INFO  [acme.Launcher@main] Starting Launcher using Java 1.8.0_281 on LAPTOP-H7ELH4FO with PID 3120 (C:\Users\fvill\OneDrive\Documentos\UNIVERSIDAD\Software\4º\DP2\Workspace-22.0\Frameworks\Acme-Framework-22.3\target\classes started by fvill in C:\Users\fvill\OneDrive\Documentos\UNIVERSIDAD\Software\4º\DP2\Workspace-22.0\Projects\Acme-Toolkits) 
2022-04-01 20:35:36.104 DEBUG [acme.Launcher@main] Running with Spring Boot v2.4.2, Spring v5.3.3 
2022-04-01 20:35:36.105 INFO  [acme.Launcher@main] The following profiles are active: development,default 
2022-04-01 20:35:38.588 DEBUG [org.apache.jasper.servlet.JasperInitializer@main] Initializing Jasper for context [application] 
2022-04-01 20:35:43.108 DEBUG [org.apache.jasper.servlet.JspServlet@main] Scratch dir for the JSP engine is: [C:\Users\fvill\AppData\Local\Temp\tomcat.8080.7884393693977549117\work\Tomcat\localhost\acme-toolkits-22.1] 
2022-04-01 20:35:43.109 DEBUG [org.apache.jasper.servlet.JspServlet@main] IMPORTANT: Do not modify the generated servlets 
2022-04-01 20:35:43.118 INFO  [acme.Launcher@main] Started Launcher in 7.582 seconds (JVM running for 8.135) 
2022-04-01 20:35:43.123 DEBUG [acme.Launcher@main] Found classpath entry '/C:/Users/fvill/OneDrive/Documentos/UNIVERSIDAD/Software/4%c2%ba/DP2/Workspace-22.0/Projects/Acme-Toolkits/target/classes/' 
2022-04-01 20:35:43.123 DEBUG [acme.Launcher@main] Found classpath entry '/C:/Users/fvill/OneDrive/Documentos/UNIVERSIDAD/Software/4%c2%ba/DP2/Workspace-22.0/Projects/Acme-Toolkits/target/test-classes/' 
2022-04-01 20:35:43.124 DEBUG [acme.Launcher@main] Found classpath entry '/C:/Users/fvill/.m2/repository/org/springframework/boot/spring-boot-starter-tomcat/2.4.2/spring-boot-starter-tomcat-2.4.2.jar' 
2022-04-01 20:35:43.124 DEBUG [acme.Launcher@main] Found classpath entry '/C:/Users/fvill/.m2/repository/jakarta/annotation/jakarta.annotation-api/1.3.5/jakarta.annotation-api-1.3.5.jar' 
2022-04-01 20:35:43.124 DEBUG [acme.Launcher@main] Found classpath entry '/C:/Users/fvill/.m2/repository/org/apache/tomcat/embed/tomcat-embed-core/9.0.41/tomcat-embed-core-9.0.41.jar' 
2022-04-01 20:35:43.124 DEBUG [acme.Launcher@main] Found classpath entry '/C:/Users/fvill/.m2/repository/org/glassfish/jakarta.el/3.0.3/jakarta.el-3.0.3.jar' 
2022-04-01 20:35:43.124 DEBUG [acme.Launcher@main] Found classpath entry '/C:/Users/fvill/.m2/repository/org/apache/tomcat/embed/tomcat-embed-websocket/9.0.41/tomcat-embed-websocket-9.0.41.jar' 
2022-04-01 20:35:43.125 DEBUG [acme.Launcher@main] Found classpath entry '/C:/Users/fvill/.m2/repository/org/apache/tomcat/embed/tomcat-embed-jasper/9.0.41/tomcat-embed-jasper-9.0.41.jar' 
2022-04-01 20:35:43.125 DEBUG [acme.Launcher@main] Found classpath entry '/C:/Users/fvill/.m2/repository/org/apache/tomcat/embed/tomcat-embed-el/9.0.41/tomcat-embed-el-9.0.41.jar' 
2022-04-01 20:35:43.125 DEBUG [acme.Launcher@main] Found classpath entry '/C:/Users/fvill/.m2/repository/org/eclipse/jdt/ecj/3.18.0/ecj-3.18.0.jar' 
2022-04-01 20:35:43.125 DEBUG [acme.Launcher@main] Found classpath entry '/C:/Users/fvill/.m2/repository/javax/servlet/jstl/1.2/jstl-1.2.jar' 
2022-04-01 20:35:43.126 DEBUG [acme.Launcher@main] Found classpath entry '/C:/Users/fvill/.m2/repository/org/springframework/boot/spring-boot-starter-test/2.4.2/spring-boot-starter-test-2.4.2.jar' 
2022-04-01 20:35:43.126 DEBUG [acme.Launcher@main] Found classpath entry '/C:/Users/fvill/.m2/repository/org/springframework/boot/spring-boot-starter/2.4.2/spring-boot-starter-2.4.2.jar' 
2022-04-01 20:35:43.126 DEBUG [acme.Launcher@main] Found classpath entry '/C:/Users/fvill/.m2/repository/org/springframework/boot/spring-boot/2.4.2/spring-boot-2.4.2.jar' 
2022-04-01 20:35:43.126 DEBUG [acme.Launcher@main] Found classpath entry '/C:/Users/fvill/.m2/repository/org/springframework/boot/spring-boot-autoconfigure/2.4.2/spring-boot-autoconfigure-2.4.2.jar' 
2022-04-01 20:35:43.126 DEBUG [acme.Launcher@main] Found classpath entry '/C:/Users/fvill/.m2/repository/org/springframework/boot/spring-boot-starter-logging/2.4.2/spring-boot-starter-logging-2.4.2.jar' 
2022-04-01 20:35:43.127 DEBUG [acme.Launcher@main] Found classpath entry '/C:/Users/fvill/.m2/repository/ch/qos/logback/logback-classic/1.2.3/logback-classic-1.2.3.jar' 
2022-04-01 20:35:43.127 DEBUG [acme.Launcher@main] Found classpath entry '/C:/Users/fvill/.m2/repository/ch/qos/logback/logback-core/1.2.3/logback-core-1.2.3.jar' 
2022-04-01 20:35:43.127 DEBUG [acme.Launcher@main] Found classpath entry '/C:/Users/fvill/.m2/repository/org/apache/logging/log4j/log4j-to-slf4j/2.13.3/log4j-to-slf4j-2.13.3.jar' 
2022-04-01 20:35:43.127 DEBUG [acme.Launcher@main] Found classpath entry '/C:/Users/fvill/.m2/repository/org/apache/logging/log4j/log4j-api/2.13.3/log4j-api-2.13.3.jar' 
2022-04-01 20:35:43.128 DEBUG [acme.Launcher@main] Found classpath entry '/C:/Users/fvill/.m2/repository/org/slf4j/jul-to-slf4j/1.7.30/jul-to-slf4j-1.7.30.jar' 
2022-04-01 20:35:43.128 DEBUG [acme.Launcher@main] Found classpath entry '/C:/Users/fvill/.m2/repository/org/yaml/snakeyaml/1.27/snakeyaml-1.27.jar' 
2022-04-01 20:35:43.128 DEBUG [acme.Launcher@main] Found classpath entry '/C:/Users/fvill/.m2/repository/org/springframework/boot/spring-boot-test/2.4.2/spring-boot-test-2.4.2.jar' 
2022-04-01 20:35:43.128 DEBUG [acme.Launcher@main] Found classpath entry '/C:/Users/fvill/.m2/repository/org/springframework/boot/spring-boot-test-autoconfigure/2.4.2/spring-boot-test-autoconfigure-2.4.2.jar' 
2022-04-01 20:35:43.129 DEBUG [acme.Launcher@main] Found classpath entry '/C:/Users/fvill/.m2/repository/com/jayway/jsonpath/json-path/2.4.0/json-path-2.4.0.jar' 
2022-04-01 20:35:43.129 DEBUG [acme.Launcher@main] Found classpath entry '/C:/Users/fvill/.m2/repository/net/minidev/json-smart/2.3/json-smart-2.3.jar' 
2022-04-01 20:35:43.129 DEBUG [acme.Launcher@main] Found classpath entry '/C:/Users/fvill/.m2/repository/net/minidev/accessors-smart/1.2/accessors-smart-1.2.jar' 
2022-04-01 20:35:43.129 DEBUG [acme.Launcher@main] Found classpath entry '/C:/Users/fvill/.m2/repository/org/ow2/asm/asm/5.0.4/asm-5.0.4.jar' 
2022-04-01 20:35:43.129 DEBUG [acme.Launcher@main] Found classpath entry '/C:/Users/fvill/.m2/repository/jakarta/xml/bind/jakarta.xml.bind-api/2.3.3/jakarta.xml.bind-api-2.3.3.jar' 
2022-04-01 20:35:43.130 DEBUG [acme.Launcher@main] Found classpath entry '/C:/Users/fvill/.m2/repository/jakarta/activation/jakarta.activation-api/1.2.2/jakarta.activation-api-1.2.2.jar' 
2022-04-01 20:35:43.130 DEBUG [acme.Launcher@main] Found classpath entry '/C:/Users/fvill/.m2/repository/org/assertj/assertj-core/3.18.1/assertj-core-3.18.1.jar' 
2022-04-01 20:35:43.130 DEBUG [acme.Launcher@main] Found classpath entry '/C:/Users/fvill/.m2/repository/org/hamcrest/hamcrest/2.2/hamcrest-2.2.jar' 
2022-04-01 20:35:43.130 DEBUG [acme.Launcher@main] Found classpath entry '/C:/Users/fvill/.m2/repository/org/junit/jupiter/junit-jupiter/5.7.0/junit-jupiter-5.7.0.jar' 
2022-04-01 20:35:43.130 DEBUG [acme.Launcher@main] Found classpath entry '/C:/Users/fvill/.m2/repository/org/mockito/mockito-core/3.6.28/mockito-core-3.6.28.jar' 
2022-04-01 20:35:43.131 DEBUG [acme.Launcher@main] Found classpath entry '/C:/Users/fvill/.m2/repository/net/bytebuddy/byte-buddy-agent/1.10.19/byte-buddy-agent-1.10.19.jar' 
2022-04-01 20:35:43.131 DEBUG [acme.Launcher@main] Found classpath entry '/C:/Users/fvill/.m2/repository/org/objenesis/objenesis/3.1/objenesis-3.1.jar' 
2022-04-01 20:35:43.131 DEBUG [acme.Launcher@main] Found classpath entry '/C:/Users/fvill/.m2/repository/org/mockito/mockito-junit-jupiter/3.6.28/mockito-junit-jupiter-3.6.28.jar' 
2022-04-01 20:35:43.131 DEBUG [acme.Launcher@main] Found classpath entry '/C:/Users/fvill/.m2/repository/org/skyscreamer/jsonassert/1.5.0/jsonassert-1.5.0.jar' 
2022-04-01 20:35:43.132 DEBUG [acme.Launcher@main] Found classpath entry '/C:/Users/fvill/.m2/repository/com/vaadin/external/google/android-json/0.0.20131108.vaadin1/android-json-0.0.20131108.vaadin1.jar' 
2022-04-01 20:35:43.132 DEBUG [acme.Launcher@main] Found classpath entry '/C:/Users/fvill/.m2/repository/org/springframework/spring-core/5.3.3/spring-core-5.3.3.jar' 
2022-04-01 20:35:43.132 DEBUG [acme.Launcher@main] Found classpath entry '/C:/Users/fvill/.m2/repository/org/springframework/spring-jcl/5.3.3/spring-jcl-5.3.3.jar' 
2022-04-01 20:35:43.132 DEBUG [acme.Launcher@main] Found classpath entry '/C:/Users/fvill/.m2/repository/org/springframework/spring-test/5.3.3/spring-test-5.3.3.jar' 
2022-04-01 20:35:43.132 DEBUG [acme.Launcher@main] Found classpath entry '/C:/Users/fvill/.m2/repository/org/xmlunit/xmlunit-core/2.7.0/xmlunit-core-2.7.0.jar' 
2022-04-01 20:35:43.133 DEBUG [acme.Launcher@main] Found classpath entry '/C:/Users/fvill/.m2/repository/org/springframework/boot/spring-boot-starter-security/2.4.2/spring-boot-starter-security-2.4.2.jar' 
2022-04-01 20:35:43.133 DEBUG [acme.Launcher@main] Found classpath entry '/C:/Users/fvill/.m2/repository/org/springframework/spring-aop/5.3.3/spring-aop-5.3.3.jar' 
2022-04-01 20:35:43.133 DEBUG [acme.Launcher@main] Found classpath entry '/C:/Users/fvill/.m2/repository/org/springframework/security/spring-security-web/5.4.2/spring-security-web-5.4.2.jar' 
2022-04-01 20:35:43.133 DEBUG [acme.Launcher@main] Found classpath entry '/C:/Users/fvill/.m2/repository/org/springframework/security/spring-security-core/5.4.2/spring-security-core-5.4.2.jar' 
2022-04-01 20:35:43.133 DEBUG [acme.Launcher@main] Found classpath entry '/C:/Users/fvill/.m2/repository/org/springframework/spring-beans/5.3.3/spring-beans-5.3.3.jar' 
2022-04-01 20:35:43.133 DEBUG [acme.Launcher@main] Found classpath entry '/C:/Users/fvill/.m2/repository/org/springframework/spring-context/5.3.3/spring-context-5.3.3.jar' 
2022-04-01 20:35:43.134 DEBUG [acme.Launcher@main] Found classpath entry '/C:/Users/fvill/.m2/repository/org/springframework/spring-expression/5.3.3/spring-expression-5.3.3.jar' 
2022-04-01 20:35:43.134 DEBUG [acme.Launcher@main] Found classpath entry '/C:/Users/fvill/.m2/repository/org/springframework/spring-web/5.3.3/spring-web-5.3.3.jar' 
2022-04-01 20:35:43.134 DEBUG [acme.Launcher@main] Found classpath entry '/C:/Users/fvill/.m2/repository/org/springframework/security/spring-security-config/5.4.2/spring-security-config-5.4.2.jar' 
2022-04-01 20:35:43.134 DEBUG [acme.Launcher@main] Found classpath entry '/C:/Users/fvill/.m2/repository/org/springframework/security/spring-security-taglibs/5.4.2/spring-security-taglibs-5.4.2.jar' 
2022-04-01 20:35:43.135 DEBUG [acme.Launcher@main] Found classpath entry '/C:/Users/fvill/.m2/repository/org/springframework/security/spring-security-acl/5.4.2/spring-security-acl-5.4.2.jar' 
2022-04-01 20:35:43.135 DEBUG [acme.Launcher@main] Found classpath entry '/C:/Users/fvill/.m2/repository/org/springframework/spring-jdbc/5.3.3/spring-jdbc-5.3.3.jar' 
2022-04-01 20:35:43.135 DEBUG [acme.Launcher@main] Found classpath entry '/C:/Users/fvill/.m2/repository/org/springframework/spring-tx/5.3.3/spring-tx-5.3.3.jar' 
2022-04-01 20:35:43.135 DEBUG [acme.Launcher@main] Found classpath entry '/C:/Users/fvill/.m2/repository/org/springframework/boot/spring-boot-starter-web/2.4.2/spring-boot-starter-web-2.4.2.jar' 
2022-04-01 20:35:43.136 DEBUG [acme.Launcher@main] Found classpath entry '/C:/Users/fvill/.m2/repository/org/springframework/boot/spring-boot-starter-json/2.4.2/spring-boot-starter-json-2.4.2.jar' 
2022-04-01 20:35:43.136 DEBUG [acme.Launcher@main] Found classpath entry '/C:/Users/fvill/.m2/repository/com/fasterxml/jackson/core/jackson-databind/2.11.4/jackson-databind-2.11.4.jar' 
2022-04-01 20:35:43.136 DEBUG [acme.Launcher@main] Found classpath entry '/C:/Users/fvill/.m2/repository/com/fasterxml/jackson/core/jackson-annotations/2.11.4/jackson-annotations-2.11.4.jar' 
2022-04-01 20:35:43.136 DEBUG [acme.Launcher@main] Found classpath entry '/C:/Users/fvill/.m2/repository/com/fasterxml/jackson/core/jackson-core/2.11.4/jackson-core-2.11.4.jar' 
2022-04-01 20:35:43.137 DEBUG [acme.Launcher@main] Found classpath entry '/C:/Users/fvill/.m2/repository/com/fasterxml/jackson/datatype/jackson-datatype-jdk8/2.11.4/jackson-datatype-jdk8-2.11.4.jar' 
2022-04-01 20:35:43.137 DEBUG [acme.Launcher@main] Found classpath entry '/C:/Users/fvill/.m2/repository/com/fasterxml/jackson/datatype/jackson-datatype-jsr310/2.11.4/jackson-datatype-jsr310-2.11.4.jar' 
2022-04-01 20:35:43.137 DEBUG [acme.Launcher@main] Found classpath entry '/C:/Users/fvill/.m2/repository/com/fasterxml/jackson/module/jackson-module-parameter-names/2.11.4/jackson-module-parameter-names-2.11.4.jar' 
2022-04-01 20:35:43.137 DEBUG [acme.Launcher@main] Found classpath entry '/C:/Users/fvill/.m2/repository/org/springframework/spring-webmvc/5.3.3/spring-webmvc-5.3.3.jar' 
2022-04-01 20:35:43.137 DEBUG [acme.Launcher@main] Found classpath entry '/C:/Users/fvill/.m2/repository/org/apache/tiles/tiles-jsp/3.0.8/tiles-jsp-3.0.8.jar' 
2022-04-01 20:35:43.137 DEBUG [acme.Launcher@main] Found classpath entry '/C:/Users/fvill/.m2/repository/org/apache/tiles/tiles-servlet/3.0.8/tiles-servlet-3.0.8.jar' 
2022-04-01 20:35:43.137 DEBUG [acme.Launcher@main] Found classpath entry '/C:/Users/fvill/.m2/repository/org/apache/tiles/tiles-core/3.0.8/tiles-core-3.0.8.jar' 
2022-04-01 20:35:43.137 DEBUG [acme.Launcher@main] Found classpath entry '/C:/Users/fvill/.m2/repository/commons-digester/commons-digester/2.0/commons-digester-2.0.jar' 
2022-04-01 20:35:43.138 DEBUG [acme.Launcher@main] Found classpath entry '/C:/Users/fvill/.m2/repository/org/slf4j/jcl-over-slf4j/1.7.30/jcl-over-slf4j-1.7.30.jar' 
2022-04-01 20:35:43.138 DEBUG [acme.Launcher@main] Found classpath entry '/C:/Users/fvill/.m2/repository/org/apache/tiles/tiles-request-servlet/1.0.7/tiles-request-servlet-1.0.7.jar' 
2022-04-01 20:35:43.138 DEBUG [acme.Launcher@main] Found classpath entry '/C:/Users/fvill/.m2/repository/org/apache/tiles/tiles-template/3.0.8/tiles-template-3.0.8.jar' 
2022-04-01 20:35:43.138 DEBUG [acme.Launcher@main] Found classpath entry '/C:/Users/fvill/.m2/repository/org/apache/tiles/tiles-api/3.0.8/tiles-api-3.0.8.jar' 
2022-04-01 20:35:43.138 DEBUG [acme.Launcher@main] Found classpath entry '/C:/Users/fvill/.m2/repository/org/apache/tiles/tiles-autotag-core-runtime/1.2/tiles-autotag-core-runtime-1.2.jar' 
2022-04-01 20:35:43.138 DEBUG [acme.Launcher@main] Found classpath entry '/C:/Users/fvill/.m2/repository/org/slf4j/slf4j-api/1.7.30/slf4j-api-1.7.30.jar' 
2022-04-01 20:35:43.139 DEBUG [acme.Launcher@main] Found classpath entry '/C:/Users/fvill/.m2/repository/org/apache/tiles/tiles-request-jsp/1.0.7/tiles-request-jsp-1.0.7.jar' 
2022-04-01 20:35:43.139 DEBUG [acme.Launcher@main] Found classpath entry '/C:/Users/fvill/.m2/repository/org/apache/tiles/tiles-request-api/1.0.7/tiles-request-api-1.0.7.jar' 
2022-04-01 20:35:43.139 DEBUG [acme.Launcher@main] Found classpath entry '/C:/Users/fvill/.m2/repository/org/springframework/boot/spring-boot-starter-data-jpa/2.4.2/spring-boot-starter-data-jpa-2.4.2.jar' 
2022-04-01 20:35:43.139 DEBUG [acme.Launcher@main] Found classpath entry '/C:/Users/fvill/.m2/repository/org/springframework/boot/spring-boot-starter-aop/2.4.2/spring-boot-starter-aop-2.4.2.jar' 
2022-04-01 20:35:43.139 DEBUG [acme.Launcher@main] Found classpath entry '/C:/Users/fvill/.m2/repository/org/aspectj/aspectjweaver/1.9.6/aspectjweaver-1.9.6.jar' 
2022-04-01 20:35:43.139 DEBUG [acme.Launcher@main] Found classpath entry '/C:/Users/fvill/.m2/repository/org/springframework/boot/spring-boot-starter-jdbc/2.4.2/spring-boot-starter-jdbc-2.4.2.jar' 
2022-04-01 20:35:43.139 DEBUG [acme.Launcher@main] Found classpath entry '/C:/Users/fvill/.m2/repository/jakarta/transaction/jakarta.transaction-api/1.3.3/jakarta.transaction-api-1.3.3.jar' 
2022-04-01 20:35:43.139 DEBUG [acme.Launcher@main] Found classpath entry '/C:/Users/fvill/.m2/repository/jakarta/persistence/jakarta.persistence-api/2.2.3/jakarta.persistence-api-2.2.3.jar' 
2022-04-01 20:35:43.139 DEBUG [acme.Launcher@main] Found classpath entry '/C:/Users/fvill/.m2/repository/org/hibernate/hibernate-core/5.4.27.Final/hibernate-core-5.4.27.Final.jar' 
2022-04-01 20:35:43.140 DEBUG [acme.Launcher@main] Found classpath entry '/C:/Users/fvill/.m2/repository/org/jboss/logging/jboss-logging/3.4.1.Final/jboss-logging-3.4.1.Final.jar' 
2022-04-01 20:35:43.140 DEBUG [acme.Launcher@main] Found classpath entry '/C:/Users/fvill/.m2/repository/org/javassist/javassist/3.27.0-GA/javassist-3.27.0-GA.jar' 
2022-04-01 20:35:43.140 DEBUG [acme.Launcher@main] Found classpath entry '/C:/Users/fvill/.m2/repository/antlr/antlr/2.7.7/antlr-2.7.7.jar' 
2022-04-01 20:35:43.140 DEBUG [acme.Launcher@main] Found classpath entry '/C:/Users/fvill/.m2/repository/org/jboss/jandex/2.1.3.Final/jandex-2.1.3.Final.jar' 
2022-04-01 20:35:43.140 DEBUG [acme.Launcher@main] Found classpath entry '/C:/Users/fvill/.m2/repository/com/fasterxml/classmate/1.5.1/classmate-1.5.1.jar' 
2022-04-01 20:35:43.140 DEBUG [acme.Launcher@main] Found classpath entry '/C:/Users/fvill/.m2/repository/org/dom4j/dom4j/2.1.3/dom4j-2.1.3.jar' 
2022-04-01 20:35:43.140 DEBUG [acme.Launcher@main] Found classpath entry '/C:/Users/fvill/.m2/repository/org/hibernate/common/hibernate-commons-annotations/5.1.2.Final/hibernate-commons-annotations-5.1.2.Final.jar' 
2022-04-01 20:35:43.140 DEBUG [acme.Launcher@main] Found classpath entry '/C:/Users/fvill/.m2/repository/org/glassfish/jaxb/jaxb-runtime/2.3.3/jaxb-runtime-2.3.3.jar' 
2022-04-01 20:35:43.141 DEBUG [acme.Launcher@main] Found classpath entry '/C:/Users/fvill/.m2/repository/org/glassfish/jaxb/txw2/2.3.3/txw2-2.3.3.jar' 
2022-04-01 20:35:43.141 DEBUG [acme.Launcher@main] Found classpath entry '/C:/Users/fvill/.m2/repository/com/sun/istack/istack-commons-runtime/3.0.11/istack-commons-runtime-3.0.11.jar' 
2022-04-01 20:35:43.141 DEBUG [acme.Launcher@main] Found classpath entry '/C:/Users/fvill/.m2/repository/com/sun/activation/jakarta.activation/1.2.2/jakarta.activation-1.2.2.jar' 
2022-04-01 20:35:43.141 DEBUG [acme.Launcher@main] Found classpath entry '/C:/Users/fvill/.m2/repository/org/springframework/data/spring-data-jpa/2.4.3/spring-data-jpa-2.4.3.jar' 
2022-04-01 20:35:43.141 DEBUG [acme.Launcher@main] Found classpath entry '/C:/Users/fvill/.m2/repository/org/springframework/data/spring-data-commons/2.4.3/spring-data-commons-2.4.3.jar' 
2022-04-01 20:35:43.141 DEBUG [acme.Launcher@main] Found classpath entry '/C:/Users/fvill/.m2/repository/org/springframework/spring-orm/5.3.3/spring-orm-5.3.3.jar' 
2022-04-01 20:35:43.141 DEBUG [acme.Launcher@main] Found classpath entry '/C:/Users/fvill/.m2/repository/org/springframework/spring-aspects/5.3.3/spring-aspects-5.3.3.jar' 
2022-04-01 20:35:43.141 DEBUG [acme.Launcher@main] Found classpath entry '/C:/Users/fvill/.m2/repository/org/springframework/boot/spring-boot-starter-validation/2.4.2/spring-boot-starter-validation-2.4.2.jar' 
2022-04-01 20:35:43.141 DEBUG [acme.Launcher@main] Found classpath entry '/C:/Users/fvill/.m2/repository/org/hibernate/validator/hibernate-validator/6.1.7.Final/hibernate-validator-6.1.7.Final.jar' 
2022-04-01 20:35:43.142 DEBUG [acme.Launcher@main] Found classpath entry '/C:/Users/fvill/.m2/repository/jakarta/validation/jakarta.validation-api/2.0.2/jakarta.validation-api-2.0.2.jar' 
2022-04-01 20:35:43.142 DEBUG [acme.Launcher@main] Found classpath entry '/C:/Users/fvill/.m2/repository/mysql/mysql-connector-java/8.0.22/mysql-connector-java-8.0.22.jar' 
2022-04-01 20:35:43.142 DEBUG [acme.Launcher@main] Found classpath entry '/C:/Users/fvill/.m2/repository/com/zaxxer/HikariCP/3.4.5/HikariCP-3.4.5.jar' 
2022-04-01 20:35:43.142 DEBUG [acme.Launcher@main] Found classpath entry '/C:/Users/fvill/.m2/repository/org/junit/jupiter/junit-jupiter-engine/5.7.0/junit-jupiter-engine-5.7.0.jar' 
2022-04-01 20:35:43.142 DEBUG [acme.Launcher@main] Found classpath entry '/C:/Users/fvill/.m2/repository/org/apiguardian/apiguardian-api/1.1.0/apiguardian-api-1.1.0.jar' 
2022-04-01 20:35:43.142 DEBUG [acme.Launcher@main] Found classpath entry '/C:/Users/fvill/.m2/repository/org/junit/platform/junit-platform-engine/1.7.0/junit-platform-engine-1.7.0.jar' 
2022-04-01 20:35:43.142 DEBUG [acme.Launcher@main] Found classpath entry '/C:/Users/fvill/.m2/repository/org/junit/jupiter/junit-jupiter-api/5.7.0/junit-jupiter-api-5.7.0.jar' 
2022-04-01 20:35:43.142 DEBUG [acme.Launcher@main] Found classpath entry '/C:/Users/fvill/.m2/repository/org/opentest4j/opentest4j/1.2.0/opentest4j-1.2.0.jar' 
2022-04-01 20:35:43.142 DEBUG [acme.Launcher@main] Found classpath entry '/C:/Users/fvill/.m2/repository/org/junit/platform/junit-platform-commons/1.7.0/junit-platform-commons-1.7.0.jar' 
2022-04-01 20:35:43.143 DEBUG [acme.Launcher@main] Found classpath entry '/C:/Users/fvill/.m2/repository/org/junit/jupiter/junit-jupiter-params/5.7.0/junit-jupiter-params-5.7.0.jar' 
2022-04-01 20:35:43.143 DEBUG [acme.Launcher@main] Found classpath entry '/C:/Users/fvill/.m2/repository/org/junit/platform/junit-platform-launcher/1.7.0/junit-platform-launcher-1.7.0.jar' 
2022-04-01 20:35:43.143 DEBUG [acme.Launcher@main] Found classpath entry '/C:/Users/fvill/.m2/repository/org/seleniumhq/selenium/selenium-java/3.141.59/selenium-java-3.141.59.jar' 
2022-04-01 20:35:43.143 DEBUG [acme.Launcher@main] Found classpath entry '/C:/Users/fvill/.m2/repository/org/seleniumhq/selenium/selenium-api/3.141.59/selenium-api-3.141.59.jar' 
2022-04-01 20:35:43.143 DEBUG [acme.Launcher@main] Found classpath entry '/C:/Users/fvill/.m2/repository/org/seleniumhq/selenium/selenium-chrome-driver/3.141.59/selenium-chrome-driver-3.141.59.jar' 
2022-04-01 20:35:43.143 DEBUG [acme.Launcher@main] Found classpath entry '/C:/Users/fvill/.m2/repository/org/seleniumhq/selenium/selenium-edge-driver/3.141.59/selenium-edge-driver-3.141.59.jar' 
2022-04-01 20:35:43.143 DEBUG [acme.Launcher@main] Found classpath entry '/C:/Users/fvill/.m2/repository/org/seleniumhq/selenium/selenium-firefox-driver/3.141.59/selenium-firefox-driver-3.141.59.jar' 
2022-04-01 20:35:43.143 DEBUG [acme.Launcher@main] Found classpath entry '/C:/Users/fvill/.m2/repository/org/seleniumhq/selenium/selenium-ie-driver/3.141.59/selenium-ie-driver-3.141.59.jar' 
2022-04-01 20:35:43.143 DEBUG [acme.Launcher@main] Found classpath entry '/C:/Users/fvill/.m2/repository/org/seleniumhq/selenium/selenium-opera-driver/3.141.59/selenium-opera-driver-3.141.59.jar' 
2022-04-01 20:35:43.144 DEBUG [acme.Launcher@main] Found classpath entry '/C:/Users/fvill/.m2/repository/org/seleniumhq/selenium/selenium-remote-driver/3.141.59/selenium-remote-driver-3.141.59.jar' 
2022-04-01 20:35:43.144 DEBUG [acme.Launcher@main] Found classpath entry '/C:/Users/fvill/.m2/repository/org/seleniumhq/selenium/selenium-safari-driver/3.141.59/selenium-safari-driver-3.141.59.jar' 
2022-04-01 20:35:43.144 DEBUG [acme.Launcher@main] Found classpath entry '/C:/Users/fvill/.m2/repository/org/seleniumhq/selenium/selenium-support/3.141.59/selenium-support-3.141.59.jar' 
2022-04-01 20:35:43.144 DEBUG [acme.Launcher@main] Found classpath entry '/C:/Users/fvill/.m2/repository/net/bytebuddy/byte-buddy/1.10.19/byte-buddy-1.10.19.jar' 
2022-04-01 20:35:43.144 DEBUG [acme.Launcher@main] Found classpath entry '/C:/Users/fvill/.m2/repository/org/apache/commons/commons-exec/1.3/commons-exec-1.3.jar' 
2022-04-01 20:35:43.144 DEBUG [acme.Launcher@main] Found classpath entry '/C:/Users/fvill/.m2/repository/com/google/guava/guava/25.0-jre/guava-25.0-jre.jar' 
2022-04-01 20:35:43.144 DEBUG [acme.Launcher@main] Found classpath entry '/C:/Users/fvill/.m2/repository/com/google/code/findbugs/jsr305/1.3.9/jsr305-1.3.9.jar' 
2022-04-01 20:35:43.144 DEBUG [acme.Launcher@main] Found classpath entry '/C:/Users/fvill/.m2/repository/org/checkerframework/checker-compat-qual/2.0.0/checker-compat-qual-2.0.0.jar' 
2022-04-01 20:35:43.145 DEBUG [acme.Launcher@main] Found classpath entry '/C:/Users/fvill/.m2/repository/com/google/errorprone/error_prone_annotations/2.1.3/error_prone_annotations-2.1.3.jar' 
2022-04-01 20:35:43.145 DEBUG [acme.Launcher@main] Found classpath entry '/C:/Users/fvill/.m2/repository/com/google/j2objc/j2objc-annotations/1.1/j2objc-annotations-1.1.jar' 
2022-04-01 20:35:43.145 DEBUG [acme.Launcher@main] Found classpath entry '/C:/Users/fvill/.m2/repository/org/codehaus/mojo/animal-sniffer-annotations/1.14/animal-sniffer-annotations-1.14.jar' 
2022-04-01 20:35:43.145 DEBUG [acme.Launcher@main] Found classpath entry '/C:/Users/fvill/.m2/repository/com/squareup/okhttp3/okhttp/3.14.9/okhttp-3.14.9.jar' 
2022-04-01 20:35:43.145 DEBUG [acme.Launcher@main] Found classpath entry '/C:/Users/fvill/.m2/repository/com/squareup/okio/okio/1.14.0/okio-1.14.0.jar' 
2022-04-01 20:35:43.145 DEBUG [acme.Launcher@main] Found classpath entry '/C:/Users/fvill/.m2/repository/org/apache/commons/commons-lang3/3.11/commons-lang3-3.11.jar' 
2022-04-01 20:35:43.145 DEBUG [acme.Launcher@main] Found classpath entry '/C:/Users/fvill/.m2/repository/org/apache/commons/commons-text/1.8/commons-text-1.8.jar' 
2022-04-01 20:35:43.145 DEBUG [acme.Launcher@main] Found classpath entry '/C:/Users/fvill/.m2/repository/commons-io/commons-io/2.6/commons-io-2.6.jar' 
2022-04-01 20:35:43.145 DEBUG [acme.Launcher@main] Found classpath entry '/C:/Users/fvill/.m2/repository/commons-cli/commons-cli/1.4/commons-cli-1.4.jar' 
2022-04-01 20:35:43.145 DEBUG [acme.Launcher@main] Found classpath entry '/C:/Users/fvill/.m2/repository/org/projectlombok/lombok/1.18.16/lombok-1.18.16.jar' 
2022-04-01 20:35:43.146 DEBUG [acme.Launcher@main] Found classpath entry '/C:/Users/fvill/.m2/repository/com/opencsv/opencsv/5.4/opencsv-5.4.jar' 
2022-04-01 20:35:43.146 DEBUG [acme.Launcher@main] Found classpath entry '/C:/Users/fvill/.m2/repository/commons-beanutils/commons-beanutils/1.9.4/commons-beanutils-1.9.4.jar' 
2022-04-01 20:35:43.146 DEBUG [acme.Launcher@main] Found classpath entry '/C:/Users/fvill/.m2/repository/commons-logging/commons-logging/1.2/commons-logging-1.2.jar' 
2022-04-01 20:35:43.146 DEBUG [acme.Launcher@main] Found classpath entry '/C:/Users/fvill/.m2/repository/commons-collections/commons-collections/3.2.2/commons-collections-3.2.2.jar' 
2022-04-01 20:35:43.146 DEBUG [acme.Launcher@main] Found classpath entry '/C:/Users/fvill/.m2/repository/org/apache/commons/commons-collections4/4.4/commons-collections4-4.4.jar' 
2022-04-01 20:35:43.146 DEBUG [acme.Launcher@main] Found classpath entry '/C:/Users/fvill/OneDrive/Documentos/UNIVERSIDAD/Software/4%c2%ba/DP2/Workspace-22.0/Frameworks/Acme-Framework-22.3/target/classes/' 
2022-04-01 20:35:43.146 DEBUG [acme.Launcher@main] Found classpath entry '/C:/Users/fvill/OneDrive/Documentos/UNIVERSIDAD/Software/4%c2%ba/DP2/Workspace-22.0/Frameworks/Acme-Framework-22.3/target/test-classes/' 
2022-04-01 20:35:43.230 DEBUG [acme.Launcher@main] Found entity class 'acme.entities.announcement.Announcement 
2022-04-01 20:35:43.230 DEBUG [acme.Launcher@main] Found entity class 'acme.entities.chirp.Chirp 
2022-04-01 20:35:43.230 DEBUG [acme.Launcher@main] Found entity class 'acme.entities.item.Item 
2022-04-01 20:35:43.230 DEBUG [acme.Launcher@main] Found entity class 'acme.entities.patronage.Patronage 
2022-04-01 20:35:43.230 DEBUG [acme.Launcher@main] Found entity class 'acme.entities.patronageReport.PatronageReport 
2022-04-01 20:35:43.231 DEBUG [acme.Launcher@main] Found entity class 'acme.entities.quantity.Quantity 
2022-04-01 20:35:43.231 DEBUG [acme.Launcher@main] Found entity class 'acme.entities.systemConfiguration.SystemConfiguration 
2022-04-01 20:35:43.231 DEBUG [acme.Launcher@main] Found entity class 'acme.entities.toolkit.Toolkit 
2022-04-01 20:35:43.231 DEBUG [acme.Launcher@main] Found entity class 'acme.roles.Consumer 
2022-04-01 20:35:43.231 DEBUG [acme.Launcher@main] Found entity class 'acme.roles.Inventor 
2022-04-01 20:35:43.231 DEBUG [acme.Launcher@main] Found entity class 'acme.roles.Patron 
2022-04-01 20:35:43.231 DEBUG [acme.Launcher@main] Found entity class 'acme.roles.Provider 
2022-04-01 20:35:43.231 DEBUG [acme.Launcher@main] Found entity class 'acme.framework.entities.UserAccount 
2022-04-01 20:35:43.231 DEBUG [acme.Launcher@main] Found entity class 'acme.framework.roles.Administrator 
2022-04-01 20:35:43.231 DEBUG [acme.Launcher@main] Found entity class 'acme.framework.roles.Anonymous 
2022-04-01 20:35:43.231 DEBUG [acme.Launcher@main] Found entity class 'acme.framework.roles.Any 
2022-04-01 20:35:43.231 DEBUG [acme.Launcher@main] Found entity class 'acme.framework.roles.Authenticated 
2022-04-01 20:35:43.235 INFO  [acme.Launcher@main] Running application (Standalone) 
2022-04-01 20:35:47.021 DEBUG [acme.framework.components.tiles.DynamicTilesView@http-nio-8080-exec-2] View name 'fragments/welcome', model {} 
2022-04-01 20:35:47.057 DEBUG [org.apache.tiles.definition.dao.BaseLocaleUrlDefinitionDAO@http-nio-8080-exec-2] File Resource file:/C:/Users/fvill/OneDrive/Documentos/UNIVERSIDAD/Software/4º/DP2/Workspace-22.0/Projects/Acme-Toolkits/target/classes/WEB-INF/views/master/tiles_en.xml at file:/C:/Users/fvill/OneDrive/Documentos/UNIVERSIDAD/Software/4º/DP2/Workspace-22.0/Projects/Acme-Toolkits/target/classes/WEB-INF/views/master/tiles_en.xml not found, continue 
2022-04-01 20:35:47.074 DEBUG [org.apache.jasper.servlet.JspServlet@http-nio-8080-exec-2] JspEngine --> /WEB-INF/views/master/page.jsp 
2022-04-01 20:35:47.075 DEBUG [org.apache.jasper.servlet.JspServlet@http-nio-8080-exec-2] ServletPath: /WEB-INF/views/master/page.jsp 
2022-04-01 20:35:47.075 DEBUG [org.apache.jasper.servlet.JspServlet@http-nio-8080-exec-2] PathInfo: null 
2022-04-01 20:35:47.081 DEBUG [org.apache.jasper.servlet.JspServlet@http-nio-8080-exec-2] RealPath: C:\Users\fvill\OneDrive\Documentos\UNIVERSIDAD\Software\4º\DP2\Workspace-22.0\Projects\Acme-Toolkits\target\classes\WEB-INF\views\master\page.jsp 
2022-04-01 20:35:47.082 DEBUG [org.apache.jasper.servlet.JspServlet@http-nio-8080-exec-2] RequestURI: /acme-toolkits-22.1/WEB-INF/views/master/page.jsp 
2022-04-01 20:35:47.083 DEBUG [org.apache.jasper.servlet.JspServlet@http-nio-8080-exec-2] QueryString: null 
2022-04-01 20:35:56.224 DEBUG [acme.framework.configuration.ExtendedMessageSource@http-nio-8080-exec-2] Loading properties [C:\Users\fvill\OneDrive\Documentos\UNIVERSIDAD\Software\4º\DP2\Workspace-22.0\Projects\Acme-Toolkits\target\classes\WEB-INF\views\administrator\user-account\messages-en.i18n] with encoding 'utf-8' 
2022-04-01 20:35:56.227 DEBUG [acme.framework.configuration.ExtendedMessageSource@http-nio-8080-exec-2] Loading properties [C:\Users\fvill\OneDrive\Documentos\UNIVERSIDAD\Software\4º\DP2\Workspace-22.0\Projects\Acme-Toolkits\target\classes\WEB-INF\views\anonymous\user-account\messages-en.i18n] with encoding 'utf-8' 
2022-04-01 20:35:56.229 DEBUG [acme.framework.configuration.ExtendedMessageSource@http-nio-8080-exec-2] Loading properties [C:\Users\fvill\OneDrive\Documentos\UNIVERSIDAD\Software\4º\DP2\Workspace-22.0\Projects\Acme-Toolkits\target\classes\WEB-INF\views\authenticated\consumer\messsages-en.i18n] with encoding 'utf-8' 
2022-04-01 20:35:56.230 DEBUG [acme.framework.configuration.ExtendedMessageSource@http-nio-8080-exec-2] Loading properties [C:\Users\fvill\OneDrive\Documentos\UNIVERSIDAD\Software\4º\DP2\Workspace-22.0\Projects\Acme-Toolkits\target\classes\WEB-INF\views\authenticated\inventor\messsages-en.i18n] with encoding 'utf-8' 
2022-04-01 20:35:56.232 DEBUG [acme.framework.configuration.ExtendedMessageSource@http-nio-8080-exec-2] Loading properties [C:\Users\fvill\OneDrive\Documentos\UNIVERSIDAD\Software\4º\DP2\Workspace-22.0\Projects\Acme-Toolkits\target\classes\WEB-INF\views\authenticated\patron\messsages-en.i18n] with encoding 'utf-8' 
2022-04-01 20:35:56.234 DEBUG [acme.framework.configuration.ExtendedMessageSource@http-nio-8080-exec-2] Loading properties [C:\Users\fvill\OneDrive\Documentos\UNIVERSIDAD\Software\4º\DP2\Workspace-22.0\Projects\Acme-Toolkits\target\classes\WEB-INF\views\authenticated\provider\messsages-en.i18n] with encoding 'utf-8' 
2022-04-01 20:35:56.236 DEBUG [acme.framework.configuration.ExtendedMessageSource@http-nio-8080-exec-2] Loading properties [C:\Users\fvill\OneDrive\Documentos\UNIVERSIDAD\Software\4º\DP2\Workspace-22.0\Projects\Acme-Toolkits\target\classes\WEB-INF\views\fragments\banner-en.i18n] with encoding 'utf-8' 
2022-04-01 20:35:56.237 DEBUG [acme.framework.configuration.ExtendedMessageSource@http-nio-8080-exec-2] Loading properties [C:\Users\fvill\OneDrive\Documentos\UNIVERSIDAD\Software\4º\DP2\Workspace-22.0\Projects\Acme-Toolkits\target\classes\WEB-INF\views\fragments\company-en.i18n] with encoding 'utf-8' 
2022-04-01 20:35:56.239 DEBUG [acme.framework.configuration.ExtendedMessageSource@http-nio-8080-exec-2] Loading properties [C:\Users\fvill\OneDrive\Documentos\UNIVERSIDAD\Software\4º\DP2\Workspace-22.0\Projects\Acme-Toolkits\target\classes\WEB-INF\views\fragments\footer-en.i18n] with encoding 'utf-8' 
2022-04-01 20:35:56.240 DEBUG [acme.framework.configuration.ExtendedMessageSource@http-nio-8080-exec-2] Loading properties [C:\Users\fvill\OneDrive\Documentos\UNIVERSIDAD\Software\4º\DP2\Workspace-22.0\Projects\Acme-Toolkits\target\classes\WEB-INF\views\fragments\license-en.i18n] with encoding 'utf-8' 
2022-04-01 20:35:56.241 DEBUG [acme.framework.configuration.ExtendedMessageSource@http-nio-8080-exec-2] Loading properties [C:\Users\fvill\OneDrive\Documentos\UNIVERSIDAD\Software\4º\DP2\Workspace-22.0\Projects\Acme-Toolkits\target\classes\WEB-INF\views\fragments\menu-en.i18n] with encoding 'utf-8' 
2022-04-01 20:35:56.243 DEBUG [acme.framework.configuration.ExtendedMessageSource@http-nio-8080-exec-2] Loading properties [C:\Users\fvill\OneDrive\Documentos\UNIVERSIDAD\Software\4º\DP2\Workspace-22.0\Projects\Acme-Toolkits\target\classes\WEB-INF\views\fragments\messsages-en.i18n] with encoding 'utf-8' 
2022-04-01 20:35:56.245 DEBUG [acme.framework.configuration.ExtendedMessageSource@http-nio-8080-exec-2] Loading properties [C:\Users\fvill\OneDrive\Documentos\UNIVERSIDAD\Software\4º\DP2\Workspace-22.0\Projects\Acme-Toolkits\target\classes\WEB-INF\views\fragments\title-en.i18n] with encoding 'utf-8' 
2022-04-01 20:35:56.246 DEBUG [acme.framework.configuration.ExtendedMessageSource@http-nio-8080-exec-2] Loading properties [C:\Users\fvill\OneDrive\Documentos\UNIVERSIDAD\Software\4º\DP2\Workspace-22.0\Projects\Acme-Toolkits\target\classes\WEB-INF\views\fragments\welcome-en.i18n] with encoding 'utf-8' 
2022-04-01 20:35:56.248 DEBUG [acme.framework.configuration.ExtendedMessageSource@http-nio-8080-exec-2] Loading properties [C:\Users\fvill\OneDrive\Documentos\UNIVERSIDAD\Software\4º\DP2\Workspace-22.0\Projects\Acme-Toolkits\target\classes\WEB-INF\views\inventor\item\messages-en.i18n] with encoding 'utf-8' 
2022-04-01 20:35:56.249 DEBUG [acme.framework.configuration.ExtendedMessageSource@http-nio-8080-exec-2] Loading properties [C:\Users\fvill\OneDrive\Documentos\UNIVERSIDAD\Software\4º\DP2\Workspace-22.0\Projects\Acme-Toolkits\target\classes\WEB-INF\views\inventor\patronage\messages-en.i18n] with encoding 'utf-8' 
2022-04-01 20:35:56.252 DEBUG [acme.framework.configuration.ExtendedMessageSource@http-nio-8080-exec-2] Loading properties [C:\Users\fvill\OneDrive\Documentos\UNIVERSIDAD\Software\4º\DP2\Workspace-22.0\Projects\Acme-Toolkits\target\classes\WEB-INF\views\master\defaults-en.i18n] with encoding 'utf-8' 
2022-04-01 20:35:56.253 DEBUG [acme.framework.configuration.ExtendedMessageSource@http-nio-8080-exec-2] Loading properties [C:\Users\fvill\OneDrive\Documentos\UNIVERSIDAD\Software\4º\DP2\Workspace-22.0\Projects\Acme-Toolkits\target\classes\WEB-INF\views\master\master-en.i18n] with encoding 'utf-8' 
2022-04-01 20:35:56.254 DEBUG [acme.framework.configuration.ExtendedMessageSource@http-nio-8080-exec-2] Loading properties [C:\Users\fvill\OneDrive\Documentos\UNIVERSIDAD\Software\4º\DP2\Workspace-22.0\Projects\Acme-Toolkits\target\classes\WEB-INF\views\master\throwables-en.i18n] with encoding 'utf-8' 
2022-04-01 20:35:56.255 DEBUG [acme.framework.configuration.ExtendedMessageSource@http-nio-8080-exec-2] Loading properties [C:\Users\fvill\OneDrive\Documentos\UNIVERSIDAD\Software\4º\DP2\Workspace-22.0\Projects\Acme-Toolkits\target\classes\WEB-INF\views\master\validation-en.i18n] with encoding 'utf-8' 
2022-04-01 20:35:56.595 DEBUG [org.apache.jasper.servlet.JspServlet@http-nio-8080-exec-2] JspEngine --> /WEB-INF/views/fragments/welcome.jsp 
2022-04-01 20:35:56.596 DEBUG [org.apache.jasper.servlet.JspServlet@http-nio-8080-exec-2] ServletPath: /WEB-INF/views/master/page.jsp 
2022-04-01 20:35:56.597 DEBUG [org.apache.jasper.servlet.JspServlet@http-nio-8080-exec-2] PathInfo: null 
2022-04-01 20:35:56.602 DEBUG [org.apache.jasper.servlet.JspServlet@http-nio-8080-exec-2] RealPath: C:\Users\fvill\OneDrive\Documentos\UNIVERSIDAD\Software\4º\DP2\Workspace-22.0\Projects\Acme-Toolkits\target\classes\WEB-INF\views\fragments\welcome.jsp 
2022-04-01 20:35:56.603 DEBUG [org.apache.jasper.servlet.JspServlet@http-nio-8080-exec-2] RequestURI: /acme-toolkits-22.1/WEB-INF/views/master/page.jsp 
2022-04-01 20:35:56.603 DEBUG [org.apache.jasper.servlet.JspServlet@http-nio-8080-exec-2] QueryString: null 
2022-04-01 20:35:57.160 DEBUG [org.hibernate.SQL@http-nio-8080-exec-2] select useraccoun0_.id as id1_0_, useraccoun0_.version as version2_0_, useraccoun0_.enabled as enabled1_17_, useraccoun0_.identity as identity2_17_, useraccoun0_.password as password3_17_, useraccoun0_.username as username4_17_ from user_account useraccoun0_ where useraccoun0_.username=? 
2022-04-01 20:35:57.208 TRACE [org.hibernate.type.descriptor.sql.BasicBinder@http-nio-8080-exec-2] binding parameter [1] as [VARCHAR] - [anonymous] 
2022-04-01 20:35:57.316 DEBUG [org.hibernate.SQL@http-nio-8080-exec-2] select roles0_.user_account_id as user_acc1_18_0_, roles0_.id as id1_18_0_, roles0_.id as id1_0_1_, roles0_.version as version2_0_1_, roles0_.user_account_id as user_acc1_18_1_, roles0_.company as company1_7_1_, roles0_.sector as sector2_7_1_, roles0_.company as company1_8_1_, roles0_.info as info2_8_1_, roles0_.statement as statemen3_8_1_, roles0_.company as company1_10_1_, roles0_.info as info2_10_1_, roles0_.statement as statemen3_10_1_, roles0_.company as company1_13_1_, roles0_.sector as sector2_13_1_, roles0_.clazz_ as clazz_1_ from ( select id, version, user_account_id, company, sector, null as info, null as statement, 10 as clazz_ from consumer union all select id, version, user_account_id, company, null as sector, info, statement, 11 as clazz_ from inventor union all select id, version, user_account_id, company, null as sector, info, statement, 12 as clazz_ from patron union all select id, version, user_account_id, company, sector, null as info, null as statement, 13 as clazz_ from provider union all select id, version, user_account_id, null as company, null as sector, null as info, null as statement, 15 as clazz_ from administrator union all select id, version, user_account_id, null as company, null as sector, null as info, null as statement, 16 as clazz_ from anonymous union all select id, version, user_account_id, null as company, null as sector, null as info, null as statement, 17 as clazz_ from any union all select id, version, user_account_id, null as company, null as sector, null as info, null as statement, 18 as clazz_ from authenticated ) roles0_ where roles0_.user_account_id=? 
2022-04-01 20:35:57.318 TRACE [org.hibernate.type.descriptor.sql.BasicBinder@http-nio-8080-exec-2] binding parameter [1] as [INTEGER] - [1] 
2022-04-01 20:35:58.488 DEBUG [acme.framework.components.tiles.DynamicTilesView@http-nio-8080-exec-2] View name 'master/sign-in', model {username=, password=, remember=false} 
2022-04-01 20:35:58.490 DEBUG [org.apache.jasper.servlet.JspServlet@http-nio-8080-exec-2] JspEngine --> /WEB-INF/views/master/page.jsp 
2022-04-01 20:35:58.490 DEBUG [org.apache.jasper.servlet.JspServlet@http-nio-8080-exec-2] ServletPath: /WEB-INF/views/master/page.jsp 
2022-04-01 20:35:58.491 DEBUG [org.apache.jasper.servlet.JspServlet@http-nio-8080-exec-2] PathInfo: null 
2022-04-01 20:35:58.496 DEBUG [org.apache.jasper.servlet.JspServlet@http-nio-8080-exec-2] RealPath: C:\Users\fvill\OneDrive\Documentos\UNIVERSIDAD\Software\4º\DP2\Workspace-22.0\Projects\Acme-Toolkits\target\classes\WEB-INF\views\master\page.jsp 
2022-04-01 20:35:58.497 DEBUG [org.apache.jasper.servlet.JspServlet@http-nio-8080-exec-2] RequestURI: /acme-toolkits-22.1/WEB-INF/views/master/page.jsp 
2022-04-01 20:35:58.497 DEBUG [org.apache.jasper.servlet.JspServlet@http-nio-8080-exec-2] QueryString: null 
2022-04-01 20:35:58.715 DEBUG [org.apache.jasper.servlet.JspServlet@http-nio-8080-exec-2] JspEngine --> /WEB-INF/views/master/sign-in.jsp 
2022-04-01 20:35:58.715 DEBUG [org.apache.jasper.servlet.JspServlet@http-nio-8080-exec-2] ServletPath: /WEB-INF/views/master/page.jsp 
2022-04-01 20:35:58.716 DEBUG [org.apache.jasper.servlet.JspServlet@http-nio-8080-exec-2] PathInfo: null 
2022-04-01 20:35:58.719 DEBUG [org.apache.jasper.servlet.JspServlet@http-nio-8080-exec-2] RealPath: C:\Users\fvill\OneDrive\Documentos\UNIVERSIDAD\Software\4º\DP2\Workspace-22.0\Projects\Acme-Toolkits\target\classes\WEB-INF\views\master\sign-in.jsp 
2022-04-01 20:35:58.720 DEBUG [org.apache.jasper.servlet.JspServlet@http-nio-8080-exec-2] RequestURI: /acme-toolkits-22.1/WEB-INF/views/master/page.jsp 
2022-04-01 20:35:58.721 DEBUG [org.apache.jasper.servlet.JspServlet@http-nio-8080-exec-2] QueryString: null 
2022-04-01 20:36:02.557 DEBUG [org.hibernate.SQL@http-nio-8080-exec-2] select useraccoun0_.id as id1_0_, useraccoun0_.version as version2_0_, useraccoun0_.enabled as enabled1_17_, useraccoun0_.identity as identity2_17_, useraccoun0_.password as password3_17_, useraccoun0_.username as username4_17_ from user_account useraccoun0_ where useraccoun0_.username=? 
2022-04-01 20:36:02.560 TRACE [org.hibernate.type.descriptor.sql.BasicBinder@http-nio-8080-exec-2] binding parameter [1] as [VARCHAR] - [anonymous] 
2022-04-01 20:36:02.565 DEBUG [org.hibernate.SQL@http-nio-8080-exec-2] select roles0_.user_account_id as user_acc1_18_0_, roles0_.id as id1_18_0_, roles0_.id as id1_0_1_, roles0_.version as version2_0_1_, roles0_.user_account_id as user_acc1_18_1_, roles0_.company as company1_7_1_, roles0_.sector as sector2_7_1_, roles0_.company as company1_8_1_, roles0_.info as info2_8_1_, roles0_.statement as statemen3_8_1_, roles0_.company as company1_10_1_, roles0_.info as info2_10_1_, roles0_.statement as statemen3_10_1_, roles0_.company as company1_13_1_, roles0_.sector as sector2_13_1_, roles0_.clazz_ as clazz_1_ from ( select id, version, user_account_id, company, sector, null as info, null as statement, 10 as clazz_ from consumer union all select id, version, user_account_id, company, null as sector, info, statement, 11 as clazz_ from inventor union all select id, version, user_account_id, company, null as sector, info, statement, 12 as clazz_ from patron union all select id, version, user_account_id, company, sector, null as info, null as statement, 13 as clazz_ from provider union all select id, version, user_account_id, null as company, null as sector, null as info, null as statement, 15 as clazz_ from administrator union all select id, version, user_account_id, null as company, null as sector, null as info, null as statement, 16 as clazz_ from anonymous union all select id, version, user_account_id, null as company, null as sector, null as info, null as statement, 17 as clazz_ from any union all select id, version, user_account_id, null as company, null as sector, null as info, null as statement, 18 as clazz_ from authenticated ) roles0_ where roles0_.user_account_id=? 
2022-04-01 20:36:02.567 TRACE [org.hibernate.type.descriptor.sql.BasicBinder@http-nio-8080-exec-2] binding parameter [1] as [INTEGER] - [1] 
2022-04-01 20:36:12.564 DEBUG [acme.framework.components.tiles.DynamicTilesView@http-nio-8080-exec-1] View name 'master/sign-in', model {username=, password=, remember=false} 
2022-04-01 20:36:12.567 DEBUG [org.apache.jasper.servlet.JspServlet@http-nio-8080-exec-1] JspEngine --> /WEB-INF/views/master/page.jsp 
2022-04-01 20:36:12.568 DEBUG [org.apache.jasper.servlet.JspServlet@http-nio-8080-exec-1] ServletPath: /WEB-INF/views/master/page.jsp 
2022-04-01 20:36:12.569 DEBUG [org.apache.jasper.servlet.JspServlet@http-nio-8080-exec-1] PathInfo: null 
2022-04-01 20:36:12.574 DEBUG [org.apache.jasper.servlet.JspServlet@http-nio-8080-exec-1] RealPath: C:\Users\fvill\OneDrive\Documentos\UNIVERSIDAD\Software\4º\DP2\Workspace-22.0\Projects\Acme-Toolkits\target\classes\WEB-INF\views\master\page.jsp 
2022-04-01 20:36:12.575 DEBUG [org.apache.jasper.servlet.JspServlet@http-nio-8080-exec-1] RequestURI: /acme-toolkits-22.1/WEB-INF/views/master/page.jsp 
2022-04-01 20:36:12.575 DEBUG [org.apache.jasper.servlet.JspServlet@http-nio-8080-exec-1] QueryString: null 
2022-04-01 20:36:12.693 DEBUG [org.apache.jasper.servlet.JspServlet@http-nio-8080-exec-1] JspEngine --> /WEB-INF/views/master/sign-in.jsp 
2022-04-01 20:36:12.694 DEBUG [org.apache.jasper.servlet.JspServlet@http-nio-8080-exec-1] ServletPath: /WEB-INF/views/master/page.jsp 
2022-04-01 20:36:12.694 DEBUG [org.apache.jasper.servlet.JspServlet@http-nio-8080-exec-1] PathInfo: null 
2022-04-01 20:36:12.694 DEBUG [org.apache.jasper.servlet.JspServlet@http-nio-8080-exec-1] RealPath: C:\Users\fvill\OneDrive\Documentos\UNIVERSIDAD\Software\4º\DP2\Workspace-22.0\Projects\Acme-Toolkits\target\classes\WEB-INF\views\master\sign-in.jsp 
2022-04-01 20:36:12.695 DEBUG [org.apache.jasper.servlet.JspServlet@http-nio-8080-exec-1] RequestURI: /acme-toolkits-22.1/WEB-INF/views/master/page.jsp 
2022-04-01 20:36:12.695 DEBUG [org.apache.jasper.servlet.JspServlet@http-nio-8080-exec-1] QueryString: null 
2022-04-01 20:36:12.790 DEBUG [org.hibernate.SQL@http-nio-8080-exec-1] select useraccoun0_.id as id1_0_, useraccoun0_.version as version2_0_, useraccoun0_.enabled as enabled1_17_, useraccoun0_.identity as identity2_17_, useraccoun0_.password as password3_17_, useraccoun0_.username as username4_17_ from user_account useraccoun0_ where useraccoun0_.username=? 
2022-04-01 20:36:12.791 TRACE [org.hibernate.type.descriptor.sql.BasicBinder@http-nio-8080-exec-1] binding parameter [1] as [VARCHAR] - [anonymous] 
2022-04-01 20:36:12.793 DEBUG [org.hibernate.SQL@http-nio-8080-exec-1] select roles0_.user_account_id as user_acc1_18_0_, roles0_.id as id1_18_0_, roles0_.id as id1_0_1_, roles0_.version as version2_0_1_, roles0_.user_account_id as user_acc1_18_1_, roles0_.company as company1_7_1_, roles0_.sector as sector2_7_1_, roles0_.company as company1_8_1_, roles0_.info as info2_8_1_, roles0_.statement as statemen3_8_1_, roles0_.company as company1_10_1_, roles0_.info as info2_10_1_, roles0_.statement as statemen3_10_1_, roles0_.company as company1_13_1_, roles0_.sector as sector2_13_1_, roles0_.clazz_ as clazz_1_ from ( select id, version, user_account_id, company, sector, null as info, null as statement, 10 as clazz_ from consumer union all select id, version, user_account_id, company, null as sector, info, statement, 11 as clazz_ from inventor union all select id, version, user_account_id, company, null as sector, info, statement, 12 as clazz_ from patron union all select id, version, user_account_id, company, sector, null as info, null as statement, 13 as clazz_ from provider union all select id, version, user_account_id, null as company, null as sector, null as info, null as statement, 15 as clazz_ from administrator union all select id, version, user_account_id, null as company, null as sector, null as info, null as statement, 16 as clazz_ from anonymous union all select id, version, user_account_id, null as company, null as sector, null as info, null as statement, 17 as clazz_ from any union all select id, version, user_account_id, null as company, null as sector, null as info, null as statement, 18 as clazz_ from authenticated ) roles0_ where roles0_.user_account_id=? 
2022-04-01 20:36:12.793 TRACE [org.hibernate.type.descriptor.sql.BasicBinder@http-nio-8080-exec-1] binding parameter [1] as [INTEGER] - [1] 
2022-04-01 20:36:14.213 DEBUG [org.hibernate.SQL@http-nio-8080-exec-7] select useraccoun0_.id as id1_0_, useraccoun0_.version as version2_0_, useraccoun0_.enabled as enabled1_17_, useraccoun0_.identity as identity2_17_, useraccoun0_.password as password3_17_, useraccoun0_.username as username4_17_ from user_account useraccoun0_ where useraccoun0_.username=? 
2022-04-01 20:36:14.214 TRACE [org.hibernate.type.descriptor.sql.BasicBinder@http-nio-8080-exec-7] binding parameter [1] as [VARCHAR] - [inventor1] 
2022-04-01 20:36:14.218 DEBUG [org.hibernate.SQL@http-nio-8080-exec-7] select roles0_.user_account_id as user_acc1_18_0_, roles0_.id as id1_18_0_, roles0_.id as id1_0_1_, roles0_.version as version2_0_1_, roles0_.user_account_id as user_acc1_18_1_, roles0_.company as company1_7_1_, roles0_.sector as sector2_7_1_, roles0_.company as company1_8_1_, roles0_.info as info2_8_1_, roles0_.statement as statemen3_8_1_, roles0_.company as company1_10_1_, roles0_.info as info2_10_1_, roles0_.statement as statemen3_10_1_, roles0_.company as company1_13_1_, roles0_.sector as sector2_13_1_, roles0_.clazz_ as clazz_1_ from ( select id, version, user_account_id, company, sector, null as info, null as statement, 10 as clazz_ from consumer union all select id, version, user_account_id, company, null as sector, info, statement, 11 as clazz_ from inventor union all select id, version, user_account_id, company, null as sector, info, statement, 12 as clazz_ from patron union all select id, version, user_account_id, company, sector, null as info, null as statement, 13 as clazz_ from provider union all select id, version, user_account_id, null as company, null as sector, null as info, null as statement, 15 as clazz_ from administrator union all select id, version, user_account_id, null as company, null as sector, null as info, null as statement, 16 as clazz_ from anonymous union all select id, version, user_account_id, null as company, null as sector, null as info, null as statement, 17 as clazz_ from any union all select id, version, user_account_id, null as company, null as sector, null as info, null as statement, 18 as clazz_ from authenticated ) roles0_ where roles0_.user_account_id=? 
2022-04-01 20:36:14.220 TRACE [org.hibernate.type.descriptor.sql.BasicBinder@http-nio-8080-exec-7] binding parameter [1] as [INTEGER] - [6] 
2022-04-01 20:36:14.242 DEBUG [acme.framework.components.tiles.DynamicTilesView@http-nio-8080-exec-10] View name 'fragments/welcome', model {} 
2022-04-01 20:36:14.243 DEBUG [org.apache.jasper.servlet.JspServlet@http-nio-8080-exec-10] JspEngine --> /WEB-INF/views/master/page.jsp 
2022-04-01 20:36:14.244 DEBUG [org.apache.jasper.servlet.JspServlet@http-nio-8080-exec-10] ServletPath: /WEB-INF/views/master/page.jsp 
2022-04-01 20:36:14.244 DEBUG [org.apache.jasper.servlet.JspServlet@http-nio-8080-exec-10] PathInfo: null 
2022-04-01 20:36:14.245 DEBUG [org.apache.jasper.servlet.JspServlet@http-nio-8080-exec-10] RealPath: C:\Users\fvill\OneDrive\Documentos\UNIVERSIDAD\Software\4º\DP2\Workspace-22.0\Projects\Acme-Toolkits\target\classes\WEB-INF\views\master\page.jsp 
2022-04-01 20:36:14.245 DEBUG [org.apache.jasper.servlet.JspServlet@http-nio-8080-exec-10] RequestURI: /acme-toolkits-22.1/WEB-INF/views/master/page.jsp 
2022-04-01 20:36:14.246 DEBUG [org.apache.jasper.servlet.JspServlet@http-nio-8080-exec-10] QueryString: null 
2022-04-01 20:36:14.343 DEBUG [org.apache.jasper.servlet.JspServlet@http-nio-8080-exec-10] JspEngine --> /WEB-INF/views/fragments/welcome.jsp 
2022-04-01 20:36:14.344 DEBUG [org.apache.jasper.servlet.JspServlet@http-nio-8080-exec-10] ServletPath: /WEB-INF/views/master/page.jsp 
2022-04-01 20:36:14.344 DEBUG [org.apache.jasper.servlet.JspServlet@http-nio-8080-exec-10] PathInfo: null 
2022-04-01 20:36:14.346 DEBUG [org.apache.jasper.servlet.JspServlet@http-nio-8080-exec-10] RealPath: C:\Users\fvill\OneDrive\Documentos\UNIVERSIDAD\Software\4º\DP2\Workspace-22.0\Projects\Acme-Toolkits\target\classes\WEB-INF\views\fragments\welcome.jsp 
2022-04-01 20:36:14.346 DEBUG [org.apache.jasper.servlet.JspServlet@http-nio-8080-exec-10] RequestURI: /acme-toolkits-22.1/WEB-INF/views/master/page.jsp 
2022-04-01 20:36:14.347 DEBUG [org.apache.jasper.servlet.JspServlet@http-nio-8080-exec-10] QueryString: null 
2022-04-01 20:36:35.872 DEBUG [acme.framework.controllers.AbstractController@http-nio-8080-exec-7] DISPATCHING GET /acme-toolkits-22.1/inventor/patronage/list-mine 
2022-04-01 20:36:35.872 DEBUG [acme.framework.controllers.AbstractController@http-nio-8080-exec-7] Command: list-mine 
2022-04-01 20:36:35.872 DEBUG [acme.framework.controllers.AbstractController@http-nio-8080-exec-7] Model:   {} 
2022-04-01 20:36:35.872 DEBUG [acme.framework.controllers.AbstractController@http-nio-8080-exec-7] Locale:  en 
2022-04-01 20:36:35.904 DEBUG [org.hibernate.SQL@http-nio-8080-exec-7] select patronage0_.id as id1_0_, patronage0_.version as version2_0_, patronage0_.budget_amount as budget_a1_11_, patronage0_.budget_currency as budget_c2_11_, patronage0_.code as code3_11_, patronage0_.creation_moment as creation4_11_, patronage0_.end_date as end_date5_11_, patronage0_.inventor_id as invento10_11_, patronage0_.legal_stuff as legal_st6_11_, patronage0_.more_info as more_inf7_11_, patronage0_.patron_id as patron_11_11_, patronage0_.start_date as start_da8_11_, patronage0_.status as status9_11_ from patronage patronage0_ where patronage0_.inventor_id=? 
2022-04-01 20:36:35.905 TRACE [org.hibernate.type.descriptor.sql.BasicBinder@http-nio-8080-exec-7] binding parameter [1] as [INTEGER] - [16] 
2022-04-01 20:36:35.912 DEBUG [org.hibernate.SQL@http-nio-8080-exec-7] select inventor0_.id as id1_0_0_, inventor0_.version as version2_0_0_, inventor0_.user_account_id as user_acc1_18_0_, inventor0_.company as company1_8_0_, inventor0_.info as info2_8_0_, inventor0_.statement as statemen3_8_0_, useraccoun1_.id as id1_0_1_, useraccoun1_.version as version2_0_1_, useraccoun1_.enabled as enabled1_17_1_, useraccoun1_.identity as identity2_17_1_, useraccoun1_.password as password3_17_1_, useraccoun1_.username as username4_17_1_ from inventor inventor0_ inner join user_account useraccoun1_ on inventor0_.user_account_id=useraccoun1_.id where inventor0_.id=? 
2022-04-01 20:36:35.912 TRACE [org.hibernate.type.descriptor.sql.BasicBinder@http-nio-8080-exec-7] binding parameter [1] as [INTEGER] - [16] 
2022-04-01 20:36:35.917 DEBUG [org.hibernate.SQL@http-nio-8080-exec-7] select patron0_.id as id1_0_0_, patron0_.version as version2_0_0_, patron0_.user_account_id as user_acc1_18_0_, patron0_.company as company1_10_0_, patron0_.info as info2_10_0_, patron0_.statement as statemen3_10_0_, useraccoun1_.id as id1_0_1_, useraccoun1_.version as version2_0_1_, useraccoun1_.enabled as enabled1_17_1_, useraccoun1_.identity as identity2_17_1_, useraccoun1_.password as password3_17_1_, useraccoun1_.username as username4_17_1_ from patron patron0_ inner join user_account useraccoun1_ on patron0_.user_account_id=useraccoun1_.id where patron0_.id=? 
2022-04-01 20:36:35.918 TRACE [org.hibernate.type.descriptor.sql.BasicBinder@http-nio-8080-exec-7] binding parameter [1] as [INTEGER] - [13] 
2022-04-01 20:36:35.923 DEBUG [org.hibernate.SQL@http-nio-8080-exec-7] select patron0_.id as id1_0_0_, patron0_.version as version2_0_0_, patron0_.user_account_id as user_acc1_18_0_, patron0_.company as company1_10_0_, patron0_.info as info2_10_0_, patron0_.statement as statemen3_10_0_, useraccoun1_.id as id1_0_1_, useraccoun1_.version as version2_0_1_, useraccoun1_.enabled as enabled1_17_1_, useraccoun1_.identity as identity2_17_1_, useraccoun1_.password as password3_17_1_, useraccoun1_.username as username4_17_1_ from patron patron0_ inner join user_account useraccoun1_ on patron0_.user_account_id=useraccoun1_.id where patron0_.id=? 
2022-04-01 20:36:35.923 TRACE [org.hibernate.type.descriptor.sql.BasicBinder@http-nio-8080-exec-7] binding parameter [1] as [INTEGER] - [14] 
2022-04-01 20:36:35.966 DEBUG [acme.framework.controllers.AbstractController@http-nio-8080-exec-7] SERVING GET /acme-toolkits-22.1/inventor/patronage/list-mine 
2022-04-01 20:36:35.971 DEBUG [acme.framework.controllers.AbstractController@http-nio-8080-exec-7] Result: ModelAndView [view="inventor/patronage/list"; model={version[1]=0, endDate[1]=2021-02-21 10:00:00.0, status[4]=PROPOSED, status[0]=ACCEPTED, list$size=5, legalStuff[1]=Example, budget[1]=<<EUR 100.00>>, code[4]=GHI-789, creationMoment[3]=2021-10-10 10:00:00.0, moreInfo[3]=https://moreinfo.com, startDate[4]=2021-11-22 10:00:00.0, code[0]=MNO-222, id[1]=20, startDate[0]=2021-12-20 10:00:00.0, version[2]=0, endDate[2]=2021-03-21 10:00:00.0, status[1]=DENIED, budget[2]=<<EUR 100.00>>, startDate[1]=2021-01-15 10:00:00.0, creationMoment[4]=2021-10-20 10:00:00.0, moreInfo[2]=https://moreinfo.com, legalStuff[2]=Example, creationMoment[0]=2021-11-15 10:00:00.0, id[0]=18, code[3]=ABC-123, id[4]=26, version[3]=0, endDate[3]=2021-12-21 10:00:00.0, budget[4]=<<EUR 100.00>>, status[2]=ACCEPTED, moreInfo[1]=null, budget[3]=<<EUR 100.00>>, startDate[2]=2021-02-15 10:00:00.0, legalStuff[3]=Example, creationMoment[1]=2021-12-10 10:00:00.0, code[2]=POU-173, id[3]=24, version[4]=0, status[3]=ACCEPTED, endDate[0]=2021-01-22 10:00:00.0, endDate[4]=2021-12-26 10:00:00.0, moreInfo[0]=https://moreinfo.com, budget[0]=<<EUR 100.00>>, legalStuff[0]=Example, moreInfo[4]=null, legalStuff[4]=Example, startDate[3]=2021-11-15 10:00:00.0, creationMoment[2]=2022-01-10 10:00:00.0, version[0]=0, code[1]=STU-134, id[2]=22, command=list-mine, principal=acme.framework.entities.Principal@4e587b8}] 
2022-04-01 20:36:35.976 DEBUG [acme.framework.components.tiles.DynamicTilesView@http-nio-8080-exec-7] View name 'inventor/patronage/list', model {version[1]=0, endDate[1]=2021-02-21 10:00:00.0, status[4]=PROPOSED, status[0]=ACCEPTED, list$size=5, legalStuff[1]=Example, budget[1]=<<EUR 100.00>>, code[4]=GHI-789, creationMoment[3]=2021-10-10 10:00:00.0, moreInfo[3]=https://moreinfo.com, startDate[4]=2021-11-22 10:00:00.0, code[0]=MNO-222, id[1]=20, startDate[0]=2021-12-20 10:00:00.0, version[2]=0, endDate[2]=2021-03-21 10:00:00.0, status[1]=DENIED, budget[2]=<<EUR 100.00>>, startDate[1]=2021-01-15 10:00:00.0, creationMoment[4]=2021-10-20 10:00:00.0, moreInfo[2]=https://moreinfo.com, legalStuff[2]=Example, creationMoment[0]=2021-11-15 10:00:00.0, id[0]=18, code[3]=ABC-123, id[4]=26, version[3]=0, endDate[3]=2021-12-21 10:00:00.0, budget[4]=<<EUR 100.00>>, status[2]=ACCEPTED, moreInfo[1]=null, budget[3]=<<EUR 100.00>>, startDate[2]=2021-02-15 10:00:00.0, legalStuff[3]=Example, creationMoment[1]=2021-12-10 10:00:00.0, code[2]=POU-173, id[3]=24, version[4]=0, status[3]=ACCEPTED, endDate[0]=2021-01-22 10:00:00.0, endDate[4]=2021-12-26 10:00:00.0, moreInfo[0]=https://moreinfo.com, budget[0]=<<EUR 100.00>>, legalStuff[0]=Example, moreInfo[4]=null, legalStuff[4]=Example, startDate[3]=2021-11-15 10:00:00.0, creationMoment[2]=2022-01-10 10:00:00.0, version[0]=0, code[1]=STU-134, id[2]=22, command=list-mine, principal=acme.framework.entities.Principal@4e587b8, org.springframework.validation.BindingResult.budget[1]=org.springframework.validation.BeanPropertyBindingResult: 0 errors, org.springframework.validation.BindingResult.budget[2]=org.springframework.validation.BeanPropertyBindingResult: 0 errors, org.springframework.validation.BindingResult.budget[4]=org.springframework.validation.BeanPropertyBindingResult: 0 errors, org.springframework.validation.BindingResult.budget[3]=org.springframework.validation.BeanPropertyBindingResult: 0 errors, org.springframework.validation.BindingResult.budget[0]=org.springframework.validation.BeanPropertyBindingResult: 0 errors, org.springframework.validation.BindingResult.principal=org.springframework.validation.BeanPropertyBindingResult: 0 errors} 
2022-04-01 20:36:35.978 DEBUG [org.apache.jasper.servlet.JspServlet@http-nio-8080-exec-7] JspEngine --> /WEB-INF/views/master/page.jsp 
2022-04-01 20:36:35.978 DEBUG [org.apache.jasper.servlet.JspServlet@http-nio-8080-exec-7] ServletPath: /WEB-INF/views/master/page.jsp 
2022-04-01 20:36:35.979 DEBUG [org.apache.jasper.servlet.JspServlet@http-nio-8080-exec-7] PathInfo: null 
2022-04-01 20:36:35.981 DEBUG [org.apache.jasper.servlet.JspServlet@http-nio-8080-exec-7] RealPath: C:\Users\fvill\OneDrive\Documentos\UNIVERSIDAD\Software\4º\DP2\Workspace-22.0\Projects\Acme-Toolkits\target\classes\WEB-INF\views\master\page.jsp 
2022-04-01 20:36:35.981 DEBUG [org.apache.jasper.servlet.JspServlet@http-nio-8080-exec-7] RequestURI: /acme-toolkits-22.1/WEB-INF/views/master/page.jsp 
2022-04-01 20:36:35.981 DEBUG [org.apache.jasper.servlet.JspServlet@http-nio-8080-exec-7] QueryString: null 
2022-04-01 20:36:36.058 DEBUG [org.apache.jasper.servlet.JspServlet@http-nio-8080-exec-7] JspEngine --> /WEB-INF/views/inventor/patronage/list.jsp 
2022-04-01 20:36:36.058 DEBUG [org.apache.jasper.servlet.JspServlet@http-nio-8080-exec-7] ServletPath: /WEB-INF/views/master/page.jsp 
2022-04-01 20:36:36.059 DEBUG [org.apache.jasper.servlet.JspServlet@http-nio-8080-exec-7] PathInfo: null 
2022-04-01 20:36:36.060 DEBUG [org.apache.jasper.servlet.JspServlet@http-nio-8080-exec-7] RealPath: C:\Users\fvill\OneDrive\Documentos\UNIVERSIDAD\Software\4º\DP2\Workspace-22.0\Projects\Acme-Toolkits\target\classes\WEB-INF\views\inventor\patronage\list.jsp 
2022-04-01 20:36:36.061 DEBUG [org.apache.jasper.servlet.JspServlet@http-nio-8080-exec-7] RequestURI: /acme-toolkits-22.1/WEB-INF/views/master/page.jsp 
2022-04-01 20:36:36.061 DEBUG [org.apache.jasper.servlet.JspServlet@http-nio-8080-exec-7] QueryString: null 
2022-04-01 20:36:38.057 DEBUG [acme.framework.controllers.AbstractController@http-nio-8080-exec-8] DISPATCHING GET /acme-toolkits-22.1/inventor/patronage/show 
2022-04-01 20:36:38.057 DEBUG [acme.framework.controllers.AbstractController@http-nio-8080-exec-8] Command: show 
2022-04-01 20:36:38.057 DEBUG [acme.framework.controllers.AbstractController@http-nio-8080-exec-8] Model:   {id=18} 
2022-04-01 20:36:38.057 DEBUG [acme.framework.controllers.AbstractController@http-nio-8080-exec-8] Locale:  en 
2022-04-01 20:36:38.068 DEBUG [org.hibernate.SQL@http-nio-8080-exec-8] select patronage0_.id as id1_0_, patronage0_.version as version2_0_, patronage0_.budget_amount as budget_a1_11_, patronage0_.budget_currency as budget_c2_11_, patronage0_.code as code3_11_, patronage0_.creation_moment as creation4_11_, patronage0_.end_date as end_date5_11_, patronage0_.inventor_id as invento10_11_, patronage0_.legal_stuff as legal_st6_11_, patronage0_.more_info as more_inf7_11_, patronage0_.patron_id as patron_11_11_, patronage0_.start_date as start_da8_11_, patronage0_.status as status9_11_ from patronage patronage0_ where patronage0_.id=? 
2022-04-01 20:36:38.068 TRACE [org.hibernate.type.descriptor.sql.BasicBinder@http-nio-8080-exec-8] binding parameter [1] as [INTEGER] - [18] 
2022-04-01 20:36:38.070 DEBUG [org.hibernate.SQL@http-nio-8080-exec-8] select inventor0_.id as id1_0_0_, inventor0_.version as version2_0_0_, inventor0_.user_account_id as user_acc1_18_0_, inventor0_.company as company1_8_0_, inventor0_.info as info2_8_0_, inventor0_.statement as statemen3_8_0_, useraccoun1_.id as id1_0_1_, useraccoun1_.version as version2_0_1_, useraccoun1_.enabled as enabled1_17_1_, useraccoun1_.identity as identity2_17_1_, useraccoun1_.password as password3_17_1_, useraccoun1_.username as username4_17_1_ from inventor inventor0_ inner join user_account useraccoun1_ on inventor0_.user_account_id=useraccoun1_.id where inventor0_.id=? 
2022-04-01 20:36:38.071 TRACE [org.hibernate.type.descriptor.sql.BasicBinder@http-nio-8080-exec-8] binding parameter [1] as [INTEGER] - [16] 
2022-04-01 20:36:38.074 DEBUG [org.hibernate.SQL@http-nio-8080-exec-8] select patron0_.id as id1_0_0_, patron0_.version as version2_0_0_, patron0_.user_account_id as user_acc1_18_0_, patron0_.company as company1_10_0_, patron0_.info as info2_10_0_, patron0_.statement as statemen3_10_0_, useraccoun1_.id as id1_0_1_, useraccoun1_.version as version2_0_1_, useraccoun1_.enabled as enabled1_17_1_, useraccoun1_.identity as identity2_17_1_, useraccoun1_.password as password3_17_1_, useraccoun1_.username as username4_17_1_ from patron patron0_ inner join user_account useraccoun1_ on patron0_.user_account_id=useraccoun1_.id where patron0_.id=? 
2022-04-01 20:36:38.075 TRACE [org.hibernate.type.descriptor.sql.BasicBinder@http-nio-8080-exec-8] binding parameter [1] as [INTEGER] - [13] 
2022-04-01 20:36:38.093 DEBUG [org.hibernate.SQL@http-nio-8080-exec-8] select patronage0_.id as id1_0_, patronage0_.version as version2_0_, patronage0_.budget_amount as budget_a1_11_, patronage0_.budget_currency as budget_c2_11_, patronage0_.code as code3_11_, patronage0_.creation_moment as creation4_11_, patronage0_.end_date as end_date5_11_, patronage0_.inventor_id as invento10_11_, patronage0_.legal_stuff as legal_st6_11_, patronage0_.more_info as more_inf7_11_, patronage0_.patron_id as patron_11_11_, patronage0_.start_date as start_da8_11_, patronage0_.status as status9_11_ from patronage patronage0_ where patronage0_.id=? 
2022-04-01 20:36:38.094 TRACE [org.hibernate.type.descriptor.sql.BasicBinder@http-nio-8080-exec-8] binding parameter [1] as [INTEGER] - [18] 
2022-04-01 20:36:38.101 DEBUG [acme.framework.controllers.AbstractController@http-nio-8080-exec-8] SERVING GET /acme-toolkits-22.1/inventor/patronage/show 
2022-04-01 20:36:38.102 DEBUG [acme.framework.controllers.AbstractController@http-nio-8080-exec-8] Result: ModelAndView [view="inventor/patronage/form"; model={code=MNO-222, endDate=2021-01-22 10:00:00.0, creationMoment=2021-11-15 10:00:00.0, company=Macarena, Inc., id=18, moreInfo=https://moreinfo.com, version=0, startDate=2021-12-20 10:00:00.0, status=ACCEPTED, legalStuff=Example, budget=<<EUR 100.00>>, command=show, principal=acme.framework.entities.Principal@4e587b8}] 
2022-04-01 20:36:38.102 DEBUG [acme.framework.components.tiles.DynamicTilesView@http-nio-8080-exec-8] View name 'inventor/patronage/form', model {code=MNO-222, endDate=2021-01-22 10:00:00.0, creationMoment=2021-11-15 10:00:00.0, company=Macarena, Inc., id=18, moreInfo=https://moreinfo.com, version=0, startDate=2021-12-20 10:00:00.0, status=ACCEPTED, legalStuff=Example, budget=<<EUR 100.00>>, command=show, principal=acme.framework.entities.Principal@4e587b8, org.springframework.validation.BindingResult.budget=org.springframework.validation.BeanPropertyBindingResult: 0 errors, org.springframework.validation.BindingResult.principal=org.springframework.validation.BeanPropertyBindingResult: 0 errors} 
2022-04-01 20:36:38.104 DEBUG [org.apache.jasper.servlet.JspServlet@http-nio-8080-exec-8] JspEngine --> /WEB-INF/views/master/page.jsp 
2022-04-01 20:36:38.105 DEBUG [org.apache.jasper.servlet.JspServlet@http-nio-8080-exec-8] ServletPath: /WEB-INF/views/master/page.jsp 
2022-04-01 20:36:38.105 DEBUG [org.apache.jasper.servlet.JspServlet@http-nio-8080-exec-8] PathInfo: null 
2022-04-01 20:36:38.108 DEBUG [org.apache.jasper.servlet.JspServlet@http-nio-8080-exec-8] RealPath: C:\Users\fvill\OneDrive\Documentos\UNIVERSIDAD\Software\4º\DP2\Workspace-22.0\Projects\Acme-Toolkits\target\classes\WEB-INF\views\master\page.jsp 
2022-04-01 20:36:38.108 DEBUG [org.apache.jasper.servlet.JspServlet@http-nio-8080-exec-8] RequestURI: /acme-toolkits-22.1/WEB-INF/views/master/page.jsp 
2022-04-01 20:36:38.109 DEBUG [org.apache.jasper.servlet.JspServlet@http-nio-8080-exec-8] QueryString: id=18 
2022-04-01 20:36:38.257 DEBUG [org.apache.jasper.servlet.JspServlet@http-nio-8080-exec-8] JspEngine --> /WEB-INF/views/inventor/patronage/form.jsp 
2022-04-01 20:36:38.258 DEBUG [org.apache.jasper.servlet.JspServlet@http-nio-8080-exec-8] ServletPath: /WEB-INF/views/master/page.jsp 
2022-04-01 20:36:38.258 DEBUG [org.apache.jasper.servlet.JspServlet@http-nio-8080-exec-8] PathInfo: null 
2022-04-01 20:36:38.260 DEBUG [org.apache.jasper.servlet.JspServlet@http-nio-8080-exec-8] RealPath: C:\Users\fvill\OneDrive\Documentos\UNIVERSIDAD\Software\4º\DP2\Workspace-22.0\Projects\Acme-Toolkits\target\classes\WEB-INF\views\inventor\patronage\form.jsp 
2022-04-01 20:36:38.260 DEBUG [org.apache.jasper.servlet.JspServlet@http-nio-8080-exec-8] RequestURI: /acme-toolkits-22.1/WEB-INF/views/master/page.jsp 
2022-04-01 20:36:38.260 DEBUG [org.apache.jasper.servlet.JspServlet@http-nio-8080-exec-8] QueryString: id=18 
2022-04-01 20:36:41.265 DEBUG [acme.framework.controllers.AbstractController@http-nio-8080-exec-10] DISPATCHING GET /acme-toolkits-22.1/inventor/item/list-my-components 
2022-04-01 20:36:41.265 DEBUG [acme.framework.controllers.AbstractController@http-nio-8080-exec-10] Command: list-my-components 
2022-04-01 20:36:41.266 DEBUG [acme.framework.controllers.AbstractController@http-nio-8080-exec-10] Model:   {} 
2022-04-01 20:36:41.266 DEBUG [acme.framework.controllers.AbstractController@http-nio-8080-exec-10] Locale:  en 
2022-04-01 20:36:41.282 DEBUG [org.hibernate.SQL@http-nio-8080-exec-10] select item1_.id as id1_0_, item1_.version as version2_0_, item1_.code as code1_9_, item1_.description as descript2_9_, item1_.info as info3_9_, item1_.item_type as item_typ4_9_, item1_.name as name5_9_, item1_.retail_price_amount as retail_p6_9_, item1_.retail_price_currency as retail_p7_9_, item1_.technology as technolo8_9_ from quantity quantity0_ inner join item item1_ on quantity0_.item_id=item1_.id where item1_.item_type='COMPONENT' and quantity0_.inventor_id=? 
2022-04-01 20:36:41.283 TRACE [org.hibernate.type.descriptor.sql.BasicBinder@http-nio-8080-exec-10] binding parameter [1] as [INTEGER] - [16] 
2022-04-01 20:36:41.299 DEBUG [acme.framework.controllers.AbstractController@http-nio-8080-exec-10] SERVING GET /acme-toolkits-22.1/inventor/item/list-my-components 
2022-04-01 20:36:41.300 DEBUG [acme.framework.controllers.AbstractController@http-nio-8080-exec-10] Result: ModelAndView [view="inventor/item/list"; model={description[1]=descripcion, description[0]=descripcion, version[1]=0, technology[0]=tecnologia, retailPrice[1]=<<EUR 10.00>>, info[1]=https://regexr.com/, list$size=2, info[0]=null, technology[1]=tecnologia, retailPrice[0]=<<EUR 10.00>>, code[0]=ABC-124-O, version[0]=0, code[1]=ABC-123-B, id[1]=43, id[0]=29, name[1]=a, name[0]=test item-type, command=list-my-components, principal=acme.framework.entities.Principal@4e587b8}] 
2022-04-01 20:36:41.300 DEBUG [acme.framework.components.tiles.DynamicTilesView@http-nio-8080-exec-10] View name 'inventor/item/list', model {description[1]=descripcion, description[0]=descripcion, version[1]=0, technology[0]=tecnologia, retailPrice[1]=<<EUR 10.00>>, info[1]=https://regexr.com/, list$size=2, info[0]=null, technology[1]=tecnologia, retailPrice[0]=<<EUR 10.00>>, code[0]=ABC-124-O, version[0]=0, code[1]=ABC-123-B, id[1]=43, id[0]=29, name[1]=a, name[0]=test item-type, command=list-my-components, principal=acme.framework.entities.Principal@4e587b8, org.springframework.validation.BindingResult.retailPrice[1]=org.springframework.validation.BeanPropertyBindingResult: 0 errors, org.springframework.validation.BindingResult.retailPrice[0]=org.springframework.validation.BeanPropertyBindingResult: 0 errors, org.springframework.validation.BindingResult.principal=org.springframework.validation.BeanPropertyBindingResult: 0 errors} 
2022-04-01 20:36:41.301 DEBUG [org.apache.jasper.servlet.JspServlet@http-nio-8080-exec-10] JspEngine --> /WEB-INF/views/master/page.jsp 
2022-04-01 20:36:41.302 DEBUG [org.apache.jasper.servlet.JspServlet@http-nio-8080-exec-10] ServletPath: /WEB-INF/views/master/page.jsp 
2022-04-01 20:36:41.302 DEBUG [org.apache.jasper.servlet.JspServlet@http-nio-8080-exec-10] PathInfo: null 
2022-04-01 20:36:41.304 DEBUG [org.apache.jasper.servlet.JspServlet@http-nio-8080-exec-10] RealPath: C:\Users\fvill\OneDrive\Documentos\UNIVERSIDAD\Software\4º\DP2\Workspace-22.0\Projects\Acme-Toolkits\target\classes\WEB-INF\views\master\page.jsp 
2022-04-01 20:36:41.305 DEBUG [org.apache.jasper.servlet.JspServlet@http-nio-8080-exec-10] RequestURI: /acme-toolkits-22.1/WEB-INF/views/master/page.jsp 
2022-04-01 20:36:41.305 DEBUG [org.apache.jasper.servlet.JspServlet@http-nio-8080-exec-10] QueryString: null 
2022-04-01 20:36:41.413 DEBUG [org.apache.jasper.servlet.JspServlet@http-nio-8080-exec-10] JspEngine --> /WEB-INF/views/inventor/item/list.jsp 
2022-04-01 20:36:41.413 DEBUG [org.apache.jasper.servlet.JspServlet@http-nio-8080-exec-10] ServletPath: /WEB-INF/views/master/page.jsp 
2022-04-01 20:36:41.413 DEBUG [org.apache.jasper.servlet.JspServlet@http-nio-8080-exec-10] PathInfo: null 
2022-04-01 20:36:41.415 DEBUG [org.apache.jasper.servlet.JspServlet@http-nio-8080-exec-10] RealPath: C:\Users\fvill\OneDrive\Documentos\UNIVERSIDAD\Software\4º\DP2\Workspace-22.0\Projects\Acme-Toolkits\target\classes\WEB-INF\views\inventor\item\list.jsp 
2022-04-01 20:36:41.416 DEBUG [org.apache.jasper.servlet.JspServlet@http-nio-8080-exec-10] RequestURI: /acme-toolkits-22.1/WEB-INF/views/master/page.jsp 
2022-04-01 20:36:41.416 DEBUG [org.apache.jasper.servlet.JspServlet@http-nio-8080-exec-10] QueryString: null 
2022-04-01 20:36:44.383 DEBUG [acme.framework.controllers.AbstractController@http-nio-8080-exec-7] DISPATCHING GET /acme-toolkits-22.1/inventor/item/show 
2022-04-01 20:36:44.383 DEBUG [acme.framework.controllers.AbstractController@http-nio-8080-exec-7] Command: show 
2022-04-01 20:36:44.384 DEBUG [acme.framework.controllers.AbstractController@http-nio-8080-exec-7] Model:   {id=29} 
2022-04-01 20:36:44.384 DEBUG [acme.framework.controllers.AbstractController@http-nio-8080-exec-7] Locale:  en 
2022-04-01 20:36:44.392 DEBUG [org.hibernate.SQL@http-nio-8080-exec-7] select quantity0_.id as id1_0_, quantity0_.version as version2_0_, quantity0_.amount as amount1_14_, quantity0_.inventor_id as inventor2_14_, quantity0_.item_id as item_id3_14_, quantity0_.toolkit_id as toolkit_4_14_ from quantity quantity0_ where quantity0_.item_id=? 
2022-04-01 20:36:44.392 TRACE [org.hibernate.type.descriptor.sql.BasicBinder@http-nio-8080-exec-7] binding parameter [1] as [INTEGER] - [29] 
2022-04-01 20:36:44.394 DEBUG [org.hibernate.SQL@http-nio-8080-exec-7] select inventor0_.id as id1_0_0_, inventor0_.version as version2_0_0_, inventor0_.user_account_id as user_acc1_18_0_, inventor0_.company as company1_8_0_, inventor0_.info as info2_8_0_, inventor0_.statement as statemen3_8_0_, useraccoun1_.id as id1_0_1_, useraccoun1_.version as version2_0_1_, useraccoun1_.enabled as enabled1_17_1_, useraccoun1_.identity as identity2_17_1_, useraccoun1_.password as password3_17_1_, useraccoun1_.username as username4_17_1_ from inventor inventor0_ inner join user_account useraccoun1_ on inventor0_.user_account_id=useraccoun1_.id where inventor0_.id=? 
2022-04-01 20:36:44.395 TRACE [org.hibernate.type.descriptor.sql.BasicBinder@http-nio-8080-exec-7] binding parameter [1] as [INTEGER] - [16] 
2022-04-01 20:36:44.398 DEBUG [org.hibernate.SQL@http-nio-8080-exec-7] select item0_.id as id1_0_0_, item0_.version as version2_0_0_, item0_.code as code1_9_0_, item0_.description as descript2_9_0_, item0_.info as info3_9_0_, item0_.item_type as item_typ4_9_0_, item0_.name as name5_9_0_, item0_.retail_price_amount as retail_p6_9_0_, item0_.retail_price_currency as retail_p7_9_0_, item0_.technology as technolo8_9_0_ from item item0_ where item0_.id=? 
2022-04-01 20:36:44.399 TRACE [org.hibernate.type.descriptor.sql.BasicBinder@http-nio-8080-exec-7] binding parameter [1] as [INTEGER] - [29] 
2022-04-01 20:36:44.401 DEBUG [org.hibernate.SQL@http-nio-8080-exec-7] select toolkit0_.id as id1_0_0_, toolkit0_.version as version2_0_0_, toolkit0_.assambly_notes as assambly1_16_0_, toolkit0_.code as code2_16_0_, toolkit0_.description as descript3_16_0_, toolkit0_.title as title4_16_0_, toolkit0_.url as url5_16_0_ from toolkit toolkit0_ where toolkit0_.id=? 
2022-04-01 20:36:44.401 TRACE [org.hibernate.type.descriptor.sql.BasicBinder@http-nio-8080-exec-7] binding parameter [1] as [INTEGER] - [46] 
2022-04-01 20:36:44.405 DEBUG [org.hibernate.SQL@http-nio-8080-exec-7] select item0_.id as id1_0_, item0_.version as version2_0_, item0_.code as code1_9_, item0_.description as descript2_9_, item0_.info as info3_9_, item0_.item_type as item_typ4_9_, item0_.name as name5_9_, item0_.retail_price_amount as retail_p6_9_, item0_.retail_price_currency as retail_p7_9_, item0_.technology as technolo8_9_ from item item0_ where item0_.id=? 
2022-04-01 20:36:44.406 TRACE [org.hibernate.type.descriptor.sql.BasicBinder@http-nio-8080-exec-7] binding parameter [1] as [INTEGER] - [29] 
2022-04-01 20:36:44.410 DEBUG [acme.framework.controllers.AbstractController@http-nio-8080-exec-7] SERVING GET /acme-toolkits-22.1/inventor/item/show 
2022-04-01 20:36:44.411 DEBUG [acme.framework.controllers.AbstractController@http-nio-8080-exec-7] Result: ModelAndView [view="inventor/item/form"; model={code=ABC-124-O, name=test item-type, description=descripcion, technology=tecnologia, id=29, retailPrice=<<EUR 10.00>>, version=0, info=null, command=show, principal=acme.framework.entities.Principal@4e587b8}] 
2022-04-01 20:36:44.412 DEBUG [acme.framework.components.tiles.DynamicTilesView@http-nio-8080-exec-7] View name 'inventor/item/form', model {code=ABC-124-O, name=test item-type, description=descripcion, technology=tecnologia, id=29, retailPrice=<<EUR 10.00>>, version=0, info=null, command=show, principal=acme.framework.entities.Principal@4e587b8, org.springframework.validation.BindingResult.retailPrice=org.springframework.validation.BeanPropertyBindingResult: 0 errors, org.springframework.validation.BindingResult.principal=org.springframework.validation.BeanPropertyBindingResult: 0 errors} 
2022-04-01 20:36:44.413 DEBUG [org.apache.jasper.servlet.JspServlet@http-nio-8080-exec-7] JspEngine --> /WEB-INF/views/master/page.jsp 
2022-04-01 20:36:44.413 DEBUG [org.apache.jasper.servlet.JspServlet@http-nio-8080-exec-7] ServletPath: /WEB-INF/views/master/page.jsp 
2022-04-01 20:36:44.413 DEBUG [org.apache.jasper.servlet.JspServlet@http-nio-8080-exec-7] PathInfo: null 
2022-04-01 20:36:44.416 DEBUG [org.apache.jasper.servlet.JspServlet@http-nio-8080-exec-7] RealPath: C:\Users\fvill\OneDrive\Documentos\UNIVERSIDAD\Software\4º\DP2\Workspace-22.0\Projects\Acme-Toolkits\target\classes\WEB-INF\views\master\page.jsp 
2022-04-01 20:36:44.416 DEBUG [org.apache.jasper.servlet.JspServlet@http-nio-8080-exec-7] RequestURI: /acme-toolkits-22.1/WEB-INF/views/master/page.jsp 
2022-04-01 20:36:44.417 DEBUG [org.apache.jasper.servlet.JspServlet@http-nio-8080-exec-7] QueryString: id=29 
2022-04-01 20:36:44.508 DEBUG [org.apache.jasper.servlet.JspServlet@http-nio-8080-exec-7] JspEngine --> /WEB-INF/views/inventor/item/form.jsp 
2022-04-01 20:36:44.509 DEBUG [org.apache.jasper.servlet.JspServlet@http-nio-8080-exec-7] ServletPath: /WEB-INF/views/master/page.jsp 
2022-04-01 20:36:44.509 DEBUG [org.apache.jasper.servlet.JspServlet@http-nio-8080-exec-7] PathInfo: null 
2022-04-01 20:36:44.511 DEBUG [org.apache.jasper.servlet.JspServlet@http-nio-8080-exec-7] RealPath: C:\Users\fvill\OneDrive\Documentos\UNIVERSIDAD\Software\4º\DP2\Workspace-22.0\Projects\Acme-Toolkits\target\classes\WEB-INF\views\inventor\item\form.jsp 
2022-04-01 20:36:44.511 DEBUG [org.apache.jasper.servlet.JspServlet@http-nio-8080-exec-7] RequestURI: /acme-toolkits-22.1/WEB-INF/views/master/page.jsp 
2022-04-01 20:36:44.511 DEBUG [org.apache.jasper.servlet.JspServlet@http-nio-8080-exec-7] QueryString: id=29 
2022-04-01 20:36:51.960 DEBUG [acme.framework.controllers.AbstractController@http-nio-8080-exec-1] DISPATCHING GET /acme-toolkits-22.1/inventor/item/list-my-components 
2022-04-01 20:36:51.960 DEBUG [acme.framework.controllers.AbstractController@http-nio-8080-exec-1] Command: list-my-components 
2022-04-01 20:36:51.961 DEBUG [acme.framework.controllers.AbstractController@http-nio-8080-exec-1] Model:   {} 
2022-04-01 20:36:51.961 DEBUG [acme.framework.controllers.AbstractController@http-nio-8080-exec-1] Locale:  en 
2022-04-01 20:36:51.963 DEBUG [org.hibernate.SQL@http-nio-8080-exec-1] select item1_.id as id1_0_, item1_.version as version2_0_, item1_.code as code1_9_, item1_.description as descript2_9_, item1_.info as info3_9_, item1_.item_type as item_typ4_9_, item1_.name as name5_9_, item1_.retail_price_amount as retail_p6_9_, item1_.retail_price_currency as retail_p7_9_, item1_.technology as technolo8_9_ from quantity quantity0_ inner join item item1_ on quantity0_.item_id=item1_.id where item1_.item_type='COMPONENT' and quantity0_.inventor_id=? 
2022-04-01 20:36:51.964 TRACE [org.hibernate.type.descriptor.sql.BasicBinder@http-nio-8080-exec-1] binding parameter [1] as [INTEGER] - [16] 
2022-04-01 20:36:51.970 DEBUG [acme.framework.controllers.AbstractController@http-nio-8080-exec-1] SERVING GET /acme-toolkits-22.1/inventor/item/list-my-components 
2022-04-01 20:36:51.971 DEBUG [acme.framework.controllers.AbstractController@http-nio-8080-exec-1] Result: ModelAndView [view="inventor/item/list"; model={description[1]=descripcion, description[0]=descripcion, version[1]=0, technology[0]=tecnologia, retailPrice[1]=<<EUR 10.00>>, info[1]=https://regexr.com/, list$size=2, info[0]=null, technology[1]=tecnologia, retailPrice[0]=<<EUR 10.00>>, code[0]=ABC-124-O, version[0]=0, code[1]=ABC-123-B, id[1]=43, id[0]=29, name[1]=a, name[0]=test item-type, command=list-my-components, principal=acme.framework.entities.Principal@4e587b8}] 
2022-04-01 20:36:51.971 DEBUG [acme.framework.components.tiles.DynamicTilesView@http-nio-8080-exec-1] View name 'inventor/item/list', model {description[1]=descripcion, description[0]=descripcion, version[1]=0, technology[0]=tecnologia, retailPrice[1]=<<EUR 10.00>>, info[1]=https://regexr.com/, list$size=2, info[0]=null, technology[1]=tecnologia, retailPrice[0]=<<EUR 10.00>>, code[0]=ABC-124-O, version[0]=0, code[1]=ABC-123-B, id[1]=43, id[0]=29, name[1]=a, name[0]=test item-type, command=list-my-components, principal=acme.framework.entities.Principal@4e587b8, org.springframework.validation.BindingResult.retailPrice[1]=org.springframework.validation.BeanPropertyBindingResult: 0 errors, org.springframework.validation.BindingResult.retailPrice[0]=org.springframework.validation.BeanPropertyBindingResult: 0 errors, org.springframework.validation.BindingResult.principal=org.springframework.validation.BeanPropertyBindingResult: 0 errors} 
2022-04-01 20:36:51.973 DEBUG [org.apache.jasper.servlet.JspServlet@http-nio-8080-exec-1] JspEngine --> /WEB-INF/views/master/page.jsp 
2022-04-01 20:36:51.973 DEBUG [org.apache.jasper.servlet.JspServlet@http-nio-8080-exec-1] ServletPath: /WEB-INF/views/master/page.jsp 
2022-04-01 20:36:51.974 DEBUG [org.apache.jasper.servlet.JspServlet@http-nio-8080-exec-1] PathInfo: null 
2022-04-01 20:36:51.978 DEBUG [org.apache.jasper.servlet.JspServlet@http-nio-8080-exec-1] RealPath: C:\Users\fvill\OneDrive\Documentos\UNIVERSIDAD\Software\4º\DP2\Workspace-22.0\Projects\Acme-Toolkits\target\classes\WEB-INF\views\master\page.jsp 
2022-04-01 20:36:51.979 DEBUG [org.apache.jasper.servlet.JspServlet@http-nio-8080-exec-1] RequestURI: /acme-toolkits-22.1/WEB-INF/views/master/page.jsp 
2022-04-01 20:36:51.979 DEBUG [org.apache.jasper.servlet.JspServlet@http-nio-8080-exec-1] QueryString: null 
2022-04-01 20:36:52.077 DEBUG [org.apache.jasper.servlet.JspServlet@http-nio-8080-exec-1] JspEngine --> /WEB-INF/views/inventor/item/list.jsp 
2022-04-01 20:36:52.079 DEBUG [org.apache.jasper.servlet.JspServlet@http-nio-8080-exec-1] ServletPath: /WEB-INF/views/master/page.jsp 
2022-04-01 20:36:52.079 DEBUG [org.apache.jasper.servlet.JspServlet@http-nio-8080-exec-1] PathInfo: null 
2022-04-01 20:36:52.080 DEBUG [org.apache.jasper.servlet.JspServlet@http-nio-8080-exec-1] RealPath: C:\Users\fvill\OneDrive\Documentos\UNIVERSIDAD\Software\4º\DP2\Workspace-22.0\Projects\Acme-Toolkits\target\classes\WEB-INF\views\inventor\item\list.jsp 
2022-04-01 20:36:52.080 DEBUG [org.apache.jasper.servlet.JspServlet@http-nio-8080-exec-1] RequestURI: /acme-toolkits-22.1/WEB-INF/views/master/page.jsp 
2022-04-01 20:36:52.081 DEBUG [org.apache.jasper.servlet.JspServlet@http-nio-8080-exec-1] QueryString: null 
2022-04-01 20:36:53.233 DEBUG [acme.framework.controllers.AbstractController@http-nio-8080-exec-10] DISPATCHING GET /acme-toolkits-22.1/inventor/item/show 
2022-04-01 20:36:53.234 DEBUG [acme.framework.controllers.AbstractController@http-nio-8080-exec-10] Command: show 
2022-04-01 20:36:53.234 DEBUG [acme.framework.controllers.AbstractController@http-nio-8080-exec-10] Model:   {id=43} 
2022-04-01 20:36:53.234 DEBUG [acme.framework.controllers.AbstractController@http-nio-8080-exec-10] Locale:  en 
2022-04-01 20:36:53.236 DEBUG [org.hibernate.SQL@http-nio-8080-exec-10] select quantity0_.id as id1_0_, quantity0_.version as version2_0_, quantity0_.amount as amount1_14_, quantity0_.inventor_id as inventor2_14_, quantity0_.item_id as item_id3_14_, quantity0_.toolkit_id as toolkit_4_14_ from quantity quantity0_ where quantity0_.item_id=? 
2022-04-01 20:36:53.237 TRACE [org.hibernate.type.descriptor.sql.BasicBinder@http-nio-8080-exec-10] binding parameter [1] as [INTEGER] - [43] 
2022-04-01 20:36:53.239 DEBUG [org.hibernate.SQL@http-nio-8080-exec-10] select inventor0_.id as id1_0_0_, inventor0_.version as version2_0_0_, inventor0_.user_account_id as user_acc1_18_0_, inventor0_.company as company1_8_0_, inventor0_.info as info2_8_0_, inventor0_.statement as statemen3_8_0_, useraccoun1_.id as id1_0_1_, useraccoun1_.version as version2_0_1_, useraccoun1_.enabled as enabled1_17_1_, useraccoun1_.identity as identity2_17_1_, useraccoun1_.password as password3_17_1_, useraccoun1_.username as username4_17_1_ from inventor inventor0_ inner join user_account useraccoun1_ on inventor0_.user_account_id=useraccoun1_.id where inventor0_.id=? 
2022-04-01 20:36:53.239 TRACE [org.hibernate.type.descriptor.sql.BasicBinder@http-nio-8080-exec-10] binding parameter [1] as [INTEGER] - [16] 
2022-04-01 20:36:53.244 DEBUG [org.hibernate.SQL@http-nio-8080-exec-10] select item0_.id as id1_0_0_, item0_.version as version2_0_0_, item0_.code as code1_9_0_, item0_.description as descript2_9_0_, item0_.info as info3_9_0_, item0_.item_type as item_typ4_9_0_, item0_.name as name5_9_0_, item0_.retail_price_amount as retail_p6_9_0_, item0_.retail_price_currency as retail_p7_9_0_, item0_.technology as technolo8_9_0_ from item item0_ where item0_.id=? 
2022-04-01 20:36:53.244 TRACE [org.hibernate.type.descriptor.sql.BasicBinder@http-nio-8080-exec-10] binding parameter [1] as [INTEGER] - [43] 
2022-04-01 20:36:53.246 DEBUG [org.hibernate.SQL@http-nio-8080-exec-10] select toolkit0_.id as id1_0_0_, toolkit0_.version as version2_0_0_, toolkit0_.assambly_notes as assambly1_16_0_, toolkit0_.code as code2_16_0_, toolkit0_.description as descript3_16_0_, toolkit0_.title as title4_16_0_, toolkit0_.url as url5_16_0_ from toolkit toolkit0_ where toolkit0_.id=? 
2022-04-01 20:36:53.246 TRACE [org.hibernate.type.descriptor.sql.BasicBinder@http-nio-8080-exec-10] binding parameter [1] as [INTEGER] - [46] 
2022-04-01 20:36:53.249 DEBUG [org.hibernate.SQL@http-nio-8080-exec-10] select item0_.id as id1_0_, item0_.version as version2_0_, item0_.code as code1_9_, item0_.description as descript2_9_, item0_.info as info3_9_, item0_.item_type as item_typ4_9_, item0_.name as name5_9_, item0_.retail_price_amount as retail_p6_9_, item0_.retail_price_currency as retail_p7_9_, item0_.technology as technolo8_9_ from item item0_ where item0_.id=? 
2022-04-01 20:36:53.250 TRACE [org.hibernate.type.descriptor.sql.BasicBinder@http-nio-8080-exec-10] binding parameter [1] as [INTEGER] - [43] 
2022-04-01 20:36:53.254 DEBUG [acme.framework.controllers.AbstractController@http-nio-8080-exec-10] SERVING GET /acme-toolkits-22.1/inventor/item/show 
2022-04-01 20:36:53.254 DEBUG [acme.framework.controllers.AbstractController@http-nio-8080-exec-10] Result: ModelAndView [view="inventor/item/form"; model={code=ABC-123-B, name=a, description=descripcion, technology=tecnologia, id=43, retailPrice=<<EUR 10.00>>, version=0, info=https://regexr.com/, command=show, principal=acme.framework.entities.Principal@4e587b8}] 
2022-04-01 20:36:53.255 DEBUG [acme.framework.components.tiles.DynamicTilesView@http-nio-8080-exec-10] View name 'inventor/item/form', model {code=ABC-123-B, name=a, description=descripcion, technology=tecnologia, id=43, retailPrice=<<EUR 10.00>>, version=0, info=https://regexr.com/, command=show, principal=acme.framework.entities.Principal@4e587b8, org.springframework.validation.BindingResult.retailPrice=org.springframework.validation.BeanPropertyBindingResult: 0 errors, org.springframework.validation.BindingResult.principal=org.springframework.validation.BeanPropertyBindingResult: 0 errors} 
2022-04-01 20:36:53.256 DEBUG [org.apache.jasper.servlet.JspServlet@http-nio-8080-exec-10] JspEngine --> /WEB-INF/views/master/page.jsp 
2022-04-01 20:36:53.257 DEBUG [org.apache.jasper.servlet.JspServlet@http-nio-8080-exec-10] ServletPath: /WEB-INF/views/master/page.jsp 
2022-04-01 20:36:53.257 DEBUG [org.apache.jasper.servlet.JspServlet@http-nio-8080-exec-10] PathInfo: null 
2022-04-01 20:36:53.257 DEBUG [org.apache.jasper.servlet.JspServlet@http-nio-8080-exec-10] RealPath: C:\Users\fvill\OneDrive\Documentos\UNIVERSIDAD\Software\4º\DP2\Workspace-22.0\Projects\Acme-Toolkits\target\classes\WEB-INF\views\master\page.jsp 
2022-04-01 20:36:53.258 DEBUG [org.apache.jasper.servlet.JspServlet@http-nio-8080-exec-10] RequestURI: /acme-toolkits-22.1/WEB-INF/views/master/page.jsp 
2022-04-01 20:36:53.258 DEBUG [org.apache.jasper.servlet.JspServlet@http-nio-8080-exec-10] QueryString: id=43 
2022-04-01 20:36:53.330 DEBUG [org.apache.jasper.servlet.JspServlet@http-nio-8080-exec-10] JspEngine --> /WEB-INF/views/inventor/item/form.jsp 
2022-04-01 20:36:53.331 DEBUG [org.apache.jasper.servlet.JspServlet@http-nio-8080-exec-10] ServletPath: /WEB-INF/views/master/page.jsp 
2022-04-01 20:36:53.331 DEBUG [org.apache.jasper.servlet.JspServlet@http-nio-8080-exec-10] PathInfo: null 
2022-04-01 20:36:53.332 DEBUG [org.apache.jasper.servlet.JspServlet@http-nio-8080-exec-10] RealPath: C:\Users\fvill\OneDrive\Documentos\UNIVERSIDAD\Software\4º\DP2\Workspace-22.0\Projects\Acme-Toolkits\target\classes\WEB-INF\views\inventor\item\form.jsp 
2022-04-01 20:36:53.332 DEBUG [org.apache.jasper.servlet.JspServlet@http-nio-8080-exec-10] RequestURI: /acme-toolkits-22.1/WEB-INF/views/master/page.jsp 
2022-04-01 20:36:53.332 DEBUG [org.apache.jasper.servlet.JspServlet@http-nio-8080-exec-10] QueryString: id=43 
2022-04-01 20:36:56.950 DEBUG [org.hibernate.SQL@http-nio-8080-exec-6] select useraccoun0_.id as id1_0_, useraccoun0_.version as version2_0_, useraccoun0_.enabled as enabled1_17_, useraccoun0_.identity as identity2_17_, useraccoun0_.password as password3_17_, useraccoun0_.username as username4_17_ from user_account useraccoun0_ where useraccoun0_.username=? 
2022-04-01 20:36:56.951 TRACE [org.hibernate.type.descriptor.sql.BasicBinder@http-nio-8080-exec-6] binding parameter [1] as [VARCHAR] - [anonymous] 
2022-04-01 20:36:56.954 DEBUG [org.hibernate.SQL@http-nio-8080-exec-6] select roles0_.user_account_id as user_acc1_18_0_, roles0_.id as id1_18_0_, roles0_.id as id1_0_1_, roles0_.version as version2_0_1_, roles0_.user_account_id as user_acc1_18_1_, roles0_.company as company1_7_1_, roles0_.sector as sector2_7_1_, roles0_.company as company1_8_1_, roles0_.info as info2_8_1_, roles0_.statement as statemen3_8_1_, roles0_.company as company1_10_1_, roles0_.info as info2_10_1_, roles0_.statement as statemen3_10_1_, roles0_.company as company1_13_1_, roles0_.sector as sector2_13_1_, roles0_.clazz_ as clazz_1_ from ( select id, version, user_account_id, company, sector, null as info, null as statement, 10 as clazz_ from consumer union all select id, version, user_account_id, company, null as sector, info, statement, 11 as clazz_ from inventor union all select id, version, user_account_id, company, null as sector, info, statement, 12 as clazz_ from patron union all select id, version, user_account_id, company, sector, null as info, null as statement, 13 as clazz_ from provider union all select id, version, user_account_id, null as company, null as sector, null as info, null as statement, 15 as clazz_ from administrator union all select id, version, user_account_id, null as company, null as sector, null as info, null as statement, 16 as clazz_ from anonymous union all select id, version, user_account_id, null as company, null as sector, null as info, null as statement, 17 as clazz_ from any union all select id, version, user_account_id, null as company, null as sector, null as info, null as statement, 18 as clazz_ from authenticated ) roles0_ where roles0_.user_account_id=? 
2022-04-01 20:36:56.955 TRACE [org.hibernate.type.descriptor.sql.BasicBinder@http-nio-8080-exec-6] binding parameter [1] as [INTEGER] - [1] 
2022-04-01 20:36:56.965 DEBUG [acme.framework.components.tiles.DynamicTilesView@http-nio-8080-exec-2] View name 'fragments/welcome', model {} 
2022-04-01 20:36:56.966 DEBUG [org.apache.jasper.servlet.JspServlet@http-nio-8080-exec-2] JspEngine --> /WEB-INF/views/master/page.jsp 
2022-04-01 20:36:56.967 DEBUG [org.apache.jasper.servlet.JspServlet@http-nio-8080-exec-2] ServletPath: /WEB-INF/views/master/page.jsp 
2022-04-01 20:36:56.967 DEBUG [org.apache.jasper.servlet.JspServlet@http-nio-8080-exec-2] PathInfo: null 
2022-04-01 20:36:56.967 DEBUG [org.apache.jasper.servlet.JspServlet@http-nio-8080-exec-2] RealPath: C:\Users\fvill\OneDrive\Documentos\UNIVERSIDAD\Software\4º\DP2\Workspace-22.0\Projects\Acme-Toolkits\target\classes\WEB-INF\views\master\page.jsp 
2022-04-01 20:36:56.968 DEBUG [org.apache.jasper.servlet.JspServlet@http-nio-8080-exec-2] RequestURI: /acme-toolkits-22.1/WEB-INF/views/master/page.jsp 
2022-04-01 20:36:56.969 DEBUG [org.apache.jasper.servlet.JspServlet@http-nio-8080-exec-2] QueryString: null 
2022-04-01 20:36:57.046 DEBUG [org.apache.jasper.servlet.JspServlet@http-nio-8080-exec-2] JspEngine --> /WEB-INF/views/fragments/welcome.jsp 
2022-04-01 20:36:57.046 DEBUG [org.apache.jasper.servlet.JspServlet@http-nio-8080-exec-2] ServletPath: /WEB-INF/views/master/page.jsp 
2022-04-01 20:36:57.046 DEBUG [org.apache.jasper.servlet.JspServlet@http-nio-8080-exec-2] PathInfo: null 
2022-04-01 20:36:57.048 DEBUG [org.apache.jasper.servlet.JspServlet@http-nio-8080-exec-2] RealPath: C:\Users\fvill\OneDrive\Documentos\UNIVERSIDAD\Software\4º\DP2\Workspace-22.0\Projects\Acme-Toolkits\target\classes\WEB-INF\views\fragments\welcome.jsp 
2022-04-01 20:36:57.048 DEBUG [org.apache.jasper.servlet.JspServlet@http-nio-8080-exec-2] RequestURI: /acme-toolkits-22.1/WEB-INF/views/master/page.jsp 
2022-04-01 20:36:57.049 DEBUG [org.apache.jasper.servlet.JspServlet@http-nio-8080-exec-2] QueryString: null 
2022-04-01 20:36:57.089 DEBUG [org.hibernate.SQL@http-nio-8080-exec-2] select useraccoun0_.id as id1_0_, useraccoun0_.version as version2_0_, useraccoun0_.enabled as enabled1_17_, useraccoun0_.identity as identity2_17_, useraccoun0_.password as password3_17_, useraccoun0_.username as username4_17_ from user_account useraccoun0_ where useraccoun0_.username=? 
2022-04-01 20:36:57.089 TRACE [org.hibernate.type.descriptor.sql.BasicBinder@http-nio-8080-exec-2] binding parameter [1] as [VARCHAR] - [anonymous] 
2022-04-01 20:36:57.091 DEBUG [org.hibernate.SQL@http-nio-8080-exec-2] select roles0_.user_account_id as user_acc1_18_0_, roles0_.id as id1_18_0_, roles0_.id as id1_0_1_, roles0_.version as version2_0_1_, roles0_.user_account_id as user_acc1_18_1_, roles0_.company as company1_7_1_, roles0_.sector as sector2_7_1_, roles0_.company as company1_8_1_, roles0_.info as info2_8_1_, roles0_.statement as statemen3_8_1_, roles0_.company as company1_10_1_, roles0_.info as info2_10_1_, roles0_.statement as statemen3_10_1_, roles0_.company as company1_13_1_, roles0_.sector as sector2_13_1_, roles0_.clazz_ as clazz_1_ from ( select id, version, user_account_id, company, sector, null as info, null as statement, 10 as clazz_ from consumer union all select id, version, user_account_id, company, null as sector, info, statement, 11 as clazz_ from inventor union all select id, version, user_account_id, company, null as sector, info, statement, 12 as clazz_ from patron union all select id, version, user_account_id, company, sector, null as info, null as statement, 13 as clazz_ from provider union all select id, version, user_account_id, null as company, null as sector, null as info, null as statement, 15 as clazz_ from administrator union all select id, version, user_account_id, null as company, null as sector, null as info, null as statement, 16 as clazz_ from anonymous union all select id, version, user_account_id, null as company, null as sector, null as info, null as statement, 17 as clazz_ from any union all select id, version, user_account_id, null as company, null as sector, null as info, null as statement, 18 as clazz_ from authenticated ) roles0_ where roles0_.user_account_id=? 
2022-04-01 20:36:57.091 TRACE [org.hibernate.type.descriptor.sql.BasicBinder@http-nio-8080-exec-2] binding parameter [1] as [INTEGER] - [1] 
