2022-05-31 23:09:47.830 INFO  [acme.Launcher@main] Starting Launcher using Java 1.8.0_281 on DESKTOP-S93RFEF with PID 11604 (C:\Users\alber\universidad\dp2\Workspace-22.0\Workspace-22.0\Frameworks\Acme-Framework-22.7\target\classes started by alber in C:\Users\alber\universidad\dp2\Workspace-22.0\Workspace-22.0\Projects\Acme-Toolkits) 
2022-05-31 23:09:47.831 DEBUG [acme.Launcher@main] Running with Spring Boot v2.4.2, Spring v5.3.3 
2022-05-31 23:09:47.833 INFO  [acme.Launcher@main] The following profiles are active: development,default 
2022-05-31 23:09:51.213 DEBUG [org.apache.jasper.servlet.JasperInitializer@main] Initializing Jasper for context [application] 
2022-05-31 23:09:56.834 DEBUG [org.apache.jasper.servlet.JspServlet@main] Scratch dir for the JSP engine is: [C:\Users\alber\AppData\Local\Temp\tomcat.8080.5933146193592888736\work\Tomcat\localhost\acme-toolkits-22.1] 
2022-05-31 23:09:56.834 DEBUG [org.apache.jasper.servlet.JspServlet@main] IMPORTANT: Do not modify the generated servlets 
2022-05-31 23:09:56.848 INFO  [acme.Launcher@main] Started Launcher in 9.73 seconds (JVM running for 10.545) 
2022-05-31 23:09:56.854 DEBUG [acme.Launcher@main] Found classpath entry '/C:/Users/alber/universidad/dp2/Workspace-22.0/Workspace-22.0/Projects/Acme-Toolkits/target/test-classes/' 
2022-05-31 23:09:56.854 DEBUG [acme.Launcher@main] Found classpath entry '/C:/Users/alber/universidad/dp2/Workspace-22.0/Workspace-22.0/Projects/Acme-Toolkits/target/classes/' 
2022-05-31 23:09:56.854 DEBUG [acme.Launcher@main] Found classpath entry '/C:/Users/alber/universidad/dp2/Workspace-22.0/Workspace-22.0/Projects/Acme-Toolkits/library/spamDetector.jar' 
2022-05-31 23:09:56.854 DEBUG [acme.Launcher@main] Found classpath entry '/C:/Users/alber/universidad/dp2/Workspace-22.0/Workspace-22.0/Frameworks/Acme-Framework-22.7/target/classes/' 
2022-05-31 23:09:56.854 DEBUG [acme.Launcher@main] Found classpath entry '/C:/Users/alber/universidad/dp2/Workspace-22.0/Workspace-22.0/Frameworks/Acme-Framework-22.7/target/test-classes/' 
2022-05-31 23:09:56.855 DEBUG [acme.Launcher@main] Found classpath entry '/C:/Users/alber/.m2/repository/org/springframework/boot/spring-boot-starter-tomcat/2.4.2/spring-boot-starter-tomcat-2.4.2.jar' 
2022-05-31 23:09:56.855 DEBUG [acme.Launcher@main] Found classpath entry '/C:/Users/alber/.m2/repository/jakarta/annotation/jakarta.annotation-api/1.3.5/jakarta.annotation-api-1.3.5.jar' 
2022-05-31 23:09:56.855 DEBUG [acme.Launcher@main] Found classpath entry '/C:/Users/alber/.m2/repository/org/apache/tomcat/embed/tomcat-embed-core/9.0.41/tomcat-embed-core-9.0.41.jar' 
2022-05-31 23:09:56.855 DEBUG [acme.Launcher@main] Found classpath entry '/C:/Users/alber/.m2/repository/org/glassfish/jakarta.el/3.0.3/jakarta.el-3.0.3.jar' 
2022-05-31 23:09:56.855 DEBUG [acme.Launcher@main] Found classpath entry '/C:/Users/alber/.m2/repository/org/apache/tomcat/embed/tomcat-embed-websocket/9.0.41/tomcat-embed-websocket-9.0.41.jar' 
2022-05-31 23:09:56.855 DEBUG [acme.Launcher@main] Found classpath entry '/C:/Users/alber/.m2/repository/org/apache/tomcat/embed/tomcat-embed-jasper/9.0.41/tomcat-embed-jasper-9.0.41.jar' 
2022-05-31 23:09:56.855 DEBUG [acme.Launcher@main] Found classpath entry '/C:/Users/alber/.m2/repository/org/apache/tomcat/embed/tomcat-embed-el/9.0.41/tomcat-embed-el-9.0.41.jar' 
2022-05-31 23:09:56.856 DEBUG [acme.Launcher@main] Found classpath entry '/C:/Users/alber/.m2/repository/org/eclipse/jdt/ecj/3.18.0/ecj-3.18.0.jar' 
2022-05-31 23:09:56.856 DEBUG [acme.Launcher@main] Found classpath entry '/C:/Users/alber/.m2/repository/javax/servlet/jstl/1.2/jstl-1.2.jar' 
2022-05-31 23:09:56.856 DEBUG [acme.Launcher@main] Found classpath entry '/C:/Users/alber/.m2/repository/org/springframework/boot/spring-boot-starter-security/2.4.2/spring-boot-starter-security-2.4.2.jar' 
2022-05-31 23:09:56.856 DEBUG [acme.Launcher@main] Found classpath entry '/C:/Users/alber/.m2/repository/org/springframework/boot/spring-boot-starter/2.4.2/spring-boot-starter-2.4.2.jar' 
2022-05-31 23:09:56.856 DEBUG [acme.Launcher@main] Found classpath entry '/C:/Users/alber/.m2/repository/org/springframework/boot/spring-boot/2.4.2/spring-boot-2.4.2.jar' 
2022-05-31 23:09:56.856 DEBUG [acme.Launcher@main] Found classpath entry '/C:/Users/alber/.m2/repository/org/springframework/boot/spring-boot-autoconfigure/2.4.2/spring-boot-autoconfigure-2.4.2.jar' 
2022-05-31 23:09:56.856 DEBUG [acme.Launcher@main] Found classpath entry '/C:/Users/alber/.m2/repository/org/springframework/boot/spring-boot-starter-logging/2.4.2/spring-boot-starter-logging-2.4.2.jar' 
2022-05-31 23:09:56.857 DEBUG [acme.Launcher@main] Found classpath entry '/C:/Users/alber/.m2/repository/ch/qos/logback/logback-classic/1.2.3/logback-classic-1.2.3.jar' 
2022-05-31 23:09:56.857 DEBUG [acme.Launcher@main] Found classpath entry '/C:/Users/alber/.m2/repository/ch/qos/logback/logback-core/1.2.3/logback-core-1.2.3.jar' 
2022-05-31 23:09:56.857 DEBUG [acme.Launcher@main] Found classpath entry '/C:/Users/alber/.m2/repository/org/apache/logging/log4j/log4j-to-slf4j/2.13.3/log4j-to-slf4j-2.13.3.jar' 
2022-05-31 23:09:56.857 DEBUG [acme.Launcher@main] Found classpath entry '/C:/Users/alber/.m2/repository/org/apache/logging/log4j/log4j-api/2.13.3/log4j-api-2.13.3.jar' 
2022-05-31 23:09:56.857 DEBUG [acme.Launcher@main] Found classpath entry '/C:/Users/alber/.m2/repository/org/slf4j/jul-to-slf4j/1.7.30/jul-to-slf4j-1.7.30.jar' 
2022-05-31 23:09:56.857 DEBUG [acme.Launcher@main] Found classpath entry '/C:/Users/alber/.m2/repository/org/yaml/snakeyaml/1.27/snakeyaml-1.27.jar' 
2022-05-31 23:09:56.857 DEBUG [acme.Launcher@main] Found classpath entry '/C:/Users/alber/.m2/repository/org/springframework/spring-aop/5.3.3/spring-aop-5.3.3.jar' 
2022-05-31 23:09:56.858 DEBUG [acme.Launcher@main] Found classpath entry '/C:/Users/alber/.m2/repository/org/springframework/security/spring-security-web/5.4.2/spring-security-web-5.4.2.jar' 
2022-05-31 23:09:56.858 DEBUG [acme.Launcher@main] Found classpath entry '/C:/Users/alber/.m2/repository/org/springframework/security/spring-security-core/5.4.2/spring-security-core-5.4.2.jar' 
2022-05-31 23:09:56.858 DEBUG [acme.Launcher@main] Found classpath entry '/C:/Users/alber/.m2/repository/org/springframework/spring-beans/5.3.3/spring-beans-5.3.3.jar' 
2022-05-31 23:09:56.858 DEBUG [acme.Launcher@main] Found classpath entry '/C:/Users/alber/.m2/repository/org/springframework/spring-context/5.3.3/spring-context-5.3.3.jar' 
2022-05-31 23:09:56.858 DEBUG [acme.Launcher@main] Found classpath entry '/C:/Users/alber/.m2/repository/org/springframework/spring-core/5.3.3/spring-core-5.3.3.jar' 
2022-05-31 23:09:56.858 DEBUG [acme.Launcher@main] Found classpath entry '/C:/Users/alber/.m2/repository/org/springframework/spring-jcl/5.3.3/spring-jcl-5.3.3.jar' 
2022-05-31 23:09:56.858 DEBUG [acme.Launcher@main] Found classpath entry '/C:/Users/alber/.m2/repository/org/springframework/spring-expression/5.3.3/spring-expression-5.3.3.jar' 
2022-05-31 23:09:56.858 DEBUG [acme.Launcher@main] Found classpath entry '/C:/Users/alber/.m2/repository/org/springframework/spring-web/5.3.3/spring-web-5.3.3.jar' 
2022-05-31 23:09:56.859 DEBUG [acme.Launcher@main] Found classpath entry '/C:/Users/alber/.m2/repository/org/springframework/security/spring-security-config/5.4.2/spring-security-config-5.4.2.jar' 
2022-05-31 23:09:56.859 DEBUG [acme.Launcher@main] Found classpath entry '/C:/Users/alber/.m2/repository/org/springframework/security/spring-security-taglibs/5.4.2/spring-security-taglibs-5.4.2.jar' 
2022-05-31 23:09:56.859 DEBUG [acme.Launcher@main] Found classpath entry '/C:/Users/alber/.m2/repository/org/springframework/security/spring-security-acl/5.4.2/spring-security-acl-5.4.2.jar' 
2022-05-31 23:09:56.859 DEBUG [acme.Launcher@main] Found classpath entry '/C:/Users/alber/.m2/repository/org/springframework/spring-jdbc/5.3.3/spring-jdbc-5.3.3.jar' 
2022-05-31 23:09:56.859 DEBUG [acme.Launcher@main] Found classpath entry '/C:/Users/alber/.m2/repository/org/springframework/spring-tx/5.3.3/spring-tx-5.3.3.jar' 
2022-05-31 23:09:56.859 DEBUG [acme.Launcher@main] Found classpath entry '/C:/Users/alber/.m2/repository/org/springframework/boot/spring-boot-starter-web/2.4.2/spring-boot-starter-web-2.4.2.jar' 
2022-05-31 23:09:56.859 DEBUG [acme.Launcher@main] Found classpath entry '/C:/Users/alber/.m2/repository/org/springframework/boot/spring-boot-starter-json/2.4.2/spring-boot-starter-json-2.4.2.jar' 
2022-05-31 23:09:56.859 DEBUG [acme.Launcher@main] Found classpath entry '/C:/Users/alber/.m2/repository/com/fasterxml/jackson/core/jackson-databind/2.11.4/jackson-databind-2.11.4.jar' 
2022-05-31 23:09:56.860 DEBUG [acme.Launcher@main] Found classpath entry '/C:/Users/alber/.m2/repository/com/fasterxml/jackson/core/jackson-annotations/2.11.4/jackson-annotations-2.11.4.jar' 
2022-05-31 23:09:56.860 DEBUG [acme.Launcher@main] Found classpath entry '/C:/Users/alber/.m2/repository/com/fasterxml/jackson/core/jackson-core/2.11.4/jackson-core-2.11.4.jar' 
2022-05-31 23:09:56.860 DEBUG [acme.Launcher@main] Found classpath entry '/C:/Users/alber/.m2/repository/com/fasterxml/jackson/datatype/jackson-datatype-jdk8/2.11.4/jackson-datatype-jdk8-2.11.4.jar' 
2022-05-31 23:09:56.860 DEBUG [acme.Launcher@main] Found classpath entry '/C:/Users/alber/.m2/repository/com/fasterxml/jackson/datatype/jackson-datatype-jsr310/2.11.4/jackson-datatype-jsr310-2.11.4.jar' 
2022-05-31 23:09:56.860 DEBUG [acme.Launcher@main] Found classpath entry '/C:/Users/alber/.m2/repository/com/fasterxml/jackson/module/jackson-module-parameter-names/2.11.4/jackson-module-parameter-names-2.11.4.jar' 
2022-05-31 23:09:56.860 DEBUG [acme.Launcher@main] Found classpath entry '/C:/Users/alber/.m2/repository/org/springframework/spring-webmvc/5.3.3/spring-webmvc-5.3.3.jar' 
2022-05-31 23:09:56.860 DEBUG [acme.Launcher@main] Found classpath entry '/C:/Users/alber/.m2/repository/org/apache/tiles/tiles-jsp/3.0.8/tiles-jsp-3.0.8.jar' 
2022-05-31 23:09:56.860 DEBUG [acme.Launcher@main] Found classpath entry '/C:/Users/alber/.m2/repository/org/apache/tiles/tiles-servlet/3.0.8/tiles-servlet-3.0.8.jar' 
2022-05-31 23:09:56.860 DEBUG [acme.Launcher@main] Found classpath entry '/C:/Users/alber/.m2/repository/org/apache/tiles/tiles-core/3.0.8/tiles-core-3.0.8.jar' 
2022-05-31 23:09:56.861 DEBUG [acme.Launcher@main] Found classpath entry '/C:/Users/alber/.m2/repository/commons-digester/commons-digester/2.0/commons-digester-2.0.jar' 
2022-05-31 23:09:56.861 DEBUG [acme.Launcher@main] Found classpath entry '/C:/Users/alber/.m2/repository/org/slf4j/jcl-over-slf4j/1.7.30/jcl-over-slf4j-1.7.30.jar' 
2022-05-31 23:09:56.861 DEBUG [acme.Launcher@main] Found classpath entry '/C:/Users/alber/.m2/repository/org/apache/tiles/tiles-request-servlet/1.0.7/tiles-request-servlet-1.0.7.jar' 
2022-05-31 23:09:56.861 DEBUG [acme.Launcher@main] Found classpath entry '/C:/Users/alber/.m2/repository/org/apache/tiles/tiles-template/3.0.8/tiles-template-3.0.8.jar' 
2022-05-31 23:09:56.861 DEBUG [acme.Launcher@main] Found classpath entry '/C:/Users/alber/.m2/repository/org/apache/tiles/tiles-api/3.0.8/tiles-api-3.0.8.jar' 
2022-05-31 23:09:56.861 DEBUG [acme.Launcher@main] Found classpath entry '/C:/Users/alber/.m2/repository/org/apache/tiles/tiles-autotag-core-runtime/1.2/tiles-autotag-core-runtime-1.2.jar' 
2022-05-31 23:09:56.861 DEBUG [acme.Launcher@main] Found classpath entry '/C:/Users/alber/.m2/repository/org/slf4j/slf4j-api/1.7.30/slf4j-api-1.7.30.jar' 
2022-05-31 23:09:56.861 DEBUG [acme.Launcher@main] Found classpath entry '/C:/Users/alber/.m2/repository/org/apache/tiles/tiles-request-jsp/1.0.7/tiles-request-jsp-1.0.7.jar' 
2022-05-31 23:09:56.862 DEBUG [acme.Launcher@main] Found classpath entry '/C:/Users/alber/.m2/repository/org/apache/tiles/tiles-request-api/1.0.7/tiles-request-api-1.0.7.jar' 
2022-05-31 23:09:56.862 DEBUG [acme.Launcher@main] Found classpath entry '/C:/Users/alber/.m2/repository/org/springframework/boot/spring-boot-starter-data-jpa/2.4.2/spring-boot-starter-data-jpa-2.4.2.jar' 
2022-05-31 23:09:56.862 DEBUG [acme.Launcher@main] Found classpath entry '/C:/Users/alber/.m2/repository/org/springframework/boot/spring-boot-starter-aop/2.4.2/spring-boot-starter-aop-2.4.2.jar' 
2022-05-31 23:09:56.862 DEBUG [acme.Launcher@main] Found classpath entry '/C:/Users/alber/.m2/repository/org/aspectj/aspectjweaver/1.9.6/aspectjweaver-1.9.6.jar' 
2022-05-31 23:09:56.862 DEBUG [acme.Launcher@main] Found classpath entry '/C:/Users/alber/.m2/repository/org/springframework/boot/spring-boot-starter-jdbc/2.4.2/spring-boot-starter-jdbc-2.4.2.jar' 
2022-05-31 23:09:56.862 DEBUG [acme.Launcher@main] Found classpath entry '/C:/Users/alber/.m2/repository/jakarta/transaction/jakarta.transaction-api/1.3.3/jakarta.transaction-api-1.3.3.jar' 
2022-05-31 23:09:56.862 DEBUG [acme.Launcher@main] Found classpath entry '/C:/Users/alber/.m2/repository/jakarta/persistence/jakarta.persistence-api/2.2.3/jakarta.persistence-api-2.2.3.jar' 
2022-05-31 23:09:56.862 DEBUG [acme.Launcher@main] Found classpath entry '/C:/Users/alber/.m2/repository/org/hibernate/hibernate-core/5.4.27.Final/hibernate-core-5.4.27.Final.jar' 
2022-05-31 23:09:56.862 DEBUG [acme.Launcher@main] Found classpath entry '/C:/Users/alber/.m2/repository/org/jboss/logging/jboss-logging/3.4.1.Final/jboss-logging-3.4.1.Final.jar' 
2022-05-31 23:09:56.863 DEBUG [acme.Launcher@main] Found classpath entry '/C:/Users/alber/.m2/repository/org/javassist/javassist/3.27.0-GA/javassist-3.27.0-GA.jar' 
2022-05-31 23:09:56.863 DEBUG [acme.Launcher@main] Found classpath entry '/C:/Users/alber/.m2/repository/antlr/antlr/2.7.7/antlr-2.7.7.jar' 
2022-05-31 23:09:56.863 DEBUG [acme.Launcher@main] Found classpath entry '/C:/Users/alber/.m2/repository/org/jboss/jandex/2.1.3.Final/jandex-2.1.3.Final.jar' 
2022-05-31 23:09:56.863 DEBUG [acme.Launcher@main] Found classpath entry '/C:/Users/alber/.m2/repository/com/fasterxml/classmate/1.5.1/classmate-1.5.1.jar' 
2022-05-31 23:09:56.863 DEBUG [acme.Launcher@main] Found classpath entry '/C:/Users/alber/.m2/repository/org/dom4j/dom4j/2.1.3/dom4j-2.1.3.jar' 
2022-05-31 23:09:56.863 DEBUG [acme.Launcher@main] Found classpath entry '/C:/Users/alber/.m2/repository/org/hibernate/common/hibernate-commons-annotations/5.1.2.Final/hibernate-commons-annotations-5.1.2.Final.jar' 
2022-05-31 23:09:56.863 DEBUG [acme.Launcher@main] Found classpath entry '/C:/Users/alber/.m2/repository/org/glassfish/jaxb/jaxb-runtime/2.3.3/jaxb-runtime-2.3.3.jar' 
2022-05-31 23:09:56.863 DEBUG [acme.Launcher@main] Found classpath entry '/C:/Users/alber/.m2/repository/org/glassfish/jaxb/txw2/2.3.3/txw2-2.3.3.jar' 
2022-05-31 23:09:56.863 DEBUG [acme.Launcher@main] Found classpath entry '/C:/Users/alber/.m2/repository/com/sun/istack/istack-commons-runtime/3.0.11/istack-commons-runtime-3.0.11.jar' 
2022-05-31 23:09:56.864 DEBUG [acme.Launcher@main] Found classpath entry '/C:/Users/alber/.m2/repository/com/sun/activation/jakarta.activation/1.2.2/jakarta.activation-1.2.2.jar' 
2022-05-31 23:09:56.864 DEBUG [acme.Launcher@main] Found classpath entry '/C:/Users/alber/.m2/repository/org/springframework/data/spring-data-jpa/2.4.3/spring-data-jpa-2.4.3.jar' 
2022-05-31 23:09:56.864 DEBUG [acme.Launcher@main] Found classpath entry '/C:/Users/alber/.m2/repository/org/springframework/data/spring-data-commons/2.4.3/spring-data-commons-2.4.3.jar' 
2022-05-31 23:09:56.864 DEBUG [acme.Launcher@main] Found classpath entry '/C:/Users/alber/.m2/repository/org/springframework/spring-orm/5.3.3/spring-orm-5.3.3.jar' 
2022-05-31 23:09:56.864 DEBUG [acme.Launcher@main] Found classpath entry '/C:/Users/alber/.m2/repository/org/springframework/spring-aspects/5.3.3/spring-aspects-5.3.3.jar' 
2022-05-31 23:09:56.864 DEBUG [acme.Launcher@main] Found classpath entry '/C:/Users/alber/.m2/repository/org/springframework/boot/spring-boot-starter-validation/2.4.2/spring-boot-starter-validation-2.4.2.jar' 
2022-05-31 23:09:56.864 DEBUG [acme.Launcher@main] Found classpath entry '/C:/Users/alber/.m2/repository/org/hibernate/validator/hibernate-validator/6.1.7.Final/hibernate-validator-6.1.7.Final.jar' 
2022-05-31 23:09:56.864 DEBUG [acme.Launcher@main] Found classpath entry '/C:/Users/alber/.m2/repository/jakarta/validation/jakarta.validation-api/2.0.2/jakarta.validation-api-2.0.2.jar' 
2022-05-31 23:09:56.864 DEBUG [acme.Launcher@main] Found classpath entry '/C:/Users/alber/.m2/repository/mysql/mysql-connector-java/8.0.22/mysql-connector-java-8.0.22.jar' 
2022-05-31 23:09:56.865 DEBUG [acme.Launcher@main] Found classpath entry '/C:/Users/alber/.m2/repository/com/zaxxer/HikariCP/3.4.5/HikariCP-3.4.5.jar' 
2022-05-31 23:09:56.865 DEBUG [acme.Launcher@main] Found classpath entry '/C:/Users/alber/.m2/repository/org/springframework/boot/spring-boot-starter-test/2.4.2/spring-boot-starter-test-2.4.2.jar' 
2022-05-31 23:09:56.865 DEBUG [acme.Launcher@main] Found classpath entry '/C:/Users/alber/.m2/repository/org/springframework/boot/spring-boot-test/2.4.2/spring-boot-test-2.4.2.jar' 
2022-05-31 23:09:56.865 DEBUG [acme.Launcher@main] Found classpath entry '/C:/Users/alber/.m2/repository/org/springframework/boot/spring-boot-test-autoconfigure/2.4.2/spring-boot-test-autoconfigure-2.4.2.jar' 
2022-05-31 23:09:56.865 DEBUG [acme.Launcher@main] Found classpath entry '/C:/Users/alber/.m2/repository/com/jayway/jsonpath/json-path/2.4.0/json-path-2.4.0.jar' 
2022-05-31 23:09:56.865 DEBUG [acme.Launcher@main] Found classpath entry '/C:/Users/alber/.m2/repository/net/minidev/json-smart/2.3/json-smart-2.3.jar' 
2022-05-31 23:09:56.865 DEBUG [acme.Launcher@main] Found classpath entry '/C:/Users/alber/.m2/repository/net/minidev/accessors-smart/1.2/accessors-smart-1.2.jar' 
2022-05-31 23:09:56.865 DEBUG [acme.Launcher@main] Found classpath entry '/C:/Users/alber/.m2/repository/org/ow2/asm/asm/5.0.4/asm-5.0.4.jar' 
2022-05-31 23:09:56.865 DEBUG [acme.Launcher@main] Found classpath entry '/C:/Users/alber/.m2/repository/jakarta/xml/bind/jakarta.xml.bind-api/2.3.3/jakarta.xml.bind-api-2.3.3.jar' 
2022-05-31 23:09:56.866 DEBUG [acme.Launcher@main] Found classpath entry '/C:/Users/alber/.m2/repository/jakarta/activation/jakarta.activation-api/1.2.2/jakarta.activation-api-1.2.2.jar' 
2022-05-31 23:09:56.866 DEBUG [acme.Launcher@main] Found classpath entry '/C:/Users/alber/.m2/repository/org/assertj/assertj-core/3.18.1/assertj-core-3.18.1.jar' 
2022-05-31 23:09:56.866 DEBUG [acme.Launcher@main] Found classpath entry '/C:/Users/alber/.m2/repository/org/hamcrest/hamcrest/2.2/hamcrest-2.2.jar' 
2022-05-31 23:09:56.866 DEBUG [acme.Launcher@main] Found classpath entry '/C:/Users/alber/.m2/repository/org/junit/jupiter/junit-jupiter/5.7.0/junit-jupiter-5.7.0.jar' 
2022-05-31 23:09:56.866 DEBUG [acme.Launcher@main] Found classpath entry '/C:/Users/alber/.m2/repository/org/mockito/mockito-core/3.6.28/mockito-core-3.6.28.jar' 
2022-05-31 23:09:56.866 DEBUG [acme.Launcher@main] Found classpath entry '/C:/Users/alber/.m2/repository/net/bytebuddy/byte-buddy-agent/1.10.19/byte-buddy-agent-1.10.19.jar' 
2022-05-31 23:09:56.866 DEBUG [acme.Launcher@main] Found classpath entry '/C:/Users/alber/.m2/repository/org/objenesis/objenesis/3.1/objenesis-3.1.jar' 
2022-05-31 23:09:56.866 DEBUG [acme.Launcher@main] Found classpath entry '/C:/Users/alber/.m2/repository/org/mockito/mockito-junit-jupiter/3.6.28/mockito-junit-jupiter-3.6.28.jar' 
2022-05-31 23:09:56.866 DEBUG [acme.Launcher@main] Found classpath entry '/C:/Users/alber/.m2/repository/org/skyscreamer/jsonassert/1.5.0/jsonassert-1.5.0.jar' 
2022-05-31 23:09:56.866 DEBUG [acme.Launcher@main] Found classpath entry '/C:/Users/alber/.m2/repository/com/vaadin/external/google/android-json/0.0.20131108.vaadin1/android-json-0.0.20131108.vaadin1.jar' 
2022-05-31 23:09:56.866 DEBUG [acme.Launcher@main] Found classpath entry '/C:/Users/alber/.m2/repository/org/springframework/spring-test/5.3.3/spring-test-5.3.3.jar' 
2022-05-31 23:09:56.867 DEBUG [acme.Launcher@main] Found classpath entry '/C:/Users/alber/.m2/repository/org/xmlunit/xmlunit-core/2.7.0/xmlunit-core-2.7.0.jar' 
2022-05-31 23:09:56.867 DEBUG [acme.Launcher@main] Found classpath entry '/C:/Users/alber/.m2/repository/org/junit/jupiter/junit-jupiter-engine/5.7.0/junit-jupiter-engine-5.7.0.jar' 
2022-05-31 23:09:56.867 DEBUG [acme.Launcher@main] Found classpath entry '/C:/Users/alber/.m2/repository/org/apiguardian/apiguardian-api/1.1.0/apiguardian-api-1.1.0.jar' 
2022-05-31 23:09:56.867 DEBUG [acme.Launcher@main] Found classpath entry '/C:/Users/alber/.m2/repository/org/junit/platform/junit-platform-engine/1.7.0/junit-platform-engine-1.7.0.jar' 
2022-05-31 23:09:56.867 DEBUG [acme.Launcher@main] Found classpath entry '/C:/Users/alber/.m2/repository/org/junit/jupiter/junit-jupiter-api/5.7.0/junit-jupiter-api-5.7.0.jar' 
2022-05-31 23:09:56.867 DEBUG [acme.Launcher@main] Found classpath entry '/C:/Users/alber/.m2/repository/org/opentest4j/opentest4j/1.2.0/opentest4j-1.2.0.jar' 
2022-05-31 23:09:56.867 DEBUG [acme.Launcher@main] Found classpath entry '/C:/Users/alber/.m2/repository/org/junit/platform/junit-platform-commons/1.7.0/junit-platform-commons-1.7.0.jar' 
2022-05-31 23:09:56.867 DEBUG [acme.Launcher@main] Found classpath entry '/C:/Users/alber/.m2/repository/org/junit/jupiter/junit-jupiter-params/5.7.0/junit-jupiter-params-5.7.0.jar' 
2022-05-31 23:09:56.867 DEBUG [acme.Launcher@main] Found classpath entry '/C:/Users/alber/.m2/repository/org/junit/platform/junit-platform-launcher/1.7.0/junit-platform-launcher-1.7.0.jar' 
2022-05-31 23:09:56.868 DEBUG [acme.Launcher@main] Found classpath entry '/C:/Users/alber/.m2/repository/org/seleniumhq/selenium/selenium-java/3.141.59/selenium-java-3.141.59.jar' 
2022-05-31 23:09:56.868 DEBUG [acme.Launcher@main] Found classpath entry '/C:/Users/alber/.m2/repository/org/seleniumhq/selenium/selenium-api/3.141.59/selenium-api-3.141.59.jar' 
2022-05-31 23:09:56.868 DEBUG [acme.Launcher@main] Found classpath entry '/C:/Users/alber/.m2/repository/org/seleniumhq/selenium/selenium-chrome-driver/3.141.59/selenium-chrome-driver-3.141.59.jar' 
2022-05-31 23:09:56.868 DEBUG [acme.Launcher@main] Found classpath entry '/C:/Users/alber/.m2/repository/org/seleniumhq/selenium/selenium-edge-driver/3.141.59/selenium-edge-driver-3.141.59.jar' 
2022-05-31 23:09:56.868 DEBUG [acme.Launcher@main] Found classpath entry '/C:/Users/alber/.m2/repository/org/seleniumhq/selenium/selenium-firefox-driver/3.141.59/selenium-firefox-driver-3.141.59.jar' 
2022-05-31 23:09:56.869 DEBUG [acme.Launcher@main] Found classpath entry '/C:/Users/alber/.m2/repository/org/seleniumhq/selenium/selenium-ie-driver/3.141.59/selenium-ie-driver-3.141.59.jar' 
2022-05-31 23:09:56.869 DEBUG [acme.Launcher@main] Found classpath entry '/C:/Users/alber/.m2/repository/org/seleniumhq/selenium/selenium-opera-driver/3.141.59/selenium-opera-driver-3.141.59.jar' 
2022-05-31 23:09:56.869 DEBUG [acme.Launcher@main] Found classpath entry '/C:/Users/alber/.m2/repository/org/seleniumhq/selenium/selenium-remote-driver/3.141.59/selenium-remote-driver-3.141.59.jar' 
2022-05-31 23:09:56.869 DEBUG [acme.Launcher@main] Found classpath entry '/C:/Users/alber/.m2/repository/org/seleniumhq/selenium/selenium-safari-driver/3.141.59/selenium-safari-driver-3.141.59.jar' 
2022-05-31 23:09:56.869 DEBUG [acme.Launcher@main] Found classpath entry '/C:/Users/alber/.m2/repository/org/seleniumhq/selenium/selenium-support/3.141.59/selenium-support-3.141.59.jar' 
2022-05-31 23:09:56.869 DEBUG [acme.Launcher@main] Found classpath entry '/C:/Users/alber/.m2/repository/net/bytebuddy/byte-buddy/1.10.19/byte-buddy-1.10.19.jar' 
2022-05-31 23:09:56.869 DEBUG [acme.Launcher@main] Found classpath entry '/C:/Users/alber/.m2/repository/org/apache/commons/commons-exec/1.3/commons-exec-1.3.jar' 
2022-05-31 23:09:56.869 DEBUG [acme.Launcher@main] Found classpath entry '/C:/Users/alber/.m2/repository/com/google/guava/guava/25.0-jre/guava-25.0-jre.jar' 
2022-05-31 23:09:56.870 DEBUG [acme.Launcher@main] Found classpath entry '/C:/Users/alber/.m2/repository/com/google/code/findbugs/jsr305/1.3.9/jsr305-1.3.9.jar' 
2022-05-31 23:09:56.870 DEBUG [acme.Launcher@main] Found classpath entry '/C:/Users/alber/.m2/repository/org/checkerframework/checker-compat-qual/2.0.0/checker-compat-qual-2.0.0.jar' 
2022-05-31 23:09:56.870 DEBUG [acme.Launcher@main] Found classpath entry '/C:/Users/alber/.m2/repository/com/google/errorprone/error_prone_annotations/2.1.3/error_prone_annotations-2.1.3.jar' 
2022-05-31 23:09:56.870 DEBUG [acme.Launcher@main] Found classpath entry '/C:/Users/alber/.m2/repository/com/google/j2objc/j2objc-annotations/1.1/j2objc-annotations-1.1.jar' 
2022-05-31 23:09:56.870 DEBUG [acme.Launcher@main] Found classpath entry '/C:/Users/alber/.m2/repository/org/codehaus/mojo/animal-sniffer-annotations/1.14/animal-sniffer-annotations-1.14.jar' 
2022-05-31 23:09:56.870 DEBUG [acme.Launcher@main] Found classpath entry '/C:/Users/alber/.m2/repository/com/squareup/okhttp3/okhttp/3.14.9/okhttp-3.14.9.jar' 
2022-05-31 23:09:56.870 DEBUG [acme.Launcher@main] Found classpath entry '/C:/Users/alber/.m2/repository/com/squareup/okio/okio/1.14.0/okio-1.14.0.jar' 
2022-05-31 23:09:56.870 DEBUG [acme.Launcher@main] Found classpath entry '/C:/Users/alber/.m2/repository/org/apache/commons/commons-lang3/3.11/commons-lang3-3.11.jar' 
2022-05-31 23:09:56.871 DEBUG [acme.Launcher@main] Found classpath entry '/C:/Users/alber/.m2/repository/org/apache/commons/commons-text/1.8/commons-text-1.8.jar' 
2022-05-31 23:09:56.871 DEBUG [acme.Launcher@main] Found classpath entry '/C:/Users/alber/.m2/repository/commons-io/commons-io/2.6/commons-io-2.6.jar' 
2022-05-31 23:09:56.871 DEBUG [acme.Launcher@main] Found classpath entry '/C:/Users/alber/.m2/repository/commons-cli/commons-cli/1.4/commons-cli-1.4.jar' 
2022-05-31 23:09:56.871 DEBUG [acme.Launcher@main] Found classpath entry '/C:/Users/alber/.m2/repository/org/projectlombok/lombok/1.18.16/lombok-1.18.16.jar' 
2022-05-31 23:09:56.871 DEBUG [acme.Launcher@main] Found classpath entry '/C:/Users/alber/.m2/repository/com/opencsv/opencsv/5.4/opencsv-5.4.jar' 
2022-05-31 23:09:56.871 DEBUG [acme.Launcher@main] Found classpath entry '/C:/Users/alber/.m2/repository/commons-beanutils/commons-beanutils/1.9.4/commons-beanutils-1.9.4.jar' 
2022-05-31 23:09:56.871 DEBUG [acme.Launcher@main] Found classpath entry '/C:/Users/alber/.m2/repository/commons-logging/commons-logging/1.2/commons-logging-1.2.jar' 
2022-05-31 23:09:56.871 DEBUG [acme.Launcher@main] Found classpath entry '/C:/Users/alber/.m2/repository/commons-collections/commons-collections/3.2.2/commons-collections-3.2.2.jar' 
2022-05-31 23:09:56.871 DEBUG [acme.Launcher@main] Found classpath entry '/C:/Users/alber/.m2/repository/org/apache/commons/commons-collections4/4.4/commons-collections4-4.4.jar' 
2022-05-31 23:09:57.067 DEBUG [acme.Launcher@main] Found entity class 'acme.entities.announcement.Announcement 
2022-05-31 23:09:57.067 DEBUG [acme.Launcher@main] Found entity class 'acme.entities.chimpum.Chimpum 
2022-05-31 23:09:57.067 DEBUG [acme.Launcher@main] Found entity class 'acme.entities.chirp.Chirp 
2022-05-31 23:09:57.067 DEBUG [acme.Launcher@main] Found entity class 'acme.entities.item.Item 
2022-05-31 23:09:57.067 DEBUG [acme.Launcher@main] Found entity class 'acme.entities.moneyExchange.MoneyExchange 
2022-05-31 23:09:57.068 DEBUG [acme.Launcher@main] Found entity class 'acme.entities.patronage.Patronage 
2022-05-31 23:09:57.068 DEBUG [acme.Launcher@main] Found entity class 'acme.entities.patronageReport.PatronageReport 
2022-05-31 23:09:57.068 DEBUG [acme.Launcher@main] Found entity class 'acme.entities.quantity.Quantity 
2022-05-31 23:09:57.068 DEBUG [acme.Launcher@main] Found entity class 'acme.entities.systemConfiguration.SystemConfiguration 
2022-05-31 23:09:57.068 DEBUG [acme.Launcher@main] Found entity class 'acme.entities.toolkit.Toolkit 
2022-05-31 23:09:57.068 DEBUG [acme.Launcher@main] Found entity class 'acme.roles.Consumer 
2022-05-31 23:09:57.068 DEBUG [acme.Launcher@main] Found entity class 'acme.roles.Inventor 
2022-05-31 23:09:57.069 DEBUG [acme.Launcher@main] Found entity class 'acme.roles.Patron 
2022-05-31 23:09:57.069 DEBUG [acme.Launcher@main] Found entity class 'acme.roles.Provider 
2022-05-31 23:09:57.069 DEBUG [acme.Launcher@main] Found entity class 'acme.framework.entities.UserAccount 
2022-05-31 23:09:57.069 DEBUG [acme.Launcher@main] Found entity class 'acme.framework.roles.Administrator 
2022-05-31 23:09:57.069 DEBUG [acme.Launcher@main] Found entity class 'acme.framework.roles.Anonymous 
2022-05-31 23:09:57.069 DEBUG [acme.Launcher@main] Found entity class 'acme.framework.roles.Any 
2022-05-31 23:09:57.069 DEBUG [acme.Launcher@main] Found entity class 'acme.framework.roles.Authenticated 
2022-05-31 23:09:57.075 INFO  [acme.Launcher@main] Running application (Standalone) 
2022-05-31 23:10:01.400 DEBUG [acme.framework.components.tiles.DynamicTilesView@http-nio-8080-exec-8] View name 'fragments/welcome', model {} 
2022-05-31 23:10:01.419 DEBUG [org.apache.tiles.definition.dao.BaseLocaleUrlDefinitionDAO@http-nio-8080-exec-8] File Resource file:/C:/Users/alber/universidad/dp2/Workspace-22.0/Workspace-22.0/Projects/Acme-Toolkits/target/classes/WEB-INF/views/master/tiles_en.xml at file:/C:/Users/alber/universidad/dp2/Workspace-22.0/Workspace-22.0/Projects/Acme-Toolkits/target/classes/WEB-INF/views/master/tiles_en.xml not found, continue 
2022-05-31 23:10:01.430 DEBUG [org.apache.jasper.servlet.JspServlet@http-nio-8080-exec-8] JspEngine --> /WEB-INF/views/master/page.jsp 
2022-05-31 23:10:01.430 DEBUG [org.apache.jasper.servlet.JspServlet@http-nio-8080-exec-8] ServletPath: /WEB-INF/views/master/page.jsp 
2022-05-31 23:10:01.431 DEBUG [org.apache.jasper.servlet.JspServlet@http-nio-8080-exec-8] PathInfo: null 
2022-05-31 23:10:01.434 DEBUG [org.apache.jasper.servlet.JspServlet@http-nio-8080-exec-8] RealPath: C:\Users\alber\universidad\dp2\Workspace-22.0\Workspace-22.0\Projects\Acme-Toolkits\target\classes\WEB-INF\views\master\page.jsp 
2022-05-31 23:10:01.434 DEBUG [org.apache.jasper.servlet.JspServlet@http-nio-8080-exec-8] RequestURI: /acme-toolkits-22.1/WEB-INF/views/master/page.jsp 
2022-05-31 23:10:01.434 DEBUG [org.apache.jasper.servlet.JspServlet@http-nio-8080-exec-8] QueryString: null 
2022-05-31 23:10:06.921 DEBUG [acme.framework.configuration.ExtendedMessageSource@http-nio-8080-exec-8] Loading properties [C:\Users\alber\universidad\dp2\Workspace-22.0\Workspace-22.0\Projects\Acme-Toolkits\target\classes\WEB-INF\views\administrator\administrator-dashboard\messages-en.i18n] with encoding 'utf-8' 
2022-05-31 23:10:06.922 DEBUG [acme.framework.configuration.ExtendedMessageSource@http-nio-8080-exec-8] Loading properties [C:\Users\alber\universidad\dp2\Workspace-22.0\Workspace-22.0\Projects\Acme-Toolkits\target\classes\WEB-INF\views\administrator\announcement\messages-en.i18n] with encoding 'utf-8' 
2022-05-31 23:10:06.923 DEBUG [acme.framework.configuration.ExtendedMessageSource@http-nio-8080-exec-8] Loading properties [C:\Users\alber\universidad\dp2\Workspace-22.0\Workspace-22.0\Projects\Acme-Toolkits\target\classes\WEB-INF\views\administrator\system-configuration\messages-en.i18n] with encoding 'utf-8' 
2022-05-31 23:10:06.924 DEBUG [acme.framework.configuration.ExtendedMessageSource@http-nio-8080-exec-8] Loading properties [C:\Users\alber\universidad\dp2\Workspace-22.0\Workspace-22.0\Projects\Acme-Toolkits\target\classes\WEB-INF\views\administrator\user-account\messages-en.i18n] with encoding 'utf-8' 
2022-05-31 23:10:06.925 DEBUG [acme.framework.configuration.ExtendedMessageSource@http-nio-8080-exec-8] Loading properties [C:\Users\alber\universidad\dp2\Workspace-22.0\Workspace-22.0\Projects\Acme-Toolkits\target\classes\WEB-INF\views\anonymous\user-account\messages-en.i18n] with encoding 'utf-8' 
2022-05-31 23:10:06.926 DEBUG [acme.framework.configuration.ExtendedMessageSource@http-nio-8080-exec-8] Loading properties [C:\Users\alber\universidad\dp2\Workspace-22.0\Workspace-22.0\Projects\Acme-Toolkits\target\classes\WEB-INF\views\any\chirp\messages-en.i18n] with encoding 'utf-8' 
2022-05-31 23:10:06.927 DEBUG [acme.framework.configuration.ExtendedMessageSource@http-nio-8080-exec-8] Loading properties [C:\Users\alber\universidad\dp2\Workspace-22.0\Workspace-22.0\Projects\Acme-Toolkits\target\classes\WEB-INF\views\any\item\messages-en.i18n] with encoding 'utf-8' 
2022-05-31 23:10:06.927 DEBUG [acme.framework.configuration.ExtendedMessageSource@http-nio-8080-exec-8] Loading properties [C:\Users\alber\universidad\dp2\Workspace-22.0\Workspace-22.0\Projects\Acme-Toolkits\target\classes\WEB-INF\views\any\toolkit\messages-en.i18n] with encoding 'utf-8' 
2022-05-31 23:10:06.928 DEBUG [acme.framework.configuration.ExtendedMessageSource@http-nio-8080-exec-8] Loading properties [C:\Users\alber\universidad\dp2\Workspace-22.0\Workspace-22.0\Projects\Acme-Toolkits\target\classes\WEB-INF\views\any\user-account\messages-en.i18n] with encoding 'utf-8' 
2022-05-31 23:10:06.929 DEBUG [acme.framework.configuration.ExtendedMessageSource@http-nio-8080-exec-8] Loading properties [C:\Users\alber\universidad\dp2\Workspace-22.0\Workspace-22.0\Projects\Acme-Toolkits\target\classes\WEB-INF\views\authenticated\announcement\messsages-en.i18n] with encoding 'utf-8' 
2022-05-31 23:10:06.931 DEBUG [acme.framework.configuration.ExtendedMessageSource@http-nio-8080-exec-8] Loading properties [C:\Users\alber\universidad\dp2\Workspace-22.0\Workspace-22.0\Projects\Acme-Toolkits\target\classes\WEB-INF\views\authenticated\consumer\messsages-en.i18n] with encoding 'utf-8' 
2022-05-31 23:10:06.931 DEBUG [acme.framework.configuration.ExtendedMessageSource@http-nio-8080-exec-8] Loading properties [C:\Users\alber\universidad\dp2\Workspace-22.0\Workspace-22.0\Projects\Acme-Toolkits\target\classes\WEB-INF\views\authenticated\inventor\messsages-en.i18n] with encoding 'utf-8' 
2022-05-31 23:10:06.932 DEBUG [acme.framework.configuration.ExtendedMessageSource@http-nio-8080-exec-8] Loading properties [C:\Users\alber\universidad\dp2\Workspace-22.0\Workspace-22.0\Projects\Acme-Toolkits\target\classes\WEB-INF\views\authenticated\patron\messsages-en.i18n] with encoding 'utf-8' 
2022-05-31 23:10:06.933 DEBUG [acme.framework.configuration.ExtendedMessageSource@http-nio-8080-exec-8] Loading properties [C:\Users\alber\universidad\dp2\Workspace-22.0\Workspace-22.0\Projects\Acme-Toolkits\target\classes\WEB-INF\views\authenticated\provider\messsages-en.i18n] with encoding 'utf-8' 
2022-05-31 23:10:06.934 DEBUG [acme.framework.configuration.ExtendedMessageSource@http-nio-8080-exec-8] Loading properties [C:\Users\alber\universidad\dp2\Workspace-22.0\Workspace-22.0\Projects\Acme-Toolkits\target\classes\WEB-INF\views\authenticated\system-configuration\messages-en.i18n] with encoding 'utf-8' 
2022-05-31 23:10:06.935 DEBUG [acme.framework.configuration.ExtendedMessageSource@http-nio-8080-exec-8] Loading properties [C:\Users\alber\universidad\dp2\Workspace-22.0\Workspace-22.0\Projects\Acme-Toolkits\target\classes\WEB-INF\views\authenticated\user-account\messages-en.i18n] with encoding 'utf-8' 
2022-05-31 23:10:06.938 DEBUG [acme.framework.configuration.ExtendedMessageSource@http-nio-8080-exec-8] Loading properties [C:\Users\alber\universidad\dp2\Workspace-22.0\Workspace-22.0\Projects\Acme-Toolkits\target\classes\WEB-INF\views\fragments\banner-en.i18n] with encoding 'utf-8' 
2022-05-31 23:10:06.939 DEBUG [acme.framework.configuration.ExtendedMessageSource@http-nio-8080-exec-8] Loading properties [C:\Users\alber\universidad\dp2\Workspace-22.0\Workspace-22.0\Projects\Acme-Toolkits\target\classes\WEB-INF\views\fragments\company-en.i18n] with encoding 'utf-8' 
2022-05-31 23:10:06.940 DEBUG [acme.framework.configuration.ExtendedMessageSource@http-nio-8080-exec-8] Loading properties [C:\Users\alber\universidad\dp2\Workspace-22.0\Workspace-22.0\Projects\Acme-Toolkits\target\classes\WEB-INF\views\fragments\footer-en.i18n] with encoding 'utf-8' 
2022-05-31 23:10:06.941 DEBUG [acme.framework.configuration.ExtendedMessageSource@http-nio-8080-exec-8] Loading properties [C:\Users\alber\universidad\dp2\Workspace-22.0\Workspace-22.0\Projects\Acme-Toolkits\target\classes\WEB-INF\views\fragments\license-en.i18n] with encoding 'utf-8' 
2022-05-31 23:10:06.942 DEBUG [acme.framework.configuration.ExtendedMessageSource@http-nio-8080-exec-8] Loading properties [C:\Users\alber\universidad\dp2\Workspace-22.0\Workspace-22.0\Projects\Acme-Toolkits\target\classes\WEB-INF\views\fragments\menu-en.i18n] with encoding 'utf-8' 
2022-05-31 23:10:06.943 DEBUG [acme.framework.configuration.ExtendedMessageSource@http-nio-8080-exec-8] Loading properties [C:\Users\alber\universidad\dp2\Workspace-22.0\Workspace-22.0\Projects\Acme-Toolkits\target\classes\WEB-INF\views\fragments\messages-en.i18n] with encoding 'utf-8' 
2022-05-31 23:10:06.944 DEBUG [acme.framework.configuration.ExtendedMessageSource@http-nio-8080-exec-8] Loading properties [C:\Users\alber\universidad\dp2\Workspace-22.0\Workspace-22.0\Projects\Acme-Toolkits\target\classes\WEB-INF\views\fragments\messsages-en.i18n] with encoding 'utf-8' 
2022-05-31 23:10:06.945 DEBUG [acme.framework.configuration.ExtendedMessageSource@http-nio-8080-exec-8] Loading properties [C:\Users\alber\universidad\dp2\Workspace-22.0\Workspace-22.0\Projects\Acme-Toolkits\target\classes\WEB-INF\views\fragments\title-en.i18n] with encoding 'utf-8' 
2022-05-31 23:10:06.946 DEBUG [acme.framework.configuration.ExtendedMessageSource@http-nio-8080-exec-8] Loading properties [C:\Users\alber\universidad\dp2\Workspace-22.0\Workspace-22.0\Projects\Acme-Toolkits\target\classes\WEB-INF\views\fragments\welcome-en.i18n] with encoding 'utf-8' 
2022-05-31 23:10:06.947 DEBUG [acme.framework.configuration.ExtendedMessageSource@http-nio-8080-exec-8] Loading properties [C:\Users\alber\universidad\dp2\Workspace-22.0\Workspace-22.0\Projects\Acme-Toolkits\target\classes\WEB-INF\views\inventor\chimpum\messages-en.i18n] with encoding 'utf-8' 
2022-05-31 23:10:06.948 DEBUG [acme.framework.configuration.ExtendedMessageSource@http-nio-8080-exec-8] Loading properties [C:\Users\alber\universidad\dp2\Workspace-22.0\Workspace-22.0\Projects\Acme-Toolkits\target\classes\WEB-INF\views\inventor\item\messages-en.i18n] with encoding 'utf-8' 
2022-05-31 23:10:06.949 DEBUG [acme.framework.configuration.ExtendedMessageSource@http-nio-8080-exec-8] Loading properties [C:\Users\alber\universidad\dp2\Workspace-22.0\Workspace-22.0\Projects\Acme-Toolkits\target\classes\WEB-INF\views\inventor\patronage\messages-en.i18n] with encoding 'utf-8' 
2022-05-31 23:10:06.950 DEBUG [acme.framework.configuration.ExtendedMessageSource@http-nio-8080-exec-8] Loading properties [C:\Users\alber\universidad\dp2\Workspace-22.0\Workspace-22.0\Projects\Acme-Toolkits\target\classes\WEB-INF\views\inventor\patronage-report\messages-en.i18n] with encoding 'utf-8' 
2022-05-31 23:10:06.951 DEBUG [acme.framework.configuration.ExtendedMessageSource@http-nio-8080-exec-8] Loading properties [C:\Users\alber\universidad\dp2\Workspace-22.0\Workspace-22.0\Projects\Acme-Toolkits\target\classes\WEB-INF\views\inventor\quantity\messages-en.i18n] with encoding 'utf-8' 
2022-05-31 23:10:06.952 DEBUG [acme.framework.configuration.ExtendedMessageSource@http-nio-8080-exec-8] Loading properties [C:\Users\alber\universidad\dp2\Workspace-22.0\Workspace-22.0\Projects\Acme-Toolkits\target\classes\WEB-INF\views\inventor\toolkit\messages-en.i18n] with encoding 'utf-8' 
2022-05-31 23:10:06.956 DEBUG [acme.framework.configuration.ExtendedMessageSource@http-nio-8080-exec-8] Loading properties [C:\Users\alber\universidad\dp2\Workspace-22.0\Workspace-22.0\Projects\Acme-Toolkits\target\classes\WEB-INF\views\master\defaults-en.i18n] with encoding 'utf-8' 
2022-05-31 23:10:06.957 DEBUG [acme.framework.configuration.ExtendedMessageSource@http-nio-8080-exec-8] Loading properties [C:\Users\alber\universidad\dp2\Workspace-22.0\Workspace-22.0\Projects\Acme-Toolkits\target\classes\WEB-INF\views\master\master-en.i18n] with encoding 'utf-8' 
2022-05-31 23:10:06.958 DEBUG [acme.framework.configuration.ExtendedMessageSource@http-nio-8080-exec-8] Loading properties [C:\Users\alber\universidad\dp2\Workspace-22.0\Workspace-22.0\Projects\Acme-Toolkits\target\classes\WEB-INF\views\master\throwables-en.i18n] with encoding 'utf-8' 
2022-05-31 23:10:06.959 DEBUG [acme.framework.configuration.ExtendedMessageSource@http-nio-8080-exec-8] Loading properties [C:\Users\alber\universidad\dp2\Workspace-22.0\Workspace-22.0\Projects\Acme-Toolkits\target\classes\WEB-INF\views\master\validation-en.i18n] with encoding 'utf-8' 
2022-05-31 23:10:06.960 DEBUG [acme.framework.configuration.ExtendedMessageSource@http-nio-8080-exec-8] Loading properties [C:\Users\alber\universidad\dp2\Workspace-22.0\Workspace-22.0\Projects\Acme-Toolkits\target\classes\WEB-INF\views\patron\patron-dashboard\messages-en.i18n] with encoding 'utf-8' 
2022-05-31 23:10:06.960 DEBUG [acme.framework.configuration.ExtendedMessageSource@http-nio-8080-exec-8] Loading properties [C:\Users\alber\universidad\dp2\Workspace-22.0\Workspace-22.0\Projects\Acme-Toolkits\target\classes\WEB-INF\views\patron\patronage\messages-en.i18n] with encoding 'utf-8' 
2022-05-31 23:10:06.961 DEBUG [acme.framework.configuration.ExtendedMessageSource@http-nio-8080-exec-8] Loading properties [C:\Users\alber\universidad\dp2\Workspace-22.0\Workspace-22.0\Projects\Acme-Toolkits\target\classes\WEB-INF\views\patron\patronage-report\messages-en.i18n] with encoding 'utf-8' 
2022-05-31 23:10:07.128 DEBUG [org.apache.jasper.servlet.JspServlet@http-nio-8080-exec-8] JspEngine --> /WEB-INF/views/fragments/welcome.jsp 
2022-05-31 23:10:07.128 DEBUG [org.apache.jasper.servlet.JspServlet@http-nio-8080-exec-8] ServletPath: /WEB-INF/views/master/page.jsp 
2022-05-31 23:10:07.129 DEBUG [org.apache.jasper.servlet.JspServlet@http-nio-8080-exec-8] PathInfo: null 
2022-05-31 23:10:07.132 DEBUG [org.apache.jasper.servlet.JspServlet@http-nio-8080-exec-8] RealPath: C:\Users\alber\universidad\dp2\Workspace-22.0\Workspace-22.0\Projects\Acme-Toolkits\target\classes\WEB-INF\views\fragments\welcome.jsp 
2022-05-31 23:10:07.132 DEBUG [org.apache.jasper.servlet.JspServlet@http-nio-8080-exec-8] RequestURI: /acme-toolkits-22.1/WEB-INF/views/master/page.jsp 
2022-05-31 23:10:07.133 DEBUG [org.apache.jasper.servlet.JspServlet@http-nio-8080-exec-8] QueryString: null 
2022-05-31 23:10:07.568 DEBUG [org.hibernate.SQL@http-nio-8080-exec-8] select useraccoun0_.id as id1_0_, useraccoun0_.version as version2_0_, useraccoun0_.enabled as enabled1_19_, useraccoun0_.identity as identity2_19_, useraccoun0_.password as password3_19_, useraccoun0_.username as username4_19_ from user_account useraccoun0_ where useraccoun0_.username=? 
2022-05-31 23:10:07.591 TRACE [org.hibernate.type.descriptor.sql.BasicBinder@http-nio-8080-exec-8] binding parameter [1] as [VARCHAR] - [anonymous] 
2022-05-31 23:10:07.678 DEBUG [org.hibernate.SQL@http-nio-8080-exec-8] select roles0_.user_account_id as user_acc1_20_0_, roles0_.id as id1_20_0_, roles0_.id as id1_0_1_, roles0_.version as version2_0_1_, roles0_.user_account_id as user_acc1_20_1_, roles0_.company as company1_8_1_, roles0_.sector as sector2_8_1_, roles0_.company as company1_9_1_, roles0_.info as info2_9_1_, roles0_.statement as statemen3_9_1_, roles0_.company as company1_12_1_, roles0_.info as info2_12_1_, roles0_.statement as statemen3_12_1_, roles0_.company as company1_15_1_, roles0_.sector as sector2_15_1_, roles0_.clazz_ as clazz_1_ from ( select id, version, user_account_id, company, sector, null as info, null as statement, 12 as clazz_ from consumer union all select id, version, user_account_id, company, null as sector, info, statement, 13 as clazz_ from inventor union all select id, version, user_account_id, company, null as sector, info, statement, 14 as clazz_ from patron union all select id, version, user_account_id, company, sector, null as info, null as statement, 15 as clazz_ from provider union all select id, version, user_account_id, null as company, null as sector, null as info, null as statement, 17 as clazz_ from administrator union all select id, version, user_account_id, null as company, null as sector, null as info, null as statement, 18 as clazz_ from anonymous union all select id, version, user_account_id, null as company, null as sector, null as info, null as statement, 19 as clazz_ from any union all select id, version, user_account_id, null as company, null as sector, null as info, null as statement, 20 as clazz_ from authenticated ) roles0_ where roles0_.user_account_id=? 
2022-05-31 23:10:07.678 TRACE [org.hibernate.type.descriptor.sql.BasicBinder@http-nio-8080-exec-8] binding parameter [1] as [INTEGER] - [1] 
2022-05-31 23:10:09.720 DEBUG [acme.framework.components.tiles.DynamicTilesView@http-nio-8080-exec-1] View name 'master/sign-in', model {username=, password=, remember=false} 
2022-05-31 23:10:09.721 DEBUG [org.apache.jasper.servlet.JspServlet@http-nio-8080-exec-1] JspEngine --> /WEB-INF/views/master/page.jsp 
2022-05-31 23:10:09.721 DEBUG [org.apache.jasper.servlet.JspServlet@http-nio-8080-exec-1] ServletPath: /WEB-INF/views/master/page.jsp 
2022-05-31 23:10:09.721 DEBUG [org.apache.jasper.servlet.JspServlet@http-nio-8080-exec-1] PathInfo: null 
2022-05-31 23:10:09.724 DEBUG [org.apache.jasper.servlet.JspServlet@http-nio-8080-exec-1] RealPath: C:\Users\alber\universidad\dp2\Workspace-22.0\Workspace-22.0\Projects\Acme-Toolkits\target\classes\WEB-INF\views\master\page.jsp 
2022-05-31 23:10:09.724 DEBUG [org.apache.jasper.servlet.JspServlet@http-nio-8080-exec-1] RequestURI: /acme-toolkits-22.1/WEB-INF/views/master/page.jsp 
2022-05-31 23:10:09.724 DEBUG [org.apache.jasper.servlet.JspServlet@http-nio-8080-exec-1] QueryString: null 
2022-05-31 23:10:09.858 DEBUG [org.apache.jasper.servlet.JspServlet@http-nio-8080-exec-1] JspEngine --> /WEB-INF/views/master/sign-in.jsp 
2022-05-31 23:10:09.859 DEBUG [org.apache.jasper.servlet.JspServlet@http-nio-8080-exec-1] ServletPath: /WEB-INF/views/master/page.jsp 
2022-05-31 23:10:09.859 DEBUG [org.apache.jasper.servlet.JspServlet@http-nio-8080-exec-1] PathInfo: null 
2022-05-31 23:10:09.860 DEBUG [org.apache.jasper.servlet.JspServlet@http-nio-8080-exec-1] RealPath: C:\Users\alber\universidad\dp2\Workspace-22.0\Workspace-22.0\Projects\Acme-Toolkits\target\classes\WEB-INF\views\master\sign-in.jsp 
2022-05-31 23:10:09.861 DEBUG [org.apache.jasper.servlet.JspServlet@http-nio-8080-exec-1] RequestURI: /acme-toolkits-22.1/WEB-INF/views/master/page.jsp 
2022-05-31 23:10:09.861 DEBUG [org.apache.jasper.servlet.JspServlet@http-nio-8080-exec-1] QueryString: null 
2022-05-31 23:10:12.044 DEBUG [org.hibernate.SQL@http-nio-8080-exec-1] select useraccoun0_.id as id1_0_, useraccoun0_.version as version2_0_, useraccoun0_.enabled as enabled1_19_, useraccoun0_.identity as identity2_19_, useraccoun0_.password as password3_19_, useraccoun0_.username as username4_19_ from user_account useraccoun0_ where useraccoun0_.username=? 
2022-05-31 23:10:12.045 TRACE [org.hibernate.type.descriptor.sql.BasicBinder@http-nio-8080-exec-1] binding parameter [1] as [VARCHAR] - [anonymous] 
2022-05-31 23:10:12.047 DEBUG [org.hibernate.SQL@http-nio-8080-exec-1] select roles0_.user_account_id as user_acc1_20_0_, roles0_.id as id1_20_0_, roles0_.id as id1_0_1_, roles0_.version as version2_0_1_, roles0_.user_account_id as user_acc1_20_1_, roles0_.company as company1_8_1_, roles0_.sector as sector2_8_1_, roles0_.company as company1_9_1_, roles0_.info as info2_9_1_, roles0_.statement as statemen3_9_1_, roles0_.company as company1_12_1_, roles0_.info as info2_12_1_, roles0_.statement as statemen3_12_1_, roles0_.company as company1_15_1_, roles0_.sector as sector2_15_1_, roles0_.clazz_ as clazz_1_ from ( select id, version, user_account_id, company, sector, null as info, null as statement, 12 as clazz_ from consumer union all select id, version, user_account_id, company, null as sector, info, statement, 13 as clazz_ from inventor union all select id, version, user_account_id, company, null as sector, info, statement, 14 as clazz_ from patron union all select id, version, user_account_id, company, sector, null as info, null as statement, 15 as clazz_ from provider union all select id, version, user_account_id, null as company, null as sector, null as info, null as statement, 17 as clazz_ from administrator union all select id, version, user_account_id, null as company, null as sector, null as info, null as statement, 18 as clazz_ from anonymous union all select id, version, user_account_id, null as company, null as sector, null as info, null as statement, 19 as clazz_ from any union all select id, version, user_account_id, null as company, null as sector, null as info, null as statement, 20 as clazz_ from authenticated ) roles0_ where roles0_.user_account_id=? 
2022-05-31 23:10:12.048 TRACE [org.hibernate.type.descriptor.sql.BasicBinder@http-nio-8080-exec-1] binding parameter [1] as [INTEGER] - [1] 
2022-05-31 23:10:14.911 DEBUG [org.hibernate.SQL@http-nio-8080-exec-5] select useraccoun0_.id as id1_0_, useraccoun0_.version as version2_0_, useraccoun0_.enabled as enabled1_19_, useraccoun0_.identity as identity2_19_, useraccoun0_.password as password3_19_, useraccoun0_.username as username4_19_ from user_account useraccoun0_ where useraccoun0_.username=? 
2022-05-31 23:10:14.912 TRACE [org.hibernate.type.descriptor.sql.BasicBinder@http-nio-8080-exec-5] binding parameter [1] as [VARCHAR] - [inventor1] 
2022-05-31 23:10:14.915 DEBUG [org.hibernate.SQL@http-nio-8080-exec-5] select roles0_.user_account_id as user_acc1_20_0_, roles0_.id as id1_20_0_, roles0_.id as id1_0_1_, roles0_.version as version2_0_1_, roles0_.user_account_id as user_acc1_20_1_, roles0_.company as company1_8_1_, roles0_.sector as sector2_8_1_, roles0_.company as company1_9_1_, roles0_.info as info2_9_1_, roles0_.statement as statemen3_9_1_, roles0_.company as company1_12_1_, roles0_.info as info2_12_1_, roles0_.statement as statemen3_12_1_, roles0_.company as company1_15_1_, roles0_.sector as sector2_15_1_, roles0_.clazz_ as clazz_1_ from ( select id, version, user_account_id, company, sector, null as info, null as statement, 12 as clazz_ from consumer union all select id, version, user_account_id, company, null as sector, info, statement, 13 as clazz_ from inventor union all select id, version, user_account_id, company, null as sector, info, statement, 14 as clazz_ from patron union all select id, version, user_account_id, company, sector, null as info, null as statement, 15 as clazz_ from provider union all select id, version, user_account_id, null as company, null as sector, null as info, null as statement, 17 as clazz_ from administrator union all select id, version, user_account_id, null as company, null as sector, null as info, null as statement, 18 as clazz_ from anonymous union all select id, version, user_account_id, null as company, null as sector, null as info, null as statement, 19 as clazz_ from any union all select id, version, user_account_id, null as company, null as sector, null as info, null as statement, 20 as clazz_ from authenticated ) roles0_ where roles0_.user_account_id=? 
2022-05-31 23:10:14.915 TRACE [org.hibernate.type.descriptor.sql.BasicBinder@http-nio-8080-exec-5] binding parameter [1] as [INTEGER] - [7] 
2022-05-31 23:10:14.933 DEBUG [acme.framework.components.tiles.DynamicTilesView@http-nio-8080-exec-9] View name 'fragments/welcome', model {} 
2022-05-31 23:10:14.934 DEBUG [org.apache.jasper.servlet.JspServlet@http-nio-8080-exec-9] JspEngine --> /WEB-INF/views/master/page.jsp 
2022-05-31 23:10:14.934 DEBUG [org.apache.jasper.servlet.JspServlet@http-nio-8080-exec-9] ServletPath: /WEB-INF/views/master/page.jsp 
2022-05-31 23:10:14.935 DEBUG [org.apache.jasper.servlet.JspServlet@http-nio-8080-exec-9] PathInfo: null 
2022-05-31 23:10:14.938 DEBUG [org.apache.jasper.servlet.JspServlet@http-nio-8080-exec-9] RealPath: C:\Users\alber\universidad\dp2\Workspace-22.0\Workspace-22.0\Projects\Acme-Toolkits\target\classes\WEB-INF\views\master\page.jsp 
2022-05-31 23:10:14.938 DEBUG [org.apache.jasper.servlet.JspServlet@http-nio-8080-exec-9] RequestURI: /acme-toolkits-22.1/WEB-INF/views/master/page.jsp 
2022-05-31 23:10:14.939 DEBUG [org.apache.jasper.servlet.JspServlet@http-nio-8080-exec-9] QueryString: null 
2022-05-31 23:10:15.079 DEBUG [org.apache.jasper.servlet.JspServlet@http-nio-8080-exec-9] JspEngine --> /WEB-INF/views/fragments/welcome.jsp 
2022-05-31 23:10:15.080 DEBUG [org.apache.jasper.servlet.JspServlet@http-nio-8080-exec-9] ServletPath: /WEB-INF/views/master/page.jsp 
2022-05-31 23:10:15.080 DEBUG [org.apache.jasper.servlet.JspServlet@http-nio-8080-exec-9] PathInfo: null 
2022-05-31 23:10:15.082 DEBUG [org.apache.jasper.servlet.JspServlet@http-nio-8080-exec-9] RealPath: C:\Users\alber\universidad\dp2\Workspace-22.0\Workspace-22.0\Projects\Acme-Toolkits\target\classes\WEB-INF\views\fragments\welcome.jsp 
2022-05-31 23:10:15.083 DEBUG [org.apache.jasper.servlet.JspServlet@http-nio-8080-exec-9] RequestURI: /acme-toolkits-22.1/WEB-INF/views/master/page.jsp 
2022-05-31 23:10:15.083 DEBUG [org.apache.jasper.servlet.JspServlet@http-nio-8080-exec-9] QueryString: null 
2022-05-31 23:10:17.368 DEBUG [acme.framework.controllers.AbstractController@http-nio-8080-exec-5] DISPATCHING GET /acme-toolkits-22.1/inventor/chimpum/list 
2022-05-31 23:10:17.369 DEBUG [acme.framework.controllers.AbstractController@http-nio-8080-exec-5] Command: list 
2022-05-31 23:10:17.369 DEBUG [acme.framework.controllers.AbstractController@http-nio-8080-exec-5] Model:   {} 
2022-05-31 23:10:17.369 DEBUG [acme.framework.controllers.AbstractController@http-nio-8080-exec-5] Locale:  en 
2022-05-31 23:10:17.369 DEBUG [acme.framework.controllers.AbstractController@http-nio-8080-exec-5] Starting transaction b3e6570f-ce9f-4ae6-afba-c4f3bd57fad8 
2022-05-31 23:10:17.379 DEBUG [org.hibernate.SQL@http-nio-8080-exec-5] select chimpum0_.id as id1_0_, chimpum0_.version as version2_0_, chimpum0_.budget_amount as budget_a1_6_, chimpum0_.budget_currency as budget_c2_6_, chimpum0_.code as code3_6_, chimpum0_.creation_moment as creation4_6_, chimpum0_.description as descript5_6_, chimpum0_.end_date as end_date6_6_, chimpum0_.item_id as item_id10_6_, chimpum0_.link as link7_6_, chimpum0_.start_date as start_da8_6_, chimpum0_.title as title9_6_ from chimpum chimpum0_ cross join item item1_ where chimpum0_.item_id=item1_.id and item1_.inventor_id=? 
2022-05-31 23:10:17.380 TRACE [org.hibernate.type.descriptor.sql.BasicBinder@http-nio-8080-exec-5] binding parameter [1] as [INTEGER] - [10] 
2022-05-31 23:10:17.385 DEBUG [org.hibernate.SQL@http-nio-8080-exec-5] select item0_.id as id1_0_0_, item0_.version as version2_0_0_, item0_.chimpum_id as chimpum10_10_0_, item0_.code as code1_10_0_, item0_.description as descript2_10_0_, item0_.info as info3_10_0_, item0_.inventor_id as invento11_10_0_, item0_.item_type as item_typ4_10_0_, item0_.name as name5_10_0_, item0_.published as publishe6_10_0_, item0_.retail_price_amount as retail_p7_10_0_, item0_.retail_price_currency as retail_p8_10_0_, item0_.technology as technolo9_10_0_, chimpum1_.id as id1_0_1_, chimpum1_.version as version2_0_1_, chimpum1_.budget_amount as budget_a1_6_1_, chimpum1_.budget_currency as budget_c2_6_1_, chimpum1_.code as code3_6_1_, chimpum1_.creation_moment as creation4_6_1_, chimpum1_.description as descript5_6_1_, chimpum1_.end_date as end_date6_6_1_, chimpum1_.item_id as item_id10_6_1_, chimpum1_.link as link7_6_1_, chimpum1_.start_date as start_da8_6_1_, chimpum1_.title as title9_6_1_, item2_.id as id1_0_2_, item2_.version as version2_0_2_, item2_.chimpum_id as chimpum10_10_2_, item2_.code as code1_10_2_, item2_.description as descript2_10_2_, item2_.info as info3_10_2_, item2_.inventor_id as invento11_10_2_, item2_.item_type as item_typ4_10_2_, item2_.name as name5_10_2_, item2_.published as publishe6_10_2_, item2_.retail_price_amount as retail_p7_10_2_, item2_.retail_price_currency as retail_p8_10_2_, item2_.technology as technolo9_10_2_, inventor3_.id as id1_0_3_, inventor3_.version as version2_0_3_, inventor3_.user_account_id as user_acc1_20_3_, inventor3_.company as company1_9_3_, inventor3_.info as info2_9_3_, inventor3_.statement as statemen3_9_3_, useraccoun4_.id as id1_0_4_, useraccoun4_.version as version2_0_4_, useraccoun4_.enabled as enabled1_19_4_, useraccoun4_.identity as identity2_19_4_, useraccoun4_.password as password3_19_4_, useraccoun4_.username as username4_19_4_ from item item0_ left outer join chimpum chimpum1_ on item0_.chimpum_id=chimpum1_.id left outer join item item2_ on chimpum1_.item_id=item2_.id inner join inventor inventor3_ on item0_.inventor_id=inventor3_.id inner join user_account useraccoun4_ on inventor3_.user_account_id=useraccoun4_.id where item0_.id=? 
2022-05-31 23:10:17.386 TRACE [org.hibernate.type.descriptor.sql.BasicBinder@http-nio-8080-exec-5] binding parameter [1] as [INTEGER] - [39] 
2022-05-31 23:10:17.390 DEBUG [org.hibernate.SQL@http-nio-8080-exec-5] select item0_.id as id1_0_0_, item0_.version as version2_0_0_, item0_.chimpum_id as chimpum10_10_0_, item0_.code as code1_10_0_, item0_.description as descript2_10_0_, item0_.info as info3_10_0_, item0_.inventor_id as invento11_10_0_, item0_.item_type as item_typ4_10_0_, item0_.name as name5_10_0_, item0_.published as publishe6_10_0_, item0_.retail_price_amount as retail_p7_10_0_, item0_.retail_price_currency as retail_p8_10_0_, item0_.technology as technolo9_10_0_, chimpum1_.id as id1_0_1_, chimpum1_.version as version2_0_1_, chimpum1_.budget_amount as budget_a1_6_1_, chimpum1_.budget_currency as budget_c2_6_1_, chimpum1_.code as code3_6_1_, chimpum1_.creation_moment as creation4_6_1_, chimpum1_.description as descript5_6_1_, chimpum1_.end_date as end_date6_6_1_, chimpum1_.item_id as item_id10_6_1_, chimpum1_.link as link7_6_1_, chimpum1_.start_date as start_da8_6_1_, chimpum1_.title as title9_6_1_, item2_.id as id1_0_2_, item2_.version as version2_0_2_, item2_.chimpum_id as chimpum10_10_2_, item2_.code as code1_10_2_, item2_.description as descript2_10_2_, item2_.info as info3_10_2_, item2_.inventor_id as invento11_10_2_, item2_.item_type as item_typ4_10_2_, item2_.name as name5_10_2_, item2_.published as publishe6_10_2_, item2_.retail_price_amount as retail_p7_10_2_, item2_.retail_price_currency as retail_p8_10_2_, item2_.technology as technolo9_10_2_, inventor3_.id as id1_0_3_, inventor3_.version as version2_0_3_, inventor3_.user_account_id as user_acc1_20_3_, inventor3_.company as company1_9_3_, inventor3_.info as info2_9_3_, inventor3_.statement as statemen3_9_3_, useraccoun4_.id as id1_0_4_, useraccoun4_.version as version2_0_4_, useraccoun4_.enabled as enabled1_19_4_, useraccoun4_.identity as identity2_19_4_, useraccoun4_.password as password3_19_4_, useraccoun4_.username as username4_19_4_ from item item0_ left outer join chimpum chimpum1_ on item0_.chimpum_id=chimpum1_.id left outer join item item2_ on chimpum1_.item_id=item2_.id inner join inventor inventor3_ on item0_.inventor_id=inventor3_.id inner join user_account useraccoun4_ on inventor3_.user_account_id=useraccoun4_.id where item0_.id=? 
2022-05-31 23:10:17.391 TRACE [org.hibernate.type.descriptor.sql.BasicBinder@http-nio-8080-exec-5] binding parameter [1] as [INTEGER] - [41] 
2022-05-31 23:10:17.418 DEBUG [acme.framework.controllers.AbstractController@http-nio-8080-exec-5] Committing transaction b3e6570f-ce9f-4ae6-afba-c4f3bd57fad8 
2022-05-31 23:10:17.420 DEBUG [acme.framework.controllers.AbstractController@http-nio-8080-exec-5] Starting transaction 2761be08-5df0-4ed7-96b4-4d9464bc102d 
2022-05-31 23:10:17.420 DEBUG [acme.framework.controllers.AbstractController@http-nio-8080-exec-5] Committing transaction 2761be08-5df0-4ed7-96b4-4d9464bc102d 
2022-05-31 23:10:17.421 DEBUG [acme.framework.controllers.AbstractController@http-nio-8080-exec-5] SERVING GET /acme-toolkits-22.1/inventor/chimpum/list 
2022-05-31 23:10:17.422 DEBUG [acme.framework.controllers.AbstractController@http-nio-8080-exec-5] Result: ModelAndView [view="inventor/chimpum/list"; model={budget[0]=<<EUR 100.00>>, budget[1]=<<EUR 100.00>>, title[1]=title2, version[1]=0, code[0]=20-05-05:0000, version[0]=3, title[0]=title2, code[1]=20-05-06:0000, id[1]=306, id[0]=305, list$size=2, command=list, principal=acme.framework.entities.Principal@2dc22858}] 
2022-05-31 23:10:17.426 DEBUG [acme.framework.components.tiles.DynamicTilesView@http-nio-8080-exec-5] View name 'inventor/chimpum/list', model {budget[0]=<<EUR 100.00>>, budget[1]=<<EUR 100.00>>, title[1]=title2, version[1]=0, code[0]=20-05-05:0000, version[0]=3, title[0]=title2, code[1]=20-05-06:0000, id[1]=306, id[0]=305, list$size=2, command=list, principal=acme.framework.entities.Principal@2dc22858, org.springframework.validation.BindingResult.budget[0]=org.springframework.validation.BeanPropertyBindingResult: 0 errors, org.springframework.validation.BindingResult.budget[1]=org.springframework.validation.BeanPropertyBindingResult: 0 errors, org.springframework.validation.BindingResult.principal=org.springframework.validation.BeanPropertyBindingResult: 0 errors} 
2022-05-31 23:10:17.427 DEBUG [org.apache.jasper.servlet.JspServlet@http-nio-8080-exec-5] JspEngine --> /WEB-INF/views/master/page.jsp 
2022-05-31 23:10:17.428 DEBUG [org.apache.jasper.servlet.JspServlet@http-nio-8080-exec-5] ServletPath: /WEB-INF/views/master/page.jsp 
2022-05-31 23:10:17.429 DEBUG [org.apache.jasper.servlet.JspServlet@http-nio-8080-exec-5] PathInfo: null 
2022-05-31 23:10:17.429 DEBUG [org.apache.jasper.servlet.JspServlet@http-nio-8080-exec-5] RealPath: C:\Users\alber\universidad\dp2\Workspace-22.0\Workspace-22.0\Projects\Acme-Toolkits\target\classes\WEB-INF\views\master\page.jsp 
2022-05-31 23:10:17.430 DEBUG [org.apache.jasper.servlet.JspServlet@http-nio-8080-exec-5] RequestURI: /acme-toolkits-22.1/WEB-INF/views/master/page.jsp 
2022-05-31 23:10:17.430 DEBUG [org.apache.jasper.servlet.JspServlet@http-nio-8080-exec-5] QueryString: null 
2022-05-31 23:10:17.539 DEBUG [org.apache.jasper.servlet.JspServlet@http-nio-8080-exec-5] JspEngine --> /WEB-INF/views/inventor/chimpum/list.jsp 
2022-05-31 23:10:17.539 DEBUG [org.apache.jasper.servlet.JspServlet@http-nio-8080-exec-5] ServletPath: /WEB-INF/views/master/page.jsp 
2022-05-31 23:10:17.539 DEBUG [org.apache.jasper.servlet.JspServlet@http-nio-8080-exec-5] PathInfo: null 
2022-05-31 23:10:17.541 DEBUG [org.apache.jasper.servlet.JspServlet@http-nio-8080-exec-5] RealPath: C:\Users\alber\universidad\dp2\Workspace-22.0\Workspace-22.0\Projects\Acme-Toolkits\target\classes\WEB-INF\views\inventor\chimpum\list.jsp 
2022-05-31 23:10:17.542 DEBUG [org.apache.jasper.servlet.JspServlet@http-nio-8080-exec-5] RequestURI: /acme-toolkits-22.1/WEB-INF/views/master/page.jsp 
2022-05-31 23:10:17.542 DEBUG [org.apache.jasper.servlet.JspServlet@http-nio-8080-exec-5] QueryString: null 
2022-05-31 23:10:20.064 DEBUG [acme.framework.controllers.AbstractController@http-nio-8080-exec-2] DISPATCHING GET /acme-toolkits-22.1/inventor/chimpum/show 
2022-05-31 23:10:20.064 DEBUG [acme.framework.controllers.AbstractController@http-nio-8080-exec-2] Command: show 
2022-05-31 23:10:20.064 DEBUG [acme.framework.controllers.AbstractController@http-nio-8080-exec-2] Model:   {id=305} 
2022-05-31 23:10:20.065 DEBUG [acme.framework.controllers.AbstractController@http-nio-8080-exec-2] Locale:  en 
2022-05-31 23:10:20.065 DEBUG [acme.framework.controllers.AbstractController@http-nio-8080-exec-2] Starting transaction f4e81cff-8165-40a9-bcfd-1c4a4f1eff25 
2022-05-31 23:10:20.067 DEBUG [org.hibernate.SQL@http-nio-8080-exec-2] select chimpum0_.id as id1_0_, chimpum0_.version as version2_0_, chimpum0_.budget_amount as budget_a1_6_, chimpum0_.budget_currency as budget_c2_6_, chimpum0_.code as code3_6_, chimpum0_.creation_moment as creation4_6_, chimpum0_.description as descript5_6_, chimpum0_.end_date as end_date6_6_, chimpum0_.item_id as item_id10_6_, chimpum0_.link as link7_6_, chimpum0_.start_date as start_da8_6_, chimpum0_.title as title9_6_ from chimpum chimpum0_ where chimpum0_.id=? 
2022-05-31 23:10:20.067 TRACE [org.hibernate.type.descriptor.sql.BasicBinder@http-nio-8080-exec-2] binding parameter [1] as [INTEGER] - [305] 
2022-05-31 23:10:20.069 DEBUG [org.hibernate.SQL@http-nio-8080-exec-2] select item0_.id as id1_0_0_, item0_.version as version2_0_0_, item0_.chimpum_id as chimpum10_10_0_, item0_.code as code1_10_0_, item0_.description as descript2_10_0_, item0_.info as info3_10_0_, item0_.inventor_id as invento11_10_0_, item0_.item_type as item_typ4_10_0_, item0_.name as name5_10_0_, item0_.published as publishe6_10_0_, item0_.retail_price_amount as retail_p7_10_0_, item0_.retail_price_currency as retail_p8_10_0_, item0_.technology as technolo9_10_0_, chimpum1_.id as id1_0_1_, chimpum1_.version as version2_0_1_, chimpum1_.budget_amount as budget_a1_6_1_, chimpum1_.budget_currency as budget_c2_6_1_, chimpum1_.code as code3_6_1_, chimpum1_.creation_moment as creation4_6_1_, chimpum1_.description as descript5_6_1_, chimpum1_.end_date as end_date6_6_1_, chimpum1_.item_id as item_id10_6_1_, chimpum1_.link as link7_6_1_, chimpum1_.start_date as start_da8_6_1_, chimpum1_.title as title9_6_1_, item2_.id as id1_0_2_, item2_.version as version2_0_2_, item2_.chimpum_id as chimpum10_10_2_, item2_.code as code1_10_2_, item2_.description as descript2_10_2_, item2_.info as info3_10_2_, item2_.inventor_id as invento11_10_2_, item2_.item_type as item_typ4_10_2_, item2_.name as name5_10_2_, item2_.published as publishe6_10_2_, item2_.retail_price_amount as retail_p7_10_2_, item2_.retail_price_currency as retail_p8_10_2_, item2_.technology as technolo9_10_2_, inventor3_.id as id1_0_3_, inventor3_.version as version2_0_3_, inventor3_.user_account_id as user_acc1_20_3_, inventor3_.company as company1_9_3_, inventor3_.info as info2_9_3_, inventor3_.statement as statemen3_9_3_, useraccoun4_.id as id1_0_4_, useraccoun4_.version as version2_0_4_, useraccoun4_.enabled as enabled1_19_4_, useraccoun4_.identity as identity2_19_4_, useraccoun4_.password as password3_19_4_, useraccoun4_.username as username4_19_4_ from item item0_ left outer join chimpum chimpum1_ on item0_.chimpum_id=chimpum1_.id left outer join item item2_ on chimpum1_.item_id=item2_.id inner join inventor inventor3_ on item0_.inventor_id=inventor3_.id inner join user_account useraccoun4_ on inventor3_.user_account_id=useraccoun4_.id where item0_.id=? 
2022-05-31 23:10:20.070 TRACE [org.hibernate.type.descriptor.sql.BasicBinder@http-nio-8080-exec-2] binding parameter [1] as [INTEGER] - [39] 
2022-05-31 23:10:20.079 DEBUG [org.hibernate.SQL@http-nio-8080-exec-2] select item0_.id as id1_0_, item0_.version as version2_0_, item0_.chimpum_id as chimpum10_10_, item0_.code as code1_10_, item0_.description as descript2_10_, item0_.info as info3_10_, item0_.inventor_id as invento11_10_, item0_.item_type as item_typ4_10_, item0_.name as name5_10_, item0_.published as publishe6_10_, item0_.retail_price_amount as retail_p7_10_, item0_.retail_price_currency as retail_p8_10_, item0_.technology as technolo9_10_ from item item0_ where item0_.inventor_id=? 
2022-05-31 23:10:20.079 TRACE [org.hibernate.type.descriptor.sql.BasicBinder@http-nio-8080-exec-2] binding parameter [1] as [INTEGER] - [10] 
2022-05-31 23:10:20.082 DEBUG [org.hibernate.SQL@http-nio-8080-exec-2] select inventor0_.id as id1_0_0_, inventor0_.version as version2_0_0_, inventor0_.user_account_id as user_acc1_20_0_, inventor0_.company as company1_9_0_, inventor0_.info as info2_9_0_, inventor0_.statement as statemen3_9_0_, useraccoun1_.id as id1_0_1_, useraccoun1_.version as version2_0_1_, useraccoun1_.enabled as enabled1_19_1_, useraccoun1_.identity as identity2_19_1_, useraccoun1_.password as password3_19_1_, useraccoun1_.username as username4_19_1_ from inventor inventor0_ inner join user_account useraccoun1_ on inventor0_.user_account_id=useraccoun1_.id where inventor0_.id=? 
2022-05-31 23:10:20.082 TRACE [org.hibernate.type.descriptor.sql.BasicBinder@http-nio-8080-exec-2] binding parameter [1] as [INTEGER] - [10] 
2022-05-31 23:10:20.086 DEBUG [acme.framework.controllers.AbstractController@http-nio-8080-exec-2] Committing transaction f4e81cff-8165-40a9-bcfd-1c4a4f1eff25 
2022-05-31 23:10:20.105 DEBUG [acme.framework.controllers.AbstractController@http-nio-8080-exec-2] Starting transaction 51588a11-af86-4f95-a6fc-fd1c8e9d4f69 
2022-05-31 23:10:20.106 DEBUG [acme.framework.controllers.AbstractController@http-nio-8080-exec-2] Committing transaction 51588a11-af86-4f95-a6fc-fd1c8e9d4f69 
2022-05-31 23:10:20.107 DEBUG [acme.framework.controllers.AbstractController@http-nio-8080-exec-2] SERVING GET /acme-toolkits-22.1/inventor/chimpum/show 
2022-05-31 23:10:20.107 DEBUG [acme.framework.controllers.AbstractController@http-nio-8080-exec-2] Result: ModelAndView [view="inventor/chimpum/form"; model={code=20-05-05:0000, endDate=2022-04-18 10:00:00.0, selectedId=39, creationMoment=2020-05-05 10:00:00.0, link=http://moreinfo.com, description=description1, title=title2, selectedName=mouse, item.name=mouse, version=3, selectedType=TOOL, id=305, items=[acme.entities.item.Item{id=32, version=0}, acme.entities.item.Item{id=33, version=0}, acme.entities.item.Item{id=36, version=0}, acme.entities.item.Item{id=39, version=0}, acme.entities.item.Item{id=40, version=0}, acme.entities.item.Item{id=41, version=0}, acme.entities.item.Item{id=42, version=0}, acme.entities.item.Item{id=44, version=0}, acme.entities.item.Item{id=46, version=0}, acme.entities.item.Item{id=49, version=0}, acme.entities.item.Item{id=51, version=0}, acme.entities.item.Item{id=53, version=0}, acme.entities.item.Item{id=55, version=0}, acme.entities.item.Item{id=56, version=0}], startDate=2022-06-15 10:00:00.0, budget=<<EUR 100.00>>, command=show, principal=acme.framework.entities.Principal@2dc22858}] 
2022-05-31 23:10:20.108 DEBUG [acme.framework.components.tiles.DynamicTilesView@http-nio-8080-exec-2] View name 'inventor/chimpum/form', model {code=20-05-05:0000, endDate=2022-04-18 10:00:00.0, selectedId=39, creationMoment=2020-05-05 10:00:00.0, link=http://moreinfo.com, description=description1, title=title2, selectedName=mouse, item.name=mouse, version=3, selectedType=TOOL, id=305, items=[acme.entities.item.Item{id=32, version=0}, acme.entities.item.Item{id=33, version=0}, acme.entities.item.Item{id=36, version=0}, acme.entities.item.Item{id=39, version=0}, acme.entities.item.Item{id=40, version=0}, acme.entities.item.Item{id=41, version=0}, acme.entities.item.Item{id=42, version=0}, acme.entities.item.Item{id=44, version=0}, acme.entities.item.Item{id=46, version=0}, acme.entities.item.Item{id=49, version=0}, acme.entities.item.Item{id=51, version=0}, acme.entities.item.Item{id=53, version=0}, acme.entities.item.Item{id=55, version=0}, acme.entities.item.Item{id=56, version=0}], startDate=2022-06-15 10:00:00.0, budget=<<EUR 100.00>>, command=show, principal=acme.framework.entities.Principal@2dc22858, org.springframework.validation.BindingResult.budget=org.springframework.validation.BeanPropertyBindingResult: 0 errors, org.springframework.validation.BindingResult.principal=org.springframework.validation.BeanPropertyBindingResult: 0 errors} 
2022-05-31 23:10:20.109 DEBUG [org.apache.jasper.servlet.JspServlet@http-nio-8080-exec-2] JspEngine --> /WEB-INF/views/master/page.jsp 
2022-05-31 23:10:20.111 DEBUG [org.apache.jasper.servlet.JspServlet@http-nio-8080-exec-2] ServletPath: /WEB-INF/views/master/page.jsp 
2022-05-31 23:10:20.111 DEBUG [org.apache.jasper.servlet.JspServlet@http-nio-8080-exec-2] PathInfo: null 
2022-05-31 23:10:20.113 DEBUG [org.apache.jasper.servlet.JspServlet@http-nio-8080-exec-2] RealPath: C:\Users\alber\universidad\dp2\Workspace-22.0\Workspace-22.0\Projects\Acme-Toolkits\target\classes\WEB-INF\views\master\page.jsp 
2022-05-31 23:10:20.113 DEBUG [org.apache.jasper.servlet.JspServlet@http-nio-8080-exec-2] RequestURI: /acme-toolkits-22.1/WEB-INF/views/master/page.jsp 
2022-05-31 23:10:20.114 DEBUG [org.apache.jasper.servlet.JspServlet@http-nio-8080-exec-2] QueryString: id=305 
2022-05-31 23:10:20.272 DEBUG [org.apache.jasper.servlet.JspServlet@http-nio-8080-exec-2] JspEngine --> /WEB-INF/views/inventor/chimpum/form.jsp 
2022-05-31 23:10:20.272 DEBUG [org.apache.jasper.servlet.JspServlet@http-nio-8080-exec-2] ServletPath: /WEB-INF/views/master/page.jsp 
2022-05-31 23:10:20.273 DEBUG [org.apache.jasper.servlet.JspServlet@http-nio-8080-exec-2] PathInfo: null 
2022-05-31 23:10:20.275 DEBUG [org.apache.jasper.servlet.JspServlet@http-nio-8080-exec-2] RealPath: C:\Users\alber\universidad\dp2\Workspace-22.0\Workspace-22.0\Projects\Acme-Toolkits\target\classes\WEB-INF\views\inventor\chimpum\form.jsp 
2022-05-31 23:10:20.278 DEBUG [org.apache.jasper.servlet.JspServlet@http-nio-8080-exec-2] RequestURI: /acme-toolkits-22.1/WEB-INF/views/master/page.jsp 
2022-05-31 23:10:20.279 DEBUG [org.apache.jasper.servlet.JspServlet@http-nio-8080-exec-2] QueryString: id=305 
2022-05-31 23:10:28.181 DEBUG [acme.framework.controllers.AbstractController@http-nio-8080-exec-8] DISPATCHING POST /acme-toolkits-22.1/inventor/chimpum/update/ 
2022-05-31 23:10:28.181 DEBUG [acme.framework.controllers.AbstractController@http-nio-8080-exec-8] Command: update 
2022-05-31 23:10:28.182 DEBUG [acme.framework.controllers.AbstractController@http-nio-8080-exec-8] Model:   {id=305, version=3, _csrf=98d32437-7dbd-45c4-a5ac-a2b621018853, code=20-05-05:0000, title=title2, creationMoment=2020/05/05 10:00, description=description1, startDate=2022/06/15 10:00, endDate=2022/05/18 10:00, budget=EUR 100.00, link=http://moreinfo.com, itemName=39, itemName_proxy=39} 
2022-05-31 23:10:28.182 DEBUG [acme.framework.controllers.AbstractController@http-nio-8080-exec-8] Locale:  en 
2022-05-31 23:10:28.182 DEBUG [acme.framework.controllers.AbstractController@http-nio-8080-exec-8] Starting transaction 937cec6d-a661-4524-8f54-6a5e540463e3 
2022-05-31 23:10:28.185 DEBUG [org.hibernate.SQL@http-nio-8080-exec-8] select chimpum0_.id as id1_0_, chimpum0_.version as version2_0_, chimpum0_.budget_amount as budget_a1_6_, chimpum0_.budget_currency as budget_c2_6_, chimpum0_.code as code3_6_, chimpum0_.creation_moment as creation4_6_, chimpum0_.description as descript5_6_, chimpum0_.end_date as end_date6_6_, chimpum0_.item_id as item_id10_6_, chimpum0_.link as link7_6_, chimpum0_.start_date as start_da8_6_, chimpum0_.title as title9_6_ from chimpum chimpum0_ where chimpum0_.id=? 
2022-05-31 23:10:28.185 TRACE [org.hibernate.type.descriptor.sql.BasicBinder@http-nio-8080-exec-8] binding parameter [1] as [INTEGER] - [305] 
2022-05-31 23:10:28.188 DEBUG [org.hibernate.SQL@http-nio-8080-exec-8] select item0_.id as id1_0_0_, item0_.version as version2_0_0_, item0_.chimpum_id as chimpum10_10_0_, item0_.code as code1_10_0_, item0_.description as descript2_10_0_, item0_.info as info3_10_0_, item0_.inventor_id as invento11_10_0_, item0_.item_type as item_typ4_10_0_, item0_.name as name5_10_0_, item0_.published as publishe6_10_0_, item0_.retail_price_amount as retail_p7_10_0_, item0_.retail_price_currency as retail_p8_10_0_, item0_.technology as technolo9_10_0_, chimpum1_.id as id1_0_1_, chimpum1_.version as version2_0_1_, chimpum1_.budget_amount as budget_a1_6_1_, chimpum1_.budget_currency as budget_c2_6_1_, chimpum1_.code as code3_6_1_, chimpum1_.creation_moment as creation4_6_1_, chimpum1_.description as descript5_6_1_, chimpum1_.end_date as end_date6_6_1_, chimpum1_.item_id as item_id10_6_1_, chimpum1_.link as link7_6_1_, chimpum1_.start_date as start_da8_6_1_, chimpum1_.title as title9_6_1_, item2_.id as id1_0_2_, item2_.version as version2_0_2_, item2_.chimpum_id as chimpum10_10_2_, item2_.code as code1_10_2_, item2_.description as descript2_10_2_, item2_.info as info3_10_2_, item2_.inventor_id as invento11_10_2_, item2_.item_type as item_typ4_10_2_, item2_.name as name5_10_2_, item2_.published as publishe6_10_2_, item2_.retail_price_amount as retail_p7_10_2_, item2_.retail_price_currency as retail_p8_10_2_, item2_.technology as technolo9_10_2_, inventor3_.id as id1_0_3_, inventor3_.version as version2_0_3_, inventor3_.user_account_id as user_acc1_20_3_, inventor3_.company as company1_9_3_, inventor3_.info as info2_9_3_, inventor3_.statement as statemen3_9_3_, useraccoun4_.id as id1_0_4_, useraccoun4_.version as version2_0_4_, useraccoun4_.enabled as enabled1_19_4_, useraccoun4_.identity as identity2_19_4_, useraccoun4_.password as password3_19_4_, useraccoun4_.username as username4_19_4_ from item item0_ left outer join chimpum chimpum1_ on item0_.chimpum_id=chimpum1_.id left outer join item item2_ on chimpum1_.item_id=item2_.id inner join inventor inventor3_ on item0_.inventor_id=inventor3_.id inner join user_account useraccoun4_ on inventor3_.user_account_id=useraccoun4_.id where item0_.id=? 
2022-05-31 23:10:28.189 TRACE [org.hibernate.type.descriptor.sql.BasicBinder@http-nio-8080-exec-8] binding parameter [1] as [INTEGER] - [39] 
2022-05-31 23:10:28.193 DEBUG [org.hibernate.SQL@http-nio-8080-exec-8] select chimpum0_.id as id1_0_, chimpum0_.version as version2_0_, chimpum0_.budget_amount as budget_a1_6_, chimpum0_.budget_currency as budget_c2_6_, chimpum0_.code as code3_6_, chimpum0_.creation_moment as creation4_6_, chimpum0_.description as descript5_6_, chimpum0_.end_date as end_date6_6_, chimpum0_.item_id as item_id10_6_, chimpum0_.link as link7_6_, chimpum0_.start_date as start_da8_6_, chimpum0_.title as title9_6_ from chimpum chimpum0_ where chimpum0_.id=? 
2022-05-31 23:10:28.194 TRACE [org.hibernate.type.descriptor.sql.BasicBinder@http-nio-8080-exec-8] binding parameter [1] as [INTEGER] - [305] 
2022-05-31 23:10:28.196 DEBUG [org.hibernate.SQL@http-nio-8080-exec-8] select item0_.id as id1_0_, item0_.version as version2_0_, item0_.chimpum_id as chimpum10_10_, item0_.code as code1_10_, item0_.description as descript2_10_, item0_.info as info3_10_, item0_.inventor_id as invento11_10_, item0_.item_type as item_typ4_10_, item0_.name as name5_10_, item0_.published as publishe6_10_, item0_.retail_price_amount as retail_p7_10_, item0_.retail_price_currency as retail_p8_10_, item0_.technology as technolo9_10_ from item item0_ where item0_.id=? 
2022-05-31 23:10:28.196 TRACE [org.hibernate.type.descriptor.sql.BasicBinder@http-nio-8080-exec-8] binding parameter [1] as [INTEGER] - [39] 
2022-05-31 23:10:28.197 DEBUG [org.hibernate.SQL@http-nio-8080-exec-8] select inventor0_.id as id1_0_0_, inventor0_.version as version2_0_0_, inventor0_.user_account_id as user_acc1_20_0_, inventor0_.company as company1_9_0_, inventor0_.info as info2_9_0_, inventor0_.statement as statemen3_9_0_, useraccoun1_.id as id1_0_1_, useraccoun1_.version as version2_0_1_, useraccoun1_.enabled as enabled1_19_1_, useraccoun1_.identity as identity2_19_1_, useraccoun1_.password as password3_19_1_, useraccoun1_.username as username4_19_1_ from inventor inventor0_ inner join user_account useraccoun1_ on inventor0_.user_account_id=useraccoun1_.id where inventor0_.id=? 
2022-05-31 23:10:28.197 TRACE [org.hibernate.type.descriptor.sql.BasicBinder@http-nio-8080-exec-8] binding parameter [1] as [INTEGER] - [10] 
2022-05-31 23:10:28.306 DEBUG [org.hibernate.SQL@http-nio-8080-exec-8] select systemconf0_.id as id1_0_, systemconf0_.version as version2_0_, systemconf0_.accepted_currencies as accepted1_17_, systemconf0_.strong_spam_terms_en as strong_s2_17_, systemconf0_.strong_spam_terms_es as strong_s3_17_, systemconf0_.strong_threshold as strong_t4_17_, systemconf0_.system_currency as system_c5_17_, systemconf0_.weak_spam_terms_en as weak_spa6_17_, systemconf0_.weak_spam_terms_es as weak_spa7_17_, systemconf0_.weak_threshold as weak_thr8_17_ from system_configuration systemconf0_ 
2022-05-31 23:10:28.313 DEBUG [org.hibernate.SQL@http-nio-8080-exec-8] select item0_.id as id1_0_, item0_.version as version2_0_, item0_.chimpum_id as chimpum10_10_, item0_.code as code1_10_, item0_.description as descript2_10_, item0_.info as info3_10_, item0_.inventor_id as invento11_10_, item0_.item_type as item_typ4_10_, item0_.name as name5_10_, item0_.published as publishe6_10_, item0_.retail_price_amount as retail_p7_10_, item0_.retail_price_currency as retail_p8_10_, item0_.technology as technolo9_10_ from item item0_ where item0_.inventor_id=? 
2022-05-31 23:10:28.313 TRACE [org.hibernate.type.descriptor.sql.BasicBinder@http-nio-8080-exec-8] binding parameter [1] as [INTEGER] - [10] 
2022-05-31 23:10:28.318 DEBUG [acme.framework.controllers.AbstractController@http-nio-8080-exec-8] Rolling transaction 937cec6d-a661-4524-8f54-6a5e540463e3 back 
2022-05-31 23:10:28.321 DEBUG [acme.framework.controllers.AbstractController@http-nio-8080-exec-8] Starting transaction e31daef7-2282-4ba8-85b9-b200d602522b 
2022-05-31 23:10:28.322 DEBUG [acme.framework.controllers.AbstractController@http-nio-8080-exec-8] Committing transaction e31daef7-2282-4ba8-85b9-b200d602522b 
2022-05-31 23:10:28.322 DEBUG [acme.framework.controllers.AbstractController@http-nio-8080-exec-8] SERVING POST /acme-toolkits-22.1/inventor/chimpum/update/ 
2022-05-31 23:10:28.323 DEBUG [acme.framework.controllers.AbstractController@http-nio-8080-exec-8] Result: ModelAndView [view="inventor/chimpum/form"; model={code=20-05-05:0000, endDate=2022/05/18 10:00, creationMoment=2020-05-05 10:00:00.0, link=http://moreinfo.com, description=description1, id=305, title=title2, items=[acme.entities.item.Item{id=32, version=0}, acme.entities.item.Item{id=33, version=0}, acme.entities.item.Item{id=36, version=0}, acme.entities.item.Item{id=39, version=0}, acme.entities.item.Item{id=40, version=0}, acme.entities.item.Item{id=41, version=0}, acme.entities.item.Item{id=42, version=0}, acme.entities.item.Item{id=44, version=0}, acme.entities.item.Item{id=46, version=0}, acme.entities.item.Item{id=49, version=0}, acme.entities.item.Item{id=51, version=0}, acme.entities.item.Item{id=53, version=0}, acme.entities.item.Item{id=55, version=0}, acme.entities.item.Item{id=56, version=0}], version=3, selected=acme.entities.item.Item{id=39, version=0}, startDate=Wed Jun 15 10:00:00 CEST 2022, budget=<<EUR 100.00>>, endDate$error=inventor.chimpum.form.error.end-date., command=update, principal=acme.framework.entities.Principal@2dc22858}] 
2022-05-31 23:10:28.323 DEBUG [acme.framework.components.tiles.DynamicTilesView@http-nio-8080-exec-8] View name 'inventor/chimpum/form', model {code=20-05-05:0000, endDate=2022/05/18 10:00, creationMoment=2020-05-05 10:00:00.0, link=http://moreinfo.com, description=description1, id=305, title=title2, items=[acme.entities.item.Item{id=32, version=0}, acme.entities.item.Item{id=33, version=0}, acme.entities.item.Item{id=36, version=0}, acme.entities.item.Item{id=39, version=0}, acme.entities.item.Item{id=40, version=0}, acme.entities.item.Item{id=41, version=0}, acme.entities.item.Item{id=42, version=0}, acme.entities.item.Item{id=44, version=0}, acme.entities.item.Item{id=46, version=0}, acme.entities.item.Item{id=49, version=0}, acme.entities.item.Item{id=51, version=0}, acme.entities.item.Item{id=53, version=0}, acme.entities.item.Item{id=55, version=0}, acme.entities.item.Item{id=56, version=0}], version=3, selected=acme.entities.item.Item{id=39, version=0}, startDate=Wed Jun 15 10:00:00 CEST 2022, budget=<<EUR 100.00>>, endDate$error=inventor.chimpum.form.error.end-date., command=update, principal=acme.framework.entities.Principal@2dc22858, org.springframework.validation.BindingResult.selected=org.springframework.validation.BeanPropertyBindingResult: 0 errors, org.springframework.validation.BindingResult.budget=org.springframework.validation.BeanPropertyBindingResult: 0 errors, org.springframework.validation.BindingResult.principal=org.springframework.validation.BeanPropertyBindingResult: 0 errors} 
2022-05-31 23:10:28.324 DEBUG [org.apache.jasper.servlet.JspServlet@http-nio-8080-exec-8] JspEngine --> /WEB-INF/views/master/page.jsp 
2022-05-31 23:10:28.325 DEBUG [org.apache.jasper.servlet.JspServlet@http-nio-8080-exec-8] ServletPath: /WEB-INF/views/master/page.jsp 
2022-05-31 23:10:28.325 DEBUG [org.apache.jasper.servlet.JspServlet@http-nio-8080-exec-8] PathInfo: null 
2022-05-31 23:10:28.328 DEBUG [org.apache.jasper.servlet.JspServlet@http-nio-8080-exec-8] RealPath: C:\Users\alber\universidad\dp2\Workspace-22.0\Workspace-22.0\Projects\Acme-Toolkits\target\classes\WEB-INF\views\master\page.jsp 
2022-05-31 23:10:28.329 DEBUG [org.apache.jasper.servlet.JspServlet@http-nio-8080-exec-8] RequestURI: /acme-toolkits-22.1/WEB-INF/views/master/page.jsp 
2022-05-31 23:10:28.329 DEBUG [org.apache.jasper.servlet.JspServlet@http-nio-8080-exec-8] QueryString: id=305 
2022-05-31 23:10:28.511 DEBUG [org.apache.jasper.servlet.JspServlet@http-nio-8080-exec-8] JspEngine --> /WEB-INF/views/inventor/chimpum/form.jsp 
2022-05-31 23:10:28.512 DEBUG [org.apache.jasper.servlet.JspServlet@http-nio-8080-exec-8] ServletPath: /WEB-INF/views/master/page.jsp 
2022-05-31 23:10:28.512 DEBUG [org.apache.jasper.servlet.JspServlet@http-nio-8080-exec-8] PathInfo: null 
2022-05-31 23:10:28.515 DEBUG [org.apache.jasper.servlet.JspServlet@http-nio-8080-exec-8] RealPath: C:\Users\alber\universidad\dp2\Workspace-22.0\Workspace-22.0\Projects\Acme-Toolkits\target\classes\WEB-INF\views\inventor\chimpum\form.jsp 
2022-05-31 23:10:28.515 DEBUG [org.apache.jasper.servlet.JspServlet@http-nio-8080-exec-8] RequestURI: /acme-toolkits-22.1/WEB-INF/views/master/page.jsp 
2022-05-31 23:10:28.515 DEBUG [org.apache.jasper.servlet.JspServlet@http-nio-8080-exec-8] QueryString: id=305 
2022-05-31 23:10:28.657 ERROR [org.apache.catalina.core.ContainerBase.[Tomcat].[localhost].[/acme-toolkits-22.1].[jsp]@http-nio-8080-exec-8] Servlet.service() for servlet [jsp] threw exception at com.sun.el.lang.ELSupport.coerceToBoolean(ELSupport.java:160): Cannot convert acme.entities.item.Item{id=39, version=0} of type class acme.entities.item.Item to class java.lang.Boolean
2022-05-31 23:10:28.659 ERROR [org.apache.catalina.core.ContainerBase.[Tomcat].[localhost].[/acme-toolkits-22.1].[jsp]@http-nio-8080-exec-8] Servlet.service() for servlet [jsp] threw exception at org.apache.tiles.request.servlet.ServletUtil.wrapServletException(ServletUtil.java:61): JSPException including path '/WEB-INF/views/inventor/chimpum/form.jsp'.\nat org.apache.jsp.WEB_002dINF.views.inventor.chimpum.form_jsp$Helper.invoke(form_jsp.java:973): javax.servlet.jsp.JspException: javax.el.ELException: java.lang.IllegalArgumentException: Cannot convert acme.entities.item.Item{id=39, version=0} of type class acme.entities.item.Item to class java.lang.Boolean\nat org.apache.jsp.tag.web.input_002doption_tag.doTag(input_002doption_tag.java:183): javax.el.ELException: java.lang.IllegalArgumentException: Cannot convert acme.entities.item.Item{id=39, version=0} of type class acme.entities.item.Item to class java.lang.Boolean\nat com.sun.el.ExpressionFactoryImpl.coerceToType(ExpressionFactoryImpl.java:63): java.lang.IllegalArgumentException: Cannot convert acme.entities.item.Item{id=39, version=0} of type class acme.entities.item.Item to class java.lang.Boolean\nat com.sun.el.lang.ELSupport.coerceToBoolean(ELSupport.java:160): Cannot convert acme.entities.item.Item{id=39, version=0} of type class acme.entities.item.Item to class java.lang.Boolean
2022-05-31 23:10:28.663 ERROR [org.apache.catalina.core.ContainerBase.[Tomcat].[localhost].[/acme-toolkits-22.1].[dispatcherServlet]@http-nio-8080-exec-8] Servlet.service() for servlet [dispatcherServlet] in context with path [/acme-toolkits-22.1] threw exception [Request processing failed; nested exception is org.apache.tiles.request.render.CannotRenderException: JSPException including path '/WEB-INF/views/inventor/chimpum/form.jsp'.] with root cause at com.sun.el.lang.ELSupport.coerceToBoolean(ELSupport.java:160): Cannot convert acme.entities.item.Item{id=39, version=0} of type class acme.entities.item.Item to class java.lang.Boolean
2022-05-31 23:10:28.667 DEBUG [acme.framework.components.tiles.DynamicTilesView@http-nio-8080-exec-8] View name 'master/panic', model {oops=org.springframework.web.HttpRequestMethodNotSupportedException: Request method 'POST' not supported} 
2022-05-31 23:10:28.669 DEBUG [org.apache.jasper.servlet.JspServlet@http-nio-8080-exec-8] JspEngine --> /WEB-INF/views/master/page.jsp 
2022-05-31 23:10:28.670 DEBUG [org.apache.jasper.servlet.JspServlet@http-nio-8080-exec-8] ServletPath: /master/panic 
2022-05-31 23:10:28.670 DEBUG [org.apache.jasper.servlet.JspServlet@http-nio-8080-exec-8] PathInfo: null 
2022-05-31 23:10:28.670 DEBUG [org.apache.jasper.servlet.JspServlet@http-nio-8080-exec-8] RealPath: C:\Users\alber\universidad\dp2\Workspace-22.0\Workspace-22.0\Projects\Acme-Toolkits\target\classes\WEB-INF\views\master\page.jsp 
2022-05-31 23:10:28.671 DEBUG [org.apache.jasper.servlet.JspServlet@http-nio-8080-exec-8] RequestURI: /acme-toolkits-22.1/master/panic 
2022-05-31 23:10:28.671 DEBUG [org.apache.jasper.servlet.JspServlet@http-nio-8080-exec-8] QueryString: id=305 
2022-05-31 23:10:28.875 DEBUG [org.apache.jasper.servlet.JspServlet@http-nio-8080-exec-8] JspEngine --> /WEB-INF/views/master/panic.jsp 
2022-05-31 23:10:28.876 DEBUG [org.apache.jasper.servlet.JspServlet@http-nio-8080-exec-8] ServletPath: /master/panic 
2022-05-31 23:10:28.876 DEBUG [org.apache.jasper.servlet.JspServlet@http-nio-8080-exec-8] PathInfo: null 
2022-05-31 23:10:28.877 DEBUG [org.apache.jasper.servlet.JspServlet@http-nio-8080-exec-8] RealPath: C:\Users\alber\universidad\dp2\Workspace-22.0\Workspace-22.0\Projects\Acme-Toolkits\target\classes\WEB-INF\views\master\panic.jsp 
2022-05-31 23:10:28.877 DEBUG [org.apache.jasper.servlet.JspServlet@http-nio-8080-exec-8] RequestURI: /acme-toolkits-22.1/master/panic 
2022-05-31 23:10:28.878 DEBUG [org.apache.jasper.servlet.JspServlet@http-nio-8080-exec-8] QueryString: id=305 
2022-05-31 23:10:29.115 ERROR [org.apache.jsp.WEB_002dINF.views.master.panic_jsp@http-nio-8080-exec-8] HTTP POST /acme-toolkits-22.1/master/panic HTTP/1.1 
2022-05-31 23:10:29.115 ERROR [org.apache.jsp.WEB_002dINF.views.master.panic_jsp@http-nio-8080-exec-8] Status: 500 
2022-05-31 23:10:29.117 ERROR [org.apache.jsp.WEB_002dINF.views.master.panic_jsp@http-nio-8080-exec-8] Exception: org.springframework.web.servlet.mvc.method.RequestMappingInfoHandlerMapping.handleNoMatch(RequestMappingInfoHandlerMapping.java:250): Request method 'POST' not supported 
