2022-06-02 16:24:22.119 INFO  [acme.Launcher@main] Starting Launcher using Java 1.8.0_281 on DESKTOP-S93RFEF with PID 6928 (C:\Users\alber\universidad\dp2\Workspace-22.0\Workspace-22.0\Frameworks\Acme-Framework-22.7\target\classes started by alber in C:\Users\alber\universidad\dp2\Workspace-22.0\Workspace-22.0\Projects\Acme-Toolkits) 
2022-06-02 16:24:22.120 DEBUG [acme.Launcher@main] Running with Spring Boot v2.4.2, Spring v5.3.3 
2022-06-02 16:24:22.121 INFO  [acme.Launcher@main] The following profiles are active: development,default 
2022-06-02 16:24:25.601 DEBUG [org.apache.jasper.servlet.JasperInitializer@main] Initializing Jasper for context [application] 
2022-06-02 16:24:31.552 DEBUG [org.apache.jasper.servlet.JspServlet@main] Scratch dir for the JSP engine is: [C:\Users\alber\AppData\Local\Temp\tomcat.8080.119486089487953256\work\Tomcat\localhost\acme-toolkits-22.1] 
2022-06-02 16:24:31.552 DEBUG [org.apache.jasper.servlet.JspServlet@main] IMPORTANT: Do not modify the generated servlets 
2022-06-02 16:24:31.563 INFO  [acme.Launcher@main] Started Launcher in 10.211 seconds (JVM running for 10.859) 
2022-06-02 16:24:31.571 DEBUG [acme.Launcher@main] Found classpath entry '/C:/Users/alber/universidad/dp2/Workspace-22.0/Workspace-22.0/Projects/Acme-Toolkits/target/test-classes/' 
2022-06-02 16:24:31.571 DEBUG [acme.Launcher@main] Found classpath entry '/C:/Users/alber/universidad/dp2/Workspace-22.0/Workspace-22.0/Projects/Acme-Toolkits/target/classes/' 
2022-06-02 16:24:31.571 DEBUG [acme.Launcher@main] Found classpath entry '/C:/Users/alber/universidad/dp2/Workspace-22.0/Workspace-22.0/Projects/Acme-Toolkits/library/spamDetector.jar' 
2022-06-02 16:24:31.572 DEBUG [acme.Launcher@main] Found classpath entry '/C:/Users/alber/universidad/dp2/Workspace-22.0/Workspace-22.0/Frameworks/Acme-Framework-22.7/target/classes/' 
2022-06-02 16:24:31.572 DEBUG [acme.Launcher@main] Found classpath entry '/C:/Users/alber/universidad/dp2/Workspace-22.0/Workspace-22.0/Frameworks/Acme-Framework-22.7/target/test-classes/' 
2022-06-02 16:24:31.572 DEBUG [acme.Launcher@main] Found classpath entry '/C:/Users/alber/.m2/repository/org/springframework/boot/spring-boot-starter-tomcat/2.4.2/spring-boot-starter-tomcat-2.4.2.jar' 
2022-06-02 16:24:31.572 DEBUG [acme.Launcher@main] Found classpath entry '/C:/Users/alber/.m2/repository/jakarta/annotation/jakarta.annotation-api/1.3.5/jakarta.annotation-api-1.3.5.jar' 
2022-06-02 16:24:31.572 DEBUG [acme.Launcher@main] Found classpath entry '/C:/Users/alber/.m2/repository/org/apache/tomcat/embed/tomcat-embed-core/9.0.41/tomcat-embed-core-9.0.41.jar' 
2022-06-02 16:24:31.572 DEBUG [acme.Launcher@main] Found classpath entry '/C:/Users/alber/.m2/repository/org/glassfish/jakarta.el/3.0.3/jakarta.el-3.0.3.jar' 
2022-06-02 16:24:31.572 DEBUG [acme.Launcher@main] Found classpath entry '/C:/Users/alber/.m2/repository/org/apache/tomcat/embed/tomcat-embed-websocket/9.0.41/tomcat-embed-websocket-9.0.41.jar' 
2022-06-02 16:24:31.572 DEBUG [acme.Launcher@main] Found classpath entry '/C:/Users/alber/.m2/repository/org/apache/tomcat/embed/tomcat-embed-jasper/9.0.41/tomcat-embed-jasper-9.0.41.jar' 
2022-06-02 16:24:31.573 DEBUG [acme.Launcher@main] Found classpath entry '/C:/Users/alber/.m2/repository/org/apache/tomcat/embed/tomcat-embed-el/9.0.41/tomcat-embed-el-9.0.41.jar' 
2022-06-02 16:24:31.573 DEBUG [acme.Launcher@main] Found classpath entry '/C:/Users/alber/.m2/repository/org/eclipse/jdt/ecj/3.18.0/ecj-3.18.0.jar' 
2022-06-02 16:24:31.573 DEBUG [acme.Launcher@main] Found classpath entry '/C:/Users/alber/.m2/repository/javax/servlet/jstl/1.2/jstl-1.2.jar' 
2022-06-02 16:24:31.573 DEBUG [acme.Launcher@main] Found classpath entry '/C:/Users/alber/.m2/repository/org/springframework/boot/spring-boot-starter-security/2.4.2/spring-boot-starter-security-2.4.2.jar' 
2022-06-02 16:24:31.573 DEBUG [acme.Launcher@main] Found classpath entry '/C:/Users/alber/.m2/repository/org/springframework/boot/spring-boot-starter/2.4.2/spring-boot-starter-2.4.2.jar' 
2022-06-02 16:24:31.573 DEBUG [acme.Launcher@main] Found classpath entry '/C:/Users/alber/.m2/repository/org/springframework/boot/spring-boot/2.4.2/spring-boot-2.4.2.jar' 
2022-06-02 16:24:31.573 DEBUG [acme.Launcher@main] Found classpath entry '/C:/Users/alber/.m2/repository/org/springframework/boot/spring-boot-autoconfigure/2.4.2/spring-boot-autoconfigure-2.4.2.jar' 
2022-06-02 16:24:31.574 DEBUG [acme.Launcher@main] Found classpath entry '/C:/Users/alber/.m2/repository/org/springframework/boot/spring-boot-starter-logging/2.4.2/spring-boot-starter-logging-2.4.2.jar' 
2022-06-02 16:24:31.574 DEBUG [acme.Launcher@main] Found classpath entry '/C:/Users/alber/.m2/repository/ch/qos/logback/logback-classic/1.2.3/logback-classic-1.2.3.jar' 
2022-06-02 16:24:31.574 DEBUG [acme.Launcher@main] Found classpath entry '/C:/Users/alber/.m2/repository/ch/qos/logback/logback-core/1.2.3/logback-core-1.2.3.jar' 
2022-06-02 16:24:31.574 DEBUG [acme.Launcher@main] Found classpath entry '/C:/Users/alber/.m2/repository/org/apache/logging/log4j/log4j-to-slf4j/2.13.3/log4j-to-slf4j-2.13.3.jar' 
2022-06-02 16:24:31.574 DEBUG [acme.Launcher@main] Found classpath entry '/C:/Users/alber/.m2/repository/org/apache/logging/log4j/log4j-api/2.13.3/log4j-api-2.13.3.jar' 
2022-06-02 16:24:31.574 DEBUG [acme.Launcher@main] Found classpath entry '/C:/Users/alber/.m2/repository/org/slf4j/jul-to-slf4j/1.7.30/jul-to-slf4j-1.7.30.jar' 
2022-06-02 16:24:31.574 DEBUG [acme.Launcher@main] Found classpath entry '/C:/Users/alber/.m2/repository/org/yaml/snakeyaml/1.27/snakeyaml-1.27.jar' 
2022-06-02 16:24:31.574 DEBUG [acme.Launcher@main] Found classpath entry '/C:/Users/alber/.m2/repository/org/springframework/spring-aop/5.3.3/spring-aop-5.3.3.jar' 
2022-06-02 16:24:31.575 DEBUG [acme.Launcher@main] Found classpath entry '/C:/Users/alber/.m2/repository/org/springframework/security/spring-security-web/5.4.2/spring-security-web-5.4.2.jar' 
2022-06-02 16:24:31.575 DEBUG [acme.Launcher@main] Found classpath entry '/C:/Users/alber/.m2/repository/org/springframework/security/spring-security-core/5.4.2/spring-security-core-5.4.2.jar' 
2022-06-02 16:24:31.575 DEBUG [acme.Launcher@main] Found classpath entry '/C:/Users/alber/.m2/repository/org/springframework/spring-beans/5.3.3/spring-beans-5.3.3.jar' 
2022-06-02 16:24:31.575 DEBUG [acme.Launcher@main] Found classpath entry '/C:/Users/alber/.m2/repository/org/springframework/spring-context/5.3.3/spring-context-5.3.3.jar' 
2022-06-02 16:24:31.575 DEBUG [acme.Launcher@main] Found classpath entry '/C:/Users/alber/.m2/repository/org/springframework/spring-core/5.3.3/spring-core-5.3.3.jar' 
2022-06-02 16:24:31.575 DEBUG [acme.Launcher@main] Found classpath entry '/C:/Users/alber/.m2/repository/org/springframework/spring-jcl/5.3.3/spring-jcl-5.3.3.jar' 
2022-06-02 16:24:31.575 DEBUG [acme.Launcher@main] Found classpath entry '/C:/Users/alber/.m2/repository/org/springframework/spring-expression/5.3.3/spring-expression-5.3.3.jar' 
2022-06-02 16:24:31.575 DEBUG [acme.Launcher@main] Found classpath entry '/C:/Users/alber/.m2/repository/org/springframework/spring-web/5.3.3/spring-web-5.3.3.jar' 
2022-06-02 16:24:31.576 DEBUG [acme.Launcher@main] Found classpath entry '/C:/Users/alber/.m2/repository/org/springframework/security/spring-security-config/5.4.2/spring-security-config-5.4.2.jar' 
2022-06-02 16:24:31.576 DEBUG [acme.Launcher@main] Found classpath entry '/C:/Users/alber/.m2/repository/org/springframework/security/spring-security-taglibs/5.4.2/spring-security-taglibs-5.4.2.jar' 
2022-06-02 16:24:31.576 DEBUG [acme.Launcher@main] Found classpath entry '/C:/Users/alber/.m2/repository/org/springframework/security/spring-security-acl/5.4.2/spring-security-acl-5.4.2.jar' 
2022-06-02 16:24:31.576 DEBUG [acme.Launcher@main] Found classpath entry '/C:/Users/alber/.m2/repository/org/springframework/spring-jdbc/5.3.3/spring-jdbc-5.3.3.jar' 
2022-06-02 16:24:31.576 DEBUG [acme.Launcher@main] Found classpath entry '/C:/Users/alber/.m2/repository/org/springframework/spring-tx/5.3.3/spring-tx-5.3.3.jar' 
2022-06-02 16:24:31.576 DEBUG [acme.Launcher@main] Found classpath entry '/C:/Users/alber/.m2/repository/org/springframework/boot/spring-boot-starter-web/2.4.2/spring-boot-starter-web-2.4.2.jar' 
2022-06-02 16:24:31.576 DEBUG [acme.Launcher@main] Found classpath entry '/C:/Users/alber/.m2/repository/org/springframework/boot/spring-boot-starter-json/2.4.2/spring-boot-starter-json-2.4.2.jar' 
2022-06-02 16:24:31.576 DEBUG [acme.Launcher@main] Found classpath entry '/C:/Users/alber/.m2/repository/com/fasterxml/jackson/core/jackson-databind/2.11.4/jackson-databind-2.11.4.jar' 
2022-06-02 16:24:31.577 DEBUG [acme.Launcher@main] Found classpath entry '/C:/Users/alber/.m2/repository/com/fasterxml/jackson/core/jackson-annotations/2.11.4/jackson-annotations-2.11.4.jar' 
2022-06-02 16:24:31.577 DEBUG [acme.Launcher@main] Found classpath entry '/C:/Users/alber/.m2/repository/com/fasterxml/jackson/core/jackson-core/2.11.4/jackson-core-2.11.4.jar' 
2022-06-02 16:24:31.577 DEBUG [acme.Launcher@main] Found classpath entry '/C:/Users/alber/.m2/repository/com/fasterxml/jackson/datatype/jackson-datatype-jdk8/2.11.4/jackson-datatype-jdk8-2.11.4.jar' 
2022-06-02 16:24:31.577 DEBUG [acme.Launcher@main] Found classpath entry '/C:/Users/alber/.m2/repository/com/fasterxml/jackson/datatype/jackson-datatype-jsr310/2.11.4/jackson-datatype-jsr310-2.11.4.jar' 
2022-06-02 16:24:31.577 DEBUG [acme.Launcher@main] Found classpath entry '/C:/Users/alber/.m2/repository/com/fasterxml/jackson/module/jackson-module-parameter-names/2.11.4/jackson-module-parameter-names-2.11.4.jar' 
2022-06-02 16:24:31.577 DEBUG [acme.Launcher@main] Found classpath entry '/C:/Users/alber/.m2/repository/org/springframework/spring-webmvc/5.3.3/spring-webmvc-5.3.3.jar' 
2022-06-02 16:24:31.577 DEBUG [acme.Launcher@main] Found classpath entry '/C:/Users/alber/.m2/repository/org/apache/tiles/tiles-jsp/3.0.8/tiles-jsp-3.0.8.jar' 
2022-06-02 16:24:31.577 DEBUG [acme.Launcher@main] Found classpath entry '/C:/Users/alber/.m2/repository/org/apache/tiles/tiles-servlet/3.0.8/tiles-servlet-3.0.8.jar' 
2022-06-02 16:24:31.578 DEBUG [acme.Launcher@main] Found classpath entry '/C:/Users/alber/.m2/repository/org/apache/tiles/tiles-core/3.0.8/tiles-core-3.0.8.jar' 
2022-06-02 16:24:31.578 DEBUG [acme.Launcher@main] Found classpath entry '/C:/Users/alber/.m2/repository/commons-digester/commons-digester/2.0/commons-digester-2.0.jar' 
2022-06-02 16:24:31.578 DEBUG [acme.Launcher@main] Found classpath entry '/C:/Users/alber/.m2/repository/org/slf4j/jcl-over-slf4j/1.7.30/jcl-over-slf4j-1.7.30.jar' 
2022-06-02 16:24:31.578 DEBUG [acme.Launcher@main] Found classpath entry '/C:/Users/alber/.m2/repository/org/apache/tiles/tiles-request-servlet/1.0.7/tiles-request-servlet-1.0.7.jar' 
2022-06-02 16:24:31.578 DEBUG [acme.Launcher@main] Found classpath entry '/C:/Users/alber/.m2/repository/org/apache/tiles/tiles-template/3.0.8/tiles-template-3.0.8.jar' 
2022-06-02 16:24:31.578 DEBUG [acme.Launcher@main] Found classpath entry '/C:/Users/alber/.m2/repository/org/apache/tiles/tiles-api/3.0.8/tiles-api-3.0.8.jar' 
2022-06-02 16:24:31.578 DEBUG [acme.Launcher@main] Found classpath entry '/C:/Users/alber/.m2/repository/org/apache/tiles/tiles-autotag-core-runtime/1.2/tiles-autotag-core-runtime-1.2.jar' 
2022-06-02 16:24:31.579 DEBUG [acme.Launcher@main] Found classpath entry '/C:/Users/alber/.m2/repository/org/slf4j/slf4j-api/1.7.30/slf4j-api-1.7.30.jar' 
2022-06-02 16:24:31.579 DEBUG [acme.Launcher@main] Found classpath entry '/C:/Users/alber/.m2/repository/org/apache/tiles/tiles-request-jsp/1.0.7/tiles-request-jsp-1.0.7.jar' 
2022-06-02 16:24:31.579 DEBUG [acme.Launcher@main] Found classpath entry '/C:/Users/alber/.m2/repository/org/apache/tiles/tiles-request-api/1.0.7/tiles-request-api-1.0.7.jar' 
2022-06-02 16:24:31.579 DEBUG [acme.Launcher@main] Found classpath entry '/C:/Users/alber/.m2/repository/org/springframework/boot/spring-boot-starter-data-jpa/2.4.2/spring-boot-starter-data-jpa-2.4.2.jar' 
2022-06-02 16:24:31.579 DEBUG [acme.Launcher@main] Found classpath entry '/C:/Users/alber/.m2/repository/org/springframework/boot/spring-boot-starter-aop/2.4.2/spring-boot-starter-aop-2.4.2.jar' 
2022-06-02 16:24:31.579 DEBUG [acme.Launcher@main] Found classpath entry '/C:/Users/alber/.m2/repository/org/aspectj/aspectjweaver/1.9.6/aspectjweaver-1.9.6.jar' 
2022-06-02 16:24:31.579 DEBUG [acme.Launcher@main] Found classpath entry '/C:/Users/alber/.m2/repository/org/springframework/boot/spring-boot-starter-jdbc/2.4.2/spring-boot-starter-jdbc-2.4.2.jar' 
2022-06-02 16:24:31.579 DEBUG [acme.Launcher@main] Found classpath entry '/C:/Users/alber/.m2/repository/jakarta/transaction/jakarta.transaction-api/1.3.3/jakarta.transaction-api-1.3.3.jar' 
2022-06-02 16:24:31.580 DEBUG [acme.Launcher@main] Found classpath entry '/C:/Users/alber/.m2/repository/jakarta/persistence/jakarta.persistence-api/2.2.3/jakarta.persistence-api-2.2.3.jar' 
2022-06-02 16:24:31.580 DEBUG [acme.Launcher@main] Found classpath entry '/C:/Users/alber/.m2/repository/org/hibernate/hibernate-core/5.4.27.Final/hibernate-core-5.4.27.Final.jar' 
2022-06-02 16:24:31.580 DEBUG [acme.Launcher@main] Found classpath entry '/C:/Users/alber/.m2/repository/org/jboss/logging/jboss-logging/3.4.1.Final/jboss-logging-3.4.1.Final.jar' 
2022-06-02 16:24:31.580 DEBUG [acme.Launcher@main] Found classpath entry '/C:/Users/alber/.m2/repository/org/javassist/javassist/3.27.0-GA/javassist-3.27.0-GA.jar' 
2022-06-02 16:24:31.580 DEBUG [acme.Launcher@main] Found classpath entry '/C:/Users/alber/.m2/repository/antlr/antlr/2.7.7/antlr-2.7.7.jar' 
2022-06-02 16:24:31.580 DEBUG [acme.Launcher@main] Found classpath entry '/C:/Users/alber/.m2/repository/org/jboss/jandex/2.1.3.Final/jandex-2.1.3.Final.jar' 
2022-06-02 16:24:31.581 DEBUG [acme.Launcher@main] Found classpath entry '/C:/Users/alber/.m2/repository/com/fasterxml/classmate/1.5.1/classmate-1.5.1.jar' 
2022-06-02 16:24:31.581 DEBUG [acme.Launcher@main] Found classpath entry '/C:/Users/alber/.m2/repository/org/dom4j/dom4j/2.1.3/dom4j-2.1.3.jar' 
2022-06-02 16:24:31.581 DEBUG [acme.Launcher@main] Found classpath entry '/C:/Users/alber/.m2/repository/org/hibernate/common/hibernate-commons-annotations/5.1.2.Final/hibernate-commons-annotations-5.1.2.Final.jar' 
2022-06-02 16:24:31.581 DEBUG [acme.Launcher@main] Found classpath entry '/C:/Users/alber/.m2/repository/org/glassfish/jaxb/jaxb-runtime/2.3.3/jaxb-runtime-2.3.3.jar' 
2022-06-02 16:24:31.581 DEBUG [acme.Launcher@main] Found classpath entry '/C:/Users/alber/.m2/repository/org/glassfish/jaxb/txw2/2.3.3/txw2-2.3.3.jar' 
2022-06-02 16:24:31.581 DEBUG [acme.Launcher@main] Found classpath entry '/C:/Users/alber/.m2/repository/com/sun/istack/istack-commons-runtime/3.0.11/istack-commons-runtime-3.0.11.jar' 
2022-06-02 16:24:31.581 DEBUG [acme.Launcher@main] Found classpath entry '/C:/Users/alber/.m2/repository/com/sun/activation/jakarta.activation/1.2.2/jakarta.activation-1.2.2.jar' 
2022-06-02 16:24:31.581 DEBUG [acme.Launcher@main] Found classpath entry '/C:/Users/alber/.m2/repository/org/springframework/data/spring-data-jpa/2.4.3/spring-data-jpa-2.4.3.jar' 
2022-06-02 16:24:31.581 DEBUG [acme.Launcher@main] Found classpath entry '/C:/Users/alber/.m2/repository/org/springframework/data/spring-data-commons/2.4.3/spring-data-commons-2.4.3.jar' 
2022-06-02 16:24:31.582 DEBUG [acme.Launcher@main] Found classpath entry '/C:/Users/alber/.m2/repository/org/springframework/spring-orm/5.3.3/spring-orm-5.3.3.jar' 
2022-06-02 16:24:31.582 DEBUG [acme.Launcher@main] Found classpath entry '/C:/Users/alber/.m2/repository/org/springframework/spring-aspects/5.3.3/spring-aspects-5.3.3.jar' 
2022-06-02 16:24:31.582 DEBUG [acme.Launcher@main] Found classpath entry '/C:/Users/alber/.m2/repository/org/springframework/boot/spring-boot-starter-validation/2.4.2/spring-boot-starter-validation-2.4.2.jar' 
2022-06-02 16:24:31.582 DEBUG [acme.Launcher@main] Found classpath entry '/C:/Users/alber/.m2/repository/org/hibernate/validator/hibernate-validator/6.1.7.Final/hibernate-validator-6.1.7.Final.jar' 
2022-06-02 16:24:31.582 DEBUG [acme.Launcher@main] Found classpath entry '/C:/Users/alber/.m2/repository/jakarta/validation/jakarta.validation-api/2.0.2/jakarta.validation-api-2.0.2.jar' 
2022-06-02 16:24:31.582 DEBUG [acme.Launcher@main] Found classpath entry '/C:/Users/alber/.m2/repository/mysql/mysql-connector-java/8.0.22/mysql-connector-java-8.0.22.jar' 
2022-06-02 16:24:31.582 DEBUG [acme.Launcher@main] Found classpath entry '/C:/Users/alber/.m2/repository/com/zaxxer/HikariCP/3.4.5/HikariCP-3.4.5.jar' 
2022-06-02 16:24:31.582 DEBUG [acme.Launcher@main] Found classpath entry '/C:/Users/alber/.m2/repository/org/springframework/boot/spring-boot-starter-test/2.4.2/spring-boot-starter-test-2.4.2.jar' 
2022-06-02 16:24:31.583 DEBUG [acme.Launcher@main] Found classpath entry '/C:/Users/alber/.m2/repository/org/springframework/boot/spring-boot-test/2.4.2/spring-boot-test-2.4.2.jar' 
2022-06-02 16:24:31.583 DEBUG [acme.Launcher@main] Found classpath entry '/C:/Users/alber/.m2/repository/org/springframework/boot/spring-boot-test-autoconfigure/2.4.2/spring-boot-test-autoconfigure-2.4.2.jar' 
2022-06-02 16:24:31.583 DEBUG [acme.Launcher@main] Found classpath entry '/C:/Users/alber/.m2/repository/com/jayway/jsonpath/json-path/2.4.0/json-path-2.4.0.jar' 
2022-06-02 16:24:31.583 DEBUG [acme.Launcher@main] Found classpath entry '/C:/Users/alber/.m2/repository/net/minidev/json-smart/2.3/json-smart-2.3.jar' 
2022-06-02 16:24:31.583 DEBUG [acme.Launcher@main] Found classpath entry '/C:/Users/alber/.m2/repository/net/minidev/accessors-smart/1.2/accessors-smart-1.2.jar' 
2022-06-02 16:24:31.583 DEBUG [acme.Launcher@main] Found classpath entry '/C:/Users/alber/.m2/repository/org/ow2/asm/asm/5.0.4/asm-5.0.4.jar' 
2022-06-02 16:24:31.583 DEBUG [acme.Launcher@main] Found classpath entry '/C:/Users/alber/.m2/repository/jakarta/xml/bind/jakarta.xml.bind-api/2.3.3/jakarta.xml.bind-api-2.3.3.jar' 
2022-06-02 16:24:31.583 DEBUG [acme.Launcher@main] Found classpath entry '/C:/Users/alber/.m2/repository/jakarta/activation/jakarta.activation-api/1.2.2/jakarta.activation-api-1.2.2.jar' 
2022-06-02 16:24:31.584 DEBUG [acme.Launcher@main] Found classpath entry '/C:/Users/alber/.m2/repository/org/assertj/assertj-core/3.18.1/assertj-core-3.18.1.jar' 
2022-06-02 16:24:31.584 DEBUG [acme.Launcher@main] Found classpath entry '/C:/Users/alber/.m2/repository/org/hamcrest/hamcrest/2.2/hamcrest-2.2.jar' 
2022-06-02 16:24:31.584 DEBUG [acme.Launcher@main] Found classpath entry '/C:/Users/alber/.m2/repository/org/junit/jupiter/junit-jupiter/5.7.0/junit-jupiter-5.7.0.jar' 
2022-06-02 16:24:31.584 DEBUG [acme.Launcher@main] Found classpath entry '/C:/Users/alber/.m2/repository/org/mockito/mockito-core/3.6.28/mockito-core-3.6.28.jar' 
2022-06-02 16:24:31.584 DEBUG [acme.Launcher@main] Found classpath entry '/C:/Users/alber/.m2/repository/net/bytebuddy/byte-buddy-agent/1.10.19/byte-buddy-agent-1.10.19.jar' 
2022-06-02 16:24:31.584 DEBUG [acme.Launcher@main] Found classpath entry '/C:/Users/alber/.m2/repository/org/objenesis/objenesis/3.1/objenesis-3.1.jar' 
2022-06-02 16:24:31.584 DEBUG [acme.Launcher@main] Found classpath entry '/C:/Users/alber/.m2/repository/org/mockito/mockito-junit-jupiter/3.6.28/mockito-junit-jupiter-3.6.28.jar' 
2022-06-02 16:24:31.584 DEBUG [acme.Launcher@main] Found classpath entry '/C:/Users/alber/.m2/repository/org/skyscreamer/jsonassert/1.5.0/jsonassert-1.5.0.jar' 
2022-06-02 16:24:31.584 DEBUG [acme.Launcher@main] Found classpath entry '/C:/Users/alber/.m2/repository/com/vaadin/external/google/android-json/0.0.20131108.vaadin1/android-json-0.0.20131108.vaadin1.jar' 
2022-06-02 16:24:31.585 DEBUG [acme.Launcher@main] Found classpath entry '/C:/Users/alber/.m2/repository/org/springframework/spring-test/5.3.3/spring-test-5.3.3.jar' 
2022-06-02 16:24:31.585 DEBUG [acme.Launcher@main] Found classpath entry '/C:/Users/alber/.m2/repository/org/xmlunit/xmlunit-core/2.7.0/xmlunit-core-2.7.0.jar' 
2022-06-02 16:24:31.585 DEBUG [acme.Launcher@main] Found classpath entry '/C:/Users/alber/.m2/repository/org/junit/jupiter/junit-jupiter-engine/5.7.0/junit-jupiter-engine-5.7.0.jar' 
2022-06-02 16:24:31.585 DEBUG [acme.Launcher@main] Found classpath entry '/C:/Users/alber/.m2/repository/org/apiguardian/apiguardian-api/1.1.0/apiguardian-api-1.1.0.jar' 
2022-06-02 16:24:31.585 DEBUG [acme.Launcher@main] Found classpath entry '/C:/Users/alber/.m2/repository/org/junit/platform/junit-platform-engine/1.7.0/junit-platform-engine-1.7.0.jar' 
2022-06-02 16:24:31.585 DEBUG [acme.Launcher@main] Found classpath entry '/C:/Users/alber/.m2/repository/org/junit/jupiter/junit-jupiter-api/5.7.0/junit-jupiter-api-5.7.0.jar' 
2022-06-02 16:24:31.585 DEBUG [acme.Launcher@main] Found classpath entry '/C:/Users/alber/.m2/repository/org/opentest4j/opentest4j/1.2.0/opentest4j-1.2.0.jar' 
2022-06-02 16:24:31.585 DEBUG [acme.Launcher@main] Found classpath entry '/C:/Users/alber/.m2/repository/org/junit/platform/junit-platform-commons/1.7.0/junit-platform-commons-1.7.0.jar' 
2022-06-02 16:24:31.586 DEBUG [acme.Launcher@main] Found classpath entry '/C:/Users/alber/.m2/repository/org/junit/jupiter/junit-jupiter-params/5.7.0/junit-jupiter-params-5.7.0.jar' 
2022-06-02 16:24:31.586 DEBUG [acme.Launcher@main] Found classpath entry '/C:/Users/alber/.m2/repository/org/junit/platform/junit-platform-launcher/1.7.0/junit-platform-launcher-1.7.0.jar' 
2022-06-02 16:24:31.586 DEBUG [acme.Launcher@main] Found classpath entry '/C:/Users/alber/.m2/repository/org/seleniumhq/selenium/selenium-java/3.141.59/selenium-java-3.141.59.jar' 
2022-06-02 16:24:31.586 DEBUG [acme.Launcher@main] Found classpath entry '/C:/Users/alber/.m2/repository/org/seleniumhq/selenium/selenium-api/3.141.59/selenium-api-3.141.59.jar' 
2022-06-02 16:24:31.586 DEBUG [acme.Launcher@main] Found classpath entry '/C:/Users/alber/.m2/repository/org/seleniumhq/selenium/selenium-chrome-driver/3.141.59/selenium-chrome-driver-3.141.59.jar' 
2022-06-02 16:24:31.586 DEBUG [acme.Launcher@main] Found classpath entry '/C:/Users/alber/.m2/repository/org/seleniumhq/selenium/selenium-edge-driver/3.141.59/selenium-edge-driver-3.141.59.jar' 
2022-06-02 16:24:31.586 DEBUG [acme.Launcher@main] Found classpath entry '/C:/Users/alber/.m2/repository/org/seleniumhq/selenium/selenium-firefox-driver/3.141.59/selenium-firefox-driver-3.141.59.jar' 
2022-06-02 16:24:31.586 DEBUG [acme.Launcher@main] Found classpath entry '/C:/Users/alber/.m2/repository/org/seleniumhq/selenium/selenium-ie-driver/3.141.59/selenium-ie-driver-3.141.59.jar' 
2022-06-02 16:24:31.587 DEBUG [acme.Launcher@main] Found classpath entry '/C:/Users/alber/.m2/repository/org/seleniumhq/selenium/selenium-opera-driver/3.141.59/selenium-opera-driver-3.141.59.jar' 
2022-06-02 16:24:31.587 DEBUG [acme.Launcher@main] Found classpath entry '/C:/Users/alber/.m2/repository/org/seleniumhq/selenium/selenium-remote-driver/3.141.59/selenium-remote-driver-3.141.59.jar' 
2022-06-02 16:24:31.587 DEBUG [acme.Launcher@main] Found classpath entry '/C:/Users/alber/.m2/repository/org/seleniumhq/selenium/selenium-safari-driver/3.141.59/selenium-safari-driver-3.141.59.jar' 
2022-06-02 16:24:31.587 DEBUG [acme.Launcher@main] Found classpath entry '/C:/Users/alber/.m2/repository/org/seleniumhq/selenium/selenium-support/3.141.59/selenium-support-3.141.59.jar' 
2022-06-02 16:24:31.587 DEBUG [acme.Launcher@main] Found classpath entry '/C:/Users/alber/.m2/repository/net/bytebuddy/byte-buddy/1.10.19/byte-buddy-1.10.19.jar' 
2022-06-02 16:24:31.587 DEBUG [acme.Launcher@main] Found classpath entry '/C:/Users/alber/.m2/repository/org/apache/commons/commons-exec/1.3/commons-exec-1.3.jar' 
2022-06-02 16:24:31.587 DEBUG [acme.Launcher@main] Found classpath entry '/C:/Users/alber/.m2/repository/com/google/guava/guava/25.0-jre/guava-25.0-jre.jar' 
2022-06-02 16:24:31.587 DEBUG [acme.Launcher@main] Found classpath entry '/C:/Users/alber/.m2/repository/com/google/code/findbugs/jsr305/1.3.9/jsr305-1.3.9.jar' 
2022-06-02 16:24:31.587 DEBUG [acme.Launcher@main] Found classpath entry '/C:/Users/alber/.m2/repository/org/checkerframework/checker-compat-qual/2.0.0/checker-compat-qual-2.0.0.jar' 
2022-06-02 16:24:31.588 DEBUG [acme.Launcher@main] Found classpath entry '/C:/Users/alber/.m2/repository/com/google/errorprone/error_prone_annotations/2.1.3/error_prone_annotations-2.1.3.jar' 
2022-06-02 16:24:31.588 DEBUG [acme.Launcher@main] Found classpath entry '/C:/Users/alber/.m2/repository/com/google/j2objc/j2objc-annotations/1.1/j2objc-annotations-1.1.jar' 
2022-06-02 16:24:31.588 DEBUG [acme.Launcher@main] Found classpath entry '/C:/Users/alber/.m2/repository/org/codehaus/mojo/animal-sniffer-annotations/1.14/animal-sniffer-annotations-1.14.jar' 
2022-06-02 16:24:31.588 DEBUG [acme.Launcher@main] Found classpath entry '/C:/Users/alber/.m2/repository/com/squareup/okhttp3/okhttp/3.14.9/okhttp-3.14.9.jar' 
2022-06-02 16:24:31.588 DEBUG [acme.Launcher@main] Found classpath entry '/C:/Users/alber/.m2/repository/com/squareup/okio/okio/1.14.0/okio-1.14.0.jar' 
2022-06-02 16:24:31.588 DEBUG [acme.Launcher@main] Found classpath entry '/C:/Users/alber/.m2/repository/org/apache/commons/commons-lang3/3.11/commons-lang3-3.11.jar' 
2022-06-02 16:24:31.588 DEBUG [acme.Launcher@main] Found classpath entry '/C:/Users/alber/.m2/repository/org/apache/commons/commons-text/1.8/commons-text-1.8.jar' 
2022-06-02 16:24:31.588 DEBUG [acme.Launcher@main] Found classpath entry '/C:/Users/alber/.m2/repository/commons-io/commons-io/2.6/commons-io-2.6.jar' 
2022-06-02 16:24:31.588 DEBUG [acme.Launcher@main] Found classpath entry '/C:/Users/alber/.m2/repository/commons-cli/commons-cli/1.4/commons-cli-1.4.jar' 
2022-06-02 16:24:31.589 DEBUG [acme.Launcher@main] Found classpath entry '/C:/Users/alber/.m2/repository/org/projectlombok/lombok/1.18.16/lombok-1.18.16.jar' 
2022-06-02 16:24:31.589 DEBUG [acme.Launcher@main] Found classpath entry '/C:/Users/alber/.m2/repository/com/opencsv/opencsv/5.4/opencsv-5.4.jar' 
2022-06-02 16:24:31.589 DEBUG [acme.Launcher@main] Found classpath entry '/C:/Users/alber/.m2/repository/commons-beanutils/commons-beanutils/1.9.4/commons-beanutils-1.9.4.jar' 
2022-06-02 16:24:31.589 DEBUG [acme.Launcher@main] Found classpath entry '/C:/Users/alber/.m2/repository/commons-logging/commons-logging/1.2/commons-logging-1.2.jar' 
2022-06-02 16:24:31.589 DEBUG [acme.Launcher@main] Found classpath entry '/C:/Users/alber/.m2/repository/commons-collections/commons-collections/3.2.2/commons-collections-3.2.2.jar' 
2022-06-02 16:24:31.589 DEBUG [acme.Launcher@main] Found classpath entry '/C:/Users/alber/.m2/repository/org/apache/commons/commons-collections4/4.4/commons-collections4-4.4.jar' 
2022-06-02 16:24:31.902 DEBUG [acme.Launcher@main] Found entity class 'acme.entities.announcement.Announcement 
2022-06-02 16:24:31.903 DEBUG [acme.Launcher@main] Found entity class 'acme.entities.chimpum.Chimpum 
2022-06-02 16:24:31.903 DEBUG [acme.Launcher@main] Found entity class 'acme.entities.chirp.Chirp 
2022-06-02 16:24:31.903 DEBUG [acme.Launcher@main] Found entity class 'acme.entities.item.Item 
2022-06-02 16:24:31.903 DEBUG [acme.Launcher@main] Found entity class 'acme.entities.moneyExchange.MoneyExchange 
2022-06-02 16:24:31.903 DEBUG [acme.Launcher@main] Found entity class 'acme.entities.patronage.Patronage 
2022-06-02 16:24:31.903 DEBUG [acme.Launcher@main] Found entity class 'acme.entities.patronageReport.PatronageReport 
2022-06-02 16:24:31.903 DEBUG [acme.Launcher@main] Found entity class 'acme.entities.quantity.Quantity 
2022-06-02 16:24:31.904 DEBUG [acme.Launcher@main] Found entity class 'acme.entities.systemConfiguration.SystemConfiguration 
2022-06-02 16:24:31.904 DEBUG [acme.Launcher@main] Found entity class 'acme.entities.toolkit.Toolkit 
2022-06-02 16:24:31.904 DEBUG [acme.Launcher@main] Found entity class 'acme.roles.Consumer 
2022-06-02 16:24:31.904 DEBUG [acme.Launcher@main] Found entity class 'acme.roles.Inventor 
2022-06-02 16:24:31.904 DEBUG [acme.Launcher@main] Found entity class 'acme.roles.Patron 
2022-06-02 16:24:31.904 DEBUG [acme.Launcher@main] Found entity class 'acme.roles.Provider 
2022-06-02 16:24:31.904 DEBUG [acme.Launcher@main] Found entity class 'acme.framework.entities.UserAccount 
2022-06-02 16:24:31.904 DEBUG [acme.Launcher@main] Found entity class 'acme.framework.roles.Administrator 
2022-06-02 16:24:31.904 DEBUG [acme.Launcher@main] Found entity class 'acme.framework.roles.Anonymous 
2022-06-02 16:24:31.905 DEBUG [acme.Launcher@main] Found entity class 'acme.framework.roles.Any 
2022-06-02 16:24:31.905 DEBUG [acme.Launcher@main] Found entity class 'acme.framework.roles.Authenticated 
2022-06-02 16:24:31.910 INFO  [acme.Launcher@main] Running application (Standalone) 
2022-06-02 16:24:35.203 DEBUG [acme.framework.components.tiles.DynamicTilesView@http-nio-8080-exec-2] View name 'fragments/welcome', model {} 
2022-06-02 16:24:35.222 DEBUG [org.apache.tiles.definition.dao.BaseLocaleUrlDefinitionDAO@http-nio-8080-exec-2] File Resource file:/C:/Users/alber/universidad/dp2/Workspace-22.0/Workspace-22.0/Projects/Acme-Toolkits/target/classes/WEB-INF/views/master/tiles_en.xml at file:/C:/Users/alber/universidad/dp2/Workspace-22.0/Workspace-22.0/Projects/Acme-Toolkits/target/classes/WEB-INF/views/master/tiles_en.xml not found, continue 
2022-06-02 16:24:35.229 DEBUG [org.apache.jasper.servlet.JspServlet@http-nio-8080-exec-2] JspEngine --> /WEB-INF/views/master/page.jsp 
2022-06-02 16:24:35.230 DEBUG [org.apache.jasper.servlet.JspServlet@http-nio-8080-exec-2] ServletPath: /WEB-INF/views/master/page.jsp 
2022-06-02 16:24:35.230 DEBUG [org.apache.jasper.servlet.JspServlet@http-nio-8080-exec-2] PathInfo: null 
2022-06-02 16:24:35.235 DEBUG [org.apache.jasper.servlet.JspServlet@http-nio-8080-exec-2] RealPath: C:\Users\alber\universidad\dp2\Workspace-22.0\Workspace-22.0\Projects\Acme-Toolkits\target\classes\WEB-INF\views\master\page.jsp 
2022-06-02 16:24:35.235 DEBUG [org.apache.jasper.servlet.JspServlet@http-nio-8080-exec-2] RequestURI: /acme-toolkits-22.1/WEB-INF/views/master/page.jsp 
2022-06-02 16:24:35.236 DEBUG [org.apache.jasper.servlet.JspServlet@http-nio-8080-exec-2] QueryString: null 
2022-06-02 16:24:40.783 DEBUG [acme.framework.configuration.ExtendedMessageSource@http-nio-8080-exec-2] Loading properties [C:\Users\alber\universidad\dp2\Workspace-22.0\Workspace-22.0\Projects\Acme-Toolkits\target\classes\WEB-INF\views\administrator\administrator-dashboard\messages-en.i18n] with encoding 'utf-8' 
2022-06-02 16:24:40.786 DEBUG [acme.framework.configuration.ExtendedMessageSource@http-nio-8080-exec-2] Loading properties [C:\Users\alber\universidad\dp2\Workspace-22.0\Workspace-22.0\Projects\Acme-Toolkits\target\classes\WEB-INF\views\administrator\announcement\messages-en.i18n] with encoding 'utf-8' 
2022-06-02 16:24:40.788 DEBUG [acme.framework.configuration.ExtendedMessageSource@http-nio-8080-exec-2] Loading properties [C:\Users\alber\universidad\dp2\Workspace-22.0\Workspace-22.0\Projects\Acme-Toolkits\target\classes\WEB-INF\views\administrator\system-configuration\messages-en.i18n] with encoding 'utf-8' 
2022-06-02 16:24:40.789 DEBUG [acme.framework.configuration.ExtendedMessageSource@http-nio-8080-exec-2] Loading properties [C:\Users\alber\universidad\dp2\Workspace-22.0\Workspace-22.0\Projects\Acme-Toolkits\target\classes\WEB-INF\views\administrator\user-account\messages-en.i18n] with encoding 'utf-8' 
2022-06-02 16:24:40.791 DEBUG [acme.framework.configuration.ExtendedMessageSource@http-nio-8080-exec-2] Loading properties [C:\Users\alber\universidad\dp2\Workspace-22.0\Workspace-22.0\Projects\Acme-Toolkits\target\classes\WEB-INF\views\anonymous\user-account\messages-en.i18n] with encoding 'utf-8' 
2022-06-02 16:24:40.792 DEBUG [acme.framework.configuration.ExtendedMessageSource@http-nio-8080-exec-2] Loading properties [C:\Users\alber\universidad\dp2\Workspace-22.0\Workspace-22.0\Projects\Acme-Toolkits\target\classes\WEB-INF\views\any\chirp\messages-en.i18n] with encoding 'utf-8' 
2022-06-02 16:24:40.794 DEBUG [acme.framework.configuration.ExtendedMessageSource@http-nio-8080-exec-2] Loading properties [C:\Users\alber\universidad\dp2\Workspace-22.0\Workspace-22.0\Projects\Acme-Toolkits\target\classes\WEB-INF\views\any\item\messages-en.i18n] with encoding 'utf-8' 
2022-06-02 16:24:40.798 DEBUG [acme.framework.configuration.ExtendedMessageSource@http-nio-8080-exec-2] Loading properties [C:\Users\alber\universidad\dp2\Workspace-22.0\Workspace-22.0\Projects\Acme-Toolkits\target\classes\WEB-INF\views\any\toolkit\messages-en.i18n] with encoding 'utf-8' 
2022-06-02 16:24:40.799 DEBUG [acme.framework.configuration.ExtendedMessageSource@http-nio-8080-exec-2] Loading properties [C:\Users\alber\universidad\dp2\Workspace-22.0\Workspace-22.0\Projects\Acme-Toolkits\target\classes\WEB-INF\views\any\user-account\messages-en.i18n] with encoding 'utf-8' 
2022-06-02 16:24:40.800 DEBUG [acme.framework.configuration.ExtendedMessageSource@http-nio-8080-exec-2] Loading properties [C:\Users\alber\universidad\dp2\Workspace-22.0\Workspace-22.0\Projects\Acme-Toolkits\target\classes\WEB-INF\views\authenticated\announcement\messsages-en.i18n] with encoding 'utf-8' 
2022-06-02 16:24:40.802 DEBUG [acme.framework.configuration.ExtendedMessageSource@http-nio-8080-exec-2] Loading properties [C:\Users\alber\universidad\dp2\Workspace-22.0\Workspace-22.0\Projects\Acme-Toolkits\target\classes\WEB-INF\views\authenticated\consumer\messsages-en.i18n] with encoding 'utf-8' 
2022-06-02 16:24:40.803 DEBUG [acme.framework.configuration.ExtendedMessageSource@http-nio-8080-exec-2] Loading properties [C:\Users\alber\universidad\dp2\Workspace-22.0\Workspace-22.0\Projects\Acme-Toolkits\target\classes\WEB-INF\views\authenticated\inventor\messsages-en.i18n] with encoding 'utf-8' 
2022-06-02 16:24:40.805 DEBUG [acme.framework.configuration.ExtendedMessageSource@http-nio-8080-exec-2] Loading properties [C:\Users\alber\universidad\dp2\Workspace-22.0\Workspace-22.0\Projects\Acme-Toolkits\target\classes\WEB-INF\views\authenticated\patron\messsages-en.i18n] with encoding 'utf-8' 
2022-06-02 16:24:40.806 DEBUG [acme.framework.configuration.ExtendedMessageSource@http-nio-8080-exec-2] Loading properties [C:\Users\alber\universidad\dp2\Workspace-22.0\Workspace-22.0\Projects\Acme-Toolkits\target\classes\WEB-INF\views\authenticated\provider\messsages-en.i18n] with encoding 'utf-8' 
2022-06-02 16:24:40.807 DEBUG [acme.framework.configuration.ExtendedMessageSource@http-nio-8080-exec-2] Loading properties [C:\Users\alber\universidad\dp2\Workspace-22.0\Workspace-22.0\Projects\Acme-Toolkits\target\classes\WEB-INF\views\authenticated\system-configuration\messages-en.i18n] with encoding 'utf-8' 
2022-06-02 16:24:40.809 DEBUG [acme.framework.configuration.ExtendedMessageSource@http-nio-8080-exec-2] Loading properties [C:\Users\alber\universidad\dp2\Workspace-22.0\Workspace-22.0\Projects\Acme-Toolkits\target\classes\WEB-INF\views\authenticated\user-account\messages-en.i18n] with encoding 'utf-8' 
2022-06-02 16:24:40.810 DEBUG [acme.framework.configuration.ExtendedMessageSource@http-nio-8080-exec-2] Loading properties [C:\Users\alber\universidad\dp2\Workspace-22.0\Workspace-22.0\Projects\Acme-Toolkits\target\classes\WEB-INF\views\fragments\banner-en.i18n] with encoding 'utf-8' 
2022-06-02 16:24:40.812 DEBUG [acme.framework.configuration.ExtendedMessageSource@http-nio-8080-exec-2] Loading properties [C:\Users\alber\universidad\dp2\Workspace-22.0\Workspace-22.0\Projects\Acme-Toolkits\target\classes\WEB-INF\views\fragments\company-en.i18n] with encoding 'utf-8' 
2022-06-02 16:24:40.814 DEBUG [acme.framework.configuration.ExtendedMessageSource@http-nio-8080-exec-2] Loading properties [C:\Users\alber\universidad\dp2\Workspace-22.0\Workspace-22.0\Projects\Acme-Toolkits\target\classes\WEB-INF\views\fragments\footer-en.i18n] with encoding 'utf-8' 
2022-06-02 16:24:40.816 DEBUG [acme.framework.configuration.ExtendedMessageSource@http-nio-8080-exec-2] Loading properties [C:\Users\alber\universidad\dp2\Workspace-22.0\Workspace-22.0\Projects\Acme-Toolkits\target\classes\WEB-INF\views\fragments\license-en.i18n] with encoding 'utf-8' 
2022-06-02 16:24:40.817 DEBUG [acme.framework.configuration.ExtendedMessageSource@http-nio-8080-exec-2] Loading properties [C:\Users\alber\universidad\dp2\Workspace-22.0\Workspace-22.0\Projects\Acme-Toolkits\target\classes\WEB-INF\views\fragments\menu-en.i18n] with encoding 'utf-8' 
2022-06-02 16:24:40.824 DEBUG [acme.framework.configuration.ExtendedMessageSource@http-nio-8080-exec-2] Loading properties [C:\Users\alber\universidad\dp2\Workspace-22.0\Workspace-22.0\Projects\Acme-Toolkits\target\classes\WEB-INF\views\fragments\messages-en.i18n] with encoding 'utf-8' 
2022-06-02 16:24:40.825 DEBUG [acme.framework.configuration.ExtendedMessageSource@http-nio-8080-exec-2] Loading properties [C:\Users\alber\universidad\dp2\Workspace-22.0\Workspace-22.0\Projects\Acme-Toolkits\target\classes\WEB-INF\views\fragments\messsages-en.i18n] with encoding 'utf-8' 
2022-06-02 16:24:40.827 DEBUG [acme.framework.configuration.ExtendedMessageSource@http-nio-8080-exec-2] Loading properties [C:\Users\alber\universidad\dp2\Workspace-22.0\Workspace-22.0\Projects\Acme-Toolkits\target\classes\WEB-INF\views\fragments\title-en.i18n] with encoding 'utf-8' 
2022-06-02 16:24:40.829 DEBUG [acme.framework.configuration.ExtendedMessageSource@http-nio-8080-exec-2] Loading properties [C:\Users\alber\universidad\dp2\Workspace-22.0\Workspace-22.0\Projects\Acme-Toolkits\target\classes\WEB-INF\views\fragments\welcome-en.i18n] with encoding 'utf-8' 
2022-06-02 16:24:40.830 DEBUG [acme.framework.configuration.ExtendedMessageSource@http-nio-8080-exec-2] Loading properties [C:\Users\alber\universidad\dp2\Workspace-22.0\Workspace-22.0\Projects\Acme-Toolkits\target\classes\WEB-INF\views\inventor\chimpum\messages-en.i18n] with encoding 'utf-8' 
2022-06-02 16:24:40.832 DEBUG [acme.framework.configuration.ExtendedMessageSource@http-nio-8080-exec-2] Loading properties [C:\Users\alber\universidad\dp2\Workspace-22.0\Workspace-22.0\Projects\Acme-Toolkits\target\classes\WEB-INF\views\inventor\item\messages-en.i18n] with encoding 'utf-8' 
2022-06-02 16:24:40.833 DEBUG [acme.framework.configuration.ExtendedMessageSource@http-nio-8080-exec-2] Loading properties [C:\Users\alber\universidad\dp2\Workspace-22.0\Workspace-22.0\Projects\Acme-Toolkits\target\classes\WEB-INF\views\inventor\patronage\messages-en.i18n] with encoding 'utf-8' 
2022-06-02 16:24:40.835 DEBUG [acme.framework.configuration.ExtendedMessageSource@http-nio-8080-exec-2] Loading properties [C:\Users\alber\universidad\dp2\Workspace-22.0\Workspace-22.0\Projects\Acme-Toolkits\target\classes\WEB-INF\views\inventor\patronage-report\messages-en.i18n] with encoding 'utf-8' 
2022-06-02 16:24:40.837 DEBUG [acme.framework.configuration.ExtendedMessageSource@http-nio-8080-exec-2] Loading properties [C:\Users\alber\universidad\dp2\Workspace-22.0\Workspace-22.0\Projects\Acme-Toolkits\target\classes\WEB-INF\views\inventor\quantity\messages-en.i18n] with encoding 'utf-8' 
2022-06-02 16:24:40.839 DEBUG [acme.framework.configuration.ExtendedMessageSource@http-nio-8080-exec-2] Loading properties [C:\Users\alber\universidad\dp2\Workspace-22.0\Workspace-22.0\Projects\Acme-Toolkits\target\classes\WEB-INF\views\inventor\toolkit\messages-en.i18n] with encoding 'utf-8' 
2022-06-02 16:24:40.841 DEBUG [acme.framework.configuration.ExtendedMessageSource@http-nio-8080-exec-2] Loading properties [C:\Users\alber\universidad\dp2\Workspace-22.0\Workspace-22.0\Projects\Acme-Toolkits\target\classes\WEB-INF\views\master\defaults-en.i18n] with encoding 'utf-8' 
2022-06-02 16:24:40.842 DEBUG [acme.framework.configuration.ExtendedMessageSource@http-nio-8080-exec-2] Loading properties [C:\Users\alber\universidad\dp2\Workspace-22.0\Workspace-22.0\Projects\Acme-Toolkits\target\classes\WEB-INF\views\master\master-en.i18n] with encoding 'utf-8' 
2022-06-02 16:24:40.844 DEBUG [acme.framework.configuration.ExtendedMessageSource@http-nio-8080-exec-2] Loading properties [C:\Users\alber\universidad\dp2\Workspace-22.0\Workspace-22.0\Projects\Acme-Toolkits\target\classes\WEB-INF\views\master\throwables-en.i18n] with encoding 'utf-8' 
2022-06-02 16:24:40.846 DEBUG [acme.framework.configuration.ExtendedMessageSource@http-nio-8080-exec-2] Loading properties [C:\Users\alber\universidad\dp2\Workspace-22.0\Workspace-22.0\Projects\Acme-Toolkits\target\classes\WEB-INF\views\master\validation-en.i18n] with encoding 'utf-8' 
2022-06-02 16:24:40.848 DEBUG [acme.framework.configuration.ExtendedMessageSource@http-nio-8080-exec-2] Loading properties [C:\Users\alber\universidad\dp2\Workspace-22.0\Workspace-22.0\Projects\Acme-Toolkits\target\classes\WEB-INF\views\patron\patron-dashboard\messages-en.i18n] with encoding 'utf-8' 
2022-06-02 16:24:40.849 DEBUG [acme.framework.configuration.ExtendedMessageSource@http-nio-8080-exec-2] Loading properties [C:\Users\alber\universidad\dp2\Workspace-22.0\Workspace-22.0\Projects\Acme-Toolkits\target\classes\WEB-INF\views\patron\patronage\messages-en.i18n] with encoding 'utf-8' 
2022-06-02 16:24:40.849 DEBUG [acme.framework.configuration.ExtendedMessageSource@http-nio-8080-exec-2] Loading properties [C:\Users\alber\universidad\dp2\Workspace-22.0\Workspace-22.0\Projects\Acme-Toolkits\target\classes\WEB-INF\views\patron\patronage-report\messages-en.i18n] with encoding 'utf-8' 
2022-06-02 16:24:41.097 DEBUG [org.apache.jasper.servlet.JspServlet@http-nio-8080-exec-2] JspEngine --> /WEB-INF/views/fragments/welcome.jsp 
2022-06-02 16:24:41.098 DEBUG [org.apache.jasper.servlet.JspServlet@http-nio-8080-exec-2] ServletPath: /WEB-INF/views/master/page.jsp 
2022-06-02 16:24:41.098 DEBUG [org.apache.jasper.servlet.JspServlet@http-nio-8080-exec-2] PathInfo: null 
2022-06-02 16:24:41.101 DEBUG [org.apache.jasper.servlet.JspServlet@http-nio-8080-exec-2] RealPath: C:\Users\alber\universidad\dp2\Workspace-22.0\Workspace-22.0\Projects\Acme-Toolkits\target\classes\WEB-INF\views\fragments\welcome.jsp 
2022-06-02 16:24:41.101 DEBUG [org.apache.jasper.servlet.JspServlet@http-nio-8080-exec-2] RequestURI: /acme-toolkits-22.1/WEB-INF/views/master/page.jsp 
2022-06-02 16:24:41.102 DEBUG [org.apache.jasper.servlet.JspServlet@http-nio-8080-exec-2] QueryString: null 
2022-06-02 16:24:41.708 DEBUG [org.hibernate.SQL@http-nio-8080-exec-2] select useraccoun0_.id as id1_0_, useraccoun0_.version as version2_0_, useraccoun0_.enabled as enabled1_19_, useraccoun0_.identity as identity2_19_, useraccoun0_.password as password3_19_, useraccoun0_.username as username4_19_ from user_account useraccoun0_ where useraccoun0_.username=? 
2022-06-02 16:24:41.733 TRACE [org.hibernate.type.descriptor.sql.BasicBinder@http-nio-8080-exec-2] binding parameter [1] as [VARCHAR] - [anonymous] 
2022-06-02 16:24:41.798 DEBUG [org.hibernate.SQL@http-nio-8080-exec-2] select roles0_.user_account_id as user_acc1_20_0_, roles0_.id as id1_20_0_, roles0_.id as id1_0_1_, roles0_.version as version2_0_1_, roles0_.user_account_id as user_acc1_20_1_, roles0_.company as company1_8_1_, roles0_.sector as sector2_8_1_, roles0_.company as company1_9_1_, roles0_.info as info2_9_1_, roles0_.statement as statemen3_9_1_, roles0_.company as company1_12_1_, roles0_.info as info2_12_1_, roles0_.statement as statemen3_12_1_, roles0_.company as company1_15_1_, roles0_.sector as sector2_15_1_, roles0_.clazz_ as clazz_1_ from ( select id, version, user_account_id, company, sector, null as info, null as statement, 12 as clazz_ from consumer union all select id, version, user_account_id, company, null as sector, info, statement, 13 as clazz_ from inventor union all select id, version, user_account_id, company, null as sector, info, statement, 14 as clazz_ from patron union all select id, version, user_account_id, company, sector, null as info, null as statement, 15 as clazz_ from provider union all select id, version, user_account_id, null as company, null as sector, null as info, null as statement, 17 as clazz_ from administrator union all select id, version, user_account_id, null as company, null as sector, null as info, null as statement, 18 as clazz_ from anonymous union all select id, version, user_account_id, null as company, null as sector, null as info, null as statement, 19 as clazz_ from any union all select id, version, user_account_id, null as company, null as sector, null as info, null as statement, 20 as clazz_ from authenticated ) roles0_ where roles0_.user_account_id=? 
2022-06-02 16:24:41.799 TRACE [org.hibernate.type.descriptor.sql.BasicBinder@http-nio-8080-exec-2] binding parameter [1] as [INTEGER] - [1] 
2022-06-02 16:24:43.316 DEBUG [acme.framework.components.tiles.DynamicTilesView@http-nio-8080-exec-3] View name 'master/sign-in', model {username=, password=, remember=false} 
2022-06-02 16:24:43.317 DEBUG [org.apache.jasper.servlet.JspServlet@http-nio-8080-exec-3] JspEngine --> /WEB-INF/views/master/page.jsp 
2022-06-02 16:24:43.318 DEBUG [org.apache.jasper.servlet.JspServlet@http-nio-8080-exec-3] ServletPath: /WEB-INF/views/master/page.jsp 
2022-06-02 16:24:43.318 DEBUG [org.apache.jasper.servlet.JspServlet@http-nio-8080-exec-3] PathInfo: null 
2022-06-02 16:24:43.321 DEBUG [org.apache.jasper.servlet.JspServlet@http-nio-8080-exec-3] RealPath: C:\Users\alber\universidad\dp2\Workspace-22.0\Workspace-22.0\Projects\Acme-Toolkits\target\classes\WEB-INF\views\master\page.jsp 
2022-06-02 16:24:43.321 DEBUG [org.apache.jasper.servlet.JspServlet@http-nio-8080-exec-3] RequestURI: /acme-toolkits-22.1/WEB-INF/views/master/page.jsp 
2022-06-02 16:24:43.322 DEBUG [org.apache.jasper.servlet.JspServlet@http-nio-8080-exec-3] QueryString: null 
2022-06-02 16:24:43.498 DEBUG [org.apache.jasper.servlet.JspServlet@http-nio-8080-exec-3] JspEngine --> /WEB-INF/views/master/sign-in.jsp 
2022-06-02 16:24:43.498 DEBUG [org.apache.jasper.servlet.JspServlet@http-nio-8080-exec-3] ServletPath: /WEB-INF/views/master/page.jsp 
2022-06-02 16:24:43.499 DEBUG [org.apache.jasper.servlet.JspServlet@http-nio-8080-exec-3] PathInfo: null 
2022-06-02 16:24:43.500 DEBUG [org.apache.jasper.servlet.JspServlet@http-nio-8080-exec-3] RealPath: C:\Users\alber\universidad\dp2\Workspace-22.0\Workspace-22.0\Projects\Acme-Toolkits\target\classes\WEB-INF\views\master\sign-in.jsp 
2022-06-02 16:24:43.501 DEBUG [org.apache.jasper.servlet.JspServlet@http-nio-8080-exec-3] RequestURI: /acme-toolkits-22.1/WEB-INF/views/master/page.jsp 
2022-06-02 16:24:43.502 DEBUG [org.apache.jasper.servlet.JspServlet@http-nio-8080-exec-3] QueryString: null 
2022-06-02 16:24:46.057 DEBUG [org.hibernate.SQL@http-nio-8080-exec-3] select useraccoun0_.id as id1_0_, useraccoun0_.version as version2_0_, useraccoun0_.enabled as enabled1_19_, useraccoun0_.identity as identity2_19_, useraccoun0_.password as password3_19_, useraccoun0_.username as username4_19_ from user_account useraccoun0_ where useraccoun0_.username=? 
2022-06-02 16:24:46.058 TRACE [org.hibernate.type.descriptor.sql.BasicBinder@http-nio-8080-exec-3] binding parameter [1] as [VARCHAR] - [anonymous] 
2022-06-02 16:24:46.059 DEBUG [org.hibernate.SQL@http-nio-8080-exec-3] select roles0_.user_account_id as user_acc1_20_0_, roles0_.id as id1_20_0_, roles0_.id as id1_0_1_, roles0_.version as version2_0_1_, roles0_.user_account_id as user_acc1_20_1_, roles0_.company as company1_8_1_, roles0_.sector as sector2_8_1_, roles0_.company as company1_9_1_, roles0_.info as info2_9_1_, roles0_.statement as statemen3_9_1_, roles0_.company as company1_12_1_, roles0_.info as info2_12_1_, roles0_.statement as statemen3_12_1_, roles0_.company as company1_15_1_, roles0_.sector as sector2_15_1_, roles0_.clazz_ as clazz_1_ from ( select id, version, user_account_id, company, sector, null as info, null as statement, 12 as clazz_ from consumer union all select id, version, user_account_id, company, null as sector, info, statement, 13 as clazz_ from inventor union all select id, version, user_account_id, company, null as sector, info, statement, 14 as clazz_ from patron union all select id, version, user_account_id, company, sector, null as info, null as statement, 15 as clazz_ from provider union all select id, version, user_account_id, null as company, null as sector, null as info, null as statement, 17 as clazz_ from administrator union all select id, version, user_account_id, null as company, null as sector, null as info, null as statement, 18 as clazz_ from anonymous union all select id, version, user_account_id, null as company, null as sector, null as info, null as statement, 19 as clazz_ from any union all select id, version, user_account_id, null as company, null as sector, null as info, null as statement, 20 as clazz_ from authenticated ) roles0_ where roles0_.user_account_id=? 
2022-06-02 16:24:46.060 TRACE [org.hibernate.type.descriptor.sql.BasicBinder@http-nio-8080-exec-3] binding parameter [1] as [INTEGER] - [1] 
2022-06-02 16:24:49.147 DEBUG [org.hibernate.SQL@http-nio-8080-exec-9] select useraccoun0_.id as id1_0_, useraccoun0_.version as version2_0_, useraccoun0_.enabled as enabled1_19_, useraccoun0_.identity as identity2_19_, useraccoun0_.password as password3_19_, useraccoun0_.username as username4_19_ from user_account useraccoun0_ where useraccoun0_.username=? 
2022-06-02 16:24:49.147 TRACE [org.hibernate.type.descriptor.sql.BasicBinder@http-nio-8080-exec-9] binding parameter [1] as [VARCHAR] - [inventor1] 
2022-06-02 16:24:49.149 DEBUG [org.hibernate.SQL@http-nio-8080-exec-9] select roles0_.user_account_id as user_acc1_20_0_, roles0_.id as id1_20_0_, roles0_.id as id1_0_1_, roles0_.version as version2_0_1_, roles0_.user_account_id as user_acc1_20_1_, roles0_.company as company1_8_1_, roles0_.sector as sector2_8_1_, roles0_.company as company1_9_1_, roles0_.info as info2_9_1_, roles0_.statement as statemen3_9_1_, roles0_.company as company1_12_1_, roles0_.info as info2_12_1_, roles0_.statement as statemen3_12_1_, roles0_.company as company1_15_1_, roles0_.sector as sector2_15_1_, roles0_.clazz_ as clazz_1_ from ( select id, version, user_account_id, company, sector, null as info, null as statement, 12 as clazz_ from consumer union all select id, version, user_account_id, company, null as sector, info, statement, 13 as clazz_ from inventor union all select id, version, user_account_id, company, null as sector, info, statement, 14 as clazz_ from patron union all select id, version, user_account_id, company, sector, null as info, null as statement, 15 as clazz_ from provider union all select id, version, user_account_id, null as company, null as sector, null as info, null as statement, 17 as clazz_ from administrator union all select id, version, user_account_id, null as company, null as sector, null as info, null as statement, 18 as clazz_ from anonymous union all select id, version, user_account_id, null as company, null as sector, null as info, null as statement, 19 as clazz_ from any union all select id, version, user_account_id, null as company, null as sector, null as info, null as statement, 20 as clazz_ from authenticated ) roles0_ where roles0_.user_account_id=? 
2022-06-02 16:24:49.150 TRACE [org.hibernate.type.descriptor.sql.BasicBinder@http-nio-8080-exec-9] binding parameter [1] as [INTEGER] - [7] 
2022-06-02 16:24:49.171 DEBUG [acme.framework.components.tiles.DynamicTilesView@http-nio-8080-exec-2] View name 'fragments/welcome', model {} 
2022-06-02 16:24:49.174 DEBUG [org.apache.jasper.servlet.JspServlet@http-nio-8080-exec-2] JspEngine --> /WEB-INF/views/master/page.jsp 
2022-06-02 16:24:49.174 DEBUG [org.apache.jasper.servlet.JspServlet@http-nio-8080-exec-2] ServletPath: /WEB-INF/views/master/page.jsp 
2022-06-02 16:24:49.175 DEBUG [org.apache.jasper.servlet.JspServlet@http-nio-8080-exec-2] PathInfo: null 
2022-06-02 16:24:49.178 DEBUG [org.apache.jasper.servlet.JspServlet@http-nio-8080-exec-2] RealPath: C:\Users\alber\universidad\dp2\Workspace-22.0\Workspace-22.0\Projects\Acme-Toolkits\target\classes\WEB-INF\views\master\page.jsp 
2022-06-02 16:24:49.179 DEBUG [org.apache.jasper.servlet.JspServlet@http-nio-8080-exec-2] RequestURI: /acme-toolkits-22.1/WEB-INF/views/master/page.jsp 
2022-06-02 16:24:49.179 DEBUG [org.apache.jasper.servlet.JspServlet@http-nio-8080-exec-2] QueryString: null 
2022-06-02 16:24:49.315 DEBUG [org.apache.jasper.servlet.JspServlet@http-nio-8080-exec-2] JspEngine --> /WEB-INF/views/fragments/welcome.jsp 
2022-06-02 16:24:49.315 DEBUG [org.apache.jasper.servlet.JspServlet@http-nio-8080-exec-2] ServletPath: /WEB-INF/views/master/page.jsp 
2022-06-02 16:24:49.315 DEBUG [org.apache.jasper.servlet.JspServlet@http-nio-8080-exec-2] PathInfo: null 
2022-06-02 16:24:49.318 DEBUG [org.apache.jasper.servlet.JspServlet@http-nio-8080-exec-2] RealPath: C:\Users\alber\universidad\dp2\Workspace-22.0\Workspace-22.0\Projects\Acme-Toolkits\target\classes\WEB-INF\views\fragments\welcome.jsp 
2022-06-02 16:24:49.318 DEBUG [org.apache.jasper.servlet.JspServlet@http-nio-8080-exec-2] RequestURI: /acme-toolkits-22.1/WEB-INF/views/master/page.jsp 
2022-06-02 16:24:49.318 DEBUG [org.apache.jasper.servlet.JspServlet@http-nio-8080-exec-2] QueryString: null 
2022-06-02 16:24:53.290 DEBUG [acme.framework.controllers.AbstractController@http-nio-8080-exec-5] DISPATCHING GET /acme-toolkits-22.1/inventor/chimpum/list 
2022-06-02 16:24:53.291 DEBUG [acme.framework.controllers.AbstractController@http-nio-8080-exec-5] Command: list 
2022-06-02 16:24:53.291 DEBUG [acme.framework.controllers.AbstractController@http-nio-8080-exec-5] Model:   {} 
2022-06-02 16:24:53.291 DEBUG [acme.framework.controllers.AbstractController@http-nio-8080-exec-5] Locale:  en 
2022-06-02 16:24:53.291 DEBUG [acme.framework.controllers.AbstractController@http-nio-8080-exec-5] Starting transaction 69e69bc4-cc9a-46f1-abac-f7e3abf0f9a1 
2022-06-02 16:24:53.302 DEBUG [org.hibernate.SQL@http-nio-8080-exec-5] select chimpum0_.id as id1_0_, chimpum0_.version as version2_0_, chimpum0_.budget_amount as budget_a1_6_, chimpum0_.budget_currency as budget_c2_6_, chimpum0_.code as code3_6_, chimpum0_.creation_moment as creation4_6_, chimpum0_.description as descript5_6_, chimpum0_.end_date as end_date6_6_, chimpum0_.item_id as item_id10_6_, chimpum0_.link as link7_6_, chimpum0_.start_date as start_da8_6_, chimpum0_.title as title9_6_ from chimpum chimpum0_ cross join item item1_ where chimpum0_.item_id=item1_.id and item1_.inventor_id=? 
2022-06-02 16:24:53.302 TRACE [org.hibernate.type.descriptor.sql.BasicBinder@http-nio-8080-exec-5] binding parameter [1] as [INTEGER] - [10] 
2022-06-02 16:24:53.306 DEBUG [org.hibernate.SQL@http-nio-8080-exec-5] select item0_.id as id1_0_0_, item0_.version as version2_0_0_, item0_.chimpum_id as chimpum10_10_0_, item0_.code as code1_10_0_, item0_.description as descript2_10_0_, item0_.info as info3_10_0_, item0_.inventor_id as invento11_10_0_, item0_.item_type as item_typ4_10_0_, item0_.name as name5_10_0_, item0_.published as publishe6_10_0_, item0_.retail_price_amount as retail_p7_10_0_, item0_.retail_price_currency as retail_p8_10_0_, item0_.technology as technolo9_10_0_, chimpum1_.id as id1_0_1_, chimpum1_.version as version2_0_1_, chimpum1_.budget_amount as budget_a1_6_1_, chimpum1_.budget_currency as budget_c2_6_1_, chimpum1_.code as code3_6_1_, chimpum1_.creation_moment as creation4_6_1_, chimpum1_.description as descript5_6_1_, chimpum1_.end_date as end_date6_6_1_, chimpum1_.item_id as item_id10_6_1_, chimpum1_.link as link7_6_1_, chimpum1_.start_date as start_da8_6_1_, chimpum1_.title as title9_6_1_, item2_.id as id1_0_2_, item2_.version as version2_0_2_, item2_.chimpum_id as chimpum10_10_2_, item2_.code as code1_10_2_, item2_.description as descript2_10_2_, item2_.info as info3_10_2_, item2_.inventor_id as invento11_10_2_, item2_.item_type as item_typ4_10_2_, item2_.name as name5_10_2_, item2_.published as publishe6_10_2_, item2_.retail_price_amount as retail_p7_10_2_, item2_.retail_price_currency as retail_p8_10_2_, item2_.technology as technolo9_10_2_, inventor3_.id as id1_0_3_, inventor3_.version as version2_0_3_, inventor3_.user_account_id as user_acc1_20_3_, inventor3_.company as company1_9_3_, inventor3_.info as info2_9_3_, inventor3_.statement as statemen3_9_3_, useraccoun4_.id as id1_0_4_, useraccoun4_.version as version2_0_4_, useraccoun4_.enabled as enabled1_19_4_, useraccoun4_.identity as identity2_19_4_, useraccoun4_.password as password3_19_4_, useraccoun4_.username as username4_19_4_ from item item0_ left outer join chimpum chimpum1_ on item0_.chimpum_id=chimpum1_.id left outer join item item2_ on chimpum1_.item_id=item2_.id inner join inventor inventor3_ on item0_.inventor_id=inventor3_.id inner join user_account useraccoun4_ on inventor3_.user_account_id=useraccoun4_.id where item0_.id=? 
2022-06-02 16:24:53.307 TRACE [org.hibernate.type.descriptor.sql.BasicBinder@http-nio-8080-exec-5] binding parameter [1] as [INTEGER] - [19] 
2022-06-02 16:24:53.311 DEBUG [org.hibernate.SQL@http-nio-8080-exec-5] select item0_.id as id1_0_0_, item0_.version as version2_0_0_, item0_.chimpum_id as chimpum10_10_0_, item0_.code as code1_10_0_, item0_.description as descript2_10_0_, item0_.info as info3_10_0_, item0_.inventor_id as invento11_10_0_, item0_.item_type as item_typ4_10_0_, item0_.name as name5_10_0_, item0_.published as publishe6_10_0_, item0_.retail_price_amount as retail_p7_10_0_, item0_.retail_price_currency as retail_p8_10_0_, item0_.technology as technolo9_10_0_, chimpum1_.id as id1_0_1_, chimpum1_.version as version2_0_1_, chimpum1_.budget_amount as budget_a1_6_1_, chimpum1_.budget_currency as budget_c2_6_1_, chimpum1_.code as code3_6_1_, chimpum1_.creation_moment as creation4_6_1_, chimpum1_.description as descript5_6_1_, chimpum1_.end_date as end_date6_6_1_, chimpum1_.item_id as item_id10_6_1_, chimpum1_.link as link7_6_1_, chimpum1_.start_date as start_da8_6_1_, chimpum1_.title as title9_6_1_, item2_.id as id1_0_2_, item2_.version as version2_0_2_, item2_.chimpum_id as chimpum10_10_2_, item2_.code as code1_10_2_, item2_.description as descript2_10_2_, item2_.info as info3_10_2_, item2_.inventor_id as invento11_10_2_, item2_.item_type as item_typ4_10_2_, item2_.name as name5_10_2_, item2_.published as publishe6_10_2_, item2_.retail_price_amount as retail_p7_10_2_, item2_.retail_price_currency as retail_p8_10_2_, item2_.technology as technolo9_10_2_, inventor3_.id as id1_0_3_, inventor3_.version as version2_0_3_, inventor3_.user_account_id as user_acc1_20_3_, inventor3_.company as company1_9_3_, inventor3_.info as info2_9_3_, inventor3_.statement as statemen3_9_3_, useraccoun4_.id as id1_0_4_, useraccoun4_.version as version2_0_4_, useraccoun4_.enabled as enabled1_19_4_, useraccoun4_.identity as identity2_19_4_, useraccoun4_.password as password3_19_4_, useraccoun4_.username as username4_19_4_ from item item0_ left outer join chimpum chimpum1_ on item0_.chimpum_id=chimpum1_.id left outer join item item2_ on chimpum1_.item_id=item2_.id inner join inventor inventor3_ on item0_.inventor_id=inventor3_.id inner join user_account useraccoun4_ on inventor3_.user_account_id=useraccoun4_.id where item0_.id=? 
2022-06-02 16:24:53.312 TRACE [org.hibernate.type.descriptor.sql.BasicBinder@http-nio-8080-exec-5] binding parameter [1] as [INTEGER] - [21] 
2022-06-02 16:24:53.314 DEBUG [org.hibernate.SQL@http-nio-8080-exec-5] select item0_.id as id1_0_0_, item0_.version as version2_0_0_, item0_.chimpum_id as chimpum10_10_0_, item0_.code as code1_10_0_, item0_.description as descript2_10_0_, item0_.info as info3_10_0_, item0_.inventor_id as invento11_10_0_, item0_.item_type as item_typ4_10_0_, item0_.name as name5_10_0_, item0_.published as publishe6_10_0_, item0_.retail_price_amount as retail_p7_10_0_, item0_.retail_price_currency as retail_p8_10_0_, item0_.technology as technolo9_10_0_, chimpum1_.id as id1_0_1_, chimpum1_.version as version2_0_1_, chimpum1_.budget_amount as budget_a1_6_1_, chimpum1_.budget_currency as budget_c2_6_1_, chimpum1_.code as code3_6_1_, chimpum1_.creation_moment as creation4_6_1_, chimpum1_.description as descript5_6_1_, chimpum1_.end_date as end_date6_6_1_, chimpum1_.item_id as item_id10_6_1_, chimpum1_.link as link7_6_1_, chimpum1_.start_date as start_da8_6_1_, chimpum1_.title as title9_6_1_, item2_.id as id1_0_2_, item2_.version as version2_0_2_, item2_.chimpum_id as chimpum10_10_2_, item2_.code as code1_10_2_, item2_.description as descript2_10_2_, item2_.info as info3_10_2_, item2_.inventor_id as invento11_10_2_, item2_.item_type as item_typ4_10_2_, item2_.name as name5_10_2_, item2_.published as publishe6_10_2_, item2_.retail_price_amount as retail_p7_10_2_, item2_.retail_price_currency as retail_p8_10_2_, item2_.technology as technolo9_10_2_, inventor3_.id as id1_0_3_, inventor3_.version as version2_0_3_, inventor3_.user_account_id as user_acc1_20_3_, inventor3_.company as company1_9_3_, inventor3_.info as info2_9_3_, inventor3_.statement as statemen3_9_3_, useraccoun4_.id as id1_0_4_, useraccoun4_.version as version2_0_4_, useraccoun4_.enabled as enabled1_19_4_, useraccoun4_.identity as identity2_19_4_, useraccoun4_.password as password3_19_4_, useraccoun4_.username as username4_19_4_ from item item0_ left outer join chimpum chimpum1_ on item0_.chimpum_id=chimpum1_.id left outer join item item2_ on chimpum1_.item_id=item2_.id inner join inventor inventor3_ on item0_.inventor_id=inventor3_.id inner join user_account useraccoun4_ on inventor3_.user_account_id=useraccoun4_.id where item0_.id=? 
2022-06-02 16:24:53.315 TRACE [org.hibernate.type.descriptor.sql.BasicBinder@http-nio-8080-exec-5] binding parameter [1] as [INTEGER] - [35] 
2022-06-02 16:24:53.317 DEBUG [org.hibernate.SQL@http-nio-8080-exec-5] select item0_.id as id1_0_0_, item0_.version as version2_0_0_, item0_.chimpum_id as chimpum10_10_0_, item0_.code as code1_10_0_, item0_.description as descript2_10_0_, item0_.info as info3_10_0_, item0_.inventor_id as invento11_10_0_, item0_.item_type as item_typ4_10_0_, item0_.name as name5_10_0_, item0_.published as publishe6_10_0_, item0_.retail_price_amount as retail_p7_10_0_, item0_.retail_price_currency as retail_p8_10_0_, item0_.technology as technolo9_10_0_, chimpum1_.id as id1_0_1_, chimpum1_.version as version2_0_1_, chimpum1_.budget_amount as budget_a1_6_1_, chimpum1_.budget_currency as budget_c2_6_1_, chimpum1_.code as code3_6_1_, chimpum1_.creation_moment as creation4_6_1_, chimpum1_.description as descript5_6_1_, chimpum1_.end_date as end_date6_6_1_, chimpum1_.item_id as item_id10_6_1_, chimpum1_.link as link7_6_1_, chimpum1_.start_date as start_da8_6_1_, chimpum1_.title as title9_6_1_, item2_.id as id1_0_2_, item2_.version as version2_0_2_, item2_.chimpum_id as chimpum10_10_2_, item2_.code as code1_10_2_, item2_.description as descript2_10_2_, item2_.info as info3_10_2_, item2_.inventor_id as invento11_10_2_, item2_.item_type as item_typ4_10_2_, item2_.name as name5_10_2_, item2_.published as publishe6_10_2_, item2_.retail_price_amount as retail_p7_10_2_, item2_.retail_price_currency as retail_p8_10_2_, item2_.technology as technolo9_10_2_, inventor3_.id as id1_0_3_, inventor3_.version as version2_0_3_, inventor3_.user_account_id as user_acc1_20_3_, inventor3_.company as company1_9_3_, inventor3_.info as info2_9_3_, inventor3_.statement as statemen3_9_3_, useraccoun4_.id as id1_0_4_, useraccoun4_.version as version2_0_4_, useraccoun4_.enabled as enabled1_19_4_, useraccoun4_.identity as identity2_19_4_, useraccoun4_.password as password3_19_4_, useraccoun4_.username as username4_19_4_ from item item0_ left outer join chimpum chimpum1_ on item0_.chimpum_id=chimpum1_.id left outer join item item2_ on chimpum1_.item_id=item2_.id inner join inventor inventor3_ on item0_.inventor_id=inventor3_.id inner join user_account useraccoun4_ on inventor3_.user_account_id=useraccoun4_.id where item0_.id=? 
2022-06-02 16:24:53.318 TRACE [org.hibernate.type.descriptor.sql.BasicBinder@http-nio-8080-exec-5] binding parameter [1] as [INTEGER] - [33] 
2022-06-02 16:24:53.351 DEBUG [acme.framework.controllers.AbstractController@http-nio-8080-exec-5] Committing transaction 69e69bc4-cc9a-46f1-abac-f7e3abf0f9a1 
2022-06-02 16:24:53.354 DEBUG [acme.framework.controllers.AbstractController@http-nio-8080-exec-5] Starting transaction 11515dea-b772-4f7d-9f67-e832f8063a26 
2022-06-02 16:24:53.354 DEBUG [acme.framework.controllers.AbstractController@http-nio-8080-exec-5] Committing transaction 11515dea-b772-4f7d-9f67-e832f8063a26 
2022-06-02 16:24:53.355 DEBUG [acme.framework.controllers.AbstractController@http-nio-8080-exec-5] SERVING GET /acme-toolkits-22.1/inventor/chimpum/list 
2022-06-02 16:24:53.356 DEBUG [acme.framework.controllers.AbstractController@http-nio-8080-exec-5] Result: ModelAndView [view="inventor/chimpum/list"; model={title[3]=title4, version[3]=0, title[1]=title2, version[2]=0, version[1]=0, title[2]=title3, list$size=4, budget[0]=<<EUR 100.00>>, budget[1]=<<EUR 100.00>>, budget[2]=<<USD 100.00>>, budget[3]=<<USD 100.00>>, code[0]=20-05-05:0000, version[0]=0, title[0]=title1, code[1]=20-05-06:0000, id[1]=85, code[2]=20-05-07:0000, id[0]=84, code[3]=20-05-08:0000, id[3]=87, id[2]=86, command=list, principal=acme.framework.entities.Principal@64f892e4}] 
2022-06-02 16:24:53.363 DEBUG [acme.framework.components.tiles.DynamicTilesView@http-nio-8080-exec-5] View name 'inventor/chimpum/list', model {title[3]=title4, version[3]=0, title[1]=title2, version[2]=0, version[1]=0, title[2]=title3, list$size=4, budget[0]=<<EUR 100.00>>, budget[1]=<<EUR 100.00>>, budget[2]=<<USD 100.00>>, budget[3]=<<USD 100.00>>, code[0]=20-05-05:0000, version[0]=0, title[0]=title1, code[1]=20-05-06:0000, id[1]=85, code[2]=20-05-07:0000, id[0]=84, code[3]=20-05-08:0000, id[3]=87, id[2]=86, command=list, principal=acme.framework.entities.Principal@64f892e4, org.springframework.validation.BindingResult.budget[0]=org.springframework.validation.BeanPropertyBindingResult: 0 errors, org.springframework.validation.BindingResult.budget[1]=org.springframework.validation.BeanPropertyBindingResult: 0 errors, org.springframework.validation.BindingResult.budget[2]=org.springframework.validation.BeanPropertyBindingResult: 0 errors, org.springframework.validation.BindingResult.budget[3]=org.springframework.validation.BeanPropertyBindingResult: 0 errors, org.springframework.validation.BindingResult.principal=org.springframework.validation.BeanPropertyBindingResult: 0 errors} 
2022-06-02 16:24:53.364 DEBUG [org.apache.jasper.servlet.JspServlet@http-nio-8080-exec-5] JspEngine --> /WEB-INF/views/master/page.jsp 
2022-06-02 16:24:53.364 DEBUG [org.apache.jasper.servlet.JspServlet@http-nio-8080-exec-5] ServletPath: /WEB-INF/views/master/page.jsp 
2022-06-02 16:24:53.364 DEBUG [org.apache.jasper.servlet.JspServlet@http-nio-8080-exec-5] PathInfo: null 
2022-06-02 16:24:53.365 DEBUG [org.apache.jasper.servlet.JspServlet@http-nio-8080-exec-5] RealPath: C:\Users\alber\universidad\dp2\Workspace-22.0\Workspace-22.0\Projects\Acme-Toolkits\target\classes\WEB-INF\views\master\page.jsp 
2022-06-02 16:24:53.365 DEBUG [org.apache.jasper.servlet.JspServlet@http-nio-8080-exec-5] RequestURI: /acme-toolkits-22.1/WEB-INF/views/master/page.jsp 
2022-06-02 16:24:53.365 DEBUG [org.apache.jasper.servlet.JspServlet@http-nio-8080-exec-5] QueryString: null 
2022-06-02 16:24:53.478 DEBUG [org.apache.jasper.servlet.JspServlet@http-nio-8080-exec-5] JspEngine --> /WEB-INF/views/inventor/chimpum/list.jsp 
2022-06-02 16:24:53.479 DEBUG [org.apache.jasper.servlet.JspServlet@http-nio-8080-exec-5] ServletPath: /WEB-INF/views/master/page.jsp 
2022-06-02 16:24:53.479 DEBUG [org.apache.jasper.servlet.JspServlet@http-nio-8080-exec-5] PathInfo: null 
2022-06-02 16:24:53.481 DEBUG [org.apache.jasper.servlet.JspServlet@http-nio-8080-exec-5] RealPath: C:\Users\alber\universidad\dp2\Workspace-22.0\Workspace-22.0\Projects\Acme-Toolkits\target\classes\WEB-INF\views\inventor\chimpum\list.jsp 
2022-06-02 16:24:53.482 DEBUG [org.apache.jasper.servlet.JspServlet@http-nio-8080-exec-5] RequestURI: /acme-toolkits-22.1/WEB-INF/views/master/page.jsp 
2022-06-02 16:24:53.482 DEBUG [org.apache.jasper.servlet.JspServlet@http-nio-8080-exec-5] QueryString: null 
2022-06-02 16:24:58.559 DEBUG [acme.framework.controllers.AbstractController@http-nio-8080-exec-8] DISPATCHING GET /acme-toolkits-22.1/inventor/chimpum/create 
2022-06-02 16:24:58.560 DEBUG [acme.framework.controllers.AbstractController@http-nio-8080-exec-8] Command: create 
2022-06-02 16:24:58.560 DEBUG [acme.framework.controllers.AbstractController@http-nio-8080-exec-8] Model:   {} 
2022-06-02 16:24:58.560 DEBUG [acme.framework.controllers.AbstractController@http-nio-8080-exec-8] Locale:  en 
2022-06-02 16:24:58.560 DEBUG [acme.framework.controllers.AbstractController@http-nio-8080-exec-8] Starting transaction 8015d84f-ded8-4e7c-9f1c-fde3af26e80f 
2022-06-02 16:24:58.563 DEBUG [org.hibernate.SQL@http-nio-8080-exec-8] select item1_.id as id1_0_, item1_.version as version2_0_, item1_.chimpum_id as chimpum10_10_, item1_.code as code1_10_, item1_.description as descript2_10_, item1_.info as info3_10_, item1_.inventor_id as invento11_10_, item1_.item_type as item_typ4_10_, item1_.name as name5_10_, item1_.published as publishe6_10_, item1_.retail_price_amount as retail_p7_10_, item1_.retail_price_currency as retail_p8_10_, item1_.technology as technolo9_10_ from chimpum chimpum0_ inner join item item1_ on chimpum0_.item_id=item1_.id 
2022-06-02 16:24:58.568 DEBUG [org.hibernate.SQL@http-nio-8080-exec-8] select inventor0_.id as id1_0_0_, inventor0_.version as version2_0_0_, inventor0_.user_account_id as user_acc1_20_0_, inventor0_.company as company1_9_0_, inventor0_.info as info2_9_0_, inventor0_.statement as statemen3_9_0_, useraccoun1_.id as id1_0_1_, useraccoun1_.version as version2_0_1_, useraccoun1_.enabled as enabled1_19_1_, useraccoun1_.identity as identity2_19_1_, useraccoun1_.password as password3_19_1_, useraccoun1_.username as username4_19_1_ from inventor inventor0_ inner join user_account useraccoun1_ on inventor0_.user_account_id=useraccoun1_.id where inventor0_.id=? 
2022-06-02 16:24:58.568 TRACE [org.hibernate.type.descriptor.sql.BasicBinder@http-nio-8080-exec-8] binding parameter [1] as [INTEGER] - [10] 
2022-06-02 16:24:58.581 DEBUG [org.hibernate.SQL@http-nio-8080-exec-8] select item0_.id as id1_0_, item0_.version as version2_0_, item0_.chimpum_id as chimpum10_10_, item0_.code as code1_10_, item0_.description as descript2_10_, item0_.info as info3_10_, item0_.inventor_id as invento11_10_, item0_.item_type as item_typ4_10_, item0_.name as name5_10_, item0_.published as publishe6_10_, item0_.retail_price_amount as retail_p7_10_, item0_.retail_price_currency as retail_p8_10_, item0_.technology as technolo9_10_ from item item0_ where item0_.inventor_id=? 
2022-06-02 16:24:58.581 TRACE [org.hibernate.type.descriptor.sql.BasicBinder@http-nio-8080-exec-8] binding parameter [1] as [INTEGER] - [10] 
2022-06-02 16:24:58.586 DEBUG [acme.framework.controllers.AbstractController@http-nio-8080-exec-8] Committing transaction 8015d84f-ded8-4e7c-9f1c-fde3af26e80f 
2022-06-02 16:24:58.590 DEBUG [acme.framework.controllers.AbstractController@http-nio-8080-exec-8] Starting transaction 964ff887-826f-4cef-a7d9-cf482e945321 
2022-06-02 16:24:58.591 DEBUG [acme.framework.controllers.AbstractController@http-nio-8080-exec-8] Committing transaction 964ff887-826f-4cef-a7d9-cf482e945321 
2022-06-02 16:24:58.592 DEBUG [acme.framework.controllers.AbstractController@http-nio-8080-exec-8] SERVING GET /acme-toolkits-22.1/inventor/chimpum/create 
2022-06-02 16:24:58.592 DEBUG [acme.framework.controllers.AbstractController@http-nio-8080-exec-8] Result: ModelAndView [view="inventor/chimpum/form"; model={code=null, endDate=null, creationMoment=Thu Jun 02 16:24:58 CEST 2022, link=null, description=null, id=0, title=null, items=[acme.entities.item.Item{id=20, version=0}, acme.entities.item.Item{id=36, version=0}, acme.entities.item.Item{id=29, version=0}, acme.entities.item.Item{id=31, version=0}], version=0, startDate=null, budget=null, command=create, principal=acme.framework.entities.Principal@64f892e4}] 
2022-06-02 16:24:58.593 DEBUG [acme.framework.components.tiles.DynamicTilesView@http-nio-8080-exec-8] View name 'inventor/chimpum/form', model {code=null, endDate=null, creationMoment=Thu Jun 02 16:24:58 CEST 2022, link=null, description=null, id=0, title=null, items=[acme.entities.item.Item{id=20, version=0}, acme.entities.item.Item{id=36, version=0}, acme.entities.item.Item{id=29, version=0}, acme.entities.item.Item{id=31, version=0}], version=0, startDate=null, budget=null, command=create, principal=acme.framework.entities.Principal@64f892e4, org.springframework.validation.BindingResult.principal=org.springframework.validation.BeanPropertyBindingResult: 0 errors} 
2022-06-02 16:24:58.594 DEBUG [org.apache.jasper.servlet.JspServlet@http-nio-8080-exec-8] JspEngine --> /WEB-INF/views/master/page.jsp 
2022-06-02 16:24:58.595 DEBUG [org.apache.jasper.servlet.JspServlet@http-nio-8080-exec-8] ServletPath: /WEB-INF/views/master/page.jsp 
2022-06-02 16:24:58.595 DEBUG [org.apache.jasper.servlet.JspServlet@http-nio-8080-exec-8] PathInfo: null 
2022-06-02 16:24:58.599 DEBUG [org.apache.jasper.servlet.JspServlet@http-nio-8080-exec-8] RealPath: C:\Users\alber\universidad\dp2\Workspace-22.0\Workspace-22.0\Projects\Acme-Toolkits\target\classes\WEB-INF\views\master\page.jsp 
2022-06-02 16:24:58.600 DEBUG [org.apache.jasper.servlet.JspServlet@http-nio-8080-exec-8] RequestURI: /acme-toolkits-22.1/WEB-INF/views/master/page.jsp 
2022-06-02 16:24:58.600 DEBUG [org.apache.jasper.servlet.JspServlet@http-nio-8080-exec-8] QueryString: null 
2022-06-02 16:24:58.741 DEBUG [org.apache.jasper.servlet.JspServlet@http-nio-8080-exec-8] JspEngine --> /WEB-INF/views/inventor/chimpum/form.jsp 
2022-06-02 16:24:58.741 DEBUG [org.apache.jasper.servlet.JspServlet@http-nio-8080-exec-8] ServletPath: /WEB-INF/views/master/page.jsp 
2022-06-02 16:24:58.741 DEBUG [org.apache.jasper.servlet.JspServlet@http-nio-8080-exec-8] PathInfo: null 
2022-06-02 16:24:58.743 DEBUG [org.apache.jasper.servlet.JspServlet@http-nio-8080-exec-8] RealPath: C:\Users\alber\universidad\dp2\Workspace-22.0\Workspace-22.0\Projects\Acme-Toolkits\target\classes\WEB-INF\views\inventor\chimpum\form.jsp 
2022-06-02 16:24:58.744 DEBUG [org.apache.jasper.servlet.JspServlet@http-nio-8080-exec-8] RequestURI: /acme-toolkits-22.1/WEB-INF/views/master/page.jsp 
2022-06-02 16:24:58.744 DEBUG [org.apache.jasper.servlet.JspServlet@http-nio-8080-exec-8] QueryString: null 
2022-06-02 16:25:10.525 DEBUG [acme.framework.controllers.AbstractController@http-nio-8080-exec-7] DISPATCHING POST /acme-toolkits-22.1/inventor/chimpum/create 
2022-06-02 16:25:10.525 DEBUG [acme.framework.controllers.AbstractController@http-nio-8080-exec-7] Command: create 
2022-06-02 16:25:10.525 DEBUG [acme.framework.controllers.AbstractController@http-nio-8080-exec-7] Model:   {id=0, version=0, _csrf=65c8cfca-8c3b-4abe-a6eb-49fb9e7c17c5, code=22-06-02:0001, title=, creationMoment=2022/06/02 16:24, description=, startDate=, endDate=, budget=, link=, item=, item_proxy=} 
2022-06-02 16:25:10.525 DEBUG [acme.framework.controllers.AbstractController@http-nio-8080-exec-7] Locale:  en 
2022-06-02 16:25:10.525 DEBUG [acme.framework.controllers.AbstractController@http-nio-8080-exec-7] Starting transaction f0aaf3a9-e36d-4f64-8447-c97bc3b55c32 
2022-06-02 16:25:10.610 DEBUG [acme.framework.configuration.ExtendedMessageSource@http-nio-8080-exec-7] Loading properties [C:\Users\alber\universidad\dp2\Workspace-22.0\Workspace-22.0\Projects\Acme-Toolkits\target\classes\WEB-INF\views\administrator\administrator-dashboard\messages-en.i18n] with encoding 'utf-8' 
2022-06-02 16:25:10.612 DEBUG [acme.framework.configuration.ExtendedMessageSource@http-nio-8080-exec-7] Loading properties [C:\Users\alber\universidad\dp2\Workspace-22.0\Workspace-22.0\Projects\Acme-Toolkits\target\classes\WEB-INF\views\administrator\announcement\messages-en.i18n] with encoding 'utf-8' 
2022-06-02 16:25:10.613 DEBUG [acme.framework.configuration.ExtendedMessageSource@http-nio-8080-exec-7] Loading properties [C:\Users\alber\universidad\dp2\Workspace-22.0\Workspace-22.0\Projects\Acme-Toolkits\target\classes\WEB-INF\views\administrator\system-configuration\messages-en.i18n] with encoding 'utf-8' 
2022-06-02 16:25:10.614 DEBUG [acme.framework.configuration.ExtendedMessageSource@http-nio-8080-exec-7] Loading properties [C:\Users\alber\universidad\dp2\Workspace-22.0\Workspace-22.0\Projects\Acme-Toolkits\target\classes\WEB-INF\views\administrator\user-account\messages-en.i18n] with encoding 'utf-8' 
2022-06-02 16:25:10.615 DEBUG [acme.framework.configuration.ExtendedMessageSource@http-nio-8080-exec-7] Loading properties [C:\Users\alber\universidad\dp2\Workspace-22.0\Workspace-22.0\Projects\Acme-Toolkits\target\classes\WEB-INF\views\anonymous\user-account\messages-en.i18n] with encoding 'utf-8' 
2022-06-02 16:25:10.616 DEBUG [acme.framework.configuration.ExtendedMessageSource@http-nio-8080-exec-7] Loading properties [C:\Users\alber\universidad\dp2\Workspace-22.0\Workspace-22.0\Projects\Acme-Toolkits\target\classes\WEB-INF\views\any\chirp\messages-en.i18n] with encoding 'utf-8' 
2022-06-02 16:25:10.617 DEBUG [acme.framework.configuration.ExtendedMessageSource@http-nio-8080-exec-7] Loading properties [C:\Users\alber\universidad\dp2\Workspace-22.0\Workspace-22.0\Projects\Acme-Toolkits\target\classes\WEB-INF\views\any\item\messages-en.i18n] with encoding 'utf-8' 
2022-06-02 16:25:10.618 DEBUG [acme.framework.configuration.ExtendedMessageSource@http-nio-8080-exec-7] Loading properties [C:\Users\alber\universidad\dp2\Workspace-22.0\Workspace-22.0\Projects\Acme-Toolkits\target\classes\WEB-INF\views\any\toolkit\messages-en.i18n] with encoding 'utf-8' 
2022-06-02 16:25:10.619 DEBUG [acme.framework.configuration.ExtendedMessageSource@http-nio-8080-exec-7] Loading properties [C:\Users\alber\universidad\dp2\Workspace-22.0\Workspace-22.0\Projects\Acme-Toolkits\target\classes\WEB-INF\views\any\user-account\messages-en.i18n] with encoding 'utf-8' 
2022-06-02 16:25:10.620 DEBUG [acme.framework.configuration.ExtendedMessageSource@http-nio-8080-exec-7] Loading properties [C:\Users\alber\universidad\dp2\Workspace-22.0\Workspace-22.0\Projects\Acme-Toolkits\target\classes\WEB-INF\views\authenticated\announcement\messsages-en.i18n] with encoding 'utf-8' 
2022-06-02 16:25:10.622 DEBUG [acme.framework.configuration.ExtendedMessageSource@http-nio-8080-exec-7] Loading properties [C:\Users\alber\universidad\dp2\Workspace-22.0\Workspace-22.0\Projects\Acme-Toolkits\target\classes\WEB-INF\views\authenticated\consumer\messsages-en.i18n] with encoding 'utf-8' 
2022-06-02 16:25:10.623 DEBUG [acme.framework.configuration.ExtendedMessageSource@http-nio-8080-exec-7] Loading properties [C:\Users\alber\universidad\dp2\Workspace-22.0\Workspace-22.0\Projects\Acme-Toolkits\target\classes\WEB-INF\views\authenticated\inventor\messsages-en.i18n] with encoding 'utf-8' 
2022-06-02 16:25:10.625 DEBUG [acme.framework.configuration.ExtendedMessageSource@http-nio-8080-exec-7] Loading properties [C:\Users\alber\universidad\dp2\Workspace-22.0\Workspace-22.0\Projects\Acme-Toolkits\target\classes\WEB-INF\views\authenticated\patron\messsages-en.i18n] with encoding 'utf-8' 
2022-06-02 16:25:10.626 DEBUG [acme.framework.configuration.ExtendedMessageSource@http-nio-8080-exec-7] Loading properties [C:\Users\alber\universidad\dp2\Workspace-22.0\Workspace-22.0\Projects\Acme-Toolkits\target\classes\WEB-INF\views\authenticated\provider\messsages-en.i18n] with encoding 'utf-8' 
2022-06-02 16:25:10.627 DEBUG [acme.framework.configuration.ExtendedMessageSource@http-nio-8080-exec-7] Loading properties [C:\Users\alber\universidad\dp2\Workspace-22.0\Workspace-22.0\Projects\Acme-Toolkits\target\classes\WEB-INF\views\authenticated\system-configuration\messages-en.i18n] with encoding 'utf-8' 
2022-06-02 16:25:10.628 DEBUG [acme.framework.configuration.ExtendedMessageSource@http-nio-8080-exec-7] Loading properties [C:\Users\alber\universidad\dp2\Workspace-22.0\Workspace-22.0\Projects\Acme-Toolkits\target\classes\WEB-INF\views\authenticated\user-account\messages-en.i18n] with encoding 'utf-8' 
2022-06-02 16:25:10.629 DEBUG [acme.framework.configuration.ExtendedMessageSource@http-nio-8080-exec-7] Loading properties [C:\Users\alber\universidad\dp2\Workspace-22.0\Workspace-22.0\Projects\Acme-Toolkits\target\classes\WEB-INF\views\fragments\banner-en.i18n] with encoding 'utf-8' 
2022-06-02 16:25:10.630 DEBUG [acme.framework.configuration.ExtendedMessageSource@http-nio-8080-exec-7] Loading properties [C:\Users\alber\universidad\dp2\Workspace-22.0\Workspace-22.0\Projects\Acme-Toolkits\target\classes\WEB-INF\views\fragments\company-en.i18n] with encoding 'utf-8' 
2022-06-02 16:25:10.631 DEBUG [acme.framework.configuration.ExtendedMessageSource@http-nio-8080-exec-7] Loading properties [C:\Users\alber\universidad\dp2\Workspace-22.0\Workspace-22.0\Projects\Acme-Toolkits\target\classes\WEB-INF\views\fragments\footer-en.i18n] with encoding 'utf-8' 
2022-06-02 16:25:10.631 DEBUG [acme.framework.configuration.ExtendedMessageSource@http-nio-8080-exec-7] Loading properties [C:\Users\alber\universidad\dp2\Workspace-22.0\Workspace-22.0\Projects\Acme-Toolkits\target\classes\WEB-INF\views\fragments\license-en.i18n] with encoding 'utf-8' 
2022-06-02 16:25:10.633 DEBUG [acme.framework.configuration.ExtendedMessageSource@http-nio-8080-exec-7] Loading properties [C:\Users\alber\universidad\dp2\Workspace-22.0\Workspace-22.0\Projects\Acme-Toolkits\target\classes\WEB-INF\views\fragments\menu-en.i18n] with encoding 'utf-8' 
2022-06-02 16:25:10.634 DEBUG [acme.framework.configuration.ExtendedMessageSource@http-nio-8080-exec-7] Loading properties [C:\Users\alber\universidad\dp2\Workspace-22.0\Workspace-22.0\Projects\Acme-Toolkits\target\classes\WEB-INF\views\fragments\messages-en.i18n] with encoding 'utf-8' 
2022-06-02 16:25:10.635 DEBUG [acme.framework.configuration.ExtendedMessageSource@http-nio-8080-exec-7] Loading properties [C:\Users\alber\universidad\dp2\Workspace-22.0\Workspace-22.0\Projects\Acme-Toolkits\target\classes\WEB-INF\views\fragments\messsages-en.i18n] with encoding 'utf-8' 
2022-06-02 16:25:10.636 DEBUG [acme.framework.configuration.ExtendedMessageSource@http-nio-8080-exec-7] Loading properties [C:\Users\alber\universidad\dp2\Workspace-22.0\Workspace-22.0\Projects\Acme-Toolkits\target\classes\WEB-INF\views\fragments\title-en.i18n] with encoding 'utf-8' 
2022-06-02 16:25:10.637 DEBUG [acme.framework.configuration.ExtendedMessageSource@http-nio-8080-exec-7] Loading properties [C:\Users\alber\universidad\dp2\Workspace-22.0\Workspace-22.0\Projects\Acme-Toolkits\target\classes\WEB-INF\views\fragments\welcome-en.i18n] with encoding 'utf-8' 
2022-06-02 16:25:10.639 DEBUG [acme.framework.configuration.ExtendedMessageSource@http-nio-8080-exec-7] Loading properties [C:\Users\alber\universidad\dp2\Workspace-22.0\Workspace-22.0\Projects\Acme-Toolkits\target\classes\WEB-INF\views\inventor\chimpum\messages-en.i18n] with encoding 'utf-8' 
2022-06-02 16:25:10.640 DEBUG [acme.framework.configuration.ExtendedMessageSource@http-nio-8080-exec-7] Loading properties [C:\Users\alber\universidad\dp2\Workspace-22.0\Workspace-22.0\Projects\Acme-Toolkits\target\classes\WEB-INF\views\inventor\item\messages-en.i18n] with encoding 'utf-8' 
2022-06-02 16:25:10.641 DEBUG [acme.framework.configuration.ExtendedMessageSource@http-nio-8080-exec-7] Loading properties [C:\Users\alber\universidad\dp2\Workspace-22.0\Workspace-22.0\Projects\Acme-Toolkits\target\classes\WEB-INF\views\inventor\patronage\messages-en.i18n] with encoding 'utf-8' 
2022-06-02 16:25:10.643 DEBUG [acme.framework.configuration.ExtendedMessageSource@http-nio-8080-exec-7] Loading properties [C:\Users\alber\universidad\dp2\Workspace-22.0\Workspace-22.0\Projects\Acme-Toolkits\target\classes\WEB-INF\views\inventor\patronage-report\messages-en.i18n] with encoding 'utf-8' 
2022-06-02 16:25:10.644 DEBUG [acme.framework.configuration.ExtendedMessageSource@http-nio-8080-exec-7] Loading properties [C:\Users\alber\universidad\dp2\Workspace-22.0\Workspace-22.0\Projects\Acme-Toolkits\target\classes\WEB-INF\views\inventor\quantity\messages-en.i18n] with encoding 'utf-8' 
2022-06-02 16:25:10.645 DEBUG [acme.framework.configuration.ExtendedMessageSource@http-nio-8080-exec-7] Loading properties [C:\Users\alber\universidad\dp2\Workspace-22.0\Workspace-22.0\Projects\Acme-Toolkits\target\classes\WEB-INF\views\inventor\toolkit\messages-en.i18n] with encoding 'utf-8' 
2022-06-02 16:25:10.646 DEBUG [acme.framework.configuration.ExtendedMessageSource@http-nio-8080-exec-7] Loading properties [C:\Users\alber\universidad\dp2\Workspace-22.0\Workspace-22.0\Projects\Acme-Toolkits\target\classes\WEB-INF\views\master\defaults-en.i18n] with encoding 'utf-8' 
2022-06-02 16:25:10.647 DEBUG [acme.framework.configuration.ExtendedMessageSource@http-nio-8080-exec-7] Loading properties [C:\Users\alber\universidad\dp2\Workspace-22.0\Workspace-22.0\Projects\Acme-Toolkits\target\classes\WEB-INF\views\master\master-en.i18n] with encoding 'utf-8' 
2022-06-02 16:25:10.648 DEBUG [acme.framework.configuration.ExtendedMessageSource@http-nio-8080-exec-7] Loading properties [C:\Users\alber\universidad\dp2\Workspace-22.0\Workspace-22.0\Projects\Acme-Toolkits\target\classes\WEB-INF\views\master\throwables-en.i18n] with encoding 'utf-8' 
2022-06-02 16:25:10.649 DEBUG [acme.framework.configuration.ExtendedMessageSource@http-nio-8080-exec-7] Loading properties [C:\Users\alber\universidad\dp2\Workspace-22.0\Workspace-22.0\Projects\Acme-Toolkits\target\classes\WEB-INF\views\master\validation-en.i18n] with encoding 'utf-8' 
2022-06-02 16:25:10.650 DEBUG [acme.framework.configuration.ExtendedMessageSource@http-nio-8080-exec-7] Loading properties [C:\Users\alber\universidad\dp2\Workspace-22.0\Workspace-22.0\Projects\Acme-Toolkits\target\classes\WEB-INF\views\patron\patron-dashboard\messages-en.i18n] with encoding 'utf-8' 
2022-06-02 16:25:10.651 DEBUG [acme.framework.configuration.ExtendedMessageSource@http-nio-8080-exec-7] Loading properties [C:\Users\alber\universidad\dp2\Workspace-22.0\Workspace-22.0\Projects\Acme-Toolkits\target\classes\WEB-INF\views\patron\patronage\messages-en.i18n] with encoding 'utf-8' 
2022-06-02 16:25:10.653 DEBUG [acme.framework.configuration.ExtendedMessageSource@http-nio-8080-exec-7] Loading properties [C:\Users\alber\universidad\dp2\Workspace-22.0\Workspace-22.0\Projects\Acme-Toolkits\target\classes\WEB-INF\views\patron\patronage-report\messages-en.i18n] with encoding 'utf-8' 
2022-06-02 16:25:10.676 DEBUG [org.hibernate.SQL@http-nio-8080-exec-7] select chimpum0_.id as id1_0_, chimpum0_.version as version2_0_, chimpum0_.budget_amount as budget_a1_6_, chimpum0_.budget_currency as budget_c2_6_, chimpum0_.code as code3_6_, chimpum0_.creation_moment as creation4_6_, chimpum0_.description as descript5_6_, chimpum0_.end_date as end_date6_6_, chimpum0_.item_id as item_id10_6_, chimpum0_.link as link7_6_, chimpum0_.start_date as start_da8_6_, chimpum0_.title as title9_6_ from chimpum chimpum0_ where chimpum0_.code=? 
2022-06-02 16:25:10.676 TRACE [org.hibernate.type.descriptor.sql.BasicBinder@http-nio-8080-exec-7] binding parameter [1] as [VARCHAR] - [22-06-02:0001] 
2022-06-02 16:25:10.678 DEBUG [org.hibernate.SQL@http-nio-8080-exec-7] select item1_.id as id1_0_, item1_.version as version2_0_, item1_.chimpum_id as chimpum10_10_, item1_.code as code1_10_, item1_.description as descript2_10_, item1_.info as info3_10_, item1_.inventor_id as invento11_10_, item1_.item_type as item_typ4_10_, item1_.name as name5_10_, item1_.published as publishe6_10_, item1_.retail_price_amount as retail_p7_10_, item1_.retail_price_currency as retail_p8_10_, item1_.technology as technolo9_10_ from chimpum chimpum0_ inner join item item1_ on chimpum0_.item_id=item1_.id 
2022-06-02 16:25:10.680 DEBUG [org.hibernate.SQL@http-nio-8080-exec-7] select inventor0_.id as id1_0_0_, inventor0_.version as version2_0_0_, inventor0_.user_account_id as user_acc1_20_0_, inventor0_.company as company1_9_0_, inventor0_.info as info2_9_0_, inventor0_.statement as statemen3_9_0_, useraccoun1_.id as id1_0_1_, useraccoun1_.version as version2_0_1_, useraccoun1_.enabled as enabled1_19_1_, useraccoun1_.identity as identity2_19_1_, useraccoun1_.password as password3_19_1_, useraccoun1_.username as username4_19_1_ from inventor inventor0_ inner join user_account useraccoun1_ on inventor0_.user_account_id=useraccoun1_.id where inventor0_.id=? 
2022-06-02 16:25:10.681 TRACE [org.hibernate.type.descriptor.sql.BasicBinder@http-nio-8080-exec-7] binding parameter [1] as [INTEGER] - [10] 
2022-06-02 16:25:10.685 DEBUG [org.hibernate.SQL@http-nio-8080-exec-7] select item0_.id as id1_0_, item0_.version as version2_0_, item0_.chimpum_id as chimpum10_10_, item0_.code as code1_10_, item0_.description as descript2_10_, item0_.info as info3_10_, item0_.inventor_id as invento11_10_, item0_.item_type as item_typ4_10_, item0_.name as name5_10_, item0_.published as publishe6_10_, item0_.retail_price_amount as retail_p7_10_, item0_.retail_price_currency as retail_p8_10_, item0_.technology as technolo9_10_ from item item0_ where item0_.inventor_id=? 
2022-06-02 16:25:10.685 TRACE [org.hibernate.type.descriptor.sql.BasicBinder@http-nio-8080-exec-7] binding parameter [1] as [INTEGER] - [10] 
2022-06-02 16:25:10.690 DEBUG [acme.framework.controllers.AbstractController@http-nio-8080-exec-7] Rolling transaction f0aaf3a9-e36d-4f64-8447-c97bc3b55c32 back 
2022-06-02 16:25:10.695 DEBUG [acme.framework.controllers.AbstractController@http-nio-8080-exec-7] Starting transaction 08f14b39-c2fd-4c6b-9f43-984994aa71c9 
2022-06-02 16:25:10.696 DEBUG [acme.framework.controllers.AbstractController@http-nio-8080-exec-7] Committing transaction 08f14b39-c2fd-4c6b-9f43-984994aa71c9 
2022-06-02 16:25:10.697 DEBUG [acme.framework.controllers.AbstractController@http-nio-8080-exec-7] SERVING POST /acme-toolkits-22.1/inventor/chimpum/create 
2022-06-02 16:25:10.697 DEBUG [acme.framework.controllers.AbstractController@http-nio-8080-exec-7] Result: ModelAndView [view="inventor/chimpum/form"; model={code=22-06-02:0001, endDate=, creationMoment=Thu Jun 02 16:25:10 CEST 2022, link=, description=, id=0, title=, items=[acme.entities.item.Item{id=20, version=0}, acme.entities.item.Item{id=36, version=0}, acme.entities.item.Item{id=29, version=0}, acme.entities.item.Item{id=31, version=0}], version=0, startDate=, budget=, endDate$error=May not be null., description$error=Must not be blank., title$error=Must not be blank., startDate$error=May not be null., budget$error=May not be null., command=create, principal=acme.framework.entities.Principal@64f892e4}] 
2022-06-02 16:25:10.697 DEBUG [acme.framework.components.tiles.DynamicTilesView@http-nio-8080-exec-7] View name 'inventor/chimpum/form', model {code=22-06-02:0001, endDate=, creationMoment=Thu Jun 02 16:25:10 CEST 2022, link=, description=, id=0, title=, items=[acme.entities.item.Item{id=20, version=0}, acme.entities.item.Item{id=36, version=0}, acme.entities.item.Item{id=29, version=0}, acme.entities.item.Item{id=31, version=0}], version=0, startDate=, budget=, endDate$error=May not be null., description$error=Must not be blank., title$error=Must not be blank., startDate$error=May not be null., budget$error=May not be null., command=create, principal=acme.framework.entities.Principal@64f892e4, org.springframework.validation.BindingResult.principal=org.springframework.validation.BeanPropertyBindingResult: 0 errors} 
2022-06-02 16:25:10.698 DEBUG [org.apache.jasper.servlet.JspServlet@http-nio-8080-exec-7] JspEngine --> /WEB-INF/views/master/page.jsp 
2022-06-02 16:25:10.699 DEBUG [org.apache.jasper.servlet.JspServlet@http-nio-8080-exec-7] ServletPath: /WEB-INF/views/master/page.jsp 
2022-06-02 16:25:10.699 DEBUG [org.apache.jasper.servlet.JspServlet@http-nio-8080-exec-7] PathInfo: null 
2022-06-02 16:25:10.702 DEBUG [org.apache.jasper.servlet.JspServlet@http-nio-8080-exec-7] RealPath: C:\Users\alber\universidad\dp2\Workspace-22.0\Workspace-22.0\Projects\Acme-Toolkits\target\classes\WEB-INF\views\master\page.jsp 
2022-06-02 16:25:10.703 DEBUG [org.apache.jasper.servlet.JspServlet@http-nio-8080-exec-7] RequestURI: /acme-toolkits-22.1/WEB-INF/views/master/page.jsp 
2022-06-02 16:25:10.703 DEBUG [org.apache.jasper.servlet.JspServlet@http-nio-8080-exec-7] QueryString: null 
2022-06-02 16:25:10.845 DEBUG [org.apache.jasper.servlet.JspServlet@http-nio-8080-exec-7] JspEngine --> /WEB-INF/views/inventor/chimpum/form.jsp 
2022-06-02 16:25:10.845 DEBUG [org.apache.jasper.servlet.JspServlet@http-nio-8080-exec-7] ServletPath: /WEB-INF/views/master/page.jsp 
2022-06-02 16:25:10.846 DEBUG [org.apache.jasper.servlet.JspServlet@http-nio-8080-exec-7] PathInfo: null 
2022-06-02 16:25:10.848 DEBUG [org.apache.jasper.servlet.JspServlet@http-nio-8080-exec-7] RealPath: C:\Users\alber\universidad\dp2\Workspace-22.0\Workspace-22.0\Projects\Acme-Toolkits\target\classes\WEB-INF\views\inventor\chimpum\form.jsp 
2022-06-02 16:25:10.848 DEBUG [org.apache.jasper.servlet.JspServlet@http-nio-8080-exec-7] RequestURI: /acme-toolkits-22.1/WEB-INF/views/master/page.jsp 
2022-06-02 16:25:10.848 DEBUG [org.apache.jasper.servlet.JspServlet@http-nio-8080-exec-7] QueryString: null 
