1654120571856	geckodriver	INFO	Listening on 127.0.0.1:41008
console.warn: SearchSettings: "get: No settings file exists, new profile?" (new NotFoundError("Could not open the file at C:\\Users\\alber\\AppData\\Local\\Temp\\rust_mozprofileHZVdZg\\search.json.mozlz4", (void 0)))
console.warn: LoginRecipes: "getRecipes: falling back to a synchronous message for:" "http://localhost:8081"
console.warn: LoginRecipes: "getRecipes: falling back to a synchJronaovuasS cmreispsage tfor:" "http://localhost: 8e0r8r1o"r:
 resource://gre/modules/LoginManagerParent.jsm, line 136: TypeError: gRecipeManager is null
console.warn: LoginRecipes: "JgaevtaRSeccriippets :e rfraolrl:i nrgeso ubraccek: /t/og rae /smyondcuhlreosn/oLuosg imneMsanagerParent.jsm, line 136: TypeError: gRecipeManager is null
JavaScript error: resource://gre/modules/LoginManagerParent.jsm, line 136: TypeError: gRecipeManager is null
sage for:" "http://localhost:8081"
console.warn: LoginRecipes: "getRecipes: falling back to a synchronous message for:" "http://localhost:8081"
console.warn: LoginRecipes: "getRecipes: falling back to a synchronous message for:" "http://localhost:8081"
JavaScript error: resource://gre/modules/LoginManagerParent.jsm, line 136: TypeError: gRecipeManager is null
console.warn: LoginRecipes: "getRecipes: falliJanvga Sbcarcikp tt oe rar osry:n crehrsoonuous messarce://ggree /fmoord:u"l "http://localhoesst/:8081"Log
inManagerParent.jsm, line 136: TypeError: gRecipeManager is null
console.warn: LoginRecipes: "getRecJiapveasS:c rfiapltl ienrgr obra:c kr etsoo uar csey:n/c/gre/hmronous messagoed ufloers:/" "http://localhost:8081"
LoginManagerParent.jsm, line 136: TypeError: gRecipeManager is null
console.warn: LoginRecipes: "getRecipes: fallJiavaScript ernror: resource:/g/ gbracke /modulest/o a synchronous meLoginssage for:" "http://localhost:8081"ManagerParent.jsm, li
ne 136: TypeError: gRecipeManager is null
console.warn: LoginRecipes: "getRecipes: falling JbaavcakS ctroi pat  seyrrnochronous messager :for:" "http://localhost :8081"
resource://gre/modules/LoginManagerParent.jsm, line 136: TypeError: gRecipeManager is null
console.warn: LoginRecipes: "getRecJiapveasS:c rfialling back to a synchronpous messta geer rforo:r :r"e s"ohutrtcep::///localhost:808/gre/modules/LoginManagerPare1nt.jsm, li"ne 136: 
TypeError: gRecipeManager is null
console.warn: LoginRecipes: "getRecipes: falling back to a synchronous message for:" "http://localhost:8081"JavaSc
ript error: resource://gre/modules/LoginManagerParent.jsm, line 136: TypeError: gRecipeManager is null
console.warn: LoginRecipes: "getRecipes: falling back to a synchronous message for:" "hJttapv:a/S/clroicpt error: resource://gre/maolhosdtu:l8es0/8L1o"gi
nManagerParent.jsm, line 136: TypeError: gRecipeManager is null
